Log file open, 05/14/17 07:58:34
LogInit:Display: Running engine for game: BuildingEscape
LogPlatformFile: Not using cached read wrapper
LogInit:Display: RandInit(496723150) SRandInit(496723150).
LogTaskGraph: Started task graph with 5 named threads and 6 total threads with 1 sets of task threads.
LogStats: Stats thread started at 0.526862
LogInit: Using libcurl 7.47.1
LogInit:  - built for x86_64-pc-win32
LogInit:  - supports SSL with OpenSSL/1.0.2g
LogInit:  - supports HTTP deflate (compression) using libz 1.2.8
LogInit:  - other features:
LogInit:      CURL_VERSION_SSL
LogInit:      CURL_VERSION_LIBZ
LogInit:      CURL_VERSION_IPV6
LogInit:      CURL_VERSION_ASYNCHDNS
LogInit:      CURL_VERSION_LARGEFILE
LogInit:      CURL_VERSION_IDN
LogInit:  CurlRequestOptions (configurable via config and command line):
LogInit:  - bVerifyPeer = false  - Libcurl will NOT verify peer certificate
LogInit:  - bUseHttpProxy = false  - Libcurl will NOT use HTTP proxy
LogInit:  - bDontReuseConnections = false  - Libcurl will reuse connections
LogInit:  - CertBundlePath = nullptr  - Libcurl will use whatever was configured at build time.
LogInit: Build: ++UE4+Release-4.15-CL-3416026
LogInit: Engine Version: 4.15.2-3416026+++UE4+Release-4.15
LogInit: Compatible Engine Version: 4.15.0-3299760+++UE4+Release-4.15
LogInit: Net CL: 3299760
LogDevObjectVersion: Number of dev versions registered: 14
LogDevObjectVersion:   Dev-Blueprints (B0D832E4-1F89-4F0D-ACCF-7EB736FD4AA2): 8
LogDevObjectVersion:   Dev-Build (E1C64328-A22C-4D53-A36C-8E866417BD8C): 0
LogDevObjectVersion:   Dev-Core (375EC13C-06E4-48FB-B500-84F0262A717E): 2
LogDevObjectVersion:   Dev-Editor (E4B068ED-F494-42E9-A231-DA0B2E46BB41): 14
LogDevObjectVersion:   Dev-Framework (CFFC743F-43B0-4480-9391-14DF171D2073): 22
LogDevObjectVersion:   Dev-Mobile (B02B49B5-BB20-44E9-A304-32B752E40360): 0
LogDevObjectVersion:   Dev-Networking (A4E4105C-59A1-49B5-A7C5-40C4547EDFEE): 0
LogDevObjectVersion:   Dev-Online (39C831C9-5AE6-47DC-9A44-9C173E1C8E7C): 0
LogDevObjectVersion:   Dev-Physics (78F01B33-EBEA-4F98-B9B4-84EACCB95AA2): 0
LogDevObjectVersion:   Dev-Platform (6631380F-2D4D-43E0-8009-CF276956A95A): 0
LogDevObjectVersion:   Dev-Rendering (12F88B9F-8875-4AFC-A67C-D90C383ABD29): 12
LogDevObjectVersion:   Dev-Sequencer (7B5AE74C-D270-4C10-A958-57980B212A5A): 3
LogDevObjectVersion:   Dev-VR (D7296918-1DD6-4BDD-9DE2-64A83CC13884): 0
LogDevObjectVersion:   Dev-LoadTimes (C2A15278-BFE7-4AFE-6C17-90FF531DF755): 1
LogInit: Compiled (64-bit): May  1 2017 13:11:28
LogInit: Compiled with Visual C++: 19.00.23026.00
LogInit: Build Configuration: Development
LogInit: Branch Name: ++UE4+Release-4.15
LogInit: Command line:  
LogInit: Base directory: C:/Program Files/Epic Games/UE_4.15/Engine/Binaries/Win64/
LogInit: Installed Engine Build: 1
LogInit: Presizing for max 8388607 objects, including 0 objects not considered by GC, pre-allocating 0 bytes for permanent pool.
LogInit: Object subsystem initialized
[2017.05.14-06.58.37:190][  0]LogInit: Selected Device Profile: [Windows]
[2017.05.14-06.58.37:190][  0]LogInit: Applying CVar settings loaded from the selected device profile: [Windows]
[2017.05.14-06.58.37:296][  0]LogInit: Computer: DESKTOP-BHBDUN9
[2017.05.14-06.58.37:296][  0]LogInit: User: JamesFarrow
[2017.05.14-06.58.37:296][  0]LogInit: CPU Page size=65536, Cores=2
[2017.05.14-06.58.37:296][  0]LogInit: High frequency timer resolution =2.148439 MHz
[2017.05.14-06.58.37:298][  0]LogMemory: Memory total: Physical=7.9GB (8GB approx)
[2017.05.14-06.58.37:298][  0]LogMemory: Platform Memory Stats for Windows
[2017.05.14-06.58.37:298][  0]LogMemory: Process Physical Memory: 262.04 MB used, 262.04 MB peak
[2017.05.14-06.58.37:298][  0]LogMemory: Process Virtual Memory: 262.11 MB used, 262.11 MB peak
[2017.05.14-06.58.37:298][  0]LogMemory: Physical Memory: 1981.13 MB used,  6113.29 MB free, 8094.41 MB total
[2017.05.14-06.58.37:298][  0]LogMemory: Virtual Memory: 623.97 MB used,  6113.29 MB free, 134217728.00 MB total
[2017.05.14-06.58.40:404][  0]LogTextLocalizationManager: No specific translations for ('en-GB') exist, so ('en') translations will be used.
[2017.05.14-06.58.45:932][  0]LogD3D11RHI: D3D11 adapters:
[2017.05.14-06.58.45:943][  0]LogD3D11RHI:    0. 'Intel(R) HD Graphics 6000' (Feature Level 11_0)
[2017.05.14-06.58.45:943][  0]LogD3D11RHI:       128/0/4047 MB DedicatedVideo/DedicatedSystem/SharedSystem, Outputs:1, VendorId:0x8086
[2017.05.14-06.58.46:302][  0]LogD3D11RHI:    1. 'Microsoft Basic Render Driver' (Feature Level 11_0)
[2017.05.14-06.58.46:303][  0]LogD3D11RHI:       0/0/4047 MB DedicatedVideo/DedicatedSystem/SharedSystem, Outputs:0, VendorId:0x1414
[2017.05.14-06.58.46:303][  0]LogD3D11RHI: Chosen D3D11 Adapter: 0
[2017.05.14-06.58.46:313][  0]LogD3D11RHI: Creating new Direct3DDevice
[2017.05.14-06.58.46:314][  0]LogD3D11RHI:     GPU DeviceId: 0x1626 (for the marketing name, search the web for "GPU Device Id")
[2017.05.14-06.58.46:314][  0]LogWindows: EnumDisplayDevices:
[2017.05.14-06.58.46:314][  0]LogWindows:    0. 'Intel(R) HD Graphics 6000' (P:1 D:1)
[2017.05.14-06.58.46:314][  0]LogWindows:    1. 'Intel(R) HD Graphics 6000' (P:0 D:0)
[2017.05.14-06.58.46:315][  0]LogWindows:    2. 'Intel(R) HD Graphics 6000' (P:0 D:0)
[2017.05.14-06.58.46:315][  0]LogWindows: DebugString: FoundDriverCount:3 
[2017.05.14-06.58.46:315][  0]LogD3D11RHI:     Adapter Name: Intel(R) HD Graphics 6000
[2017.05.14-06.58.46:315][  0]LogD3D11RHI:   Driver Version: 20.19.15.4531 (internal:20.19.15.4531, unified:20.19.15.4531)
[2017.05.14-06.58.46:315][  0]LogD3D11RHI:      Driver Date: 9-29-2016
[2017.05.14-06.58.46:316][  0]LogRHI: Texture pool is 1361 MB (70% of 1945 MB)
[2017.05.14-06.58.46:324][  0]LogD3D11RHI: Async texture creation enabled
[2017.05.14-06.58.46:476][  0]LogD3D11RHI: GPU Timing Frequency: 12.500000 (Debug: 2 0)
[2017.05.14-06.58.46:479][  0]LogShaderCompilers: Guid format shader working directory is -30 characters bigger than the processId version (../../../../../../Users/James Farrow/Documents/MyRepo/BuildingEscape/BuildingEscape/Intermediate/Shaders/WorkingDirectory/5380/).
[2017.05.14-06.58.46:479][  0]LogShaderCompilers: Cleaned the shader compiler working directory 'C:/Users/James Farrow/AppData/Local/Temp/UnrealShaderWorkingDir/60EC51BF46395A89A54A7589F5C6E359/'.
[2017.05.14-06.58.46:479][  0]LogShaderCompilers:Display: Using Local Shader Compiler.
[2017.05.14-06.59.00:732][  0]LogTemp:Display: Loaded TP AllDesktopTargetPlatform
[2017.05.14-06.59.00:849][  0]LogTemp:Display: Loaded TP MacClientTargetPlatform
[2017.05.14-06.59.01:078][  0]LogTemp:Display: Loaded TP MacNoEditorTargetPlatform
[2017.05.14-06.59.01:255][  0]LogTemp:Display: Loaded TP MacServerTargetPlatform
[2017.05.14-06.59.01:459][  0]LogTemp:Display: Loaded TP MacTargetPlatform
[2017.05.14-06.59.01:640][  0]LogTemp:Display: Loaded TP WindowsClientTargetPlatform
[2017.05.14-06.59.01:806][  0]LogTemp:Display: Loaded TP WindowsNoEditorTargetPlatform
[2017.05.14-06.59.01:996][  0]LogTemp:Display: Loaded TP WindowsServerTargetPlatform
[2017.05.14-06.59.02:177][  0]LogTemp:Display: Loaded TP WindowsTargetPlatform
[2017.05.14-06.59.02:342][  0]LogTemp:Display: Loaded TP AndroidTargetPlatform
[2017.05.14-06.59.02:534][  0]LogTemp:Display: Loaded TP Android_ASTCTargetPlatform
[2017.05.14-06.59.02:705][  0]LogTemp:Display: Loaded TP Android_ATCTargetPlatform
[2017.05.14-06.59.02:844][  0]LogTemp:Display: Loaded TP Android_DXTTargetPlatform
[2017.05.14-06.59.02:962][  0]LogTemp:Display: Loaded TP Android_ETC1TargetPlatform
[2017.05.14-06.59.03:083][  0]LogTemp:Display: Loaded TP Android_ETC2TargetPlatform
[2017.05.14-06.59.03:364][  0]LogTemp:Display: Loaded TP Android_MultiTargetPlatform
[2017.05.14-06.59.03:364][  0]LogTemp:Display: Loaded TP Android_PVRTCTargetPlatform
[2017.05.14-06.59.03:539][  0]LogTemp:Display: Loaded TP HTML5TargetPlatform
[2017.05.14-06.59.04:018][  0]LogTemp:Display: Loaded TP IOSTargetPlatform
[2017.05.14-06.59.04:131][  0]LogTemp:Display: Loaded TP TVOSTargetPlatform
[2017.05.14-06.59.04:265][  0]LogTemp:Display: Loaded TP LinuxClientTargetPlatform
[2017.05.14-06.59.04:362][  0]LogTemp:Display: Loaded TP LinuxNoEditorTargetPlatform
[2017.05.14-06.59.04:519][  0]LogTemp:Display: Loaded TP LinuxServerTargetPlatform
[2017.05.14-06.59.04:723][  0]LogTemp:Display: Loaded TP LinuxTargetPlatform
[2017.05.14-06.59.04:723][  0]LogTargetPlatformManager:Display: Building Assets For Windows
[2017.05.14-06.59.08:155][  0]LogDerivedDataCache:Display: Max Cache Size: 512 MB
[2017.05.14-06.59.10:468][  0]LogDerivedDataCache: Loaded boot cache 2.30s 50MB C:/Users/James Farrow/AppData/Local/UnrealEngine/4.15/DerivedDataCache/Boot.ddc.
[2017.05.14-06.59.10:468][  0]LogDerivedDataCache:Display: Loaded Boot cache: C:/Users/James Farrow/AppData/Local/UnrealEngine/4.15/DerivedDataCache/Boot.ddc
[2017.05.14-06.59.10:468][  0]LogDerivedDataCache: FDerivedDataBackendGraph:  Pak pak cache file ../../../../../../Users/James Farrow/Documents/MyRepo/BuildingEscape/BuildingEscape/DerivedDataCache/DDC.ddp not found, will not use a pak cache.
[2017.05.14-06.59.10:468][  0]LogDerivedDataCache: Unable to find inner node Pak for hierarchical cache Hierarchy.
[2017.05.14-06.59.10:469][  0]LogDerivedDataCache: FDerivedDataBackendGraph:  CompressedPak pak cache file ../../../../../../Users/James Farrow/Documents/MyRepo/BuildingEscape/BuildingEscape/DerivedDataCache/Compressed.ddp not found, will not use a pak cache.
[2017.05.14-06.59.10:469][  0]LogDerivedDataCache: Unable to find inner node CompressedPak for hierarchical cache Hierarchy.
[2017.05.14-06.59.10:835][  0]LogDerivedDataCache:Display: Pak cache opened for reading ../../../Engine/DerivedDataCache/Compressed.ddp.
[2017.05.14-06.59.10:873][  0]LogDerivedDataCache: Using Local data cache path C:/Users/James Farrow/AppData/Local/UnrealEngine/Common/DerivedDataCache: Writable
[2017.05.14-06.59.10:892][  0]LogSlate: Using Freetype 2.6.0
[2017.05.14-06.59.11:010][  0]LogSlate: SlateFontCache - WITH_FREETYPE: 1, WITH_HARFBUZZ: 1
[2017.05.14-06.59.11:010][  0]LogSlate: SlateFontCache - WITH_FREETYPE: 1, WITH_HARFBUZZ: 1
[2017.05.14-06.59.21:438][  0]LogInit: Selected Device Profile: [Windows]
[2017.05.14-06.59.21:475][  0]LogContentStreaming: Texture pool size is 0.00 MB
[2017.05.14-06.59.22:333][  0]LogMeshUtilities: Using QuadricMeshReduction for automatic static mesh reduction
[2017.05.14-06.59.22:430][  0]LogSimplygon: Simplygon DLL not present - disabling.
[2017.05.14-06.59.22:577][  0]LogMeshUtilities: Using SimplygonSwarm for distributed automatic mesh merging
[2017.05.14-06.59.22:577][  0]LogMeshUtilities: No automatic skeletal mesh reduction module available
[2017.05.14-06.59.22:577][  0]LogMeshUtilities: No automatic mesh merging module available
[2017.05.14-06.59.27:832][  0]LogNetVersion: GetLocalNetworkVersion: CL: 3299760, ProjectName: buildingescape, ProjectVersion: , EngineNetworkVersion: 2, GameNetworkVersion: 0, NetworkChecksum: 4140618008
[2017.05.14-06.59.28:100][  0]LogAssetRegistry: FAssetRegistry took 0.0229 seconds to start up
[2017.05.14-06.59.28:357][  0]LogPackageLocalizationCache: Processed 3 localized package path(s) for 2 prioritized culture(s) in 0.195872 seconds
[2017.05.14-06.59.28:373][  0]LogUObjectArray: 32493 objects as part of root set at end of initial load.
[2017.05.14-06.59.28:373][  0]LogUObjectAllocator: 7077032 out of 0 bytes used by permanent object pool.
[2017.05.14-06.59.28:373][  0]LogUObjectArray: CloseDisregardForGC: 0/0 objects in disregard for GC pool
[2017.05.14-06.59.28:495][  0]LogInit: WinSock: version 1.1 (2.2), MaxSocks=32767, MaxUdp=65467
[2017.05.14-06.59.45:994][  0]LogTcpMessaging: Initializing TcpMessaging bridge
[2017.05.14-06.59.46:079][  0]LogUdpMessaging: Initializing bridge on interface 0.0.0.0:0 to multicast group 230.0.0.1:6666.
[2017.05.14-06.59.48:233][  0]LogMaterial: Uniform references updated for custom material expression Custom.
[2017.05.14-06.59.49:282][  0]SourceControl: Info Source control is disabled
[2017.05.14-06.59.50:607][  0]SourceControl: Info Source control is disabled
[2017.05.14-06.59.50:820][  0]SourceControl: Info Source control is disabled
[2017.05.14-06.59.51:025][  0]SourceControl: Info Source control is disabled
[2017.05.14-06.59.55:542][  0]LogEngine: Initializing Engine...
[2017.05.14-06.59.55:545][  0]LogHMD: Failed to initialize OpenVR with code 110
[2017.05.14-06.59.56:175][  0]LogStats: UGameplayTagsManager::ConstructGameplayTagTree: Construct from data asset -  0.000 s
[2017.05.14-06.59.56:175][  0]LogStats: UGameplayTagsManager::ConstructGameplayTagTree: GameplayTagTreeChangedEvent.Broadcast -  0.000 s
[2017.05.14-06.59.56:469][  0]LogAIModule: Creating AISystem for world Untitled
[2017.05.14-06.59.56:513][  0]LogInit: XAudio2 using 'Speakers (Cirrus Logic CS4208 (AB 126))' : 2 channels at 48 kHz using 32 bits per sample (channel mask 0x3)
[2017.05.14-06.59.57:579][  0]LogInit: FAudioDevice initialized.
[2017.05.14-06.59.57:602][  0]LogDerivedDataCache: Saved boot cache 0.02s 50MB C:/Users/James Farrow/AppData/Local/UnrealEngine/4.15/DerivedDataCache/Boot.ddc.
[2017.05.14-06.59.57:606][  0]LogInit: Texture streaming: Enabled
[2017.05.14-06.59.57:779][  0]LogEngineSessionManager: EngineSessionManager initialized
[2017.05.14-06.59.58:389][  0]LogInit: Transaction tracking system initialized
[2017.05.14-06.59.59:519][  0]BlueprintLog: New page: Editor Load
[2017.05.14-07.00.02:877][  0]LocalizationService: Info Localization service is disabled
[2017.05.14-07.00.05:682][  0]LogConsoleResponse:Display: 
[2017.05.14-07.00.07:316][  0]LogCook:Display: Max memory allowance for cook 16384mb min free memory 0mb
[2017.05.14-07.00.07:316][  0]LogCook:Display: Mobile HDR setting 1
[2017.05.14-07.00.07:561][  0]LogFileCache: Scanning file cache for directory 'C:/Users/James Farrow/Documents/MyRepo/BuildingEscape/BuildingEscape/Content/' took 0.03s
[2017.05.14-07.00.11:649][  0]SourceControl: Info Source control is disabled
[2017.05.14-07.00.11:649][  0]Cmd: MAP LOAD FILE="../../../../../../Users/James Farrow/Documents/MyRepo/BuildingEscape/BuildingEscape/Content/NewMap.umap" TEMPLATE=0 SHOWPROGRESS=1 FEATURELEVEL=3
[2017.05.14-07.00.11:650][  0]LightingResults: New page: Lighting Build
[2017.05.14-07.00.11:718][  0]MapCheck: New page: Map Check
[2017.05.14-07.00.11:718][  0]LightingResults: New page: Lighting Build
[2017.05.14-07.00.13:414][  0]LogAIModule: Creating AISystem for world NewMap
[2017.05.14-07.00.13:482][  0]LogEditorServer: Finished looking for orphan Actors (0.000 secs)
[2017.05.14-07.00.13:483][  0]Cmd: MAP CHECKDEP NOCLEARLOG
[2017.05.14-07.00.13:569][  0]MapCheck: Info Map check complete: 0 Error(s), 0 Warning(s), took 86.181ms to complete.
[2017.05.14-07.00.13:569][  0]LogFileHelpers: Loading map 'NewMap' took 1.921
[2017.05.14-07.00.14:367][  0]LogCollectionManager: Loaded 0 collections in 0.007202 seconds
[2017.05.14-07.00.14:605][  0]LogFileCache: Scanning file cache for directory 'C:/Users/James Farrow/Documents/MyRepo/BuildingEscape/BuildingEscape/Saved/Collections/' took 0.01s
[2017.05.14-07.00.14:605][  0]LogFileCache: Scanning file cache for directory 'C:/Users/James Farrow/Documents/MyRepo/BuildingEscape/BuildingEscape/Content/Developers/JamesFarrow/Collections/' took 0.01s
[2017.05.14-07.00.14:605][  0]LogFileCache: Scanning file cache for directory 'C:/Users/James Farrow/Documents/MyRepo/BuildingEscape/BuildingEscape/Content/Collections/' took 0.01s
[2017.05.14-07.00.14:605][  0]LogCollectionManager: Rebuilt the GUID cache for 0 collections in 0.000004 seconds
[2017.05.14-07.00.14:615][  0]LogContentBrowser: Native class hierarchy populated in 0.0105 seconds. Added 2248 classes and 455 folders.
[2017.05.14-07.00.14:694][  0]LogContentBrowser: Native class hierarchy updated for 'WidgetCarousel' in 0.0018 seconds. Added 0 classes and 0 folders.
[2017.05.14-07.00.16:077][  0]LogContentBrowser: Native class hierarchy updated for 'AddContentDialog' in 0.0070 seconds. Added 0 classes and 0 folders.
[2017.05.14-07.00.16:316][  0]LogContentBrowser: Native class hierarchy updated for 'SceneOutliner' in 0.0062 seconds. Added 1 classes and 2 folders.
[2017.05.14-07.00.16:539][  0]LogCrashTracker: Crashtracker disabled due to settings.
[2017.05.14-07.00.16:546][  0]LogUObjectGlobals:Warning: Failed to find object 'Class None.'
[2017.05.14-07.00.16:912][  0]LogContentBrowser: Native class hierarchy updated for 'HierarchicalLODOutliner' in 0.0073 seconds. Added 1 classes and 2 folders.
[2017.05.14-07.00.16:913][  0]LogLoad: (Engine Initialization) Total time: 114.16 seconds
[2017.05.14-07.00.16:913][  0]LogLoad: (Engine Initialization) Total Blueprint compile time: 0.32 seconds
[2017.05.14-07.00.16:913][  0]LogExternalProfiler: No external profilers were discovered.  External profiling features will not be available.
[2017.05.14-07.00.17:253][  0]LogOcInput: OculusInput pre-init called
[2017.05.14-07.00.17:283][  0]LogContentStreaming: Texture pool size now 1000 MB
[2017.05.14-07.00.17:670][  0]LogSlate: Took 0.383568 seconds to synchronously load lazily loaded font '../../../Engine/Content/Slate/Fonts/Roboto-Regular.ttf' (155K)
[2017.05.14-07.00.17:698][  0]LogSlate: Took 0.014635 seconds to synchronously load lazily loaded font '../../../Engine/Content/Slate/Fonts/Roboto-Bold.ttf' (160K)
[2017.05.14-07.00.17:749][  0]LogSlate: Took 0.030305 seconds to synchronously load lazily loaded font '../../../Engine/Content/Editor/Slate/Fonts/FontAwesome.ttf' (139K)
[2017.05.14-07.00.18:209][  0]LogSlate: Took 0.011089 seconds to synchronously load lazily loaded font '../../../Engine/Content/Slate/Fonts/Roboto-Light.ttf' (159K)
[2017.05.14-07.00.18:283][  0]LogRenderer: Reallocating scene render targets to support 904x436 NumSamples 1 (Frame:2).
[2017.05.14-07.00.21:322][  5]LogAssetRegistry: Asset discovery search completed in 53.2446 seconds
[2017.05.14-07.00.21:322][  5]LogCollectionManager: Rebuilt the object cache for 0 collections in 0.000016 seconds (found 0 objects)
[2017.05.14-07.00.21:322][  5]LogCollectionManager: Fixed up redirectors for 0 collections in 0.000042 seconds (updated 0 objects)
[2017.05.14-07.01.21:104][181]LogEditorViewport: Clicking on Actor (LMB): StaticMeshActor (SM_Chair)
[2017.05.14-07.01.38:021][560]Cmd: SELECT NONE
[2017.05.14-07.01.41:674][648]LogEditorViewport: Clicking on Actor (LMB): StaticMeshActor (SM_Chair)
[2017.05.14-07.01.55:303][968]Cmd: SELECT NONE
[2017.05.14-07.02.09:404][280]LogEditorViewport: Clicking on Actor (LMB): StaticMeshActor (SM_Chair)
[2017.05.14-07.02.16:261][432]LogEditorViewport: Clicking on Actor (LMB): StaticMeshActor (Floor)
[2017.05.14-07.02.18:187][472]Cmd: SELECT NONE
[2017.05.14-07.03.05:559][755]LogEditorViewport: Clicking on Actor (LMB): StaticMeshActor (Wall_Door_400x400)
[2017.05.14-07.03.34:958][361]LogSlate: Took 0.000343 seconds to synchronously load lazily loaded font '../../../Engine/Content/Slate/Fonts/Roboto-Light.ttf' (159K)
[2017.05.14-07.04.23:891][522]LogEditorViewport: Clicking on Actor (LMB): StaticMeshActor (SM_Chair)
[2017.05.14-07.05.03:613][460]Cmd: STAT FPS
[2017.05.14-07.05.20:674][936]Cmd: STAT FPS
[2017.05.14-07.05.52:949][743]LogSlate: Took 0.001935 seconds to synchronously load lazily loaded font '../../../Engine/Content/Slate/Fonts/Roboto-Light.ttf' (159K)
[2017.05.14-07.05.53:062][743]LogMaterial: Missing cached shader map for material M_Chair, compiling. 
[2017.05.14-07.05.53:064][743]LogTemp:Display: Added material ShaderMap 0x000000E66CADB580 with Material 0x000000E66C2F9D00 to ShaderMapsBeingCompiled
[2017.05.14-07.05.53:103][743]LogTemp:Display: Kicking off shader compilation for M_Chair, GameThreadShaderMap 0x000000E66CADB580
[2017.05.14-07.05.53:309][743]LogMaterial: Missing cached shader map for material M_Chair, compiling. 
[2017.05.14-07.05.53:312][743]LogTemp:Display: Added material ShaderMap 0x000000E67F5EDD00 with Material 0x000000E66C2F9D00 to ShaderMapsBeingCompiled
[2017.05.14-07.05.53:342][743]LogTemp:Display: Kicking off shader compilation for M_Chair, GameThreadShaderMap 0x000000E67F5EDD00
[2017.05.14-07.05.53:343][743]LogMaterial: 0.00 seconds spent updating 1 materials, 1 interfaces, 0 instances, 0 with static permutations.
[2017.05.14-07.05.53:379][743]LogMaterial: Missing cached shader map for material FMatExpressionPreview MaterialExpressionTextureSample_3, compiling. 
[2017.05.14-07.05.53:381][743]LogTemp:Display: Added material ShaderMap 0x000000E67F549600 with Material 0x000000E67F5C4A00 to ShaderMapsBeingCompiled
[2017.05.14-07.05.53:388][743]LogTemp:Display: Kicking off shader compilation for FMatExpressionPreview MaterialExpressionTextureSample_3, GameThreadShaderMap 0x000000E67F549600
[2017.05.14-07.05.53:391][743]LogMaterial: Missing cached shader map for material FMatExpressionPreview MaterialExpressionTextureSample_2, compiling. 
[2017.05.14-07.05.53:393][743]LogTemp:Display: Added material ShaderMap 0x000000E64A3A2780 with Material 0x000000E644DCFD00 to ShaderMapsBeingCompiled
[2017.05.14-07.05.53:399][743]LogTemp:Display: Kicking off shader compilation for FMatExpressionPreview MaterialExpressionTextureSample_2, GameThreadShaderMap 0x000000E64A3A2780
[2017.05.14-07.05.53:401][743]LogMaterial: Missing cached shader map for material FMatExpressionPreview MaterialExpressionVectorParameter_4, compiling. 
[2017.05.14-07.05.53:402][743]LogTemp:Display: Added material ShaderMap 0x000000E64A3A0B80 with Material 0x000000E644DCF700 to ShaderMapsBeingCompiled
[2017.05.14-07.05.53:407][743]LogTemp:Display: Kicking off shader compilation for FMatExpressionPreview MaterialExpressionVectorParameter_4, GameThreadShaderMap 0x000000E64A3A0B80
[2017.05.14-07.05.53:410][743]LogMaterial: Missing cached shader map for material FMatExpressionPreview MaterialExpressionVectorParameter_2, compiling. 
[2017.05.14-07.05.53:411][743]LogTemp:Display: Added material ShaderMap 0x000000E644D9B580 with Material 0x000000E644DCD300 to ShaderMapsBeingCompiled
[2017.05.14-07.05.53:418][743]LogTemp:Display: Kicking off shader compilation for FMatExpressionPreview MaterialExpressionVectorParameter_2, GameThreadShaderMap 0x000000E644D9B580
[2017.05.14-07.05.53:420][743]LogMaterial: Missing cached shader map for material FMatExpressionPreview MaterialExpressionVectorParameter_3, compiling. 
[2017.05.14-07.05.53:421][743]LogTemp:Display: Added material ShaderMap 0x000000E644D99D00 with Material 0x000000E644D73D00 to ShaderMapsBeingCompiled
[2017.05.14-07.05.53:427][743]LogTemp:Display: Kicking off shader compilation for FMatExpressionPreview MaterialExpressionVectorParameter_3, GameThreadShaderMap 0x000000E644D99D00
[2017.05.14-07.05.53:449][743]LogSlate: Took 0.011465 seconds to synchronously load lazily loaded font '../../../Engine/Content/Editor/Slate/Fonts/Roboto-BoldCondensed.ttf' (158K)
[2017.05.14-07.06.03:656][945]LogTemp:Display: Finished compile of shader map 0x000000E67F5EDD00
[2017.05.14-07.06.03:656][945]LogTemp:Display: Shader map M_Chair complete, GameThreadShaderMap 0x000000E67F5EDD00, marking material M_Chair as finished
[2017.05.14-07.06.03:656][945]LogTemp:Display: Marking material as finished 0x000000E66C2F9D00
[2017.05.14-07.06.03:758][948]MaterialEditorStats: Info Base pass shader with static lighting: 128 instructions
[2017.05.14-07.06.03:758][948]MaterialEditorStats: Info Base pass shader with only dynamic lighting: 102 instructions
[2017.05.14-07.06.03:758][948]MaterialEditorStats: Info Vertex shader: 31 instructions
[2017.05.14-07.06.03:758][948]MaterialEditorStats: Info Texture samplers: 5/16
[2017.05.14-07.06.04:518][964]LogTemp:Display: Finished compile of shader map 0x000000E67F549600
[2017.05.14-07.06.04:518][964]LogTemp:Display: Shader map FMatExpressionPreview MaterialExpressionTextureSample_3 complete, GameThreadShaderMap 0x000000E67F549600, marking material FMatExpressionPreview MaterialExpressionTextureSample_3 as finished
[2017.05.14-07.06.04:518][964]LogTemp:Display: Marking material as finished 0x000000E67F5C4A00
[2017.05.14-07.06.05:165][977]LogTemp:Display: Finished compile of shader map 0x000000E64A3A2780
[2017.05.14-07.06.05:165][977]LogTemp:Display: Shader map FMatExpressionPreview MaterialExpressionTextureSample_2 complete, GameThreadShaderMap 0x000000E64A3A2780, marking material FMatExpressionPreview MaterialExpressionTextureSample_2 as finished
[2017.05.14-07.06.05:165][977]LogTemp:Display: Marking material as finished 0x000000E644DCFD00
[2017.05.14-07.06.06:146][997]LogTemp:Display: Finished compile of shader map 0x000000E64A3A0B80
[2017.05.14-07.06.06:146][997]LogTemp:Display: Shader map FMatExpressionPreview MaterialExpressionVectorParameter_4 complete, GameThreadShaderMap 0x000000E64A3A0B80, marking material FMatExpressionPreview MaterialExpressionVectorParameter_4 as finished
[2017.05.14-07.06.06:146][997]LogTemp:Display: Marking material as finished 0x000000E644DCF700
[2017.05.14-07.06.07:273][ 18]LogTemp:Display: Finished compile of shader map 0x000000E644D9B580
[2017.05.14-07.06.07:273][ 18]LogTemp:Display: Shader map FMatExpressionPreview MaterialExpressionVectorParameter_2 complete, GameThreadShaderMap 0x000000E644D9B580, marking material FMatExpressionPreview MaterialExpressionVectorParameter_2 as finished
[2017.05.14-07.06.07:274][ 18]LogTemp:Display: Marking material as finished 0x000000E644DCD300
[2017.05.14-07.06.07:698][ 24]LogTemp:Display: Finished compile of shader map 0x000000E644D99D00
[2017.05.14-07.06.07:698][ 24]LogTemp:Display: Shader map FMatExpressionPreview MaterialExpressionVectorParameter_3 complete, GameThreadShaderMap 0x000000E644D99D00, marking material FMatExpressionPreview MaterialExpressionVectorParameter_3 as finished
[2017.05.14-07.06.07:698][ 24]LogTemp:Display: Marking material as finished 0x000000E644D73D00
[2017.05.14-07.07.17:296][545]LogTemp: Repeting last play command: Selected Viewport
[2017.05.14-07.07.17:311][545]LogPlayLevel: PlayLevel: No blueprints needed recompiling
[2017.05.14-07.07.17:312][545]PIE: New page: PIE session: NewMap (14 May 2017 09:07:17)
[2017.05.14-07.07.17:312][545]LogPlayLevel: Creating play world package: /Game/UEDPIE_0_NewMap
[2017.05.14-07.07.17:317][545]LogPlayLevel: PIE: StaticDuplicateObject took: (0.004741s)
[2017.05.14-07.07.17:318][545]LogAIModule: Creating AISystem for world NewMap
[2017.05.14-07.07.17:318][545]LogPlayLevel: PIE: World Init took: (0.001513s)
[2017.05.14-07.07.17:318][545]LogPlayLevel: PIE: Created PIE world by copying editor world from /Game/NewMap.NewMap to /Game/UEDPIE_0_NewMap.NewMap (0.006709s)
[2017.05.14-07.07.17:353][545]LogInit: XAudio2 using 'Speakers (Cirrus Logic CS4208 (AB 126))' : 2 channels at 48 kHz using 32 bits per sample (channel mask 0x3)
[2017.05.14-07.07.17:362][545]LogInit: FAudioDevice initialized.
[2017.05.14-07.07.17:496][545]LogUObjectGlobals:Warning: Failed to find object 'Class /Script/BuildingEscape.BuildingEscapeGameMode'
[2017.05.14-07.07.17:497][545]LogLoad: Game class is 'GameModeBase'
[2017.05.14-07.07.17:501][545]LogWorld: Bringing World /Game/UEDPIE_0_NewMap.NewMap up for play (max tick rate 60) at 2017.05.14-08.07.17
[2017.05.14-07.07.17:502][545]LogWorld: Bringing up level for play took: 0.003199
[2017.05.14-07.07.17:609][545]LogContentBrowser: Native class hierarchy updated for 'MovieSceneCapture' in 0.0026 seconds. Added 11 classes and 0 folders.
[2017.05.14-07.07.17:610][545]LogTemp:Warning: SM_Chair_2 is at X=-438.456 Y=115.194 Z=20.000
[2017.05.14-07.07.17:611][545]PIE: Info Play in editor start time for /Game/UEDPIE_0_NewMap -0.441
[2017.05.14-07.07.30:016][899]MapCheck: New page: Map Check
[2017.05.14-07.07.30:035][899]LightingResults: New page: Lighting Build - 14 May 2017 09:07:30
[2017.05.14-07.07.30:331][899]LogSwarmInterface: [OpenConnection] Registering TCP channel ...
[2017.05.14-07.07.30:965][899]LogSwarmInterface: [OpenConnection] Connecting to agent ...
[2017.05.14-07.07.31:002][899]LogSwarmInterface: [TryOpenConnection] Testing the Agent
[2017.05.14-07.07.33:287][899]LogSwarmInterface:Error: [TryOpenConnection] Waiting for the agent to start up ...
[2017.05.14-07.07.33:291][899]LogSwarmInterface:Error: System.Net.Sockets.SocketException (0x80004005): No connection could be made because the target machine actively refused it 127.0.0.1:8008

Server stack trace: 
   at System.Net.Sockets.Socket.DoConnect(EndPoint endPointSnapshot, SocketAddress socketAddress)
   at System.Net.Sockets.Socket.Connect(EndPoint remoteEP)
   at System.Runtime.Remoting.Channels.RemoteConnection.CreateNewSocket(EndPoint ipEndPoint)
   at System.Runtime.Remoting.Channels.SocketCache.GetSocket(String machinePortAndSid, Boolean openNew)
   at System.Runtime.Remoting.Channels.Tcp.TcpClientTransportSink.SendRequestWithRetry(IMessage msg, ITransportHeaders requestHeaders, Stream requestStream)
   at System.Runtime.Remoting.Channels.Tcp.TcpClientTransportSink.AsyncProcessRequest(IClientChannelSinkStack sinkStack, IMessage msg, ITransportHeaders headers, Stream stream)
   at System.Runtime.Remoting.Channels.BinaryClientFormatterSink.AsyncProcessMessage(IMessage msg, IMessageSink replySink)

Exception rethrown at [0]: 
   at System.Runtime.Remoting.Proxies.RealProxy.HandleReturnMessage(IMessage reqMsg, IMessage retMsg)
   at System.Runtime.Remoting.Proxies.RealProxy.PrivateInvoke(MessageData& msgData, Int32 type)
   at NSwarm.IAgentInterfaceWrapper.MethodDelegate.EndInvoke(Hashtable& OutParameters, IAsyncResult result)
   at NSwarm.FSwarmInterface.TryOpenConnection(FConnectionCallback CallbackFunc, IntPtr CallbackData, ELogFlags LoggingFlags)
[2017.05.14-07.07.38:315][899]LogSwarmInterface: [TryOpenConnection] Opening Connection to Agent
[2017.05.14-07.07.38:315][899]LogSwarmInterface: [TryOpenConnection] Local Process ID is 5380
[2017.05.14-07.07.40:096][899]LogStaticLightingSystem:Warning: No importance volume found, so the scene bounding box was used.  You can optimize your scene's quality and lighting build times by adding importance volumes.
[2017.05.14-07.07.40:096][899]LogStaticLightingSystem: Running Lightmass w/ ImmediateImport mode ENABLED
[2017.05.14-07.07.40:096][899]LogStaticLightingSystem: Running Lightmass w/ ImmediateProcess mode ENABLED
[2017.05.14-07.07.40:097][899]LogStaticLightingSystem: Running Lightmass w/ Sorting mode ENABLED
[2017.05.14-07.07.40:097][899]LogStaticLightingSystem: Running Lightmass w/ Mapping paddings ENABLED
[2017.05.14-07.07.40:097][899]LogStaticLightingSystem: Running Lightmass w/ Mapping debug paddings DISABLED
[2017.05.14-07.07.40:654][899]LogEditorBuildUtils: Build time 0:10
[2017.05.14-07.07.40:663][899]LogMaterial: Missing cached shader map for material FLightmassMaterialRenderer M_Wood_Oak, compiling. 
[2017.05.14-07.07.40:664][899]LogTemp:Display: Added material ShaderMap 0x000000E6836B6400 with Material 0x000000E644CCAB00 to ShaderMapsBeingCompiled
[2017.05.14-07.07.40:666][899]LogTemp:Display: Kicking off shader compilation for FLightmassMaterialRenderer M_Wood_Oak, GameThreadShaderMap 0x000000E6836B6400
[2017.05.14-07.07.40:670][899]LogMaterial: Missing cached shader map for material FLightmassMaterialRenderer M_Wood_Oak, compiling. 
[2017.05.14-07.07.40:671][899]LogTemp:Display: Added material ShaderMap 0x000000E60D962780 with Material 0x000000E682D9EB00 to ShaderMapsBeingCompiled
[2017.05.14-07.07.40:673][899]LogTemp:Display: Kicking off shader compilation for FLightmassMaterialRenderer M_Wood_Oak, GameThreadShaderMap 0x000000E60D962780
[2017.05.14-07.07.40:766][901]LogMaterial: Missing cached shader map for material FLightmassMaterialRenderer M_Brick_Clay_New, compiling. 
[2017.05.14-07.07.40:769][901]LogTemp:Display: Added material ShaderMap 0x000000E65D775980 with Material 0x000000E67F5C5000 to ShaderMapsBeingCompiled
[2017.05.14-07.07.40:773][901]LogTemp:Display: Kicking off shader compilation for FLightmassMaterialRenderer M_Brick_Clay_New, GameThreadShaderMap 0x000000E65D775980
[2017.05.14-07.07.40:776][901]LogMaterial: Missing cached shader map for material FLightmassMaterialRenderer M_Brick_Clay_New, compiling. 
[2017.05.14-07.07.40:778][901]LogTemp:Display: Added material ShaderMap 0x000000E65D774480 with Material 0x000000E67F5C7700 to ShaderMapsBeingCompiled
[2017.05.14-07.07.40:781][901]LogTemp:Display: Kicking off shader compilation for FLightmassMaterialRenderer M_Brick_Clay_New, GameThreadShaderMap 0x000000E65D774480
[2017.05.14-07.07.40:800][902]LogMaterial: Missing cached shader map for material FLightmassMaterialRenderer M_CobbleStone_Pebble, compiling. 
[2017.05.14-07.07.40:802][902]LogTemp:Display: Added material ShaderMap 0x000000E67706AE80 with Material 0x000000E67F5C5300 to ShaderMapsBeingCompiled
[2017.05.14-07.07.40:807][902]LogTemp:Display: Kicking off shader compilation for FLightmassMaterialRenderer M_CobbleStone_Pebble, GameThreadShaderMap 0x000000E67706AE80
[2017.05.14-07.07.40:810][902]LogMaterial: Missing cached shader map for material FLightmassMaterialRenderer M_CobbleStone_Pebble, compiling. 
[2017.05.14-07.07.40:811][902]LogTemp:Display: Added material ShaderMap 0x000000E677069980 with Material 0x000000E682D9FD00 to ShaderMapsBeingCompiled
[2017.05.14-07.07.40:816][902]LogTemp:Display: Kicking off shader compilation for FLightmassMaterialRenderer M_CobbleStone_Pebble, GameThreadShaderMap 0x000000E677069980
[2017.05.14-07.07.40:839][903]LogMaterial: Missing cached shader map for material FLightmassMaterialRenderer M_Brick_Clay_Old, compiling. 
[2017.05.14-07.07.40:840][903]LogTemp:Display: Added material ShaderMap 0x000000E677068480 with Material 0x000000E682BD8A00 to ShaderMapsBeingCompiled
[2017.05.14-07.07.40:844][903]LogTemp:Display: Kicking off shader compilation for FLightmassMaterialRenderer M_Brick_Clay_Old, GameThreadShaderMap 0x000000E677068480
[2017.05.14-07.07.40:848][903]LogMaterial: Missing cached shader map for material FLightmassMaterialRenderer M_Brick_Clay_Old, compiling. 
[2017.05.14-07.07.40:849][903]LogTemp:Display: Added material ShaderMap 0x000000E682F46E80 with Material 0x000000E682BDA500 to ShaderMapsBeingCompiled
[2017.05.14-07.07.40:853][903]LogTemp:Display: Kicking off shader compilation for FLightmassMaterialRenderer M_Brick_Clay_Old, GameThreadShaderMap 0x000000E682F46E80
[2017.05.14-07.07.40:877][904]LogMaterial: Missing cached shader map for material FLightmassMaterialRenderer M_Concrete_Grime, compiling. 
[2017.05.14-07.07.40:878][904]LogTemp:Display: Added material ShaderMap 0x000000E682F45980 with Material 0x000000E682BD9000 to ShaderMapsBeingCompiled
[2017.05.14-07.07.40:882][904]LogTemp:Display: Kicking off shader compilation for FLightmassMaterialRenderer M_Concrete_Grime, GameThreadShaderMap 0x000000E682F45980
[2017.05.14-07.07.40:886][904]LogMaterial: Missing cached shader map for material FLightmassMaterialRenderer M_Concrete_Grime, compiling. 
[2017.05.14-07.07.40:888][904]LogTemp:Display: Added material ShaderMap 0x000000E682F44480 with Material 0x000000E6836BEE00 to ShaderMapsBeingCompiled
[2017.05.14-07.07.40:892][904]LogTemp:Display: Kicking off shader compilation for FLightmassMaterialRenderer M_Concrete_Grime, GameThreadShaderMap 0x000000E682F44480
[2017.05.14-07.07.43:060][905]LogTemp:Display: Finished compile of shader map 0x000000E65D774480
[2017.05.14-07.07.43:060][905]LogTemp:Display: Shader map FLightmassMaterialRenderer M_Brick_Clay_New complete, GameThreadShaderMap 0x000000E65D774480, marking material FLightmassMaterialRenderer M_Brick_Clay_New as finished
[2017.05.14-07.07.43:060][905]LogTemp:Display: Marking material as finished 0x000000E67F5C7700
[2017.05.14-07.07.43:063][905]LogTemp:Display: Finished compile of shader map 0x000000E65D775980
[2017.05.14-07.07.43:063][905]LogTemp:Display: Shader map FLightmassMaterialRenderer M_Brick_Clay_New complete, GameThreadShaderMap 0x000000E65D775980, marking material FLightmassMaterialRenderer M_Brick_Clay_New as finished
[2017.05.14-07.07.43:063][905]LogTemp:Display: Marking material as finished 0x000000E67F5C5000
[2017.05.14-07.07.43:065][905]LogTemp:Display: Finished compile of shader map 0x000000E60D962780
[2017.05.14-07.07.43:065][905]LogTemp:Display: Shader map FLightmassMaterialRenderer M_Wood_Oak complete, GameThreadShaderMap 0x000000E60D962780, marking material FLightmassMaterialRenderer M_Wood_Oak as finished
[2017.05.14-07.07.43:065][905]LogTemp:Display: Marking material as finished 0x000000E682D9EB00
[2017.05.14-07.07.43:068][905]LogTemp:Display: Finished compile of shader map 0x000000E6836B6400
[2017.05.14-07.07.43:068][905]LogTemp:Display: Shader map FLightmassMaterialRenderer M_Wood_Oak complete, GameThreadShaderMap 0x000000E6836B6400, marking material FLightmassMaterialRenderer M_Wood_Oak as finished
[2017.05.14-07.07.43:068][905]LogTemp:Display: Marking material as finished 0x000000E644CCAB00
[2017.05.14-07.07.43:070][905]LogTemp:Display: Finished compile of shader map 0x000000E682F44480
[2017.05.14-07.07.43:070][905]LogTemp:Display: Shader map FLightmassMaterialRenderer M_Concrete_Grime complete, GameThreadShaderMap 0x000000E682F44480, marking material FLightmassMaterialRenderer M_Concrete_Grime as finished
[2017.05.14-07.07.43:070][905]LogTemp:Display: Marking material as finished 0x000000E6836BEE00
[2017.05.14-07.07.43:073][905]LogTemp:Display: Finished compile of shader map 0x000000E677069980
[2017.05.14-07.07.43:073][905]LogTemp:Display: Shader map FLightmassMaterialRenderer M_CobbleStone_Pebble complete, GameThreadShaderMap 0x000000E677069980, marking material FLightmassMaterialRenderer M_CobbleStone_Pebble as finished
[2017.05.14-07.07.43:073][905]LogTemp:Display: Marking material as finished 0x000000E682D9FD00
[2017.05.14-07.07.43:075][905]LogTemp:Display: Finished compile of shader map 0x000000E67706AE80
[2017.05.14-07.07.43:075][905]LogTemp:Display: Shader map FLightmassMaterialRenderer M_CobbleStone_Pebble complete, GameThreadShaderMap 0x000000E67706AE80, marking material FLightmassMaterialRenderer M_CobbleStone_Pebble as finished
[2017.05.14-07.07.43:075][905]LogTemp:Display: Marking material as finished 0x000000E67F5C5300
[2017.05.14-07.07.43:078][905]LogTemp:Display: Finished compile of shader map 0x000000E677068480
[2017.05.14-07.07.43:078][905]LogTemp:Display: Shader map FLightmassMaterialRenderer M_Brick_Clay_Old complete, GameThreadShaderMap 0x000000E677068480, marking material FLightmassMaterialRenderer M_Brick_Clay_Old as finished
[2017.05.14-07.07.43:078][905]LogTemp:Display: Marking material as finished 0x000000E682BD8A00
[2017.05.14-07.07.43:080][905]LogTemp:Display: Finished compile of shader map 0x000000E682F46E80
[2017.05.14-07.07.43:080][905]LogTemp:Display: Shader map FLightmassMaterialRenderer M_Brick_Clay_Old complete, GameThreadShaderMap 0x000000E682F46E80, marking material FLightmassMaterialRenderer M_Brick_Clay_Old as finished
[2017.05.14-07.07.43:080][905]LogTemp:Display: Marking material as finished 0x000000E682BDA500
[2017.05.14-07.07.43:082][905]LogTemp:Display: Finished compile of shader map 0x000000E682F45980
[2017.05.14-07.07.43:083][905]LogTemp:Display: Shader map FLightmassMaterialRenderer M_Concrete_Grime complete, GameThreadShaderMap 0x000000E682F45980, marking material FLightmassMaterialRenderer M_Concrete_Grime as finished
[2017.05.14-07.07.43:083][905]LogTemp:Display: Marking material as finished 0x000000E682BD9000
[2017.05.14-07.07.51:984][ 92]Job is a success!
[2017.05.14-07.08.04:477][289]LogTexture:Display: Building textures: HQ_Lightmap0_1 (AutoDXT, 1024X1024) - 188 MB total VRAM
[2017.05.14-07.08.04:477][289]LogTexture:Display: Building textures: LQ_Lightmap_0_1 (DXT1, 1024X1024) - 188 MB total VRAM
[2017.05.14-07.08.04:477][289]LogTexture:Display: Building textures: HQ_Lightmap0_2 (AutoDXT, 64X64) - 188 MB total VRAM
[2017.05.14-07.08.04:477][289]LogTexture:Display: Building textures: LQ_Lightmap_0_2 (DXT1, 64X64) - 188 MB total VRAM
[2017.05.14-07.08.04:477][289]LogTexture:Display: Building textures: ShadowMapTexture2D_0 (BGRA8, 1024X256) - 188 MB total VRAM
[2017.05.14-07.08.04:477][289]LogTexture:Display: Building textures: ShadowMapTexture2D_1 (G8, 32X32) - 188 MB total VRAM
[2017.05.14-07.08.04:477][289]Lightmass on DESKTOP-BHBDUN9: 12.9 sec total, 426 ms importing, 28 ms setup, 461 ms photons, 11.2 sec processing, 0 ms extra exporting [11/11 mappings]. Threads: 45.1 sec total, 10.7 sec processing.
[2017.05.14-07.08.04:532][289]LogTemp:Display: Removed shader map 0x000000E66CADB580 from material 0x000000E66C2F9D00
[2017.05.14-07.08.04:533][289]LogStaticLightingSystem: Illumination: 27.9 sec (557 ms encoding lightmaps, 89 ms encoding shadowmaps)
[2017.05.14-07.08.04:533][289]LogStaticLightingSystem: Lightmap texture memory:  2.0 MB (2.0 MB streaming, 0.0 MB non-streaming), 4 textures
[2017.05.14-07.08.04:533][289]LogStaticLightingSystem: Shadowmap texture memory: 1.3 MB (1.3 MB streaming, 0.0 MB non-streaming), 2 textures
[2017.05.14-07.08.05:110][289]DumpUnbuiltLightIteractions
[2017.05.14-07.08.05:111][289]Lights with unbuilt interactions: 0
[2017.05.14-07.08.05:111][289]
[2017.05.14-07.08.05:111][289]Primitives with unbuilt interactions: 0
[2017.05.14-07.08.05:128][290]Cmd: MAP CHECK NOTIFYRESULTS
[2017.05.14-07.08.05:129][290]MapCheck: New page: UEDPIE_0_NewMap - 14 May 2017 09:08:05
[2017.05.14-07.08.05:133][290]MapCheck:Error: Error WorldSettings_1 Maps need lighting rebuilt 
[2017.05.14-07.08.05:266][290]MapCheck: Info Map check complete: 1 Error(s), 0 Warning(s), took 138.313ms to complete.
