Log file open, 06/04/17 19:07:05
LogInit:Display: Running engine without a game
LogPlatformFile: Not using cached read wrapper
LogInit:Display: Loading recent project file: ../../../../../../Users/James Farrow/Documents/MyRepo/BuildingEscape/BuildingEscape/BuildingEscape.uproject
LogInit:Display: RandInit(-1215882129) SRandInit(-1215882129).
LogTaskGraph: Started task graph with 5 named threads and 6 total threads with 1 sets of task threads.
LogStats: Stats thread started at 0.076099
LogInit: Using libcurl 7.47.1
LogInit:  - built for x86_64-pc-win32
LogInit:  - supports SSL with OpenSSL/1.0.2g
LogInit:  - supports HTTP deflate (compression) using libz 1.2.8
LogInit:  - other features:
LogInit:      CURL_VERSION_SSL
LogInit:      CURL_VERSION_LIBZ
LogInit:      CURL_VERSION_IPV6
LogInit:      CURL_VERSION_ASYNCHDNS
LogInit:      CURL_VERSION_LARGEFILE
LogInit:      CURL_VERSION_IDN
LogInit:  CurlRequestOptions (configurable via config and command line):
LogInit:  - bVerifyPeer = false  - Libcurl will NOT verify peer certificate
LogInit:  - bUseHttpProxy = false  - Libcurl will NOT use HTTP proxy
LogInit:  - bDontReuseConnections = false  - Libcurl will reuse connections
LogInit:  - CertBundlePath = nullptr  - Libcurl will use whatever was configured at build time.
LogInit: Build: ++UE4+Release-4.15-CL-3450819
LogInit: Engine Version: 4.15.3-3450819+++UE4+Release-4.15
LogInit: Compatible Engine Version: 4.15.0-3299760+++UE4+Release-4.15
LogInit: Net CL: 3299760
LogDevObjectVersion: Number of dev versions registered: 14
LogDevObjectVersion:   Dev-Blueprints (B0D832E4-1F89-4F0D-ACCF-7EB736FD4AA2): 8
LogDevObjectVersion:   Dev-Build (E1C64328-A22C-4D53-A36C-8E866417BD8C): 0
LogDevObjectVersion:   Dev-Core (375EC13C-06E4-48FB-B500-84F0262A717E): 2
LogDevObjectVersion:   Dev-Editor (E4B068ED-F494-42E9-A231-DA0B2E46BB41): 14
LogDevObjectVersion:   Dev-Framework (CFFC743F-43B0-4480-9391-14DF171D2073): 22
LogDevObjectVersion:   Dev-Mobile (B02B49B5-BB20-44E9-A304-32B752E40360): 0
LogDevObjectVersion:   Dev-Networking (A4E4105C-59A1-49B5-A7C5-40C4547EDFEE): 0
LogDevObjectVersion:   Dev-Online (39C831C9-5AE6-47DC-9A44-9C173E1C8E7C): 0
LogDevObjectVersion:   Dev-Physics (78F01B33-EBEA-4F98-B9B4-84EACCB95AA2): 0
LogDevObjectVersion:   Dev-Platform (6631380F-2D4D-43E0-8009-CF276956A95A): 0
LogDevObjectVersion:   Dev-Rendering (12F88B9F-8875-4AFC-A67C-D90C383ABD29): 12
LogDevObjectVersion:   Dev-Sequencer (7B5AE74C-D270-4C10-A958-57980B212A5A): 3
LogDevObjectVersion:   Dev-VR (D7296918-1DD6-4BDD-9DE2-64A83CC13884): 0
LogDevObjectVersion:   Dev-LoadTimes (C2A15278-BFE7-4AFE-6C17-90FF531DF755): 1
LogInit: Compiled (64-bit): May 21 2017 11:02:34
LogInit: Compiled with Visual C++: 19.00.23026.00
LogInit: Build Configuration: Development
LogInit: Branch Name: ++UE4+Release-4.15
LogInit: Command line: -EpicPortal 
LogInit: Base directory: C:/Program Files/Epic Games/UE_4.15/Engine/Binaries/Win64/
LogInit: Installed Engine Build: 1
LogInit: Presizing for max 8388607 objects, including 0 objects not considered by GC, pre-allocating 0 bytes for permanent pool.
LogInit: Object subsystem initialized
[2017.06.04-18.07.06:880][  0]LogInit: Selected Device Profile: [Windows]
[2017.06.04-18.07.06:880][  0]LogInit: Applying CVar settings loaded from the selected device profile: [Windows]
[2017.06.04-18.07.06:890][  0]LogInit: Computer: DESKTOP-BHBDUN9
[2017.06.04-18.07.06:890][  0]LogInit: User: JamesFarrow
[2017.06.04-18.07.06:890][  0]LogInit: CPU Page size=65536, Cores=2
[2017.06.04-18.07.06:890][  0]LogInit: High frequency timer resolution =2.148434 MHz
[2017.06.04-18.07.06:890][  0]LogMemory: Memory total: Physical=7.9GB (8GB approx)
[2017.06.04-18.07.06:890][  0]LogMemory: Platform Memory Stats for Windows
[2017.06.04-18.07.06:890][  0]LogMemory: Process Physical Memory: 261.75 MB used, 261.75 MB peak
[2017.06.04-18.07.06:890][  0]LogMemory: Process Virtual Memory: 262.20 MB used, 262.20 MB peak
[2017.06.04-18.07.06:890][  0]LogMemory: Physical Memory: 2273.75 MB used,  5820.66 MB free, 8094.41 MB total
[2017.06.04-18.07.06:890][  0]LogMemory: Virtual Memory: 643.10 MB used,  5820.66 MB free, 134217728.00 MB total
[2017.06.04-18.07.06:980][  0]LogTextLocalizationManager: No specific translations for ('en-GB') exist, so ('en') translations will be used.
[2017.06.04-18.07.07:733][  0]LogD3D11RHI: D3D11 adapters:
[2017.06.04-18.07.07:741][  0]LogD3D11RHI:    0. 'Intel(R) HD Graphics 6000' (Feature Level 11_0)
[2017.06.04-18.07.07:741][  0]LogD3D11RHI:       128/0/4047 MB DedicatedVideo/DedicatedSystem/SharedSystem, Outputs:1, VendorId:0x8086
[2017.06.04-18.07.07:742][  0]LogD3D11RHI:    1. 'Microsoft Basic Render Driver' (Feature Level 11_0)
[2017.06.04-18.07.07:742][  0]LogD3D11RHI:       0/0/4047 MB DedicatedVideo/DedicatedSystem/SharedSystem, Outputs:0, VendorId:0x1414
[2017.06.04-18.07.07:742][  0]LogD3D11RHI: Chosen D3D11 Adapter: 0
[2017.06.04-18.07.07:746][  0]LogD3D11RHI: Creating new Direct3DDevice
[2017.06.04-18.07.07:746][  0]LogD3D11RHI:     GPU DeviceId: 0x1626 (for the marketing name, search the web for "GPU Device Id")
[2017.06.04-18.07.07:746][  0]LogWindows: EnumDisplayDevices:
[2017.06.04-18.07.07:746][  0]LogWindows:    0. 'Intel(R) HD Graphics 6000' (P:1 D:1)
[2017.06.04-18.07.07:747][  0]LogWindows:    1. 'Intel(R) HD Graphics 6000' (P:0 D:0)
[2017.06.04-18.07.07:747][  0]LogWindows:    2. 'Intel(R) HD Graphics 6000' (P:0 D:0)
[2017.06.04-18.07.07:747][  0]LogWindows: DebugString: FoundDriverCount:3 
[2017.06.04-18.07.07:747][  0]LogD3D11RHI:     Adapter Name: Intel(R) HD Graphics 6000
[2017.06.04-18.07.07:747][  0]LogD3D11RHI:   Driver Version: 20.19.15.4531 (internal:20.19.15.4531, unified:20.19.15.4531)
[2017.06.04-18.07.07:747][  0]LogD3D11RHI:      Driver Date: 9-29-2016
[2017.06.04-18.07.07:747][  0]LogRHI: Texture pool is 1361 MB (70% of 1945 MB)
[2017.06.04-18.07.07:753][  0]LogD3D11RHI: Async texture creation enabled
[2017.06.04-18.07.07:757][  0]LogD3D11RHI: GPU Timing Frequency: 12.500000 (Debug: 2 0)
[2017.06.04-18.07.07:758][  0]LogShaderCompilers: Guid format shader working directory is -30 characters bigger than the processId version (../../../../../../Users/James Farrow/Documents/MyRepo/BuildingEscape/BuildingEscape/Intermediate/Shaders/WorkingDirectory/1128/).
[2017.06.04-18.07.07:758][  0]LogShaderCompilers: Cleaned the shader compiler working directory 'C:/Users/James Farrow/AppData/Local/Temp/UnrealShaderWorkingDir/3CA4E245400F226F05877E9122E9C87C/'.
[2017.06.04-18.07.07:758][  0]LogShaderCompilers:Display: Using Local Shader Compiler.
[2017.06.04-18.07.09:044][  0]LogTemp:Display: Loaded TP AllDesktopTargetPlatform
[2017.06.04-18.07.09:121][  0]LogTemp:Display: Loaded TP MacClientTargetPlatform
[2017.06.04-18.07.09:196][  0]LogTemp:Display: Loaded TP MacNoEditorTargetPlatform
[2017.06.04-18.07.09:274][  0]LogTemp:Display: Loaded TP MacServerTargetPlatform
[2017.06.04-18.07.09:353][  0]LogTemp:Display: Loaded TP MacTargetPlatform
[2017.06.04-18.07.09:432][  0]LogTemp:Display: Loaded TP WindowsClientTargetPlatform
[2017.06.04-18.07.09:512][  0]LogTemp:Display: Loaded TP WindowsNoEditorTargetPlatform
[2017.06.04-18.07.09:590][  0]LogTemp:Display: Loaded TP WindowsServerTargetPlatform
[2017.06.04-18.07.09:657][  0]LogTemp:Display: Loaded TP WindowsTargetPlatform
[2017.06.04-18.07.09:734][  0]LogTemp:Display: Loaded TP AndroidTargetPlatform
[2017.06.04-18.07.09:810][  0]LogTemp:Display: Loaded TP Android_ASTCTargetPlatform
[2017.06.04-18.07.09:885][  0]LogTemp:Display: Loaded TP Android_ATCTargetPlatform
[2017.06.04-18.07.09:960][  0]LogTemp:Display: Loaded TP Android_DXTTargetPlatform
[2017.06.04-18.07.10:071][  0]LogTemp:Display: Loaded TP Android_ETC1TargetPlatform
[2017.06.04-18.07.10:144][  0]LogTemp:Display: Loaded TP Android_ETC2TargetPlatform
[2017.06.04-18.07.10:294][  0]LogTemp:Display: Loaded TP Android_MultiTargetPlatform
[2017.06.04-18.07.10:294][  0]LogTemp:Display: Loaded TP Android_PVRTCTargetPlatform
[2017.06.04-18.07.10:350][  0]LogTemp:Display: Loaded TP HTML5TargetPlatform
[2017.06.04-18.07.10:475][  0]LogTemp:Display: Loaded TP IOSTargetPlatform
[2017.06.04-18.07.10:546][  0]LogTemp:Display: Loaded TP TVOSTargetPlatform
[2017.06.04-18.07.10:639][  0]LogTemp:Display: Loaded TP LinuxClientTargetPlatform
[2017.06.04-18.07.10:714][  0]LogTemp:Display: Loaded TP LinuxNoEditorTargetPlatform
[2017.06.04-18.07.10:789][  0]LogTemp:Display: Loaded TP LinuxServerTargetPlatform
[2017.06.04-18.07.10:866][  0]LogTemp:Display: Loaded TP LinuxTargetPlatform
[2017.06.04-18.07.10:866][  0]LogTargetPlatformManager:Display: Building Assets For Windows
[2017.06.04-18.07.11:498][  0]LogDerivedDataCache:Display: Max Cache Size: 512 MB
[2017.06.04-18.07.11:562][  0]LogDerivedDataCache: Loaded boot cache 0.06s 50MB C:/Users/James Farrow/AppData/Local/UnrealEngine/4.15/DerivedDataCache/Boot.ddc.
[2017.06.04-18.07.11:562][  0]LogDerivedDataCache:Display: Loaded Boot cache: C:/Users/James Farrow/AppData/Local/UnrealEngine/4.15/DerivedDataCache/Boot.ddc
[2017.06.04-18.07.11:562][  0]LogDerivedDataCache: FDerivedDataBackendGraph:  Pak pak cache file ../../../../../../Users/James Farrow/Documents/MyRepo/BuildingEscape/BuildingEscape/DerivedDataCache/DDC.ddp not found, will not use a pak cache.
[2017.06.04-18.07.11:562][  0]LogDerivedDataCache: Unable to find inner node Pak for hierarchical cache Hierarchy.
[2017.06.04-18.07.11:563][  0]LogDerivedDataCache: FDerivedDataBackendGraph:  CompressedPak pak cache file ../../../../../../Users/James Farrow/Documents/MyRepo/BuildingEscape/BuildingEscape/DerivedDataCache/Compressed.ddp not found, will not use a pak cache.
[2017.06.04-18.07.11:563][  0]LogDerivedDataCache: Unable to find inner node CompressedPak for hierarchical cache Hierarchy.
[2017.06.04-18.07.11:582][  0]LogDerivedDataCache:Display: Pak cache opened for reading ../../../Engine/DerivedDataCache/Compressed.ddp.
[2017.06.04-18.07.11:595][  0]LogDerivedDataCache: Using Local data cache path C:/Users/James Farrow/AppData/Local/UnrealEngine/Common/DerivedDataCache: Writable
[2017.06.04-18.07.11:606][  0]LogSlate: Using Freetype 2.6.0
[2017.06.04-18.07.11:607][  0]LogSlate: SlateFontCache - WITH_FREETYPE: 1, WITH_HARFBUZZ: 1
[2017.06.04-18.07.11:607][  0]LogSlate: SlateFontCache - WITH_FREETYPE: 1, WITH_HARFBUZZ: 1
[2017.06.04-18.07.12:010][  0]LogInit: Selected Device Profile: [Windows]
[2017.06.04-18.07.12:013][  0]LogContentStreaming: Texture pool size is 0.00 MB
[2017.06.04-18.07.12:289][  0]LogMeshUtilities: Using QuadricMeshReduction for automatic static mesh reduction
[2017.06.04-18.07.12:356][  0]LogSimplygon: Simplygon DLL not present - disabling.
[2017.06.04-18.07.12:437][  0]LogMeshUtilities: Using SimplygonSwarm for distributed automatic mesh merging
[2017.06.04-18.07.12:438][  0]LogMeshUtilities: No automatic skeletal mesh reduction module available
[2017.06.04-18.07.12:438][  0]LogMeshUtilities: No automatic mesh merging module available
[2017.06.04-18.07.13:133][  0]LogNetVersion: GetLocalNetworkVersion: CL: 3299760, ProjectName: buildingescape, ProjectVersion: , EngineNetworkVersion: 2, GameNetworkVersion: 0, NetworkChecksum: 4140618008
[2017.06.04-18.07.13:186][  0]LogAssetRegistry: FAssetRegistry took 0.0216 seconds to start up
[2017.06.04-18.07.13:270][  0]LogPackageLocalizationCache: Processed 3 localized package path(s) for 2 prioritized culture(s) in 0.043280 seconds
[2017.06.04-18.07.13:280][  0]LogUObjectArray: 32493 objects as part of root set at end of initial load.
[2017.06.04-18.07.13:280][  0]LogUObjectAllocator: 7077024 out of 0 bytes used by permanent object pool.
[2017.06.04-18.07.13:280][  0]LogUObjectArray: CloseDisregardForGC: 0/0 objects in disregard for GC pool
[2017.06.04-18.07.13:374][  0]LogInit: WinSock: version 1.1 (2.2), MaxSocks=32767, MaxUdp=65467
[2017.06.04-18.07.15:864][  0]LogTcpMessaging: Initializing TcpMessaging bridge
[2017.06.04-18.07.15:926][  0]LogUdpMessaging: Initializing bridge on interface 0.0.0.0:0 to multicast group 230.0.0.1:6666.
[2017.06.04-18.07.16:841][  0]LogMaterial: Uniform references updated for custom material expression Custom.
[2017.06.04-18.07.17:419][  0]SourceControl: Info Source control is disabled
[2017.06.04-18.07.17:472][  0]SourceControl: Info Source control is disabled
[2017.06.04-18.07.17:552][  0]SourceControl: Info Source control is disabled
[2017.06.04-18.07.17:629][  0]SourceControl: Info Source control is disabled
[2017.06.04-18.07.20:040][  0]LogEngine: Initializing Engine...
[2017.06.04-18.07.20:041][  0]LogHMD: Failed to initialize OpenVR with code 110
[2017.06.04-18.07.20:220][  0]LogStats: UGameplayTagsManager::ConstructGameplayTagTree: Construct from data asset -  0.000 s
[2017.06.04-18.07.20:220][  0]LogStats: UGameplayTagsManager::ConstructGameplayTagTree: GameplayTagTreeChangedEvent.Broadcast -  0.000 s
[2017.06.04-18.07.20:414][  0]LogAIModule: Creating AISystem for world Untitled
[2017.06.04-18.07.20:422][  0]LogInit: XAudio2 using 'Speakers (Cirrus Logic CS4208 (AB 126))' : 2 channels at 48 kHz using 32 bits per sample (channel mask 0x3)
[2017.06.04-18.07.20:561][  0]LogInit: FAudioDevice initialized.
[2017.06.04-18.07.20:649][  0]LogDerivedDataCache: Saved boot cache 0.09s 50MB C:/Users/James Farrow/AppData/Local/UnrealEngine/4.15/DerivedDataCache/Boot.ddc.
[2017.06.04-18.07.20:659][  0]LogInit: Texture streaming: Enabled
[2017.06.04-18.07.20:796][  0]LogEngineSessionManager: EngineSessionManager initialized
[2017.06.04-18.07.20:930][  0]LogInit: Transaction tracking system initialized
[2017.06.04-18.07.21:447][  0]BlueprintLog: New page: Editor Load
[2017.06.04-18.07.22:787][  0]LocalizationService: Info Localization service is disabled
[2017.06.04-18.07.23:956][  0]LogConsoleResponse:Display: 
[2017.06.04-18.07.24:138][  0]LogCook:Display: Max memory allowance for cook 16384mb min free memory 0mb
[2017.06.04-18.07.24:138][  0]LogCook:Display: Mobile HDR setting 1
[2017.06.04-18.07.24:995][  0]LogFileCache: Scanning file cache for directory 'C:/Users/James Farrow/Documents/MyRepo/BuildingEscape/BuildingEscape/Content/' took 0.02s
[2017.06.04-18.07.25:922][  0]SourceControl: Info Source control is disabled
[2017.06.04-18.07.26:013][  0]LogWindowsTextInputMethodSystem:Display: IME system now deactivated.
[2017.06.04-18.07.26:191][  0]LogCollectionManager: Loaded 0 collections in 0.002964 seconds
[2017.06.04-18.07.26:386][  0]LogFileCache: Scanning file cache for directory 'C:/Users/James Farrow/Documents/MyRepo/BuildingEscape/BuildingEscape/Saved/Collections/' took 0.01s
[2017.06.04-18.07.26:386][  0]LogFileCache: Scanning file cache for directory 'C:/Users/James Farrow/Documents/MyRepo/BuildingEscape/BuildingEscape/Content/Developers/JamesFarrow/Collections/' took 0.01s
[2017.06.04-18.07.26:386][  0]LogFileCache: Scanning file cache for directory 'C:/Users/James Farrow/Documents/MyRepo/BuildingEscape/BuildingEscape/Content/Collections/' took 0.01s
[2017.06.04-18.07.26:386][  0]LogCollectionManager: Rebuilt the GUID cache for 0 collections in 0.000002 seconds
[2017.06.04-18.07.26:397][  0]LogContentBrowser: Native class hierarchy populated in 0.0114 seconds. Added 2249 classes and 455 folders.
[2017.06.04-18.07.26:499][  0]LogContentBrowser: Native class hierarchy updated for 'WidgetCarousel' in 0.0025 seconds. Added 0 classes and 0 folders.
[2017.06.04-18.07.26:571][  0]LogContentBrowser: Native class hierarchy updated for 'AddContentDialog' in 0.0026 seconds. Added 0 classes and 0 folders.
[2017.06.04-18.07.26:637][  0]LogContentBrowser: Native class hierarchy updated for 'SceneOutliner' in 0.0030 seconds. Added 1 classes and 2 folders.
[2017.06.04-18.07.26:694][  0]LogCrashTracker: Crashtracker disabled due to settings.
[2017.06.04-18.07.26:701][  0]LogUObjectGlobals:Warning: Failed to find object 'Class None.'
[2017.06.04-18.07.26:792][  0]LogContentBrowser: Native class hierarchy updated for 'HierarchicalLODOutliner' in 0.0032 seconds. Added 1 classes and 2 folders.
[2017.06.04-18.07.26:793][  0]LogLoad: (Engine Initialization) Total time: 22.63 seconds
[2017.06.04-18.07.26:793][  0]LogLoad: (Engine Initialization) Total Blueprint compile time: 0.06 seconds
[2017.06.04-18.07.26:793][  0]LogExternalProfiler: No external profilers were discovered.  External profiling features will not be available.
[2017.06.04-18.07.26:811][  0]LogOcInput: OculusInput pre-init called
[2017.06.04-18.07.26:833][  0]LogContentStreaming: Texture pool size now 1000 MB
[2017.06.04-18.07.26:837][  0]LogSlate: Took 0.000957 seconds to synchronously load lazily loaded font '../../../Engine/Content/Slate/Fonts/Roboto-Regular.ttf' (155K)
[2017.06.04-18.07.26:847][  0]LogSlate: Took 0.000654 seconds to synchronously load lazily loaded font '../../../Engine/Content/Slate/Fonts/Roboto-Bold.ttf' (160K)
[2017.06.04-18.07.26:862][  0]LogSlate: Took 0.000512 seconds to synchronously load lazily loaded font '../../../Engine/Content/Editor/Slate/Fonts/FontAwesome.ttf' (139K)
[2017.06.04-18.07.26:990][  0]LogSlate: Took 0.000564 seconds to synchronously load lazily loaded font '../../../Engine/Content/Slate/Fonts/Roboto-Light.ttf' (159K)
[2017.06.04-18.07.27:055][  0]LogRenderer: Reallocating scene render targets to support 904x456 NumSamples 1 (Frame:2).
[2017.06.04-18.07.27:447][  2]LogAssetRegistry: Asset discovery search completed in 14.2822 seconds
[2017.06.04-18.07.27:447][  2]LogCollectionManager: Rebuilt the object cache for 0 collections in 0.000010 seconds (found 0 objects)
[2017.06.04-18.07.27:447][  2]LogCollectionManager: Fixed up redirectors for 0 collections in 0.000030 seconds (updated 0 objects)
[2017.06.04-18.08.58:715][791]LogSlate: Took 0.000334 seconds to synchronously load lazily loaded font '../../../Engine/Content/Slate/Fonts/Roboto-Light.ttf' (159K)
[2017.06.04-18.08.58:779][791]Running C:/Program Files/Epic Games/UE_4.15/Engine/Binaries/DotNET/UnrealBuildTool.exe  -projectfiles -project="C:/Users/James Farrow/Documents/MyRepo/04_BattleTank/BattleTank/BattleTank.uproject" -game -rocket -progress
[2017.06.04-18.08.59:386][791]Discovering modules, targets and source code for project...
[2017.06.04-18.09.09:532][791]LogSlate: Took 0.000324 seconds to synchronously load lazily loaded font '../../../Engine/Content/Slate/Fonts/Roboto-Regular.ttf' (155K)
[2017.06.04-18.09.13:357][791]LogGameProjectGeneration: Created new project with 11 files (plus project files)
[2017.06.04-18.09.13:380][791]Running C:/Program Files/Epic Games/UE_4.15/Engine/Binaries/DotNET/UnrealBuildTool.exe BattleTank Development Win64 -project="C:/Users/James Farrow/Documents/MyRepo/04_BattleTank/BattleTank/BattleTank.uproject" -editorrecompile -progress -NoHotReloadFromIDE
[2017.06.04-18.09.13:910][791]Performing full C++ include scan (building a new target)
[2017.06.04-18.09.13:910][791]Creating makefile for BattleTank (no existing makefile)
[2017.06.04-18.09.21:033][791]@progress push 5%
[2017.06.04-18.09.21:337][791]Parsing headers for BattleTankEditor
[2017.06.04-18.09.21:739][791]  Running UnrealHeaderTool "C:\Users\James Farrow\Documents\MyRepo\04_BattleTank\BattleTank\BattleTank.uproject" "C:\Users\James Farrow\Documents\MyRepo\04_BattleTank\BattleTank\Intermediate\Build\Win64\BattleTankEditor\Development\BattleTankEditor.uhtmanifest" -LogCmds="loginit warning, logexit warning, logdatabase error" -Unattended -WarningsAsErrors -installed
[2017.06.04-18.09.28:153][791]Reflection code generated for BattleTankEditor in 6.4000113 seconds
[2017.06.04-18.09.28:454][791]@progress pop
[2017.06.04-18.09.34:574][791]Performing 8 actions (2 in parallel)
[2017.06.04-18.09.34:578][791][2/8] Resource ModuleVersionResource.rc.inl
[2017.06.04-18.09.39:196][791][3/8] Resource PCLaunch.rc
[2017.06.04-18.09.39:397][791]PCH.BattleTank.cpp
[2017.06.04-18.10.44:048][791]BattleTank.cpp
[2017.06.04-18.10.44:048][791]BattleTankGameModeBase.cpp
[2017.06.04-18.10.44:751][791]BattleTank.generated.cpp
[2017.06.04-18.10.45:455][791][7/8] Link UE4Editor-BattleTank.dll
[2017.06.04-18.10.45:455][791][8/8] Link UE4Editor-BattleTank.lib
[2017.06.04-18.10.47:164][791]   Creating library C:\Users\James Farrow\Documents\MyRepo\04_BattleTank\BattleTank\Intermediate\Build\Win64\UE4Editor\Development\UE4Editor-BattleTank.lib and object C:\Users\James Farrow\Documents\MyRepo\04_BattleTank\BattleTank\Intermediate\Build\Win64\UE4Editor\Development\UE4Editor-BattleTank.exp
[2017.06.04-18.10.48:068][791]   Creating library C:\Users\James Farrow\Documents\MyRepo\04_BattleTank\BattleTank\Intermediate\Build\Win64\UE4Editor\Development\UE4Editor-BattleTank.suppressed.lib and object C:\Users\James Farrow\Documents\MyRepo\04_BattleTank\BattleTank\Intermediate\Build\Win64\UE4Editor\Development\UE4Editor-BattleTank.suppressed.exp
[2017.06.04-18.10.49:478][791]Total build time: 95.58 seconds (Local executor: 76.98 seconds)
[2017.06.04-18.10.49:587][791]LogWindows: LaunchFileInExternalEditor C:/Users/James Farrow/Documents/MyRepo/04_BattleTank/BattleTank/BattleTank.sln 
[2017.06.04-18.10.50:963][791]LogWindows: Launch application code for C:/Users/James Farrow/Documents/MyRepo/04_BattleTank/BattleTank/BattleTank.sln : 42
[2017.06.04-18.10.51:006][792]Cmd: CLOSE_SLATE_MAINFRAME
[2017.06.04-18.10.51:141][792]LogWindowsTextInputMethodSystem:Display: IME system now deactivated.
[2017.06.04-18.10.51:352][793]Cmd: QUIT_EDITOR
[2017.06.04-18.10.51:503][793]LogExit: Preparing to exit.
[2017.06.04-18.10.52:164][793]LogDirectoryWatcher: A directory notification for 'C:/Users/James Farrow/Documents/MyRepo/BuildingEscape/BuildingEscape/Content/' was aborted.
[2017.06.04-18.10.52:178][793]LogExit: Editor shut down
[2017.06.04-18.10.52:180][793]LogExit: Transaction tracking system shut down
[2017.06.04-18.10.52:246][793]LogObj: Freed 0b from 0 cluster array pools.
[2017.06.04-18.10.52:246][793]LogExit: Object subsystem successfully closed.
[2017.06.04-18.10.52:260][793]LogD3D11RHI: Shutdown
[2017.06.04-18.10.52:260][793]LogD3D11RHI: CleanupD3DDevice
[2017.06.04-18.10.52:330][793]LogD3D11RHI: ~FD3D11DynamicRHI
[2017.06.04-18.10.52:380][793]LogModuleManager: Shutting down and abandoning module HierarchicalLODOutliner (498)
[2017.06.04-18.10.52:380][793]LogModuleManager: Shutting down and abandoning module CrashTracker (496)
[2017.06.04-18.10.52:380][793]LogModuleManager: Shutting down and abandoning module SceneOutliner (494)
[2017.06.04-18.10.52:380][793]LogModuleManager: Shutting down and abandoning module AddContentDialog (492)
[2017.06.04-18.10.52:380][793]LogDirectoryWatcher: A directory notification for 'C:/Program Files/Epic Games/UE_4.15/FeaturePacks/' was aborted.
[2017.06.04-18.10.52:382][793]LogModuleManager: Shutting down and abandoning module WidgetCarousel (491)
[2017.06.04-18.10.52:382][793]LogModuleManager: Shutting down and abandoning module EditorWidgets (488)
[2017.06.04-18.10.52:382][793]LogModuleManager: Shutting down and abandoning module CollectionManager (486)
[2017.06.04-18.10.52:383][793]LogDirectoryWatcher: A directory notification for 'C:/Users/James Farrow/Documents/MyRepo/BuildingEscape/BuildingEscape/Content/Collections/' was aborted.
[2017.06.04-18.10.52:383][793]LogDirectoryWatcher: A directory notification for 'C:/Users/James Farrow/Documents/MyRepo/BuildingEscape/BuildingEscape/Content/Developers/JamesFarrow/Collections/' was aborted.
[2017.06.04-18.10.52:383][793]LogDirectoryWatcher: A directory notification for 'C:/Users/James Farrow/Documents/MyRepo/BuildingEscape/BuildingEscape/Saved/Collections/' was aborted.
[2017.06.04-18.10.52:383][793]LogModuleManager: Shutting down and abandoning module FoliageEdit (484)
[2017.06.04-18.10.52:383][793]LogModuleManager: Shutting down and abandoning module LandscapeEditor (482)
[2017.06.04-18.10.52:383][793]LogModuleManager: Shutting down and abandoning module SceneDepthPickerMode (480)
[2017.06.04-18.10.52:383][793]LogModuleManager: Shutting down and abandoning module ActorPickerMode (478)
[2017.06.04-18.10.52:383][793]LogModuleManager: Shutting down and abandoning module GeometryMode (476)
[2017.06.04-18.10.52:383][793]LogModuleManager: Shutting down and abandoning module TextureAlignMode (474)
[2017.06.04-18.10.52:383][793]LogModuleManager: Shutting down and abandoning module BspMode (472)
[2017.06.04-18.10.52:383][793]LogModuleManager: Shutting down and abandoning module HardwareSurvey (470)
[2017.06.04-18.10.52:383][793]LogModuleManager: Shutting down and abandoning module SequenceRecorderSections (468)
[2017.06.04-18.10.52:383][793]LogModuleManager: Shutting down and abandoning module AutomationWorker (466)
[2017.06.04-18.10.52:383][793]LogModuleManager: Shutting down and abandoning module MatineeToLevelSequence (464)
[2017.06.04-18.10.52:383][793]LogModuleManager: Shutting down and abandoning module LevelSequenceEditor (462)
[2017.06.04-18.10.52:383][793]LogModuleManager: Shutting down and abandoning module PlacementMode (461)
[2017.06.04-18.10.52:383][793]LogModuleManager: Shutting down and abandoning module WmfMediaFactory (458)
[2017.06.04-18.10.52:383][793]LogModuleManager: Shutting down and abandoning module WmfMediaEditor (456)
[2017.06.04-18.10.52:383][793]LogModuleManager: Shutting down and abandoning module MfMediaFactory (454)
[2017.06.04-18.10.52:383][793]LogModuleManager: Shutting down and abandoning module MfMediaEditor (452)
[2017.06.04-18.10.52:383][793]LogModuleManager: Shutting down and abandoning module AvfMediaFactory (450)
[2017.06.04-18.10.52:383][793]LogModuleManager: Shutting down and abandoning module AvfMediaEditor (448)
[2017.06.04-18.10.52:383][793]LogModuleManager: Shutting down and abandoning module AndroidMediaFactory (446)
[2017.06.04-18.10.52:383][793]LogModuleManager: Shutting down and abandoning module Media (445)
[2017.06.04-18.10.52:383][793]LogModuleManager: Shutting down and abandoning module AndroidMediaEditor (442)
[2017.06.04-18.10.52:383][793]LogModuleManager: Shutting down and abandoning module CharacterAI (440)
[2017.06.04-18.10.52:383][793]LogModuleManager: Shutting down and abandoning module AudioCapture (438)
[2017.06.04-18.10.52:383][793]LogModuleManager: Shutting down and abandoning module SequenceRecorder (437)
[2017.06.04-18.10.52:383][793]LogModuleManager: Shutting down and abandoning module SmartSnapping (434)
[2017.06.04-18.10.52:383][793]LogModuleManager: Shutting down and abandoning module SessionServices (432)
[2017.06.04-18.10.52:383][793]LogModuleManager: Shutting down and abandoning module ViewportSnapping (430)
[2017.06.04-18.10.52:383][793]LogModuleManager: Shutting down and abandoning module ViewportInteraction (428)
[2017.06.04-18.10.52:383][793]LogModuleManager: Shutting down and abandoning module LogVisualizer (426)
[2017.06.04-18.10.52:384][793]LogModuleManager: Shutting down and abandoning module IntroTutorials (424)
[2017.06.04-18.10.52:384][793]LogModuleManager: Shutting down and abandoning module GameProjectGeneration (423)
[2017.06.04-18.10.52:384][793]LogModuleManager: Shutting down and abandoning module EditorLiveStreaming (420)
[2017.06.04-18.10.52:384][793]LogModuleManager: Shutting down and abandoning module IOSPlatformEditor (418)
[2017.06.04-18.10.52:384][793]LogModuleManager: Shutting down and abandoning module HTML5PlatformEditor (416)
[2017.06.04-18.10.52:384][793]LogModuleManager: Shutting down and abandoning module AndroidPlatformEditor (414)
[2017.06.04-18.10.52:384][793]LogModuleManager: Shutting down and abandoning module AndroidDeviceDetection (413)
[2017.06.04-18.10.52:506][793]LogModuleManager: Shutting down and abandoning module IOSRuntimeSettings (410)
[2017.06.04-18.10.52:506][793]LogModuleManager: Shutting down and abandoning module AndroidRuntimeSettings (408)
[2017.06.04-18.10.52:506][793]LogModuleManager: Shutting down and abandoning module InputBindingEditor (406)
[2017.06.04-18.10.52:506][793]LogModuleManager: Shutting down and abandoning module NiagaraEditor (404)
[2017.06.04-18.10.52:506][793]LogModuleManager: Shutting down and abandoning module MergeActors (402)
[2017.06.04-18.10.52:506][793]LogModuleManager: Shutting down and abandoning module SizeMap (400)
[2017.06.04-18.10.52:506][793]LogModuleManager: Shutting down and abandoning module TreeMap (398)
[2017.06.04-18.10.52:506][793]LogModuleManager: Shutting down and abandoning module ReferenceViewer (396)
[2017.06.04-18.10.52:506][793]LogModuleManager: Shutting down and abandoning module LocalizationDashboard (394)
[2017.06.04-18.10.52:506][793]LogModuleManager: Shutting down and abandoning module LocalizationService (393)
[2017.06.04-18.10.52:506][793]LogModuleManager: Shutting down and abandoning module HardwareTargeting (390)
[2017.06.04-18.10.52:506][793]LogModuleManager: Shutting down and abandoning module DeviceProfileEditor (388)
[2017.06.04-18.10.52:506][793]LogModuleManager: Shutting down and abandoning module UndoHistory (386)
[2017.06.04-18.10.52:506][793]LogModuleManager: Shutting down and abandoning module UserFeedback (384)
[2017.06.04-18.10.52:506][793]LogModuleManager: Shutting down and abandoning module XmlParser (382)
[2017.06.04-18.10.52:506][793]LogModuleManager: Shutting down and abandoning module Blutility (380)
[2017.06.04-18.10.52:506][793]LogModuleManager: Shutting down and abandoning module ProjectSettingsViewer (378)
[2017.06.04-18.10.52:506][793]LogModuleManager: Shutting down and abandoning module ProjectTargetPlatformEditor (377)
[2017.06.04-18.10.52:507][793]LogModuleManager: Shutting down and abandoning module EditorSettingsViewer (374)
[2017.06.04-18.10.52:507][793]LogModuleManager: Shutting down and abandoning module SettingsEditor (372)
[2017.06.04-18.10.52:507][793]LogModuleManager: Shutting down and abandoning module ProjectLauncher (370)
[2017.06.04-18.10.52:507][793]LogModuleManager: Shutting down and abandoning module SessionFrontend (368)
[2017.06.04-18.10.52:507][793]LogModuleManager: Shutting down and abandoning module ProfilerClient (366)
[2017.06.04-18.10.52:507][793]LogModuleManager: Shutting down and abandoning module DeviceManager (364)
[2017.06.04-18.10.52:507][793]LogModuleManager: Shutting down and abandoning module TargetDeviceServices (363)
[2017.06.04-18.10.52:551][793]LogModuleManager: Shutting down and abandoning module AutomationController (360)
[2017.06.04-18.10.52:551][793]LogModuleManager: Shutting down and abandoning module AutomationWindow (358)
[2017.06.04-18.10.52:551][793]LogModuleManager: Shutting down and abandoning module Layers (356)
[2017.06.04-18.10.52:551][793]LogModuleManager: Shutting down and abandoning module ComponentVisualizers (354)
[2017.06.04-18.10.52:551][793]LogModuleManager: Shutting down and abandoning module DetailCustomizations (352)
[2017.06.04-18.10.52:551][793]LogModuleManager: Shutting down and abandoning module PackagesDialog (350)
[2017.06.04-18.10.52:551][793]LogModuleManager: Shutting down and abandoning module Persona (348)
[2017.06.04-18.10.52:551][793]LogModuleManager: Shutting down and abandoning module AnimGraph (347)
[2017.06.04-18.10.52:551][793]LogModuleManager: Shutting down and abandoning module Kismet (344)
[2017.06.04-18.10.52:551][793]LogModuleManager: Shutting down and abandoning module GraphEditor (342)
[2017.06.04-18.10.52:551][793]LogModuleManager: Shutting down and abandoning module ClassViewer (340)
[2017.06.04-18.10.52:551][793]LogModuleManager: Shutting down and abandoning module Toolbox (338)
[2017.06.04-18.10.52:551][793]LogModuleManager: Shutting down and abandoning module ModuleUI (336)
[2017.06.04-18.10.52:551][793]LogModuleManager: Shutting down and abandoning module MovieSceneTools (334)
[2017.06.04-18.10.52:551][793]LogModuleManager: Shutting down and abandoning module OutputLog (332)
[2017.06.04-18.10.52:551][793]LogModuleManager: Shutting down and abandoning module GammaUI (330)
[2017.06.04-18.10.52:551][793]LogModuleManager: Shutting down and abandoning module Documentation (328)
[2017.06.04-18.10.52:551][793]LogModuleManager: Shutting down and abandoning module Niagara (326)
[2017.06.04-18.10.52:551][793]LogModuleManager: Shutting down and abandoning module StreamingPauseRendering (324)
[2017.06.04-18.10.52:551][793]LogModuleManager: Shutting down and abandoning module AnalyticsET (322)
[2017.06.04-18.10.52:551][793]LogModuleManager: Shutting down and abandoning module PortalServices (320)
[2017.06.04-18.10.52:551][793]LogModuleManager: Shutting down and abandoning module PortalRpc (318)
[2017.06.04-18.10.52:551][793]LogModuleManager: Shutting down and abandoning module MessagingRpc (316)
[2017.06.04-18.10.52:551][793]LogModuleManager: Shutting down and abandoning module AIModule (314)
[2017.06.04-18.10.52:551][793]LogModuleManager: Shutting down and abandoning module GameplayDebugger (313)
[2017.06.04-18.10.52:551][793]LogModuleManager: Shutting down and abandoning module AITestSuite (311)
[2017.06.04-18.10.52:551][793]LogModuleManager: Shutting down and abandoning module ProfilerService (308)
[2017.06.04-18.10.52:760][793]LogModuleManager: Shutting down and abandoning module TaskGraph (306)
[2017.06.04-18.10.52:760][793]LogModuleManager: Shutting down and abandoning module SteamVRController (304)
[2017.06.04-18.10.52:760][793]LogModuleManager: Shutting down and abandoning module SteamVR (302)
[2017.06.04-18.10.52:760][793]LogModuleManager: Shutting down and abandoning module ProceduralMeshComponentEditor (300)
[2017.06.04-18.10.52:760][793]LogModuleManager: Shutting down and abandoning module ProceduralMeshComponent (298)
[2017.06.04-18.10.52:760][793]LogModuleManager: Shutting down and abandoning module OculusLibrary (296)
[2017.06.04-18.10.52:760][793]LogModuleManager: Shutting down and abandoning module OculusInput (294)
[2017.06.04-18.10.52:760][793]LogModuleManager: Shutting down and abandoning module MobilePatchingUtils (292)
[2017.06.04-18.10.52:760][793]LogModuleManager: Shutting down and abandoning module CustomMeshComponent (290)
[2017.06.04-18.10.52:760][793]LogModuleManager: Shutting down and abandoning module CableComponent (288)
[2017.06.04-18.10.52:760][793]LogModuleManager: Shutting down and abandoning module ArchVisCharacter (286)
[2017.06.04-18.10.52:760][793]LogModuleManager: Shutting down and abandoning module MediaPlayerEditor (282)
[2017.06.04-18.10.52:760][793]LogModuleManager: Shutting down and abandoning module HTML5Networking (280)
[2017.06.04-18.10.52:760][793]LogModuleManager: Shutting down and abandoning module AlembicImporter (278)
[2017.06.04-18.10.52:760][793]LogModuleManager: Shutting down and abandoning module AlembicLibrary (277)
[2017.06.04-18.10.52:760][793]LogModuleManager: Shutting down and abandoning module GeometryCache (276)
[2017.06.04-18.10.52:760][793]LogModuleManager: Shutting down and abandoning module GeometryCacheEd (275)
[2017.06.04-18.10.52:760][793]LogModuleManager: Shutting down and abandoning module SuperSearchEditor (270)
[2017.06.04-18.10.52:760][793]LogModuleManager: Shutting down and abandoning module SuperSearch (269)
[2017.06.04-18.10.52:760][793]LogModuleManager: Shutting down and abandoning module SpeedTreeImporter (266)
[2017.06.04-18.10.52:760][793]LogModuleManager: Shutting down and abandoning module PluginBrowser (264)
[2017.06.04-18.10.52:760][793]LogModuleManager: Shutting down and abandoning module MobileLauncherProfileWizard (262)
[2017.06.04-18.10.52:760][793]LogModuleManager: Shutting down and abandoning module EpicSurvey (260)
[2017.06.04-18.10.52:761][793]LogModuleManager: Shutting down and abandoning module VisualStudioSourceCodeAccess (258)
[2017.06.04-18.10.52:761][793]LogModuleManager: Shutting down and abandoning module DesktopPlatform (257)
[2017.06.04-18.10.52:761][793]LogModuleManager: Shutting down and abandoning module UObjectPlugin (254)
[2017.06.04-18.10.52:761][793]LogModuleManager: Shutting down and abandoning module SubversionSourceControl (252)
[2017.06.04-18.10.52:761][793]LogModuleManager: Shutting down and abandoning module PerforceSourceControl (250)
[2017.06.04-18.10.52:761][793]LogModuleManager: Shutting down and abandoning module GitSourceControl (248)
[2017.06.04-18.10.52:761][793]LogModuleManager: Shutting down and abandoning module SourceControl (247)
[2017.06.04-18.10.52:761][793]LogModuleManager: Shutting down and abandoning module LightPropagationVolumeEditor (244)
[2017.06.04-18.10.52:761][793]LogModuleManager: Shutting down and abandoning module PaperTiledImporter (242)
[2017.06.04-18.10.52:761][793]LogModuleManager: Shutting down and abandoning module PaperSpriteSheetImporter (240)
[2017.06.04-18.10.52:761][793]LogModuleManager: Shutting down and abandoning module Paper2DEditor (238)
[2017.06.04-18.10.52:761][793]LogModuleManager: Shutting down and abandoning module MeshPaint (237)
[2017.06.04-18.10.52:761][793]LogModuleManager: Shutting down and abandoning module LevelEditor (235)
[2017.06.04-18.10.52:762][793]LogModuleManager: Shutting down and abandoning module PixelInspectorModule (234)
[2017.06.04-18.10.52:762][793]LogModuleManager: Shutting down and abandoning module MainFrame (232)
[2017.06.04-18.10.52:762][793]LogModuleManager: Shutting down and abandoning module HotReload (231)
[2017.06.04-18.10.52:762][793]LogDirectoryWatcher: A directory notification for 'C:/Users/James Farrow/Documents/MyRepo/BuildingEscape/BuildingEscape/Binaries/Win64' was aborted.
[2017.06.04-18.10.52:763][793]LogModuleManager: Shutting down and abandoning module ContentBrowser (227)
[2017.06.04-18.10.52:764][793]LogModuleManager: Shutting down and abandoning module BuildingEscape (224)
[2017.06.04-18.10.52:764][793]LogModuleManager: Shutting down and abandoning module PhysXVehiclesEditor (222)
[2017.06.04-18.10.52:764][793]LogModuleManager: Shutting down and abandoning module PhysXVehicles (220)
[2017.06.04-18.10.52:764][793]LogModuleManager: Shutting down and abandoning module LocationServicesBPLibrary (218)
[2017.06.04-18.10.52:764][793]LogModuleManager: Shutting down and abandoning module UdpMessaging (216)
[2017.06.04-18.10.52:865][793]LogModuleManager: Shutting down and abandoning module TcpMessaging (214)
[2017.06.04-18.10.52:965][793]LogModuleManager: Shutting down and abandoning module GameplayTagsEditor (212)
[2017.06.04-18.10.52:965][793]LogModuleManager: Shutting down and abandoning module FacialAnimationEditor (210)
[2017.06.04-18.10.52:965][793]LogModuleManager: Shutting down and abandoning module FacialAnimation (208)
[2017.06.04-18.10.52:965][793]LogModuleManager: Shutting down and abandoning module LightPropagationVolumeRuntime (206)
[2017.06.04-18.10.52:965][793]LogModuleManager: Shutting down and abandoning module Paper2D (204)
[2017.06.04-18.10.52:965][793]LogModuleManager: Shutting down and abandoning module WindowsMoviePlayer (202)
[2017.06.04-18.10.52:965][793]LogModuleManager: Shutting down and abandoning module WmfMedia (200)
[2017.06.04-18.10.52:965][793]LogModuleManager: Shutting down and abandoning module MfMedia (198)
[2017.06.04-18.10.52:965][793]LogModuleManager: Shutting down and abandoning module MediaAssets (196)
[2017.06.04-18.10.52:965][793]LogModuleManager: Shutting down and abandoning module GameLiveStreaming (194)
[2017.06.04-18.10.52:965][793]LogModuleManager: Shutting down and abandoning module VREditor (192)
[2017.06.04-18.10.52:965][793]LogModuleManager: Shutting down and abandoning module GameplayTasksEditor (190)
[2017.06.04-18.10.52:965][793]LogModuleManager: Shutting down and abandoning module BehaviorTreeEditor (188)
[2017.06.04-18.10.52:965][793]LogModuleManager: Shutting down and abandoning module FunctionalTesting (186)
[2017.06.04-18.10.52:965][793]LogModuleManager: Shutting down and abandoning module CollisionAnalyzer (184)
[2017.06.04-18.10.52:965][793]LogModuleManager: Shutting down and abandoning module UMG (182)
[2017.06.04-18.10.52:965][793]LogModuleManager: Shutting down and abandoning module UMGEditor (181)
[2017.06.04-18.10.52:965][793]LogModuleManager: Shutting down and abandoning module Sequencer (180)
[2017.06.04-18.10.52:965][793]LogModuleManager: Shutting down and abandoning module AssetTools (178)
[2017.06.04-18.10.52:965][793]LogModuleManager: Shutting down and abandoning module MessageLog (177)
[2017.06.04-18.10.52:965][793]LogModuleManager: Shutting down and abandoning module WorkspaceMenuStructure (176)
[2017.06.04-18.10.52:965][793]LogModuleManager: Shutting down and abandoning module SlateReflector (170)
[2017.06.04-18.10.52:965][793]LogModuleManager: Shutting down and abandoning module Slate (168)
[2017.06.04-18.10.52:965][793]LogModuleManager: Shutting down and abandoning module EditorStyle (166)
[2017.06.04-18.10.52:968][793]LogModuleManager: Shutting down and abandoning module SourceCodeAccess (164)
[2017.06.04-18.10.52:969][793]LogModuleManager: Shutting down and abandoning module HeadMountedDisplay (162)
[2017.06.04-18.10.52:969][793]LogModuleManager: Shutting down and abandoning module XAudio2 (160)
[2017.06.04-18.10.52:969][793]LogModuleManager: Shutting down and abandoning module Networking (158)
[2017.06.04-18.10.52:969][793]LogModuleManager: Shutting down and abandoning module Core (154)
[2017.06.04-18.10.52:969][793]LogModuleManager: Shutting down and abandoning module AssetRegistry (152)
[2017.06.04-18.10.53:040][793]LogDirectoryWatcher: A directory notification for '../../../Engine/Content/' was aborted.
[2017.06.04-18.10.53:040][793]LogDirectoryWatcher: A directory notification for '../../../../../../Users/James Farrow/Documents/MyRepo/BuildingEscape/BuildingEscape/Content/' was aborted.
[2017.06.04-18.10.53:040][793]LogDirectoryWatcher: A directory notification for '../../../Engine/Plugins/2D/Paper2D/Content/' was aborted.
[2017.06.04-18.10.53:041][793]LogModuleManager: Shutting down and abandoning module DirectoryWatcher (151)
[2017.06.04-18.10.53:041][793]LogModuleManager: Shutting down and abandoning module KismetCompiler (148)
[2017.06.04-18.10.53:041][793]LogModuleManager: Shutting down and abandoning module PhysXFormats (146)
[2017.06.04-18.10.53:041][793]LogModuleManager: Shutting down and abandoning module MeshUtilities (144)
[2017.06.04-18.10.53:041][793]LogModuleManager: Shutting down and abandoning module SimplygonSwarm (143)
[2017.06.04-18.10.53:041][793]LogModuleManager: Shutting down and abandoning module SimplygonMeshReduction (141)
[2017.06.04-18.10.53:041][793]LogModuleManager: Shutting down and abandoning module QuadricMeshReduction (139)
[2017.06.04-18.10.53:041][793]LogModuleManager: Shutting down and abandoning module PropertyEditor (137)
[2017.06.04-18.10.53:041][793]LogModuleManager: Shutting down and abandoning module DerivedDataCache (134)
[2017.06.04-18.10.53:106][793]LogDerivedDataCache: Shutdown
[2017.06.04-18.10.53:106][793]LogModuleManager: Shutting down and abandoning module TargetPlatform (132)
[2017.06.04-18.10.53:106][793]LogModuleManager: Shutting down and abandoning module VulkanShaderFormat (131)
[2017.06.04-18.10.53:106][793]LogModuleManager: Shutting down and abandoning module ShaderFormatOpenGL (129)
[2017.06.04-18.10.53:106][793]LogModuleManager: Shutting down and abandoning module ShaderFormatD3D (127)
[2017.06.04-18.10.53:106][793]LogModuleManager: Shutting down and abandoning module MetalShaderFormat (125)
[2017.06.04-18.10.53:106][793]LogModuleManager: Shutting down and abandoning module TextureFormatUncompressed (123)
[2017.06.04-18.10.53:106][793]LogModuleManager: Shutting down and abandoning module TextureFormatPVR (121)
[2017.06.04-18.10.53:106][793]LogModuleManager: Shutting down and abandoning module TextureFormatDXT (119)
[2017.06.04-18.10.53:106][793]LogModuleManager: Shutting down and abandoning module TextureFormatIntelISPCTexComp (117)
[2017.06.04-18.10.53:106][793]LogModuleManager: Shutting down and abandoning module TextureFormatASTC (115)
[2017.06.04-18.10.53:106][793]LogModuleManager: Shutting down and abandoning module ImageWrapper (114)
[2017.06.04-18.10.53:106][793]LogModuleManager: Shutting down and abandoning module TextureFormatAndroid (111)
[2017.06.04-18.10.53:106][793]LogModuleManager: Shutting down and abandoning module AudioFormatOpus (109)
[2017.06.04-18.10.53:106][793]LogModuleManager: Shutting down and abandoning module AudioFormatOgg (107)
[2017.06.04-18.10.53:106][793]LogModuleManager: Shutting down and abandoning module AudioFormatADPCM (105)
[2017.06.04-18.10.53:106][793]LogModuleManager: Shutting down and abandoning module LinuxTargetPlatform (103)
[2017.06.04-18.10.53:106][793]LogModuleManager: Shutting down and abandoning module LinuxServerTargetPlatform (101)
[2017.06.04-18.10.53:106][793]LogModuleManager: Shutting down and abandoning module LinuxNoEditorTargetPlatform (99)
[2017.06.04-18.10.53:106][793]LogModuleManager: Shutting down and abandoning module LinuxClientTargetPlatform (97)
[2017.06.04-18.10.53:107][793]LogModuleManager: Shutting down and abandoning module TVOSTargetPlatform (95)
[2017.06.04-18.10.53:107][793]LogModuleManager: Shutting down and abandoning module Messaging (93)
[2017.06.04-18.10.53:107][793]LogModuleManager: Shutting down and abandoning module IOSTargetPlatform (91)
[2017.06.04-18.10.53:107][793]LogModuleManager: Shutting down and abandoning module HTML5TargetPlatform (89)
[2017.06.04-18.10.53:107][793]LogModuleManager: Shutting down and abandoning module Android_PVRTCTargetPlatform (87)
[2017.06.04-18.10.53:107][793]LogModuleManager: Shutting down and abandoning module Android_MultiTargetPlatform (85)
[2017.06.04-18.10.53:107][793]LogModuleManager: Shutting down and abandoning module Android_ETC2TargetPlatform (83)
[2017.06.04-18.10.53:107][793]LogModuleManager: Shutting down and abandoning module Android_ETC1TargetPlatform (81)
[2017.06.04-18.10.53:107][793]LogModuleManager: Shutting down and abandoning module Android_DXTTargetPlatform (79)
[2017.06.04-18.10.53:107][793]LogModuleManager: Shutting down and abandoning module Android_ATCTargetPlatform (77)
[2017.06.04-18.10.53:107][793]LogModuleManager: Shutting down and abandoning module Android_ASTCTargetPlatform (75)
[2017.06.04-18.10.53:107][793]LogModuleManager: Shutting down and abandoning module AndroidTargetPlatform (73)
[2017.06.04-18.10.53:107][793]LogModuleManager: Shutting down and abandoning module WindowsTargetPlatform (71)
[2017.06.04-18.10.53:107][793]LogModuleManager: Shutting down and abandoning module WindowsServerTargetPlatform (69)
[2017.06.04-18.10.53:107][793]LogModuleManager: Shutting down and abandoning module WindowsNoEditorTargetPlatform (67)
[2017.06.04-18.10.53:107][793]LogModuleManager: Shutting down and abandoning module WindowsClientTargetPlatform (65)
[2017.06.04-18.10.53:107][793]LogModuleManager: Shutting down and abandoning module MacTargetPlatform (63)
[2017.06.04-18.10.53:107][793]LogModuleManager: Shutting down and abandoning module MacServerTargetPlatform (61)
[2017.06.04-18.10.53:107][793]LogModuleManager: Shutting down and abandoning module MacNoEditorTargetPlatform (59)
[2017.06.04-18.10.53:107][793]LogModuleManager: Shutting down and abandoning module MacClientTargetPlatform (57)
[2017.06.04-18.10.53:107][793]LogModuleManager: Shutting down and abandoning module AllDesktopTargetPlatform (55)
[2017.06.04-18.10.53:107][793]LogModuleManager: Shutting down and abandoning module InputCore (52)
[2017.06.04-18.10.53:107][793]LogModuleManager: Shutting down and abandoning module Settings (50)
[2017.06.04-18.10.53:107][793]LogModuleManager: Shutting down and abandoning module OculusRift (48)
[2017.06.04-18.10.53:107][793]LogModuleManager: Shutting down and abandoning module GearVR (46)
[2017.06.04-18.10.53:107][793]LogModuleManager: Shutting down and abandoning module ExampleDeviceProfileSelector (44)
[2017.06.04-18.10.53:107][793]LogModuleManager: Shutting down and abandoning module OnlineBlueprintSupport (42)
[2017.06.04-18.10.53:107][793]LogModuleManager: Shutting down and abandoning module OnlineSubsystem (38)
[2017.06.04-18.10.53:107][793]LogOnline:Display: Unloading online subsystem: NULL
[2017.06.04-18.10.53:107][793]LogModuleManager: Shutting down and abandoning module XMPP (37)
[2017.06.04-18.10.53:107][793]LogModuleManager: Shutting down and abandoning module HTTP (35)
[2017.06.04-18.10.53:107][793]LogHttp:Display: Http module shutting down, but needs to wait on 2 outstanding Http requests:
[2017.06.04-18.10.53:107][793]LogHttp:Display: 	verb=[POST] url=[https://datarouter.ol.epicgames.com/datarouter/api/v1/public/data?SessionID=%7B87414D68-4678-1D0F-442F-C5879E81B636%7D&AppID=UEEditor.Rocket.Release&AppVersion=4.15.3-3450819%2B%2B%2BUE4%2BRelease-4.15&UserID=929c5a0742a4cf2dc269d3b5485dc234%7C7badd898d52649aa9279896153bc72c1%7Cee6c34be-6ad8-49c7-abe6-45b6d289167e&AppEnvironment=datacollector-binary&UploadType=eteventstream] status=Processing
[2017.06.04-18.10.53:107][793]LogHttp:Display: 	verb=[POST] url=[https://datarouter.ol.epicgames.com/datarouter/api/v1/public/data?SessionID=%7B87414D68-4678-1D0F-442F-C5879E81B636%7D&AppID=UEEditor.Rocket.Release&AppVersion=4.15.3-3450819%2B%2B%2BUE4%2BRelease-4.15&UserID=929c5a0742a4cf2dc269d3b5485dc234%7C7badd898d52649aa9279896153bc72c1%7Cee6c34be-6ad8-49c7-abe6-45b6d289167e&AppEnvironment=datacollector-binary&UploadType=eteventstream] status=Processing
[2017.06.04-18.10.53:138][793]LogModuleManager: Shutting down and abandoning module SSL (34)
[2017.06.04-18.10.53:140][793]LogModuleManager: Shutting down and abandoning module AudioEditor (30)
[2017.06.04-18.10.53:140][793]LogModuleManager: Shutting down and abandoning module TextureCompressor (28)
[2017.06.04-18.10.53:140][793]LogModuleManager: Shutting down and abandoning module ShaderCore (26)
[2017.06.04-18.10.53:140][793]LogModuleManager: Shutting down and abandoning module Landscape (24)
[2017.06.04-18.10.53:140][793]LogModuleManager: Shutting down and abandoning module SlateRHIRenderer (22)
[2017.06.04-18.10.53:141][793]LogModuleManager: Shutting down and abandoning module OpenGLDrv (20)
[2017.06.04-18.10.53:141][793]LogModuleManager: Shutting down and abandoning module D3D11RHI (18)
[2017.06.04-18.10.53:141][793]LogModuleManager: Shutting down and abandoning module AnimGraphRuntime (16)
[2017.06.04-18.10.53:141][793]LogModuleManager: Shutting down and abandoning module Renderer (14)
[2017.06.04-18.10.53:141][793]LogModuleManager: Shutting down and abandoning module Engine (12)
[2017.06.04-18.10.53:141][793]LogModuleManager: Shutting down and abandoning module CoreUObject (10)
[2017.06.04-18.10.53:141][793]LogModuleManager: Shutting down and abandoning module NetworkFile (8)
[2017.06.04-18.10.53:141][793]LogModuleManager: Shutting down and abandoning module StreamingFile (6)
[2017.06.04-18.10.53:141][793]LogModuleManager: Shutting down and abandoning module SandboxFile (4)
[2017.06.04-18.10.53:141][793]LogModuleManager: Shutting down and abandoning module PakFile (2)
[2017.06.04-18.10.53:143][793]LogExit: Exiting.
[2017.06.04-18.10.53:144][793]Log file closed, 06/04/17 19:10:53
