Log file open, 05/18/17 20:12:54
LogInit:Display: Running engine for game: BuildingEscape
LogPlatformFile: Not using cached read wrapper
LogInit:Display: RandInit(1707060727) SRandInit(1707060727).
LogTaskGraph: Started task graph with 5 named threads and 6 total threads with 1 sets of task threads.
LogStats: Stats thread started at 0.315249
LogInit: Using libcurl 7.47.1
LogInit:  - built for x86_64-pc-win32
LogInit:  - supports SSL with OpenSSL/1.0.2g
LogInit:  - supports HTTP deflate (compression) using libz 1.2.8
LogInit:  - other features:
LogInit:      CURL_VERSION_SSL
LogInit:      CURL_VERSION_LIBZ
LogInit:      CURL_VERSION_IPV6
LogInit:      CURL_VERSION_ASYNCHDNS
LogInit:      CURL_VERSION_LARGEFILE
LogInit:      CURL_VERSION_IDN
LogInit:  CurlRequestOptions (configurable via config and command line):
LogInit:  - bVerifyPeer = false  - Libcurl will NOT verify peer certificate
LogInit:  - bUseHttpProxy = false  - Libcurl will NOT use HTTP proxy
LogInit:  - bDontReuseConnections = false  - Libcurl will reuse connections
LogInit:  - CertBundlePath = nullptr  - Libcurl will use whatever was configured at build time.
LogInit: Build: ++UE4+Release-4.15-CL-3416026
LogInit: Engine Version: 4.15.2-3416026+++UE4+Release-4.15
LogInit: Compatible Engine Version: 4.15.0-3299760+++UE4+Release-4.15
LogInit: Net CL: 3299760
LogDevObjectVersion: Number of dev versions registered: 14
LogDevObjectVersion:   Dev-Blueprints (B0D832E4-1F89-4F0D-ACCF-7EB736FD4AA2): 8
LogDevObjectVersion:   Dev-Build (E1C64328-A22C-4D53-A36C-8E866417BD8C): 0
LogDevObjectVersion:   Dev-Core (375EC13C-06E4-48FB-B500-84F0262A717E): 2
LogDevObjectVersion:   Dev-Editor (E4B068ED-F494-42E9-A231-DA0B2E46BB41): 14
LogDevObjectVersion:   Dev-Framework (CFFC743F-43B0-4480-9391-14DF171D2073): 22
LogDevObjectVersion:   Dev-Mobile (B02B49B5-BB20-44E9-A304-32B752E40360): 0
LogDevObjectVersion:   Dev-Networking (A4E4105C-59A1-49B5-A7C5-40C4547EDFEE): 0
LogDevObjectVersion:   Dev-Online (39C831C9-5AE6-47DC-9A44-9C173E1C8E7C): 0
LogDevObjectVersion:   Dev-Physics (78F01B33-EBEA-4F98-B9B4-84EACCB95AA2): 0
LogDevObjectVersion:   Dev-Platform (6631380F-2D4D-43E0-8009-CF276956A95A): 0
LogDevObjectVersion:   Dev-Rendering (12F88B9F-8875-4AFC-A67C-D90C383ABD29): 12
LogDevObjectVersion:   Dev-Sequencer (7B5AE74C-D270-4C10-A958-57980B212A5A): 3
LogDevObjectVersion:   Dev-VR (D7296918-1DD6-4BDD-9DE2-64A83CC13884): 0
LogDevObjectVersion:   Dev-LoadTimes (C2A15278-BFE7-4AFE-6C17-90FF531DF755): 1
LogInit: Compiled (64-bit): May  1 2017 13:11:28
LogInit: Compiled with Visual C++: 19.00.23026.00
LogInit: Build Configuration: Development
LogInit: Branch Name: ++UE4+Release-4.15
LogInit: Command line:  
LogInit: Base directory: C:/Program Files/Epic Games/UE_4.15/Engine/Binaries/Win64/
LogInit: Installed Engine Build: 1
LogInit: Presizing for max 8388607 objects, including 0 objects not considered by GC, pre-allocating 0 bytes for permanent pool.
LogInit: Object subsystem initialized
[2017.05.18-19.12.56:928][  0]LogInit: Selected Device Profile: [Windows]
[2017.05.18-19.12.56:928][  0]LogInit: Applying CVar settings loaded from the selected device profile: [Windows]
[2017.05.18-19.12.56:959][  0]LogInit: Computer: DESKTOP-BHBDUN9
[2017.05.18-19.12.56:959][  0]LogInit: User: JamesFarrow
[2017.05.18-19.12.56:959][  0]LogInit: CPU Page size=65536, Cores=2
[2017.05.18-19.12.56:959][  0]LogInit: High frequency timer resolution =2.148440 MHz
[2017.05.18-19.12.56:960][  0]LogMemory: Memory total: Physical=7.9GB (8GB approx)
[2017.05.18-19.12.56:960][  0]LogMemory: Platform Memory Stats for Windows
[2017.05.18-19.12.56:960][  0]LogMemory: Process Physical Memory: 262.71 MB used, 262.71 MB peak
[2017.05.18-19.12.56:960][  0]LogMemory: Process Virtual Memory: 262.20 MB used, 262.20 MB peak
[2017.05.18-19.12.56:960][  0]LogMemory: Physical Memory: 2763.16 MB used,  5331.25 MB free, 8094.41 MB total
[2017.05.18-19.12.56:960][  0]LogMemory: Virtual Memory: 643.08 MB used,  5331.25 MB free, 134217728.00 MB total
[2017.05.18-19.12.58:475][  0]LogTextLocalizationManager: No specific translations for ('en-GB') exist, so ('en') translations will be used.
[2017.05.18-19.13.00:562][  0]LogD3D11RHI: D3D11 adapters:
[2017.05.18-19.13.00:569][  0]LogD3D11RHI:    0. 'Intel(R) HD Graphics 6000' (Feature Level 11_0)
[2017.05.18-19.13.00:569][  0]LogD3D11RHI:       128/0/4047 MB DedicatedVideo/DedicatedSystem/SharedSystem, Outputs:1, VendorId:0x8086
[2017.05.18-19.13.00:571][  0]LogD3D11RHI:    1. 'Microsoft Basic Render Driver' (Feature Level 11_0)
[2017.05.18-19.13.00:571][  0]LogD3D11RHI:       0/0/4047 MB DedicatedVideo/DedicatedSystem/SharedSystem, Outputs:0, VendorId:0x1414
[2017.05.18-19.13.00:571][  0]LogD3D11RHI: Chosen D3D11 Adapter: 0
[2017.05.18-19.13.00:575][  0]LogD3D11RHI: Creating new Direct3DDevice
[2017.05.18-19.13.00:575][  0]LogD3D11RHI:     GPU DeviceId: 0x1626 (for the marketing name, search the web for "GPU Device Id")
[2017.05.18-19.13.00:575][  0]LogWindows: EnumDisplayDevices:
[2017.05.18-19.13.00:576][  0]LogWindows:    0. 'Intel(R) HD Graphics 6000' (P:1 D:1)
[2017.05.18-19.13.00:576][  0]LogWindows:    1. 'Intel(R) HD Graphics 6000' (P:0 D:0)
[2017.05.18-19.13.00:576][  0]LogWindows:    2. 'Intel(R) HD Graphics 6000' (P:0 D:0)
[2017.05.18-19.13.00:576][  0]LogWindows: DebugString: FoundDriverCount:3 
[2017.05.18-19.13.00:576][  0]LogD3D11RHI:     Adapter Name: Intel(R) HD Graphics 6000
[2017.05.18-19.13.00:576][  0]LogD3D11RHI:   Driver Version: 20.19.15.4531 (internal:20.19.15.4531, unified:20.19.15.4531)
[2017.05.18-19.13.00:576][  0]LogD3D11RHI:      Driver Date: 9-29-2016
[2017.05.18-19.13.00:576][  0]LogRHI: Texture pool is 1361 MB (70% of 1945 MB)
[2017.05.18-19.13.00:581][  0]LogD3D11RHI: Async texture creation enabled
[2017.05.18-19.13.00:586][  0]LogD3D11RHI: GPU Timing Frequency: 12.500000 (Debug: 2 0)
[2017.05.18-19.13.00:587][  0]LogShaderCompilers: Guid format shader working directory is -30 characters bigger than the processId version (../../../../../../Users/James Farrow/Documents/MyRepo/BuildingEscape/BuildingEscape/Intermediate/Shaders/WorkingDirectory/1744/).
[2017.05.18-19.13.00:587][  0]LogShaderCompilers: Cleaned the shader compiler working directory 'C:/Users/James Farrow/AppData/Local/Temp/UnrealShaderWorkingDir/090DBD3944454E40D7D809B7757187A6/'.
[2017.05.18-19.13.00:587][  0]LogShaderCompilers:Display: Using Local Shader Compiler.
[2017.05.18-19.13.04:558][  0]LogTemp:Display: Loaded TP AllDesktopTargetPlatform
[2017.05.18-19.13.04:670][  0]LogTemp:Display: Loaded TP MacClientTargetPlatform
[2017.05.18-19.13.04:925][  0]LogTemp:Display: Loaded TP MacNoEditorTargetPlatform
[2017.05.18-19.13.05:141][  0]LogTemp:Display: Loaded TP MacServerTargetPlatform
[2017.05.18-19.13.05:394][  0]LogTemp:Display: Loaded TP MacTargetPlatform
[2017.05.18-19.13.05:620][  0]LogTemp:Display: Loaded TP WindowsClientTargetPlatform
[2017.05.18-19.13.05:782][  0]LogTemp:Display: Loaded TP WindowsNoEditorTargetPlatform
[2017.05.18-19.13.06:027][  0]LogTemp:Display: Loaded TP WindowsServerTargetPlatform
[2017.05.18-19.13.06:176][  0]LogTemp:Display: Loaded TP WindowsTargetPlatform
[2017.05.18-19.13.06:451][  0]LogTemp:Display: Loaded TP AndroidTargetPlatform
[2017.05.18-19.13.06:593][  0]LogTemp:Display: Loaded TP Android_ASTCTargetPlatform
[2017.05.18-19.13.06:820][  0]LogTemp:Display: Loaded TP Android_ATCTargetPlatform
[2017.05.18-19.13.06:963][  0]LogTemp:Display: Loaded TP Android_DXTTargetPlatform
[2017.05.18-19.13.07:097][  0]LogTemp:Display: Loaded TP Android_ETC1TargetPlatform
[2017.05.18-19.13.07:278][  0]LogTemp:Display: Loaded TP Android_ETC2TargetPlatform
[2017.05.18-19.13.07:713][  0]LogTemp:Display: Loaded TP Android_MultiTargetPlatform
[2017.05.18-19.13.07:713][  0]LogTemp:Display: Loaded TP Android_PVRTCTargetPlatform
[2017.05.18-19.13.07:786][  0]LogTemp:Display: Loaded TP HTML5TargetPlatform
[2017.05.18-19.13.08:409][  0]LogTemp:Display: Loaded TP IOSTargetPlatform
[2017.05.18-19.13.08:558][  0]LogTemp:Display: Loaded TP TVOSTargetPlatform
[2017.05.18-19.13.08:701][  0]LogTemp:Display: Loaded TP LinuxClientTargetPlatform
[2017.05.18-19.13.08:961][  0]LogTemp:Display: Loaded TP LinuxNoEditorTargetPlatform
[2017.05.18-19.13.09:108][  0]LogTemp:Display: Loaded TP LinuxServerTargetPlatform
[2017.05.18-19.13.09:344][  0]LogTemp:Display: Loaded TP LinuxTargetPlatform
[2017.05.18-19.13.09:344][  0]LogTargetPlatformManager:Display: Building Assets For Windows
[2017.05.18-19.13.12:117][  0]LogDerivedDataCache:Display: Max Cache Size: 512 MB
[2017.05.18-19.13.13:136][  0]LogDerivedDataCache: Loaded boot cache 1.02s 50MB C:/Users/James Farrow/AppData/Local/UnrealEngine/4.15/DerivedDataCache/Boot.ddc.
[2017.05.18-19.13.13:136][  0]LogDerivedDataCache:Display: Loaded Boot cache: C:/Users/James Farrow/AppData/Local/UnrealEngine/4.15/DerivedDataCache/Boot.ddc
[2017.05.18-19.13.13:136][  0]LogDerivedDataCache: FDerivedDataBackendGraph:  Pak pak cache file ../../../../../../Users/James Farrow/Documents/MyRepo/BuildingEscape/BuildingEscape/DerivedDataCache/DDC.ddp not found, will not use a pak cache.
[2017.05.18-19.13.13:136][  0]LogDerivedDataCache: Unable to find inner node Pak for hierarchical cache Hierarchy.
[2017.05.18-19.13.13:136][  0]LogDerivedDataCache: FDerivedDataBackendGraph:  CompressedPak pak cache file ../../../../../../Users/James Farrow/Documents/MyRepo/BuildingEscape/BuildingEscape/DerivedDataCache/Compressed.ddp not found, will not use a pak cache.
[2017.05.18-19.13.13:136][  0]LogDerivedDataCache: Unable to find inner node CompressedPak for hierarchical cache Hierarchy.
[2017.05.18-19.13.13:244][  0]LogDerivedDataCache:Display: Pak cache opened for reading ../../../Engine/DerivedDataCache/Compressed.ddp.
[2017.05.18-19.13.13:258][  0]LogDerivedDataCache: Using Local data cache path C:/Users/James Farrow/AppData/Local/UnrealEngine/Common/DerivedDataCache: Writable
[2017.05.18-19.13.13:280][  0]LogSlate: Using Freetype 2.6.0
[2017.05.18-19.13.13:333][  0]LogSlate: SlateFontCache - WITH_FREETYPE: 1, WITH_HARFBUZZ: 1
[2017.05.18-19.13.13:333][  0]LogSlate: SlateFontCache - WITH_FREETYPE: 1, WITH_HARFBUZZ: 1
[2017.05.18-19.13.18:173][  0]LogInit: Selected Device Profile: [Windows]
[2017.05.18-19.13.18:194][  0]LogContentStreaming: Texture pool size is 0.00 MB
[2017.05.18-19.13.18:774][  0]LogMeshUtilities: Using QuadricMeshReduction for automatic static mesh reduction
[2017.05.18-19.13.18:983][  0]LogSimplygon: Simplygon DLL not present - disabling.
[2017.05.18-19.13.19:176][  0]LogMeshUtilities: Using SimplygonSwarm for distributed automatic mesh merging
[2017.05.18-19.13.19:176][  0]LogMeshUtilities: No automatic skeletal mesh reduction module available
[2017.05.18-19.13.19:176][  0]LogMeshUtilities: No automatic mesh merging module available
[2017.05.18-19.13.21:458][  0]LogNetVersion: GetLocalNetworkVersion: CL: 3299760, ProjectName: buildingescape, ProjectVersion: , EngineNetworkVersion: 2, GameNetworkVersion: 0, NetworkChecksum: 4140618008
[2017.05.18-19.13.21:652][  0]LogAssetRegistry: FAssetRegistry took 0.0232 seconds to start up
[2017.05.18-19.13.21:756][  0]LogPackageLocalizationCache: Processed 3 localized package path(s) for 2 prioritized culture(s) in 0.035356 seconds
[2017.05.18-19.13.21:761][  0]LogUObjectArray: 32493 objects as part of root set at end of initial load.
[2017.05.18-19.13.21:761][  0]LogUObjectAllocator: 7077032 out of 0 bytes used by permanent object pool.
[2017.05.18-19.13.21:761][  0]LogUObjectArray: CloseDisregardForGC: 0/0 objects in disregard for GC pool
[2017.05.18-19.13.21:874][  0]LogInit: WinSock: version 1.1 (2.2), MaxSocks=32767, MaxUdp=65467
[2017.05.18-19.13.38:237][  0]LogTcpMessaging: Initializing TcpMessaging bridge
[2017.05.18-19.13.38:370][  0]LogUdpMessaging: Initializing bridge on interface 0.0.0.0:0 to multicast group 230.0.0.1:6666.
[2017.05.18-19.13.40:723][  0]LogMaterial: Uniform references updated for custom material expression Custom.
[2017.05.18-19.13.42:068][  0]SourceControl: Info Source control is disabled
[2017.05.18-19.13.43:837][  0]SourceControl: Info Source control is disabled
[2017.05.18-19.13.44:186][  0]SourceControl: Info Source control is disabled
[2017.05.18-19.13.44:449][  0]SourceControl: Info Source control is disabled
[2017.05.18-19.13.51:512][  0]LogEngine: Initializing Engine...
[2017.05.18-19.13.51:513][  0]LogHMD: Failed to initialize OpenVR with code 110
[2017.05.18-19.13.51:700][  0]LogStats: UGameplayTagsManager::ConstructGameplayTagTree: Construct from data asset -  0.000 s
[2017.05.18-19.13.51:700][  0]LogStats: UGameplayTagsManager::ConstructGameplayTagTree: GameplayTagTreeChangedEvent.Broadcast -  0.000 s
[2017.05.18-19.13.52:181][  0]LogAIModule: Creating AISystem for world Untitled
[2017.05.18-19.13.52:191][  0]LogInit: XAudio2 using 'Speakers (Cirrus Logic CS4208 (AB 126))' : 2 channels at 48 kHz using 32 bits per sample (channel mask 0x3)
[2017.05.18-19.13.52:327][  0]LogInit: FAudioDevice initialized.
[2017.05.18-19.13.52:414][  0]LogDerivedDataCache: Saved boot cache 0.09s 50MB C:/Users/James Farrow/AppData/Local/UnrealEngine/4.15/DerivedDataCache/Boot.ddc.
[2017.05.18-19.13.52:427][  0]LogInit: Texture streaming: Enabled
[2017.05.18-19.13.53:001][  0]LogEngineSessionManager: EngineSessionManager initialized
[2017.05.18-19.13.53:944][  0]LogInit: Transaction tracking system initialized
[2017.05.18-19.13.54:927][  0]BlueprintLog: New page: Editor Load
[2017.05.18-19.13.59:567][  0]LocalizationService: Info Localization service is disabled
[2017.05.18-19.14.03:203][  0]LogConsoleResponse:Display: 
[2017.05.18-19.14.04:457][  0]LogCook:Display: Max memory allowance for cook 16384mb min free memory 0mb
[2017.05.18-19.14.04:457][  0]LogCook:Display: Mobile HDR setting 1
[2017.05.18-19.14.04:942][  0]LogFileCache: Scanning file cache for directory 'C:/Users/James Farrow/Documents/MyRepo/BuildingEscape/BuildingEscape/Content/' took 0.02s
[2017.05.18-19.14.09:080][  0]SourceControl: Info Source control is disabled
[2017.05.18-19.14.09:080][  0]Cmd: MAP LOAD FILE="../../../../../../Users/James Farrow/Documents/MyRepo/BuildingEscape/BuildingEscape/Content/NewMap.umap" TEMPLATE=0 SHOWPROGRESS=1 FEATURELEVEL=3
[2017.05.18-19.14.09:082][  0]LightingResults: New page: Lighting Build
[2017.05.18-19.14.09:300][  0]MapCheck: New page: Map Check
[2017.05.18-19.14.09:300][  0]LightingResults: New page: Lighting Build
[2017.05.18-19.14.12:190][  0]LogAIModule: Creating AISystem for world NewMap
[2017.05.18-19.14.12:295][  0]LogEditorServer: Finished looking for orphan Actors (0.000 secs)
[2017.05.18-19.14.12:297][  0]Cmd: MAP CHECKDEP NOCLEARLOG
[2017.05.18-19.14.12:457][  0]MapCheck: Info Map check complete: 0 Error(s), 0 Warning(s), took 159.492ms to complete.
[2017.05.18-19.14.12:457][  0]LogFileHelpers: Loading map 'NewMap' took 3.377
[2017.05.18-19.14.13:158][  0]LogCollectionManager: Loaded 0 collections in 0.010044 seconds
[2017.05.18-19.14.13:352][  0]LogFileCache: Scanning file cache for directory 'C:/Users/James Farrow/Documents/MyRepo/BuildingEscape/BuildingEscape/Saved/Collections/' took 0.01s
[2017.05.18-19.14.13:352][  0]LogFileCache: Scanning file cache for directory 'C:/Users/James Farrow/Documents/MyRepo/BuildingEscape/BuildingEscape/Content/Developers/JamesFarrow/Collections/' took 0.01s
[2017.05.18-19.14.13:352][  0]LogFileCache: Scanning file cache for directory 'C:/Users/James Farrow/Documents/MyRepo/BuildingEscape/BuildingEscape/Content/Collections/' took 0.01s
[2017.05.18-19.14.13:352][  0]LogCollectionManager: Rebuilt the GUID cache for 0 collections in 0.000002 seconds
[2017.05.18-19.14.13:364][  0]LogContentBrowser: Native class hierarchy populated in 0.0120 seconds. Added 2249 classes and 455 folders.
[2017.05.18-19.14.13:462][  0]LogContentBrowser: Native class hierarchy updated for 'WidgetCarousel' in 0.0029 seconds. Added 0 classes and 0 folders.
[2017.05.18-19.14.14:718][  0]LogContentBrowser: Native class hierarchy updated for 'AddContentDialog' in 0.0111 seconds. Added 0 classes and 0 folders.
[2017.05.18-19.14.14:958][  0]LogContentBrowser: Native class hierarchy updated for 'SceneOutliner' in 0.0119 seconds. Added 1 classes and 2 folders.
[2017.05.18-19.14.15:114][  0]LogCrashTracker: Crashtracker disabled due to settings.
[2017.05.18-19.14.15:129][  0]LogUObjectGlobals:Warning: Failed to find object 'Class None.'
[2017.05.18-19.14.15:355][  0]LogContentBrowser: Native class hierarchy updated for 'HierarchicalLODOutliner' in 0.0084 seconds. Added 1 classes and 2 folders.
[2017.05.18-19.14.15:355][  0]LogLoad: (Engine Initialization) Total time: 86.05 seconds
[2017.05.18-19.14.15:355][  0]LogLoad: (Engine Initialization) Total Blueprint compile time: 0.20 seconds
[2017.05.18-19.14.15:355][  0]LogExternalProfiler: No external profilers were discovered.  External profiling features will not be available.
[2017.05.18-19.14.15:697][  0]LogOcInput: OculusInput pre-init called
[2017.05.18-19.14.15:732][  0]LogContentStreaming: Texture pool size now 1000 MB
[2017.05.18-19.14.15:764][  0]LogSlate: Took 0.028935 seconds to synchronously load lazily loaded font '../../../Engine/Content/Slate/Fonts/Roboto-Regular.ttf' (155K)
[2017.05.18-19.14.15:792][  0]LogSlate: Took 0.014660 seconds to synchronously load lazily loaded font '../../../Engine/Content/Slate/Fonts/Roboto-Bold.ttf' (160K)
[2017.05.18-19.14.15:876][  0]LogSlate: Took 0.063925 seconds to synchronously load lazily loaded font '../../../Engine/Content/Editor/Slate/Fonts/FontAwesome.ttf' (139K)
[2017.05.18-19.14.16:182][  0]LogSlate: Took 0.019395 seconds to synchronously load lazily loaded font '../../../Engine/Content/Slate/Fonts/Roboto-Light.ttf' (159K)
[2017.05.18-19.14.16:219][  0]LogRenderer: Reallocating scene render targets to support 856x436 NumSamples 1 (Frame:2).
[2017.05.18-19.14.18:491][  5]LogAssetRegistry: Asset discovery search completed in 56.8617 seconds
[2017.05.18-19.14.18:491][  5]LogCollectionManager: Rebuilt the object cache for 0 collections in 0.000037 seconds (found 0 objects)
[2017.05.18-19.14.18:491][  5]LogCollectionManager: Fixed up redirectors for 0 collections in 0.000282 seconds (updated 0 objects)
[2017.05.18-19.14.59:655][285]LogTemp: Repeting last play command: Selected Viewport
[2017.05.18-19.14.59:685][285]LogPlayLevel: PlayLevel: No blueprints needed recompiling
[2017.05.18-19.14.59:686][285]PIE: New page: PIE session: NewMap (18 May 2017 21:14:59)
[2017.05.18-19.14.59:687][285]LogPlayLevel: Creating play world package: /Game/UEDPIE_0_NewMap
[2017.05.18-19.14.59:697][285]LogPlayLevel: PIE: StaticDuplicateObject took: (0.009979s)
[2017.05.18-19.14.59:698][285]LogAIModule: Creating AISystem for world NewMap
[2017.05.18-19.14.59:698][285]LogPlayLevel: PIE: World Init took: (0.001718s)
[2017.05.18-19.14.59:699][285]LogPlayLevel: PIE: Created PIE world by copying editor world from /Game/NewMap.NewMap to /Game/UEDPIE_0_NewMap.NewMap (0.012297s)
[2017.05.18-19.14.59:759][285]LogInit: XAudio2 using 'Speakers (Cirrus Logic CS4208 (AB 126))' : 2 channels at 48 kHz using 32 bits per sample (channel mask 0x3)
[2017.05.18-19.14.59:769][285]LogInit: FAudioDevice initialized.
[2017.05.18-19.14.59:955][285]LogLoad: Game class is 'MyBuildingEscapeGameModeBase_BP_C'
[2017.05.18-19.14.59:958][285]LogWorld: Bringing World /Game/UEDPIE_0_NewMap.NewMap up for play (max tick rate 60) at 2017.05.18-20.14.59
[2017.05.18-19.14.59:959][285]LogWorld: Bringing up level for play took: 0.002224
[2017.05.18-19.15.00:082][285]LogContentBrowser: Native class hierarchy updated for 'MovieSceneCapture' in 0.0046 seconds. Added 11 classes and 0 folders.
[2017.05.18-19.15.00:084][285]LogTemp:Warning: Grabber reporting for duty!
[2017.05.18-19.15.00:084][285]LogTemp:Warning: SM_Chair_2 is at X=439.364 Y=-0.691 Z=19.012
[2017.05.18-19.15.00:084][285]PIE: Info Play in editor start time for /Game/UEDPIE_0_NewMap 1.046
[2017.05.18-19.15.08:223][585]LogSlate: Took 0.015764 seconds to synchronously load lazily loaded font '../../../Engine/Content/Editor/Slate/Fonts/Roboto-Italic.ttf' (157K)
[2017.05.18-19.34.23:184][149]Recompiling BuildingEscape...
[2017.05.18-19.34.23:185][149]Launching UnrealBuildTool... [C:/Program Files/Epic Games/UE_4.15/Engine/Binaries/DotNET/UnrealBuildTool.exe BuildingEscape -ModuleWithSuffix BuildingEscape 3499 Win64 Development -editorrecompile -canskiplink "C:/Users/James Farrow/Documents/MyRepo/BuildingEscape/BuildingEscape/BuildingEscape.uproject" ]
[2017.05.18-19.34.23:189][149]Warning: Starting HotReload took  0.3s.
[2017.05.18-19.36.37:310][768]CompilerResultsLog: New page: Compilation - 18 May 2017 21:36:37
[2017.05.18-19.36.37:311][768]CompilerResultsLog: Info Compiling game modules for hot reload
[2017.05.18-19.36.37:311][768]CompilerResultsLog: Info Parsing headers for BuildingEscapeEditor
[2017.05.18-19.36.37:311][768]CompilerResultsLog: Info   Running UnrealHeaderTool "C:\Users\James Farrow\Documents\MyRepo\BuildingEscape\BuildingEscape\BuildingEscape.uproject" "C:\Users\James Farrow\Documents\MyRepo\BuildingEscape\BuildingEscape\Intermediate\Build\Win64\BuildingEscapeEditor\Development\BuildingEscapeEditor.uhtmanifest" -LogCmds="loginit warning, logexit warning, logdatabase error" -Unattended -WarningsAsErrors -installed
[2017.05.18-19.36.37:311][768]CompilerResultsLog: Info Reflection code generated for BuildingEscapeEditor in 14.4112616 seconds
[2017.05.18-19.36.37:311][768]CompilerResultsLog: Info Performing 4 actions (2 in parallel)
[2017.05.18-19.36.37:311][768]CompilerResultsLog: Info BuildingEscape.generated.cpp
[2017.05.18-19.36.37:311][768]CompilerResultsLog: Info Grabber.cpp
[2017.05.18-19.36.37:311][768]CompilerResultsLog: Info [3/4] Link UE4Editor-BuildingEscape-3499.dll
[2017.05.18-19.36.37:311][768]CompilerResultsLog: Info [4/4] Link UE4Editor-BuildingEscape-3499.lib
[2017.05.18-19.36.37:311][768]CompilerResultsLog: Info    Creating library C:\Users\James Farrow\Documents\MyRepo\BuildingEscape\BuildingEscape\Intermediate\Build\Win64\UE4Editor\Development\UE4Editor-BuildingEscape-3499.lib and object C:\Users\James Farrow\Documents\MyRepo\BuildingEscape\BuildingEscape\Intermediate\Build\Win64\UE4Editor\Development\UE4Editor-BuildingEscape-3499.exp
[2017.05.18-19.36.37:311][768]CompilerResultsLog: Info    Creating library C:\Users\James Farrow\Documents\MyRepo\BuildingEscape\BuildingEscape\Intermediate\Build\Win64\UE4Editor\Development\UE4Editor-BuildingEscape-3499.suppressed.lib and object C:\Users\James Farrow\Documents\MyRepo\BuildingEscape\BuildingEscape\Intermediate\Build\Win64\UE4Editor\Development\UE4Editor-BuildingEscape-3499.suppressed.exp
[2017.05.18-19.36.37:311][768]CompilerResultsLog: Info Total build time: 130.69 seconds (Local executor: 100.82 seconds)
[2017.05.18-19.36.37:311][768]LogMainFrame: MainFrame: Module compiling took 134.133 seconds
[2017.05.18-19.36.37:470][768]LogContentBrowser: Native class hierarchy updated for 'BuildingEscape' in 0.0028 seconds. Added 4 classes and 2 folders.
[2017.05.18-19.36.37:471][768]Display: HotReload successful (0 functions remapped  0 scriptstructs remapped)
[2017.05.18-19.36.37:586][768]LogContentBrowser: Native class hierarchy populated in 0.0211 seconds. Added 2251 classes and 459 folders.
[2017.05.18-19.36.37:619][768]Display: HotReload took 134.7s.
[2017.05.18-19.47.38:393][826]LogHotReload: New module detected: UE4Editor-BuildingEscape-7041.dll
[2017.05.18-19.47.39:417][830]LogHotReload: Starting Hot-Reload from IDE
[2017.05.18-19.47.39:655][830]LogSlate: Took 0.062107 seconds to synchronously load lazily loaded font '../../../Engine/Content/Slate/Fonts/Roboto-Light.ttf' (159K)
[2017.05.18-19.47.39:931][830]LogContentBrowser: Native class hierarchy updated for 'BuildingEscape' in 0.0129 seconds. Added 4 classes and 2 folders.
[2017.05.18-19.47.39:936][830]Display: HotReload successful (0 functions remapped  0 scriptstructs remapped)
[2017.05.18-19.47.40:015][830]LogContentBrowser: Native class hierarchy populated in 0.0138 seconds. Added 2251 classes and 459 folders.
[2017.05.18-19.47.40:018][830]Display: HotReload took  0.6s.
[2017.05.18-19.55.14:225][617]Recompiling BuildingEscape...
[2017.05.18-19.55.14:226][617]Launching UnrealBuildTool... [C:/Program Files/Epic Games/UE_4.15/Engine/Binaries/DotNET/UnrealBuildTool.exe BuildingEscape -ModuleWithSuffix BuildingEscape 9696 Win64 Development -editorrecompile -canskiplink "C:/Users/James Farrow/Documents/MyRepo/BuildingEscape/BuildingEscape/BuildingEscape.uproject" ]
[2017.05.18-19.55.14:232][617]Warning: Starting HotReload took  0.0s.
[2017.05.18-19.55.52:017][802]CompilerResultsLog: New page: Compilation - 18 May 2017 21:55:52
[2017.05.18-19.55.52:017][802]CompilerResultsLog: Info Compiling game modules for hot reload
[2017.05.18-19.55.52:017][802]CompilerResultsLog: Info Parsing headers for BuildingEscapeEditor
[2017.05.18-19.55.52:017][802]CompilerResultsLog: Info   Running UnrealHeaderTool "C:\Users\James Farrow\Documents\MyRepo\BuildingEscape\BuildingEscape\BuildingEscape.uproject" "C:\Users\James Farrow\Documents\MyRepo\BuildingEscape\BuildingEscape\Intermediate\Build\Win64\BuildingEscapeEditor\Development\BuildingEscapeEditor.uhtmanifest" -LogCmds="loginit warning, logexit warning, logdatabase error" -Unattended -WarningsAsErrors -installed
[2017.05.18-19.55.52:017][802]CompilerResultsLog: Info Reflection code generated for BuildingEscapeEditor in 12.8755692 seconds
[2017.05.18-19.55.52:017][802]CompilerResultsLog: Info Performing 3 actions (2 in parallel)
[2017.05.18-19.55.52:017][802]CompilerResultsLog: Info Grabber.cpp
[2017.05.18-19.55.52:017][802]CompilerResultsLog: Info [2/3] Link UE4Editor-BuildingEscape-9696.dll
[2017.05.18-19.55.52:017][802]CompilerResultsLog: Info [3/3] Link UE4Editor-BuildingEscape-9696.lib
[2017.05.18-19.55.52:017][802]CompilerResultsLog: Info    Creating library C:\Users\James Farrow\Documents\MyRepo\BuildingEscape\BuildingEscape\Intermediate\Build\Win64\UE4Editor\Development\UE4Editor-BuildingEscape-9696.lib and object C:\Users\James Farrow\Documents\MyRepo\BuildingEscape\BuildingEscape\Intermediate\Build\Win64\UE4Editor\Development\UE4Editor-BuildingEscape-9696.exp
[2017.05.18-19.55.52:017][802]CompilerResultsLog: Info    Creating library C:\Users\James Farrow\Documents\MyRepo\BuildingEscape\BuildingEscape\Intermediate\Build\Win64\UE4Editor\Development\UE4Editor-BuildingEscape-9696.suppressed.lib and object C:\Users\James Farrow\Documents\MyRepo\BuildingEscape\BuildingEscape\Intermediate\Build\Win64\UE4Editor\Development\UE4Editor-BuildingEscape-9696.suppressed.exp
[2017.05.18-19.55.52:017][802]CompilerResultsLog: Info Total build time: 33.46 seconds (Local executor: 7.64 seconds)
[2017.05.18-19.55.52:017][802]LogMainFrame: MainFrame: Module compiling took 37.799 seconds
[2017.05.18-19.55.52:275][802]LogContentBrowser: Native class hierarchy updated for 'BuildingEscape' in 0.0053 seconds. Added 4 classes and 2 folders.
[2017.05.18-19.55.52:277][802]Display: HotReload successful (0 functions remapped  0 scriptstructs remapped)
[2017.05.18-19.55.52:350][802]LogContentBrowser: Native class hierarchy populated in 0.0170 seconds. Added 2251 classes and 459 folders.
[2017.05.18-19.55.52:350][802]Display: HotReload took 38.2s.
[2017.05.18-19.55.56:152][928]LogTemp: Repeting last play command: Selected Viewport
[2017.05.18-19.55.56:192][928]LogPlayLevel: PlayLevel: No blueprints needed recompiling
[2017.05.18-19.55.56:192][928]PIE: New page: PIE session: NewMap (18 May 2017 21:55:56)
[2017.05.18-19.55.56:193][928]LogPlayLevel: Creating play world package: /Game/UEDPIE_0_NewMap
[2017.05.18-19.55.56:244][928]LogPlayLevel: PIE: StaticDuplicateObject took: (0.050209s)
[2017.05.18-19.55.56:248][928]LogAIModule: Creating AISystem for world NewMap
[2017.05.18-19.55.56:249][928]LogPlayLevel: PIE: World Init took: (0.005075s)
[2017.05.18-19.55.56:249][928]LogPlayLevel: PIE: Created PIE world by copying editor world from /Game/NewMap.NewMap to /Game/UEDPIE_0_NewMap.NewMap (0.056174s)
[2017.05.18-19.55.56:308][928]LogInit: XAudio2 using 'Speakers (Cirrus Logic CS4208 (AB 126))' : 2 channels at 48 kHz using 32 bits per sample (channel mask 0x3)
[2017.05.18-19.55.56:326][928]LogInit: FAudioDevice initialized.
[2017.05.18-19.55.56:375][928]LogLoad: Game class is 'MyBuildingEscapeGameModeBase_BP_C'
[2017.05.18-19.55.56:379][928]LogWorld: Bringing World /Game/UEDPIE_0_NewMap.NewMap up for play (max tick rate 60) at 2017.05.18-20.55.56
[2017.05.18-19.55.56:380][928]LogWorld: Bringing up level for play took: 0.004176
[2017.05.18-19.55.56:384][928]LogTemp:Warning: Grabber reporting for duty!
[2017.05.18-19.55.56:384][928]LogTemp:Warning: SM_Chair_2 is at X=439.364 Y=-0.691 Z=19.012
[2017.05.18-19.55.56:384][928]PIE: Info Play in editor start time for /Game/UEDPIE_0_NewMap -0.654
[2017.05.18-19.56.06:559][334]LogSlate: Took 0.017580 seconds to synchronously load lazily loaded font '../../../Engine/Content/Editor/Slate/Fonts/DroidSansMono.ttf' (77K)
[2017.05.18-19.56.15:121][636]LogTemp:Warning: Line trace hit: SM_Chair_2
[2017.05.18-19.56.15:136][637]LogTemp:Warning: Line trace hit: SM_Chair_2
[2017.05.18-19.56.15:165][638]LogTemp:Warning: Line trace hit: SM_Chair_2
[2017.05.18-19.56.15:194][639]LogTemp:Warning: Line trace hit: SM_Chair_2
[2017.05.18-19.56.15:222][640]LogTemp:Warning: Line trace hit: SM_Chair_2
[2017.05.18-19.56.15:251][641]LogTemp:Warning: Line trace hit: SM_Chair_2
[2017.05.18-19.56.15:280][642]LogTemp:Warning: Line trace hit: SM_Chair_2
[2017.05.18-19.56.15:308][643]LogTemp:Warning: Line trace hit: SM_Chair_2
[2017.05.18-19.56.15:337][644]LogTemp:Warning: Line trace hit: SM_Chair_2
[2017.05.18-19.56.15:367][645]LogTemp:Warning: Line trace hit: SM_Chair_2
[2017.05.18-19.56.15:396][646]LogTemp:Warning: Line trace hit: SM_Chair_2
[2017.05.18-19.56.15:425][647]LogTemp:Warning: Line trace hit: SM_Chair_2
[2017.05.18-19.56.15:454][648]LogTemp:Warning: Line trace hit: SM_Chair_2
[2017.05.18-19.56.15:485][649]LogTemp:Warning: Line trace hit: SM_Chair_2
[2017.05.18-19.56.15:512][650]LogTemp:Warning: Line trace hit: SM_Chair_2
[2017.05.18-19.56.15:541][651]LogTemp:Warning: Line trace hit: SM_Chair_2
[2017.05.18-19.56.15:569][652]LogTemp:Warning: Line trace hit: SM_Chair_2
[2017.05.18-19.56.15:599][653]LogTemp:Warning: Line trace hit: SM_Chair_2
[2017.05.18-19.56.15:629][654]LogTemp:Warning: Line trace hit: SM_Chair_2
[2017.05.18-19.56.15:656][655]LogTemp:Warning: Line trace hit: SM_Chair_2
[2017.05.18-19.56.15:686][656]LogTemp:Warning: Line trace hit: SM_Chair_2
[2017.05.18-19.56.15:715][657]LogTemp:Warning: Line trace hit: SM_Chair_2
[2017.05.18-19.56.15:744][658]LogTemp:Warning: Line trace hit: SM_Chair_2
[2017.05.18-19.56.15:773][659]LogTemp:Warning: Line trace hit: SM_Chair_2
[2017.05.18-19.56.15:804][660]LogTemp:Warning: Line trace hit: SM_Chair_2
[2017.05.18-19.56.15:832][661]LogTemp:Warning: Line trace hit: SM_Chair_2
[2017.05.18-19.56.15:861][662]LogTemp:Warning: Line trace hit: SM_Chair_2
[2017.05.18-19.56.15:890][663]LogTemp:Warning: Line trace hit: SM_Chair_2
[2017.05.18-19.56.15:919][664]LogTemp:Warning: Line trace hit: SM_Chair_2
[2017.05.18-19.56.24:321][964]LogTemp:Warning: Line trace hit: SM_TableRound_4
[2017.05.18-19.56.25:928][ 21]LogTemp:Warning: Line trace hit: SM_TableRound_4
[2017.05.18-19.56.25:956][ 22]LogTemp:Warning: Line trace hit: SM_TableRound_4
[2017.05.18-19.56.25:984][ 23]LogTemp:Warning: Line trace hit: SM_TableRound_4
[2017.05.18-19.56.26:013][ 24]LogTemp:Warning: Line trace hit: SM_TableRound_4
[2017.05.18-19.56.26:042][ 25]LogTemp:Warning: Line trace hit: SM_TableRound_4
[2017.05.18-19.56.26:070][ 26]LogTemp:Warning: Line trace hit: SM_TableRound_4
[2017.05.18-19.56.26:099][ 27]LogTemp:Warning: Line trace hit: SM_TableRound_4
[2017.05.18-19.56.26:128][ 28]LogTemp:Warning: Line trace hit: SM_TableRound_4
[2017.05.18-19.56.26:157][ 29]LogTemp:Warning: Line trace hit: SM_TableRound_4
[2017.05.18-19.56.26:185][ 30]LogTemp:Warning: Line trace hit: SM_TableRound_4
[2017.05.18-19.56.26:214][ 31]LogTemp:Warning: Line trace hit: SM_TableRound_4
[2017.05.18-19.56.26:242][ 32]LogTemp:Warning: Line trace hit: SM_TableRound_4
[2017.05.18-19.56.26:272][ 33]LogTemp:Warning: Line trace hit: SM_TableRound_4
[2017.05.18-19.56.26:300][ 34]LogTemp:Warning: Line trace hit: SM_TableRound_4
[2017.05.18-19.56.26:329][ 35]LogTemp:Warning: Line trace hit: SM_TableRound_4
[2017.05.18-19.56.26:357][ 36]LogTemp:Warning: Line trace hit: SM_TableRound_4
[2017.05.18-19.56.26:386][ 37]LogTemp:Warning: Line trace hit: SM_TableRound_4
[2017.05.18-19.56.26:413][ 38]LogTemp:Warning: Line trace hit: SM_TableRound_4
[2017.05.18-19.56.26:442][ 39]LogTemp:Warning: Line trace hit: SM_TableRound_4
[2017.05.18-19.56.26:471][ 40]LogTemp:Warning: Line trace hit: SM_TableRound_4
[2017.05.18-19.56.26:500][ 41]LogTemp:Warning: Line trace hit: SM_TableRound_4
[2017.05.18-19.56.26:528][ 42]LogTemp:Warning: Line trace hit: SM_TableRound_4
[2017.05.18-19.56.26:556][ 43]LogTemp:Warning: Line trace hit: SM_TableRound_4
[2017.05.18-19.56.26:585][ 44]LogTemp:Warning: Line trace hit: SM_TableRound_4
[2017.05.18-19.56.26:613][ 45]LogTemp:Warning: Line trace hit: SM_TableRound_4
[2017.05.18-19.56.26:642][ 46]LogTemp:Warning: Line trace hit: SM_TableRound_4
[2017.05.18-19.56.26:670][ 47]LogTemp:Warning: Line trace hit: SM_TableRound_4
[2017.05.18-19.56.26:699][ 48]LogTemp:Warning: Line trace hit: SM_TableRound_4
[2017.05.18-19.56.26:727][ 49]LogTemp:Warning: Line trace hit: SM_TableRound_4
[2017.05.18-19.56.26:755][ 50]LogTemp:Warning: Line trace hit: SM_TableRound_4
[2017.05.18-19.56.26:784][ 51]LogTemp:Warning: Line trace hit: SM_TableRound_4
[2017.05.18-19.56.26:812][ 52]LogTemp:Warning: Line trace hit: SM_TableRound_4
[2017.05.18-19.56.26:841][ 53]LogTemp:Warning: Line trace hit: SM_TableRound_4
[2017.05.18-19.56.26:870][ 54]LogTemp:Warning: Line trace hit: SM_TableRound_4
[2017.05.18-19.56.26:898][ 55]LogTemp:Warning: Line trace hit: SM_TableRound_4
[2017.05.18-19.56.26:927][ 56]LogTemp:Warning: Line trace hit: SM_TableRound_4
[2017.05.18-19.56.26:956][ 57]LogTemp:Warning: Line trace hit: SM_TableRound_4
[2017.05.18-19.56.26:985][ 58]LogTemp:Warning: Line trace hit: SM_TableRound_4
[2017.05.18-19.56.27:015][ 59]LogTemp:Warning: Line trace hit: SM_TableRound_4
[2017.05.18-19.56.27:044][ 60]LogTemp:Warning: Line trace hit: SM_TableRound_4
[2017.05.18-19.56.27:073][ 61]LogTemp:Warning: Line trace hit: SM_TableRound_4
[2017.05.18-19.56.31:737][225]LogTemp:Warning: Line trace hit: SM_Chair_2
[2017.05.18-19.56.31:766][226]LogTemp:Warning: Line trace hit: SM_Chair_2
[2017.05.18-19.56.31:795][227]LogTemp:Warning: Line trace hit: SM_Chair_2
[2017.05.18-19.56.31:824][228]LogTemp:Warning: Line trace hit: SM_Chair_2
[2017.05.18-19.56.31:854][229]LogTemp:Warning: Line trace hit: SM_Chair_2
[2017.05.18-19.56.31:884][230]LogTemp:Warning: Line trace hit: SM_Chair_2
[2017.05.18-19.56.31:913][231]LogTemp:Warning: Line trace hit: SM_Chair_2
[2017.05.18-19.56.31:942][232]LogTemp:Warning: Line trace hit: SM_Chair_2
[2017.05.18-19.56.31:971][233]LogTemp:Warning: Line trace hit: SM_Chair_2
[2017.05.18-19.56.32:000][234]LogTemp:Warning: Line trace hit: SM_Chair_2
[2017.05.18-19.56.32:030][235]LogTemp:Warning: Line trace hit: SM_Chair_2
[2017.05.18-19.56.32:059][236]LogTemp:Warning: Line trace hit: SM_Chair_2
[2017.05.18-19.56.32:088][237]LogTemp:Warning: Line trace hit: SM_Chair_2
[2017.05.18-19.56.32:117][238]LogTemp:Warning: Line trace hit: SM_Chair_2
[2017.05.18-19.56.32:146][239]LogTemp:Warning: Line trace hit: SM_Chair_2
[2017.05.18-19.56.32:175][240]LogTemp:Warning: Line trace hit: SM_Chair_2
[2017.05.18-19.56.32:204][241]LogTemp:Warning: Line trace hit: SM_Chair_2
[2017.05.18-19.56.32:233][242]LogTemp:Warning: Line trace hit: SM_Chair_2
[2017.05.18-19.56.32:262][243]LogTemp:Warning: Line trace hit: SM_Chair_2
[2017.05.18-19.56.32:291][244]LogTemp:Warning: Line trace hit: SM_Chair_2
[2017.05.18-19.56.32:320][245]LogTemp:Warning: Line trace hit: SM_Chair_2
[2017.05.18-19.56.32:350][246]LogTemp:Warning: Line trace hit: SM_Chair_2
[2017.05.18-19.56.32:379][247]LogTemp:Warning: Line trace hit: SM_Chair_2
[2017.05.18-19.56.32:407][248]LogTemp:Warning: Line trace hit: SM_Chair_2
[2017.05.18-19.56.32:436][249]LogTemp:Warning: Line trace hit: SM_Chair_2
[2017.05.18-19.56.32:465][250]LogTemp:Warning: Line trace hit: SM_Chair_2
[2017.05.18-19.56.32:494][251]LogTemp:Warning: Line trace hit: SM_Chair_2
[2017.05.18-19.56.32:524][252]LogTemp:Warning: Line trace hit: SM_Chair_2
[2017.05.18-19.56.32:553][253]LogTemp:Warning: Line trace hit: SM_Chair_2
[2017.05.18-19.56.32:581][254]LogTemp:Warning: Line trace hit: SM_Chair_2
[2017.05.18-19.57.38:422][408]Cmd: CLOSE_SLATE_MAINFRAME
[2017.05.18-19.57.38:707][408]LogWindowsTextInputMethodSystem:Display: IME system now deactivated.
[2017.05.18-19.57.39:574][409]Cmd: QUIT_EDITOR
[2017.05.18-19.57.40:224][409]LogExit: Preparing to exit.
[2017.05.18-19.57.41:505][409]LogDirectoryWatcher: A directory notification for 'C:/Users/James Farrow/Documents/MyRepo/BuildingEscape/BuildingEscape/Content/' was aborted.
[2017.05.18-19.57.41:958][409]LogExit: Editor shut down
[2017.05.18-19.57.41:963][409]LogExit: Transaction tracking system shut down
[2017.05.18-19.57.44:546][409]LogObj: Freed 0b from 0 cluster array pools.
[2017.05.18-19.57.44:546][409]LogExit: Object subsystem successfully closed.
[2017.05.18-19.57.44:793][409]LogD3D11RHI: Shutdown
[2017.05.18-19.57.44:793][409]LogD3D11RHI: CleanupD3DDevice
[2017.05.18-19.57.45:324][409]LogD3D11RHI: ~FD3D11DynamicRHI
[2017.05.18-19.57.46:454][409]LogModuleManager: Shutting down and abandoning module BuildingEscape (505)
[2017.05.18-19.57.46:454][409]LogModuleManager: Shutting down and abandoning module MovieSceneCapture (502)
[2017.05.18-19.57.46:454][409]LogModuleManager: Shutting down and abandoning module HierarchicalLODOutliner (500)
[2017.05.18-19.57.46:463][409]LogModuleManager: Shutting down and abandoning module CrashTracker (498)
[2017.05.18-19.57.46:463][409]LogModuleManager: Shutting down and abandoning module SceneOutliner (496)
[2017.05.18-19.57.46:463][409]LogModuleManager: Shutting down and abandoning module AddContentDialog (494)
[2017.05.18-19.57.46:495][409]LogDirectoryWatcher: A directory notification for 'C:/Program Files/Epic Games/UE_4.15/FeaturePacks/' was aborted.
[2017.05.18-19.57.46:542][409]LogModuleManager: Shutting down and abandoning module WidgetCarousel (493)
[2017.05.18-19.57.46:542][409]LogModuleManager: Shutting down and abandoning module EditorWidgets (490)
[2017.05.18-19.57.46:542][409]LogModuleManager: Shutting down and abandoning module CollectionManager (488)
[2017.05.18-19.57.46:570][409]LogDirectoryWatcher: A directory notification for 'C:/Users/James Farrow/Documents/MyRepo/BuildingEscape/BuildingEscape/Content/Collections/' was aborted.
[2017.05.18-19.57.46:570][409]LogDirectoryWatcher: A directory notification for 'C:/Users/James Farrow/Documents/MyRepo/BuildingEscape/BuildingEscape/Content/Developers/JamesFarrow/Collections/' was aborted.
[2017.05.18-19.57.46:570][409]LogDirectoryWatcher: A directory notification for 'C:/Users/James Farrow/Documents/MyRepo/BuildingEscape/BuildingEscape/Saved/Collections/' was aborted.
[2017.05.18-19.57.46:570][409]LogModuleManager: Shutting down and abandoning module StatsViewer (486)
[2017.05.18-19.57.46:593][409]LogModuleManager: Shutting down and abandoning module FoliageEdit (484)
[2017.05.18-19.57.46:593][409]LogModuleManager: Shutting down and abandoning module LandscapeEditor (482)
[2017.05.18-19.57.46:646][409]LogModuleManager: Shutting down and abandoning module SceneDepthPickerMode (480)
[2017.05.18-19.57.46:646][409]LogModuleManager: Shutting down and abandoning module ActorPickerMode (478)
[2017.05.18-19.57.46:646][409]LogModuleManager: Shutting down and abandoning module GeometryMode (476)
[2017.05.18-19.57.46:646][409]LogModuleManager: Shutting down and abandoning module TextureAlignMode (474)
[2017.05.18-19.57.46:646][409]LogModuleManager: Shutting down and abandoning module BspMode (472)
[2017.05.18-19.57.46:660][409]LogModuleManager: Shutting down and abandoning module HardwareSurvey (470)
[2017.05.18-19.57.46:676][409]LogModuleManager: Shutting down and abandoning module SequenceRecorderSections (468)
[2017.05.18-19.57.46:686][409]LogModuleManager: Shutting down and abandoning module AutomationWorker (466)
[2017.05.18-19.57.46:694][409]LogModuleManager: Shutting down and abandoning module MatineeToLevelSequence (464)
[2017.05.18-19.57.46:699][409]LogModuleManager: Shutting down and abandoning module LevelSequenceEditor (462)
[2017.05.18-19.57.46:767][409]LogModuleManager: Shutting down and abandoning module PlacementMode (461)
[2017.05.18-19.57.46:767][409]LogModuleManager: Shutting down and abandoning module WmfMediaFactory (458)
[2017.05.18-19.57.46:767][409]LogModuleManager: Shutting down and abandoning module WmfMediaEditor (456)
[2017.05.18-19.57.46:767][409]LogModuleManager: Shutting down and abandoning module MfMediaFactory (454)
[2017.05.18-19.57.46:767][409]LogModuleManager: Shutting down and abandoning module MfMediaEditor (452)
[2017.05.18-19.57.46:767][409]LogModuleManager: Shutting down and abandoning module AvfMediaFactory (450)
[2017.05.18-19.57.46:767][409]LogModuleManager: Shutting down and abandoning module AvfMediaEditor (448)
[2017.05.18-19.57.46:767][409]LogModuleManager: Shutting down and abandoning module AndroidMediaFactory (446)
[2017.05.18-19.57.46:767][409]LogModuleManager: Shutting down and abandoning module Media (445)
[2017.05.18-19.57.46:767][409]LogModuleManager: Shutting down and abandoning module AndroidMediaEditor (442)
[2017.05.18-19.57.46:767][409]LogModuleManager: Shutting down and abandoning module CharacterAI (440)
[2017.05.18-19.57.46:767][409]LogModuleManager: Shutting down and abandoning module AudioCapture (438)
[2017.05.18-19.57.46:798][409]LogModuleManager: Shutting down and abandoning module SequenceRecorder (437)
[2017.05.18-19.57.46:867][409]LogModuleManager: Shutting down and abandoning module SmartSnapping (434)
[2017.05.18-19.57.46:867][409]LogModuleManager: Shutting down and abandoning module SessionServices (432)
[2017.05.18-19.57.46:867][409]LogModuleManager: Shutting down and abandoning module ViewportSnapping (430)
[2017.05.18-19.57.46:867][409]LogModuleManager: Shutting down and abandoning module ViewportInteraction (428)
[2017.05.18-19.57.46:867][409]LogModuleManager: Shutting down and abandoning module LogVisualizer (426)
[2017.05.18-19.57.46:939][409]LogModuleManager: Shutting down and abandoning module IntroTutorials (424)
[2017.05.18-19.57.46:951][409]LogModuleManager: Shutting down and abandoning module GameProjectGeneration (423)
[2017.05.18-19.57.47:002][409]LogModuleManager: Shutting down and abandoning module EditorLiveStreaming (420)
[2017.05.18-19.57.47:002][409]LogModuleManager: Shutting down and abandoning module IOSPlatformEditor (418)
[2017.05.18-19.57.47:002][409]LogModuleManager: Shutting down and abandoning module HTML5PlatformEditor (416)
[2017.05.18-19.57.47:002][409]LogModuleManager: Shutting down and abandoning module AndroidPlatformEditor (414)
[2017.05.18-19.57.47:011][409]LogModuleManager: Shutting down and abandoning module AndroidDeviceDetection (413)
[2017.05.18-19.57.47:976][409]LogModuleManager: Shutting down and abandoning module IOSRuntimeSettings (410)
[2017.05.18-19.57.47:976][409]LogModuleManager: Shutting down and abandoning module AndroidRuntimeSettings (408)
[2017.05.18-19.57.47:976][409]LogModuleManager: Shutting down and abandoning module InputBindingEditor (406)
[2017.05.18-19.57.48:003][409]LogModuleManager: Shutting down and abandoning module NiagaraEditor (404)
[2017.05.18-19.57.48:136][409]LogModuleManager: Shutting down and abandoning module MergeActors (402)
[2017.05.18-19.57.48:152][409]LogModuleManager: Shutting down and abandoning module SizeMap (400)
[2017.05.18-19.57.48:163][409]LogModuleManager: Shutting down and abandoning module TreeMap (398)
[2017.05.18-19.57.48:194][409]LogModuleManager: Shutting down and abandoning module ReferenceViewer (396)
[2017.05.18-19.57.48:194][409]LogModuleManager: Shutting down and abandoning module LocalizationDashboard (394)
[2017.05.18-19.57.48:246][409]LogModuleManager: Shutting down and abandoning module LocalizationService (393)
[2017.05.18-19.57.48:259][409]LogModuleManager: Shutting down and abandoning module HardwareTargeting (390)
[2017.05.18-19.57.48:284][409]LogModuleManager: Shutting down and abandoning module DeviceProfileEditor (388)
[2017.05.18-19.57.48:306][409]LogModuleManager: Shutting down and abandoning module UndoHistory (386)
[2017.05.18-19.57.48:323][409]LogModuleManager: Shutting down and abandoning module UserFeedback (384)
[2017.05.18-19.57.48:323][409]LogModuleManager: Shutting down and abandoning module XmlParser (382)
[2017.05.18-19.57.48:351][409]LogModuleManager: Shutting down and abandoning module Blutility (380)
[2017.05.18-19.57.48:376][409]LogModuleManager: Shutting down and abandoning module ProjectSettingsViewer (378)
[2017.05.18-19.57.48:377][409]LogModuleManager: Shutting down and abandoning module ProjectTargetPlatformEditor (377)
[2017.05.18-19.57.48:378][409]LogModuleManager: Shutting down and abandoning module EditorSettingsViewer (374)
[2017.05.18-19.57.48:378][409]LogModuleManager: Shutting down and abandoning module SettingsEditor (372)
[2017.05.18-19.57.48:419][409]LogModuleManager: Shutting down and abandoning module ProjectLauncher (370)
[2017.05.18-19.57.48:446][409]LogModuleManager: Shutting down and abandoning module SessionFrontend (368)
[2017.05.18-19.57.48:502][409]LogModuleManager: Shutting down and abandoning module ProfilerClient (366)
[2017.05.18-19.57.48:555][409]LogModuleManager: Shutting down and abandoning module DeviceManager (364)
[2017.05.18-19.57.48:607][409]LogModuleManager: Shutting down and abandoning module TargetDeviceServices (363)
[2017.05.18-19.57.48:711][409]LogModuleManager: Shutting down and abandoning module AutomationController (360)
[2017.05.18-19.57.48:738][409]LogModuleManager: Shutting down and abandoning module AutomationWindow (358)
[2017.05.18-19.57.48:767][409]LogModuleManager: Shutting down and abandoning module Layers (356)
[2017.05.18-19.57.48:929][409]LogModuleManager: Shutting down and abandoning module ComponentVisualizers (354)
[2017.05.18-19.57.48:929][409]LogModuleManager: Shutting down and abandoning module DetailCustomizations (352)
[2017.05.18-19.57.49:028][409]LogModuleManager: Shutting down and abandoning module PackagesDialog (350)
[2017.05.18-19.57.49:105][409]LogModuleManager: Shutting down and abandoning module Persona (348)
[2017.05.18-19.57.49:239][409]LogModuleManager: Shutting down and abandoning module AnimGraph (347)
[2017.05.18-19.57.49:239][409]LogModuleManager: Shutting down and abandoning module Kismet (344)
[2017.05.18-19.57.49:277][409]LogModuleManager: Shutting down and abandoning module GraphEditor (342)
[2017.05.18-19.57.49:394][409]LogModuleManager: Shutting down and abandoning module ClassViewer (340)
[2017.05.18-19.57.49:394][409]LogModuleManager: Shutting down and abandoning module Toolbox (338)
[2017.05.18-19.57.49:424][409]LogModuleManager: Shutting down and abandoning module ModuleUI (336)
[2017.05.18-19.57.49:432][409]LogModuleManager: Shutting down and abandoning module MovieSceneTools (334)
[2017.05.18-19.57.49:443][409]LogModuleManager: Shutting down and abandoning module OutputLog (332)
[2017.05.18-19.57.49:443][409]LogModuleManager: Shutting down and abandoning module GammaUI (330)
[2017.05.18-19.57.49:468][409]LogModuleManager: Shutting down and abandoning module Documentation (328)
[2017.05.18-19.57.49:468][409]LogModuleManager: Shutting down and abandoning module Niagara (326)
[2017.05.18-19.57.49:468][409]LogModuleManager: Shutting down and abandoning module StreamingPauseRendering (324)
[2017.05.18-19.57.49:468][409]LogModuleManager: Shutting down and abandoning module AnalyticsET (322)
[2017.05.18-19.57.49:468][409]LogModuleManager: Shutting down and abandoning module PortalServices (320)
[2017.05.18-19.57.49:468][409]LogModuleManager: Shutting down and abandoning module PortalRpc (318)
[2017.05.18-19.57.49:468][409]LogModuleManager: Shutting down and abandoning module MessagingRpc (316)
[2017.05.18-19.57.49:468][409]LogModuleManager: Shutting down and abandoning module AIModule (314)
[2017.05.18-19.57.49:468][409]LogModuleManager: Shutting down and abandoning module GameplayDebugger (313)
[2017.05.18-19.57.49:488][409]LogModuleManager: Shutting down and abandoning module AITestSuite (311)
[2017.05.18-19.57.49:488][409]LogModuleManager: Shutting down and abandoning module ProfilerService (308)
[2017.05.18-19.57.49:688][409]LogModuleManager: Shutting down and abandoning module TaskGraph (306)
[2017.05.18-19.57.49:766][409]LogModuleManager: Shutting down and abandoning module SteamVRController (304)
[2017.05.18-19.57.49:767][409]LogModuleManager: Shutting down and abandoning module SteamVR (302)
[2017.05.18-19.57.49:767][409]LogModuleManager: Shutting down and abandoning module ProceduralMeshComponentEditor (300)
[2017.05.18-19.57.49:767][409]LogModuleManager: Shutting down and abandoning module ProceduralMeshComponent (298)
[2017.05.18-19.57.49:823][409]LogModuleManager: Shutting down and abandoning module OculusLibrary (296)
[2017.05.18-19.57.49:823][409]LogModuleManager: Shutting down and abandoning module OculusInput (294)
[2017.05.18-19.57.49:823][409]LogModuleManager: Shutting down and abandoning module MobilePatchingUtils (292)
[2017.05.18-19.57.49:823][409]LogModuleManager: Shutting down and abandoning module CustomMeshComponent (290)
[2017.05.18-19.57.49:823][409]LogModuleManager: Shutting down and abandoning module CableComponent (288)
[2017.05.18-19.57.49:865][409]LogModuleManager: Shutting down and abandoning module ArchVisCharacter (286)
[2017.05.18-19.57.49:865][409]LogModuleManager: Shutting down and abandoning module MediaPlayerEditor (282)
[2017.05.18-19.57.49:907][409]LogModuleManager: Shutting down and abandoning module HTML5Networking (280)
[2017.05.18-19.57.49:907][409]LogModuleManager: Shutting down and abandoning module AlembicImporter (278)
[2017.05.18-19.57.49:914][409]LogModuleManager: Shutting down and abandoning module AlembicLibrary (277)
[2017.05.18-19.57.49:914][409]LogModuleManager: Shutting down and abandoning module GeometryCache (276)
[2017.05.18-19.57.49:923][409]LogModuleManager: Shutting down and abandoning module GeometryCacheEd (275)
[2017.05.18-19.57.49:923][409]LogModuleManager: Shutting down and abandoning module SuperSearchEditor (270)
[2017.05.18-19.57.49:923][409]LogModuleManager: Shutting down and abandoning module SuperSearch (269)
[2017.05.18-19.57.49:923][409]LogModuleManager: Shutting down and abandoning module SpeedTreeImporter (266)
[2017.05.18-19.57.49:923][409]LogModuleManager: Shutting down and abandoning module PluginBrowser (264)
[2017.05.18-19.57.50:056][409]LogModuleManager: Shutting down and abandoning module MobileLauncherProfileWizard (262)
[2017.05.18-19.57.50:092][409]LogModuleManager: Shutting down and abandoning module EpicSurvey (260)
[2017.05.18-19.57.50:092][409]LogModuleManager: Shutting down and abandoning module VisualStudioSourceCodeAccess (258)
[2017.05.18-19.57.50:092][409]LogModuleManager: Shutting down and abandoning module DesktopPlatform (257)
[2017.05.18-19.57.50:110][409]LogModuleManager: Shutting down and abandoning module UObjectPlugin (254)
[2017.05.18-19.57.50:110][409]LogModuleManager: Shutting down and abandoning module SubversionSourceControl (252)
[2017.05.18-19.57.50:135][409]LogModuleManager: Shutting down and abandoning module PerforceSourceControl (250)
[2017.05.18-19.57.50:250][409]LogModuleManager: Shutting down and abandoning module GitSourceControl (248)
[2017.05.18-19.57.50:286][409]LogModuleManager: Shutting down and abandoning module SourceControl (247)
[2017.05.18-19.57.50:318][409]LogModuleManager: Shutting down and abandoning module LightPropagationVolumeEditor (244)
[2017.05.18-19.57.50:318][409]LogModuleManager: Shutting down and abandoning module PaperTiledImporter (242)
[2017.05.18-19.57.50:318][409]LogModuleManager: Shutting down and abandoning module PaperSpriteSheetImporter (240)
[2017.05.18-19.57.50:318][409]LogModuleManager: Shutting down and abandoning module Paper2DEditor (238)
[2017.05.18-19.57.50:378][409]LogModuleManager: Shutting down and abandoning module MeshPaint (237)
[2017.05.18-19.57.50:435][409]LogModuleManager: Shutting down and abandoning module LevelEditor (235)
[2017.05.18-19.57.50:496][409]LogModuleManager: Shutting down and abandoning module PixelInspectorModule (234)
[2017.05.18-19.57.50:562][409]LogModuleManager: Shutting down and abandoning module MainFrame (232)
[2017.05.18-19.57.50:562][409]LogModuleManager: Shutting down and abandoning module HotReload (231)
[2017.05.18-19.57.50:562][409]LogDirectoryWatcher: A directory notification for 'C:/Users/James Farrow/Documents/MyRepo/BuildingEscape/BuildingEscape/Binaries/Win64' was aborted.
[2017.05.18-19.57.50:562][409]LogModuleManager: Shutting down and abandoning module ContentBrowser (227)
[2017.05.18-19.57.50:564][409]LogModuleManager: Shutting down and abandoning module PhysXVehiclesEditor (222)
[2017.05.18-19.57.50:603][409]LogModuleManager: Shutting down and abandoning module PhysXVehicles (220)
[2017.05.18-19.57.50:603][409]LogModuleManager: Shutting down and abandoning module LocationServicesBPLibrary (218)
[2017.05.18-19.57.50:603][409]LogModuleManager: Shutting down and abandoning module UdpMessaging (216)
[2017.05.18-19.57.50:704][409]LogModuleManager: Shutting down and abandoning module TcpMessaging (214)
[2017.05.18-19.57.50:819][409]LogModuleManager: Shutting down and abandoning module GameplayTagsEditor (212)
[2017.05.18-19.57.50:845][409]LogModuleManager: Shutting down and abandoning module FacialAnimationEditor (210)
[2017.05.18-19.57.51:017][409]LogModuleManager: Shutting down and abandoning module FacialAnimation (208)
[2017.05.18-19.57.51:017][409]LogModuleManager: Shutting down and abandoning module LightPropagationVolumeRuntime (206)
[2017.05.18-19.57.51:017][409]LogModuleManager: Shutting down and abandoning module Paper2D (204)
[2017.05.18-19.57.51:038][409]LogModuleManager: Shutting down and abandoning module WindowsMoviePlayer (202)
[2017.05.18-19.57.51:094][409]LogModuleManager: Shutting down and abandoning module WmfMedia (200)
[2017.05.18-19.57.51:145][409]LogModuleManager: Shutting down and abandoning module MfMedia (198)
[2017.05.18-19.57.51:146][409]LogModuleManager: Shutting down and abandoning module MediaAssets (196)
[2017.05.18-19.57.51:146][409]LogModuleManager: Shutting down and abandoning module GameLiveStreaming (194)
[2017.05.18-19.57.51:149][409]LogModuleManager: Shutting down and abandoning module VREditor (192)
[2017.05.18-19.57.51:149][409]LogModuleManager: Shutting down and abandoning module GameplayTasksEditor (190)
[2017.05.18-19.57.51:149][409]LogModuleManager: Shutting down and abandoning module BehaviorTreeEditor (188)
[2017.05.18-19.57.51:192][409]LogModuleManager: Shutting down and abandoning module FunctionalTesting (186)
[2017.05.18-19.57.51:216][409]LogModuleManager: Shutting down and abandoning module CollisionAnalyzer (184)
[2017.05.18-19.57.51:247][409]LogModuleManager: Shutting down and abandoning module UMG (182)
[2017.05.18-19.57.51:278][409]LogModuleManager: Shutting down and abandoning module UMGEditor (181)
[2017.05.18-19.57.51:440][409]LogModuleManager: Shutting down and abandoning module Sequencer (180)
[2017.05.18-19.57.51:528][409]LogModuleManager: Shutting down and abandoning module AssetTools (178)
[2017.05.18-19.57.51:628][409]LogModuleManager: Shutting down and abandoning module MessageLog (177)
[2017.05.18-19.57.51:628][409]LogModuleManager: Shutting down and abandoning module WorkspaceMenuStructure (176)
[2017.05.18-19.57.51:628][409]LogModuleManager: Shutting down and abandoning module SlateReflector (170)
[2017.05.18-19.57.51:769][409]LogModuleManager: Shutting down and abandoning module Slate (168)
[2017.05.18-19.57.51:769][409]LogModuleManager: Shutting down and abandoning module EditorStyle (166)
[2017.05.18-19.57.51:776][409]LogModuleManager: Shutting down and abandoning module SourceCodeAccess (164)
[2017.05.18-19.57.51:794][409]LogModuleManager: Shutting down and abandoning module HeadMountedDisplay (162)
[2017.05.18-19.57.51:794][409]LogModuleManager: Shutting down and abandoning module XAudio2 (160)
[2017.05.18-19.57.51:794][409]LogModuleManager: Shutting down and abandoning module Networking (158)
[2017.05.18-19.57.51:794][409]LogModuleManager: Shutting down and abandoning module Core (154)
[2017.05.18-19.57.51:794][409]LogModuleManager: Shutting down and abandoning module AssetRegistry (152)
[2017.05.18-19.57.52:075][409]LogDirectoryWatcher: A directory notification for '../../../Engine/Content/' was aborted.
[2017.05.18-19.57.52:075][409]LogDirectoryWatcher: A directory notification for '../../../../../../Users/James Farrow/Documents/MyRepo/BuildingEscape/BuildingEscape/Content/' was aborted.
[2017.05.18-19.57.52:075][409]LogDirectoryWatcher: A directory notification for '../../../Engine/Plugins/2D/Paper2D/Content/' was aborted.
[2017.05.18-19.57.52:126][409]LogModuleManager: Shutting down and abandoning module DirectoryWatcher (151)
[2017.05.18-19.57.52:148][409]LogModuleManager: Shutting down and abandoning module KismetCompiler (148)
[2017.05.18-19.57.52:148][409]LogModuleManager: Shutting down and abandoning module PhysXFormats (146)
[2017.05.18-19.57.52:149][409]LogModuleManager: Shutting down and abandoning module MeshUtilities (144)
[2017.05.18-19.57.52:326][409]LogModuleManager: Shutting down and abandoning module SimplygonSwarm (143)
[2017.05.18-19.57.52:430][409]LogModuleManager: Shutting down and abandoning module SimplygonMeshReduction (141)
[2017.05.18-19.57.52:430][409]LogModuleManager: Shutting down and abandoning module QuadricMeshReduction (139)
[2017.05.18-19.57.52:466][409]LogModuleManager: Shutting down and abandoning module PropertyEditor (137)
[2017.05.18-19.57.52:473][409]LogModuleManager: Shutting down and abandoning module DerivedDataCache (134)
[2017.05.18-19.57.52:495][409]LogDerivedDataCache: Shutdown
[2017.05.18-19.57.52:495][409]LogModuleManager: Shutting down and abandoning module TargetPlatform (132)
[2017.05.18-19.57.52:496][409]LogModuleManager: Shutting down and abandoning module VulkanShaderFormat (131)
[2017.05.18-19.57.52:524][409]LogModuleManager: Shutting down and abandoning module ShaderFormatOpenGL (129)
[2017.05.18-19.57.52:618][409]LogModuleManager: Shutting down and abandoning module ShaderFormatD3D (127)
[2017.05.18-19.57.52:663][409]LogModuleManager: Shutting down and abandoning module MetalShaderFormat (125)
[2017.05.18-19.57.52:772][409]LogModuleManager: Shutting down and abandoning module TextureFormatUncompressed (123)
[2017.05.18-19.57.52:772][409]LogModuleManager: Shutting down and abandoning module TextureFormatPVR (121)
[2017.05.18-19.57.52:772][409]LogModuleManager: Shutting down and abandoning module TextureFormatDXT (119)
[2017.05.18-19.57.52:841][409]LogModuleManager: Shutting down and abandoning module TextureFormatIntelISPCTexComp (117)
[2017.05.18-19.57.52:959][409]LogModuleManager: Shutting down and abandoning module TextureFormatASTC (115)
[2017.05.18-19.57.52:959][409]LogModuleManager: Shutting down and abandoning module ImageWrapper (114)
[2017.05.18-19.57.52:959][409]LogModuleManager: Shutting down and abandoning module TextureFormatAndroid (111)
[2017.05.18-19.57.52:959][409]LogModuleManager: Shutting down and abandoning module AudioFormatOpus (109)
[2017.05.18-19.57.52:995][409]LogModuleManager: Shutting down and abandoning module AudioFormatOgg (107)
[2017.05.18-19.57.52:995][409]LogModuleManager: Shutting down and abandoning module AudioFormatADPCM (105)
[2017.05.18-19.57.52:995][409]LogModuleManager: Shutting down and abandoning module LinuxTargetPlatform (103)
[2017.05.18-19.57.52:996][409]LogModuleManager: Shutting down and abandoning module LinuxServerTargetPlatform (101)
[2017.05.18-19.57.52:996][409]LogModuleManager: Shutting down and abandoning module LinuxNoEditorTargetPlatform (99)
[2017.05.18-19.57.52:996][409]LogModuleManager: Shutting down and abandoning module LinuxClientTargetPlatform (97)
[2017.05.18-19.57.52:996][409]LogModuleManager: Shutting down and abandoning module TVOSTargetPlatform (95)
[2017.05.18-19.57.52:996][409]LogModuleManager: Shutting down and abandoning module Messaging (93)
[2017.05.18-19.57.52:996][409]LogModuleManager: Shutting down and abandoning module IOSTargetPlatform (91)
[2017.05.18-19.57.52:996][409]LogModuleManager: Shutting down and abandoning module HTML5TargetPlatform (89)
[2017.05.18-19.57.52:996][409]LogModuleManager: Shutting down and abandoning module Android_PVRTCTargetPlatform (87)
[2017.05.18-19.57.52:996][409]LogModuleManager: Shutting down and abandoning module Android_MultiTargetPlatform (85)
[2017.05.18-19.57.52:996][409]LogModuleManager: Shutting down and abandoning module Android_ETC2TargetPlatform (83)
[2017.05.18-19.57.52:996][409]LogModuleManager: Shutting down and abandoning module Android_ETC1TargetPlatform (81)
[2017.05.18-19.57.52:996][409]LogModuleManager: Shutting down and abandoning module Android_DXTTargetPlatform (79)
[2017.05.18-19.57.52:996][409]LogModuleManager: Shutting down and abandoning module Android_ATCTargetPlatform (77)
[2017.05.18-19.57.52:996][409]LogModuleManager: Shutting down and abandoning module Android_ASTCTargetPlatform (75)
[2017.05.18-19.57.52:996][409]LogModuleManager: Shutting down and abandoning module AndroidTargetPlatform (73)
[2017.05.18-19.57.52:996][409]LogModuleManager: Shutting down and abandoning module WindowsTargetPlatform (71)
[2017.05.18-19.57.52:996][409]LogModuleManager: Shutting down and abandoning module WindowsServerTargetPlatform (69)
[2017.05.18-19.57.52:996][409]LogModuleManager: Shutting down and abandoning module WindowsNoEditorTargetPlatform (67)
[2017.05.18-19.57.52:996][409]LogModuleManager: Shutting down and abandoning module WindowsClientTargetPlatform (65)
[2017.05.18-19.57.52:996][409]LogModuleManager: Shutting down and abandoning module MacTargetPlatform (63)
[2017.05.18-19.57.52:996][409]LogModuleManager: Shutting down and abandoning module MacServerTargetPlatform (61)
[2017.05.18-19.57.52:996][409]LogModuleManager: Shutting down and abandoning module MacNoEditorTargetPlatform (59)
[2017.05.18-19.57.52:996][409]LogModuleManager: Shutting down and abandoning module MacClientTargetPlatform (57)
[2017.05.18-19.57.52:996][409]LogModuleManager: Shutting down and abandoning module AllDesktopTargetPlatform (55)
[2017.05.18-19.57.52:996][409]LogModuleManager: Shutting down and abandoning module InputCore (52)
[2017.05.18-19.57.52:997][409]LogModuleManager: Shutting down and abandoning module Settings (50)
[2017.05.18-19.57.52:997][409]LogModuleManager: Shutting down and abandoning module OculusRift (48)
[2017.05.18-19.57.53:061][409]LogModuleManager: Shutting down and abandoning module GearVR (46)
[2017.05.18-19.57.53:061][409]LogModuleManager: Shutting down and abandoning module ExampleDeviceProfileSelector (44)
[2017.05.18-19.57.53:062][409]LogModuleManager: Shutting down and abandoning module OnlineBlueprintSupport (42)
[2017.05.18-19.57.53:062][409]LogModuleManager: Shutting down and abandoning module OnlineSubsystem (38)
[2017.05.18-19.57.53:062][409]LogOnline:Display: Unloading online subsystem: NULL
[2017.05.18-19.57.53:156][409]LogModuleManager: Shutting down and abandoning module XMPP (37)
[2017.05.18-19.57.53:242][409]LogModuleManager: Shutting down and abandoning module HTTP (35)
[2017.05.18-19.57.53:253][409]LogHttp:Display: Http module shutting down, but needs to wait on 1 outstanding Http requests:
[2017.05.18-19.57.53:253][409]LogHttp:Display: 	verb=[POST] url=[https://datarouter.ol.epicgames.com/datarouter/api/v1/public/data?SessionID=%7BD2FA2E59-481B-7881-5A18-2581B9D58E2E%7D&AppID=UEEditor.Rocket.Release&AppVersion=4.15.2-3416026%2B%2B%2BUE4%2BRelease-4.15&UserID=929c5a0742a4cf2dc269d3b5485dc234%7C7badd898d52649aa9279896153bc72c1%7Cee6c34be-6ad8-49c7-abe6-45b6d289167e&AppEnvironment=datacollector-binary&UploadType=eteventstream] status=Processing
[2017.05.18-19.57.53:267][409]LogModuleManager: Shutting down and abandoning module SSL (34)
[2017.05.18-19.57.53:309][409]LogModuleManager: Shutting down and abandoning module AudioEditor (30)
[2017.05.18-19.57.53:354][409]LogModuleManager: Shutting down and abandoning module TextureCompressor (28)
[2017.05.18-19.57.53:424][409]LogModuleManager: Shutting down and abandoning module ShaderCore (26)
[2017.05.18-19.57.53:424][409]LogModuleManager: Shutting down and abandoning module Landscape (24)
[2017.05.18-19.57.53:424][409]LogModuleManager: Shutting down and abandoning module SlateRHIRenderer (22)
[2017.05.18-19.57.53:579][409]LogModuleManager: Shutting down and abandoning module OpenGLDrv (20)
[2017.05.18-19.57.53:677][409]LogModuleManager: Shutting down and abandoning module D3D11RHI (18)
[2017.05.18-19.57.53:677][409]LogModuleManager: Shutting down and abandoning module AnimGraphRuntime (16)
[2017.05.18-19.57.53:745][409]LogModuleManager: Shutting down and abandoning module Renderer (14)
[2017.05.18-19.57.53:746][409]LogModuleManager: Shutting down and abandoning module Engine (12)
[2017.05.18-19.57.53:746][409]LogModuleManager: Shutting down and abandoning module CoreUObject (10)
[2017.05.18-19.57.53:746][409]LogModuleManager: Shutting down and abandoning module NetworkFile (8)
[2017.05.18-19.57.54:451][409]LogModuleManager: Shutting down and abandoning module StreamingFile (6)
[2017.05.18-19.57.54:546][409]LogModuleManager: Shutting down and abandoning module SandboxFile (4)
[2017.05.18-19.57.54:546][409]LogModuleManager: Shutting down and abandoning module PakFile (2)
[2017.05.18-19.57.54:615][409]LogExit: Exiting.
[2017.05.18-19.57.54:629][409]Log file closed, 05/18/17 20:57:54
