Log file open, 05/14/17 20:50:24
LogInit:Display: Running engine for game: BuildingEscape
LogPlatformFile: Not using cached read wrapper
LogInit:Display: RandInit(-1731081745) SRandInit(-1731081744).
LogTaskGraph: Started task graph with 5 named threads and 6 total threads with 1 sets of task threads.
LogStats: Stats thread started at 2.365790
LogInit: Using libcurl 7.47.1
LogInit:  - built for x86_64-pc-win32
LogInit:  - supports SSL with OpenSSL/1.0.2g
LogInit:  - supports HTTP deflate (compression) using libz 1.2.8
LogInit:  - other features:
LogInit:      CURL_VERSION_SSL
LogInit:      CURL_VERSION_LIBZ
LogInit:      CURL_VERSION_IPV6
LogInit:      CURL_VERSION_ASYNCHDNS
LogInit:      CURL_VERSION_LARGEFILE
LogInit:      CURL_VERSION_IDN
LogInit:  CurlRequestOptions (configurable via config and command line):
LogInit:  - bVerifyPeer = false  - Libcurl will NOT verify peer certificate
LogInit:  - bUseHttpProxy = false  - Libcurl will NOT use HTTP proxy
LogInit:  - bDontReuseConnections = false  - Libcurl will reuse connections
LogInit:  - CertBundlePath = nullptr  - Libcurl will use whatever was configured at build time.
LogInit: Build: ++UE4+Release-4.15-CL-3416026
LogInit: Engine Version: 4.15.2-3416026+++UE4+Release-4.15
LogInit: Compatible Engine Version: 4.15.0-3299760+++UE4+Release-4.15
LogInit: Net CL: 3299760
LogDevObjectVersion: Number of dev versions registered: 14
LogDevObjectVersion:   Dev-Blueprints (B0D832E4-1F89-4F0D-ACCF-7EB736FD4AA2): 8
LogDevObjectVersion:   Dev-Build (E1C64328-A22C-4D53-A36C-8E866417BD8C): 0
LogDevObjectVersion:   Dev-Core (375EC13C-06E4-48FB-B500-84F0262A717E): 2
LogDevObjectVersion:   Dev-Editor (E4B068ED-F494-42E9-A231-DA0B2E46BB41): 14
LogDevObjectVersion:   Dev-Framework (CFFC743F-43B0-4480-9391-14DF171D2073): 22
LogDevObjectVersion:   Dev-Mobile (B02B49B5-BB20-44E9-A304-32B752E40360): 0
LogDevObjectVersion:   Dev-Networking (A4E4105C-59A1-49B5-A7C5-40C4547EDFEE): 0
LogDevObjectVersion:   Dev-Online (39C831C9-5AE6-47DC-9A44-9C173E1C8E7C): 0
LogDevObjectVersion:   Dev-Physics (78F01B33-EBEA-4F98-B9B4-84EACCB95AA2): 0
LogDevObjectVersion:   Dev-Platform (6631380F-2D4D-43E0-8009-CF276956A95A): 0
LogDevObjectVersion:   Dev-Rendering (12F88B9F-8875-4AFC-A67C-D90C383ABD29): 12
LogDevObjectVersion:   Dev-Sequencer (7B5AE74C-D270-4C10-A958-57980B212A5A): 3
LogDevObjectVersion:   Dev-VR (D7296918-1DD6-4BDD-9DE2-64A83CC13884): 0
LogDevObjectVersion:   Dev-LoadTimes (C2A15278-BFE7-4AFE-6C17-90FF531DF755): 1
LogInit: Compiled (64-bit): May  1 2017 13:11:28
LogInit: Compiled with Visual C++: 19.00.23026.00
LogInit: Build Configuration: Development
LogInit: Branch Name: ++UE4+Release-4.15
LogInit: Command line:  
LogInit: Base directory: C:/Program Files/Epic Games/UE_4.15/Engine/Binaries/Win64/
LogInit: Installed Engine Build: 1
LogInit: Presizing for max 8388607 objects, including 0 objects not considered by GC, pre-allocating 0 bytes for permanent pool.
LogInit: Object subsystem initialized
[2017.05.14-19.50.26:998][  0]LogInit: Selected Device Profile: [Windows]
[2017.05.14-19.50.26:998][  0]LogInit: Applying CVar settings loaded from the selected device profile: [Windows]
[2017.05.14-19.50.27:061][  0]LogInit: Computer: DESKTOP-BHBDUN9
[2017.05.14-19.50.27:061][  0]LogInit: User: JamesFarrow
[2017.05.14-19.50.27:061][  0]LogInit: CPU Page size=65536, Cores=2
[2017.05.14-19.50.27:061][  0]LogInit: High frequency timer resolution =2.148440 MHz
[2017.05.14-19.50.27:061][  0]LogMemory: Memory total: Physical=7.9GB (8GB approx)
[2017.05.14-19.50.27:061][  0]LogMemory: Platform Memory Stats for Windows
[2017.05.14-19.50.27:061][  0]LogMemory: Process Physical Memory: 264.39 MB used, 264.39 MB peak
[2017.05.14-19.50.27:061][  0]LogMemory: Process Virtual Memory: 262.30 MB used, 262.30 MB peak
[2017.05.14-19.50.27:061][  0]LogMemory: Physical Memory: 2833.73 MB used,  5260.69 MB free, 8094.41 MB total
[2017.05.14-19.50.27:061][  0]LogMemory: Virtual Memory: 643.35 MB used,  5260.69 MB free, 134217728.00 MB total
[2017.05.14-19.50.28:440][  0]LogTextLocalizationManager: No specific translations for ('en-GB') exist, so ('en') translations will be used.
[2017.05.14-19.50.30:745][  0]LogD3D11RHI: D3D11 adapters:
[2017.05.14-19.50.30:751][  0]LogD3D11RHI:    0. 'Intel(R) HD Graphics 6000' (Feature Level 11_0)
[2017.05.14-19.50.30:751][  0]LogD3D11RHI:       128/0/4047 MB DedicatedVideo/DedicatedSystem/SharedSystem, Outputs:1, VendorId:0x8086
[2017.05.14-19.50.30:754][  0]LogD3D11RHI:    1. 'Microsoft Basic Render Driver' (Feature Level 11_0)
[2017.05.14-19.50.30:754][  0]LogD3D11RHI:       0/0/4047 MB DedicatedVideo/DedicatedSystem/SharedSystem, Outputs:0, VendorId:0x1414
[2017.05.14-19.50.30:754][  0]LogD3D11RHI: Chosen D3D11 Adapter: 0
[2017.05.14-19.50.30:761][  0]LogD3D11RHI: Creating new Direct3DDevice
[2017.05.14-19.50.30:761][  0]LogD3D11RHI:     GPU DeviceId: 0x1626 (for the marketing name, search the web for "GPU Device Id")
[2017.05.14-19.50.30:761][  0]LogWindows: EnumDisplayDevices:
[2017.05.14-19.50.30:761][  0]LogWindows:    0. 'Intel(R) HD Graphics 6000' (P:1 D:1)
[2017.05.14-19.50.30:762][  0]LogWindows:    1. 'Intel(R) HD Graphics 6000' (P:0 D:0)
[2017.05.14-19.50.30:763][  0]LogWindows:    2. 'Intel(R) HD Graphics 6000' (P:0 D:0)
[2017.05.14-19.50.30:763][  0]LogWindows: DebugString: FoundDriverCount:3 
[2017.05.14-19.50.30:763][  0]LogD3D11RHI:     Adapter Name: Intel(R) HD Graphics 6000
[2017.05.14-19.50.30:763][  0]LogD3D11RHI:   Driver Version: 20.19.15.4531 (internal:20.19.15.4531, unified:20.19.15.4531)
[2017.05.14-19.50.30:763][  0]LogD3D11RHI:      Driver Date: 9-29-2016
[2017.05.14-19.50.30:763][  0]LogRHI: Texture pool is 1361 MB (70% of 1945 MB)
[2017.05.14-19.50.30:769][  0]LogD3D11RHI: Async texture creation enabled
[2017.05.14-19.50.31:076][  0]LogD3D11RHI: GPU Timing Frequency: 12.500000 (Debug: 2 0)
[2017.05.14-19.50.31:220][  0]LogShaderCompilers: Guid format shader working directory is -30 characters bigger than the processId version (../../../../../../Users/James Farrow/Documents/MyRepo/BuildingEscape/BuildingEscape/Intermediate/Shaders/WorkingDirectory/9100/).
[2017.05.14-19.50.31:221][  0]LogShaderCompilers: Cleaned the shader compiler working directory 'C:/Users/James Farrow/AppData/Local/Temp/UnrealShaderWorkingDir/77F7FE7D494447DE3A86229937E52F7C/'.
[2017.05.14-19.50.31:232][  0]LogShaderCompilers:Display: Using Local Shader Compiler.
[2017.05.14-19.50.34:959][  0]LogTemp:Display: Loaded TP AllDesktopTargetPlatform
[2017.05.14-19.50.35:082][  0]LogTemp:Display: Loaded TP MacClientTargetPlatform
[2017.05.14-19.50.35:214][  0]LogTemp:Display: Loaded TP MacNoEditorTargetPlatform
[2017.05.14-19.50.35:316][  0]LogTemp:Display: Loaded TP MacServerTargetPlatform
[2017.05.14-19.50.35:466][  0]LogTemp:Display: Loaded TP MacTargetPlatform
[2017.05.14-19.50.35:591][  0]LogTemp:Display: Loaded TP WindowsClientTargetPlatform
[2017.05.14-19.50.35:706][  0]LogTemp:Display: Loaded TP WindowsNoEditorTargetPlatform
[2017.05.14-19.50.35:825][  0]LogTemp:Display: Loaded TP WindowsServerTargetPlatform
[2017.05.14-19.50.35:920][  0]LogTemp:Display: Loaded TP WindowsTargetPlatform
[2017.05.14-19.50.36:049][  0]LogTemp:Display: Loaded TP AndroidTargetPlatform
[2017.05.14-19.50.36:177][  0]LogTemp:Display: Loaded TP Android_ASTCTargetPlatform
[2017.05.14-19.50.36:292][  0]LogTemp:Display: Loaded TP Android_ATCTargetPlatform
[2017.05.14-19.50.36:394][  0]LogTemp:Display: Loaded TP Android_DXTTargetPlatform
[2017.05.14-19.50.36:510][  0]LogTemp:Display: Loaded TP Android_ETC1TargetPlatform
[2017.05.14-19.50.36:627][  0]LogTemp:Display: Loaded TP Android_ETC2TargetPlatform
[2017.05.14-19.50.36:861][  0]LogTemp:Display: Loaded TP Android_MultiTargetPlatform
[2017.05.14-19.50.36:861][  0]LogTemp:Display: Loaded TP Android_PVRTCTargetPlatform
[2017.05.14-19.50.36:941][  0]LogTemp:Display: Loaded TP HTML5TargetPlatform
[2017.05.14-19.50.37:198][  0]LogTemp:Display: Loaded TP IOSTargetPlatform
[2017.05.14-19.50.37:267][  0]LogTemp:Display: Loaded TP TVOSTargetPlatform
[2017.05.14-19.50.37:365][  0]LogTemp:Display: Loaded TP LinuxClientTargetPlatform
[2017.05.14-19.50.37:468][  0]LogTemp:Display: Loaded TP LinuxNoEditorTargetPlatform
[2017.05.14-19.50.37:576][  0]LogTemp:Display: Loaded TP LinuxServerTargetPlatform
[2017.05.14-19.50.37:699][  0]LogTemp:Display: Loaded TP LinuxTargetPlatform
[2017.05.14-19.50.37:699][  0]LogTargetPlatformManager:Display: Building Assets For Windows
[2017.05.14-19.50.39:586][  0]LogDerivedDataCache:Display: Max Cache Size: 512 MB
[2017.05.14-19.50.40:263][  0]LogDerivedDataCache: Loaded boot cache 0.68s 50MB C:/Users/James Farrow/AppData/Local/UnrealEngine/4.15/DerivedDataCache/Boot.ddc.
[2017.05.14-19.50.40:263][  0]LogDerivedDataCache:Display: Loaded Boot cache: C:/Users/James Farrow/AppData/Local/UnrealEngine/4.15/DerivedDataCache/Boot.ddc
[2017.05.14-19.50.40:263][  0]LogDerivedDataCache: FDerivedDataBackendGraph:  Pak pak cache file ../../../../../../Users/James Farrow/Documents/MyRepo/BuildingEscape/BuildingEscape/DerivedDataCache/DDC.ddp not found, will not use a pak cache.
[2017.05.14-19.50.40:263][  0]LogDerivedDataCache: Unable to find inner node Pak for hierarchical cache Hierarchy.
[2017.05.14-19.50.40:264][  0]LogDerivedDataCache: FDerivedDataBackendGraph:  CompressedPak pak cache file ../../../../../../Users/James Farrow/Documents/MyRepo/BuildingEscape/BuildingEscape/DerivedDataCache/Compressed.ddp not found, will not use a pak cache.
[2017.05.14-19.50.40:264][  0]LogDerivedDataCache: Unable to find inner node CompressedPak for hierarchical cache Hierarchy.
[2017.05.14-19.50.40:354][  0]LogDerivedDataCache:Display: Pak cache opened for reading ../../../Engine/DerivedDataCache/Compressed.ddp.
[2017.05.14-19.50.40:368][  0]LogDerivedDataCache: Using Local data cache path C:/Users/James Farrow/AppData/Local/UnrealEngine/Common/DerivedDataCache: Writable
[2017.05.14-19.50.40:601][  0]LogSlate: Using Freetype 2.6.0
[2017.05.14-19.50.40:660][  0]LogSlate: SlateFontCache - WITH_FREETYPE: 1, WITH_HARFBUZZ: 1
[2017.05.14-19.50.40:660][  0]LogSlate: SlateFontCache - WITH_FREETYPE: 1, WITH_HARFBUZZ: 1
[2017.05.14-19.50.50:544][  0]LogInit: Selected Device Profile: [Windows]
[2017.05.14-19.50.50:651][  0]LogContentStreaming: Texture pool size is 0.00 MB
[2017.05.14-19.50.51:861][  0]LogMeshUtilities: Using QuadricMeshReduction for automatic static mesh reduction
[2017.05.14-19.50.52:088][  0]LogSimplygon: Simplygon DLL not present - disabling.
[2017.05.14-19.50.52:267][  0]LogMeshUtilities: Using SimplygonSwarm for distributed automatic mesh merging
[2017.05.14-19.50.52:267][  0]LogMeshUtilities: No automatic skeletal mesh reduction module available
[2017.05.14-19.50.52:267][  0]LogMeshUtilities: No automatic mesh merging module available
[2017.05.14-19.50.57:298][  0]LogNetVersion: GetLocalNetworkVersion: CL: 3299760, ProjectName: buildingescape, ProjectVersion: , EngineNetworkVersion: 2, GameNetworkVersion: 0, NetworkChecksum: 4140618008
[2017.05.14-19.50.57:457][  0]LogAssetRegistry: FAssetRegistry took 0.0224 seconds to start up
[2017.05.14-19.50.57:707][  0]LogPackageLocalizationCache: Processed 3 localized package path(s) for 2 prioritized culture(s) in 0.193412 seconds
[2017.05.14-19.50.57:737][  0]LogUObjectArray: 32493 objects as part of root set at end of initial load.
[2017.05.14-19.50.57:737][  0]LogUObjectAllocator: 7077024 out of 0 bytes used by permanent object pool.
[2017.05.14-19.50.57:737][  0]LogUObjectArray: CloseDisregardForGC: 0/0 objects in disregard for GC pool
[2017.05.14-19.50.57:892][  0]LogInit: WinSock: version 1.1 (2.2), MaxSocks=32767, MaxUdp=65467
[2017.05.14-19.51.13:501][  0]LogTcpMessaging: Initializing TcpMessaging bridge
[2017.05.14-19.51.13:650][  0]LogUdpMessaging: Initializing bridge on interface 0.0.0.0:0 to multicast group 230.0.0.1:6666.
[2017.05.14-19.51.17:341][  0]LogMaterial: Uniform references updated for custom material expression Custom.
[2017.05.14-19.51.19:730][  0]SourceControl: Info Source control is disabled
[2017.05.14-19.51.21:758][  0]SourceControl: Info Source control is disabled
[2017.05.14-19.51.22:262][  0]SourceControl: Info Source control is disabled
[2017.05.14-19.51.22:478][  0]SourceControl: Info Source control is disabled
[2017.05.14-19.51.38:907][  0]LogEngine: Initializing Engine...
[2017.05.14-19.51.38:911][  0]LogHMD: Failed to initialize OpenVR with code 110
[2017.05.14-19.51.40:101][  0]LogStats: UGameplayTagsManager::ConstructGameplayTagTree: Construct from data asset -  0.000 s
[2017.05.14-19.51.40:101][  0]LogStats: UGameplayTagsManager::ConstructGameplayTagTree: GameplayTagTreeChangedEvent.Broadcast -  0.000 s
[2017.05.14-19.51.41:604][  0]LogAIModule: Creating AISystem for world Untitled
[2017.05.14-19.51.41:987][  0]LogInit: XAudio2 using 'Speakers (Cirrus Logic CS4208 (AB 126))' : 2 channels at 48 kHz using 32 bits per sample (channel mask 0x3)
[2017.05.14-19.51.42:136][  0]LogInit: FAudioDevice initialized.
[2017.05.14-19.51.42:164][  0]LogDerivedDataCache: Saved boot cache 0.03s 50MB C:/Users/James Farrow/AppData/Local/UnrealEngine/4.15/DerivedDataCache/Boot.ddc.
[2017.05.14-19.51.42:168][  0]LogInit: Texture streaming: Enabled
[2017.05.14-19.51.45:101][  0]LogEngineSessionManager: EngineSessionManager initialized
[2017.05.14-19.51.47:813][  0]LogWindowsTextInputMethodSystem:Display: IME system now deactivated.
[2017.05.14-19.51.48:296][  0]LogInit: Transaction tracking system initialized
[2017.05.14-19.51.51:466][  0]BlueprintLog: New page: Editor Load
[2017.05.14-19.52.06:420][  0]LocalizationService: Info Localization service is disabled
[2017.05.14-19.52.11:046][  0]LogConsoleResponse:Display: 
[2017.05.14-19.52.13:335][  0]LogFileCache: Scanning file cache for directory 'C:/Users/James Farrow/Documents/MyRepo/BuildingEscape/BuildingEscape/Content/' took 0.02s
[2017.05.14-19.52.13:335][  0]LogCook:Display: Max memory allowance for cook 16384mb min free memory 0mb
[2017.05.14-19.52.13:335][  0]LogCook:Display: Mobile HDR setting 1
[2017.05.14-19.52.19:697][  0]SourceControl: Info Source control is disabled
[2017.05.14-19.52.19:807][  0]Cmd: MAP LOAD FILE="../../../../../../Users/James Farrow/Documents/MyRepo/BuildingEscape/BuildingEscape/Content/NewMap.umap" TEMPLATE=0 SHOWPROGRESS=1 FEATURELEVEL=3
[2017.05.14-19.52.19:858][  0]LightingResults: New page: Lighting Build
[2017.05.14-19.52.20:118][  0]MapCheck: New page: Map Check
[2017.05.14-19.52.20:118][  0]LightingResults: New page: Lighting Build
[2017.05.14-19.52.24:960][  0]LogAIModule: Creating AISystem for world NewMap
[2017.05.14-19.52.25:486][  0]LogEditorServer: Finished looking for orphan Actors (0.000 secs)
[2017.05.14-19.52.25:519][  0]Cmd: MAP CHECKDEP NOCLEARLOG
[2017.05.14-19.52.25:703][  0]MapCheck: Info Map check complete: 0 Error(s), 0 Warning(s), took 183.813ms to complete.
[2017.05.14-19.52.25:703][  0]LogFileHelpers: Loading map 'NewMap' took 5.929
[2017.05.14-19.52.28:604][  0]LogCollectionManager: Loaded 0 collections in 0.009337 seconds
[2017.05.14-19.52.29:295][  0]LogFileCache: Scanning file cache for directory 'C:/Users/James Farrow/Documents/MyRepo/BuildingEscape/BuildingEscape/Saved/Collections/' took 0.01s
[2017.05.14-19.52.29:295][  0]LogFileCache: Scanning file cache for directory 'C:/Users/James Farrow/Documents/MyRepo/BuildingEscape/BuildingEscape/Content/Developers/JamesFarrow/Collections/' took 0.01s
[2017.05.14-19.52.29:295][  0]LogFileCache: Scanning file cache for directory 'C:/Users/James Farrow/Documents/MyRepo/BuildingEscape/BuildingEscape/Content/Collections/' took 0.01s
[2017.05.14-19.52.29:295][  0]LogCollectionManager: Rebuilt the GUID cache for 0 collections in 0.000021 seconds
[2017.05.14-19.52.29:396][  0]LogContentBrowser: Native class hierarchy populated in 0.0374 seconds. Added 2248 classes and 455 folders.
[2017.05.14-19.52.29:574][  0]LogContentBrowser: Native class hierarchy updated for 'WidgetCarousel' in 0.0033 seconds. Added 0 classes and 0 folders.
[2017.05.14-19.52.33:221][  0]LogContentBrowser: Native class hierarchy updated for 'AddContentDialog' in 0.0105 seconds. Added 0 classes and 0 folders.
[2017.05.14-19.52.33:676][  0]LogContentBrowser: Native class hierarchy updated for 'SceneOutliner' in 0.0110 seconds. Added 1 classes and 2 folders.
[2017.05.14-19.52.35:487][  0]LogCrashTracker: Crashtracker disabled due to settings.
[2017.05.14-19.52.35:632][  0]LogUObjectGlobals:Warning: Failed to find object 'Class None.'
[2017.05.14-19.52.35:875][  0]LogContentBrowser: Native class hierarchy updated for 'HierarchicalLODOutliner' in 0.0045 seconds. Added 1 classes and 2 folders.
[2017.05.14-19.52.35:875][  0]LogLoad: (Engine Initialization) Total time: 142.76 seconds
[2017.05.14-19.52.35:875][  0]LogLoad: (Engine Initialization) Total Blueprint compile time: 0.48 seconds
[2017.05.14-19.52.35:875][  0]LogExternalProfiler: No external profilers were discovered.  External profiling features will not be available.
[2017.05.14-19.52.35:909][  0]LogOcInput: OculusInput pre-init called
[2017.05.14-19.52.36:131][  0]LogContentStreaming: Texture pool size now 1000 MB
[2017.05.14-19.52.36:292][  0]LogSlate: Took 0.061585 seconds to synchronously load lazily loaded font '../../../Engine/Content/Slate/Fonts/Roboto-Regular.ttf' (155K)
[2017.05.14-19.52.36:352][  0]LogSlate: Took 0.054764 seconds to synchronously load lazily loaded font '../../../Engine/Content/Slate/Fonts/Roboto-Bold.ttf' (160K)
[2017.05.14-19.52.36:551][  0]LogSlate: Took 0.070444 seconds to synchronously load lazily loaded font '../../../Engine/Content/Editor/Slate/Fonts/FontAwesome.ttf' (139K)
[2017.05.14-19.52.36:591][  0]LogSlate: Took 0.025282 seconds to synchronously load lazily loaded font '../../../Engine/Content/Editor/Slate/Fonts/DroidSansMono.ttf' (77K)
[2017.05.14-19.52.37:984][  0]LogRenderer: Reallocating scene render targets to support 904x436 NumSamples 1 (Frame:2).
[2017.05.14-19.52.39:979][  4]LogAssetRegistry: Asset discovery search completed in 102.5444 seconds
[2017.05.14-19.52.39:980][  4]LogCollectionManager: Rebuilt the object cache for 0 collections in 0.000105 seconds (found 0 objects)
[2017.05.14-19.52.39:982][  4]LogCollectionManager: Fixed up redirectors for 0 collections in 0.001624 seconds (updated 0 objects)
[2017.05.14-19.52.49:560][309]LogTemp: Repeting last play command: Selected Viewport
[2017.05.14-19.52.49:580][309]LogPlayLevel: PlayLevel: No blueprints needed recompiling
[2017.05.14-19.52.49:582][309]PIE: New page: PIE session: NewMap (14 May 2017 21:52:49)
[2017.05.14-19.52.49:609][309]LogPlayLevel: Creating play world package: /Game/UEDPIE_0_NewMap
[2017.05.14-19.52.49:613][309]LogPlayLevel: PIE: StaticDuplicateObject took: (0.003833s)
[2017.05.14-19.52.49:614][309]LogAIModule: Creating AISystem for world NewMap
[2017.05.14-19.52.49:614][309]LogPlayLevel: PIE: World Init took: (0.001033s)
[2017.05.14-19.52.49:615][309]LogPlayLevel: PIE: Created PIE world by copying editor world from /Game/NewMap.NewMap to /Game/UEDPIE_0_NewMap.NewMap (0.031944s)
[2017.05.14-19.52.49:644][309]LogInit: XAudio2 using 'Speakers (Cirrus Logic CS4208 (AB 126))' : 2 channels at 48 kHz using 32 bits per sample (channel mask 0x3)
[2017.05.14-19.52.49:650][309]LogInit: FAudioDevice initialized.
[2017.05.14-19.52.49:921][309]LogUObjectGlobals:Warning: Failed to find object 'Class /Script/BuildingEscape.BuildingEscapeGameMode'
[2017.05.14-19.52.49:921][309]LogLoad: Game class is 'GameModeBase'
[2017.05.14-19.52.49:951][309]LogWorld: Bringing World /Game/UEDPIE_0_NewMap.NewMap up for play (max tick rate 0) at 2017.05.14-20.52.49
[2017.05.14-19.52.49:989][309]LogWorld: Bringing up level for play took: 0.043400
[2017.05.14-19.52.50:212][309]LogContentBrowser: Native class hierarchy updated for 'MovieSceneCapture' in 0.0028 seconds. Added 11 classes and 0 folders.
[2017.05.14-19.52.50:214][309]LogTemp:Warning: SM_Chair_2 is at X=-56.455 Y=-446.806 Z=20.000
[2017.05.14-19.52.50:230][309]PIE: Info Play in editor start time for /Game/UEDPIE_0_NewMap 0.189
[2017.05.14-19.53.05:248][782]LogTemp: Repeting last play command: Selected Viewport
[2017.05.14-19.53.05:262][782]LogPlayLevel: PlayLevel: No blueprints needed recompiling
[2017.05.14-19.53.05:262][782]PIE: New page: PIE session: NewMap (14 May 2017 21:53:05)
[2017.05.14-19.53.05:262][782]LogPlayLevel: Creating play world package: /Game/UEDPIE_0_NewMap
[2017.05.14-19.53.05:269][782]LogPlayLevel: PIE: StaticDuplicateObject took: (0.006423s)
[2017.05.14-19.53.05:270][782]LogAIModule: Creating AISystem for world NewMap
[2017.05.14-19.53.05:271][782]LogPlayLevel: PIE: World Init took: (0.001353s)
[2017.05.14-19.53.05:271][782]LogPlayLevel: PIE: Created PIE world by copying editor world from /Game/NewMap.NewMap to /Game/UEDPIE_0_NewMap.NewMap (0.008647s)
[2017.05.14-19.53.05:302][782]LogInit: XAudio2 using 'Speakers (Cirrus Logic CS4208 (AB 126))' : 2 channels at 48 kHz using 32 bits per sample (channel mask 0x3)
[2017.05.14-19.53.05:309][782]LogInit: FAudioDevice initialized.
[2017.05.14-19.53.05:345][782]LogLoad: Game class is 'GameModeBase'
[2017.05.14-19.53.05:347][782]LogWorld: Bringing World /Game/UEDPIE_0_NewMap.NewMap up for play (max tick rate 0) at 2017.05.14-20.53.05
[2017.05.14-19.53.05:347][782]LogWorld: Bringing up level for play took: 0.001748
[2017.05.14-19.53.05:349][782]LogTemp:Warning: SM_Chair_2 is at X=-56.455 Y=-446.806 Z=20.000
[2017.05.14-19.53.05:349][782]PIE: Info Play in editor start time for /Game/UEDPIE_0_NewMap -0.693
[2017.05.14-19.53.50:443][995]LogTemp:Display: Executing iPhonePackager certificates Engine -bundlename com.YourCompany.BuildingEscape

[2017.05.14-19.53.50:444][995]LogTemp:Display: CWD: C:\Program Files\Epic Games\UE_4.15\Engine\Binaries\DotNET\IOS

[2017.05.14-19.53.50:444][995]LogTemp:Display: Initial Dir: C:\Program Files\Epic Games\UE_4.15

[2017.05.14-19.53.50:444][995]LogTemp:Display: Env CWD: C:\Program Files\Epic Games\UE_4.15\Engine\Binaries\DotNET\IOS

[2017.05.14-19.53.50:444][995]LogTemp:Display: BranchPath = DESKTOP-BHBDUN9/C/Program Files/Epic Games/UE_4.15/Engine/Binaries --- GameBranchPath = DESKTOP-BHBDUN9/C/Program Files/Epic Games/UE_4.15/Engine/Binaries

[2017.05.14-19.53.50:445][995]LogSlate: Only BGRA pngs, bmps or icos are supported in by External Image Picker
[2017.05.14-19.53.50:776][996]LogTemp:Display: IPP ERROR: Application exception: System.IO.DirectoryNotFoundException: Could not find a part of the path 'C:\Users\James Farrow\AppData\Local\Apple Computer\MobileDevice\Provisioning Profiles'.

[2017.05.14-19.53.50:777][996]LogTemp:Display:    at System.IO.__Error.WinIOError(Int32 errorCode, String maybeFullPath)

[2017.05.14-19.53.50:778][996]LogTemp:Display:    at System.IO.FileSystemEnumerableIterator`1.CommonInit()

[2017.05.14-19.53.50:779][996]LogTemp:Display:    at System.IO.Directory.EnumerateFiles(String path, String searchPattern)

[2017.05.14-19.53.50:779][996]LogTemp:Display:    at iPhonePackager.CodeSignatureBuilder.FindProvisions(String CFBundleIdentifier)

[2017.05.14-19.53.50:780][996]LogTemp:Display:    at iPhonePackager.Program.Main(String[] args)

[2017.05.14-19.54.32:331][ 95]LogSlate: Took 0.010691 seconds to synchronously load lazily loaded font '../../../Engine/Content/Slate/Fonts/Roboto-Light.ttf' (159K)
[2017.05.14-19.54.59:195][912]LogTemp: Repeting last play command: Selected Viewport
[2017.05.14-19.54.59:218][912]LogPlayLevel: PlayLevel: No blueprints needed recompiling
[2017.05.14-19.54.59:219][912]PIE: New page: PIE session: NewMap (14 May 2017 21:54:59)
[2017.05.14-19.54.59:219][912]LogPlayLevel: Creating play world package: /Game/UEDPIE_0_NewMap
[2017.05.14-19.54.59:232][912]LogPlayLevel: PIE: StaticDuplicateObject took: (0.012087s)
[2017.05.14-19.54.59:233][912]LogAIModule: Creating AISystem for world NewMap
[2017.05.14-19.54.59:235][912]LogPlayLevel: PIE: World Init took: (0.002521s)
[2017.05.14-19.54.59:236][912]LogPlayLevel: PIE: Created PIE world by copying editor world from /Game/NewMap.NewMap to /Game/UEDPIE_0_NewMap.NewMap (0.016275s)
[2017.05.14-19.54.59:293][912]LogInit: XAudio2 using 'Speakers (Cirrus Logic CS4208 (AB 126))' : 2 channels at 48 kHz using 32 bits per sample (channel mask 0x3)
[2017.05.14-19.54.59:301][912]LogInit: FAudioDevice initialized.
[2017.05.14-19.54.59:333][912]LogLoad: Game class is 'BuildingEscapeGameModeBase'
[2017.05.14-19.54.59:336][912]LogWorld: Bringing World /Game/UEDPIE_0_NewMap.NewMap up for play (max tick rate 60) at 2017.05.14-20.54.59
[2017.05.14-19.54.59:336][912]LogWorld: Bringing up level for play took: 0.002727
[2017.05.14-19.54.59:338][912]LogTemp:Warning: SM_Chair_2 is at X=-56.455 Y=-446.806 Z=20.000
[2017.05.14-19.54.59:338][912]PIE: Info Play in editor start time for /Game/UEDPIE_0_NewMap -0.703
[2017.05.14-19.56.23:156][215]LogTemp: Repeting last play command: Selected Viewport
[2017.05.14-19.56.23:186][215]LogPlayLevel: PlayLevel: No blueprints needed recompiling
[2017.05.14-19.56.23:187][215]PIE: New page: PIE session: NewMap (14 May 2017 21:56:23)
[2017.05.14-19.56.23:187][215]LogPlayLevel: Creating play world package: /Game/UEDPIE_0_NewMap
[2017.05.14-19.56.23:203][215]LogPlayLevel: PIE: StaticDuplicateObject took: (0.015000s)
[2017.05.14-19.56.23:207][215]LogAIModule: Creating AISystem for world NewMap
[2017.05.14-19.56.23:209][215]LogPlayLevel: PIE: World Init took: (0.004990s)
[2017.05.14-19.56.23:210][215]LogPlayLevel: PIE: Created PIE world by copying editor world from /Game/NewMap.NewMap to /Game/UEDPIE_0_NewMap.NewMap (0.022778s)
[2017.05.14-19.56.23:260][215]LogInit: XAudio2 using 'Speakers (Cirrus Logic CS4208 (AB 126))' : 2 channels at 48 kHz using 32 bits per sample (channel mask 0x3)
[2017.05.14-19.56.23:271][215]LogInit: FAudioDevice initialized.
[2017.05.14-19.56.23:305][215]LogLoad: Game class is 'BuildingEscapeGameModeBase'
[2017.05.14-19.56.23:309][215]LogWorld: Bringing World /Game/UEDPIE_0_NewMap.NewMap up for play (max tick rate 60) at 2017.05.14-20.56.23
[2017.05.14-19.56.23:310][215]LogWorld: Bringing up level for play took: 0.003690
[2017.05.14-19.56.23:312][215]LogTemp:Warning: SM_Chair_2 is at X=-56.455 Y=-446.806 Z=20.000
[2017.05.14-19.56.23:313][215]PIE: Info Play in editor start time for /Game/UEDPIE_0_NewMap -0.729
[2017.05.14-19.56.53:039][  3]LogSlate: Took 0.053043 seconds to synchronously load lazily loaded font '../../../Engine/Content/Editor/Slate/Fonts/Roboto-Italic.ttf' (157K)
[2017.05.14-19.58.58:270][844]LogVSAccessor:Warning: Visual Studio is open but could not be queried - it may be blocked by a modal operation
[2017.05.14-20.07.09:514][289]LogHotReload: New module detected: UE4Editor-BuildingEscape-7833.dll
[2017.05.14-20.07.14:196][304]LogHotReload: Starting Hot-Reload from IDE
[2017.05.14-20.07.14:511][304]LogClass: Could not find existing class OpenDoor in package /Script/BuildingEscape for HotReload, assuming new class
[2017.05.14-20.07.14:514][304]LogHotReload: Re-instancing OpenDoor after hot-reload.
[2017.05.14-20.07.14:904][304]LogContentBrowser: Native class hierarchy updated for 'BuildingEscape' in 0.0025 seconds. Added 3 classes and 2 folders.
[2017.05.14-20.07.14:906][304]Display: HotReload successful (0 functions remapped  0 scriptstructs remapped)
[2017.05.14-20.07.15:004][304]LogContentBrowser: Native class hierarchy populated in 0.0148 seconds. Added 2250 classes and 459 folders.
[2017.05.14-20.07.15:058][304]Display: HotReload took  0.9s.
[2017.05.14-20.07.20:866][385]LogTemp: Repeting last play command: Selected Viewport
[2017.05.14-20.07.20:881][385]LogPlayLevel: PlayLevel: No blueprints needed recompiling
[2017.05.14-20.07.20:881][385]PIE: New page: PIE session: NewMap (14 May 2017 22:07:20)
[2017.05.14-20.07.20:881][385]LogPlayLevel: Creating play world package: /Game/UEDPIE_0_NewMap
[2017.05.14-20.07.20:925][385]LogPlayLevel: PIE: StaticDuplicateObject took: (0.043972s)
[2017.05.14-20.07.20:926][385]LogAIModule: Creating AISystem for world NewMap
[2017.05.14-20.07.20:927][385]LogPlayLevel: PIE: World Init took: (0.001395s)
[2017.05.14-20.07.20:927][385]LogPlayLevel: PIE: Created PIE world by copying editor world from /Game/NewMap.NewMap to /Game/UEDPIE_0_NewMap.NewMap (0.046151s)
[2017.05.14-20.07.20:966][385]LogInit: XAudio2 using 'Speakers (Cirrus Logic CS4208 (AB 126))' : 2 channels at 48 kHz using 32 bits per sample (channel mask 0x3)
[2017.05.14-20.07.20:977][385]LogInit: FAudioDevice initialized.
[2017.05.14-20.07.21:011][385]LogLoad: Game class is 'BuildingEscapeGameModeBase'
[2017.05.14-20.07.21:014][385]LogWorld: Bringing World /Game/UEDPIE_0_NewMap.NewMap up for play (max tick rate 60) at 2017.05.14-21.07.21
[2017.05.14-20.07.21:014][385]LogWorld: Bringing up level for play took: 0.002311
[2017.05.14-20.07.21:016][385]LogTemp:Warning: SM_Chair_2 is at X=-56.455 Y=-446.806 Z=20.000
[2017.05.14-20.07.21:016][385]PIE: Info Play in editor start time for /Game/UEDPIE_0_NewMap 0.974
[2017.05.14-20.08.29:715][311]LogEditorViewport: Clicking on Actor (LMB): StaticMeshActor (Wall_Door_400x400)
[2017.05.14-20.09.19:573][632]LogTemp: Repeting last play command: Selected Viewport
[2017.05.14-20.09.19:605][632]LogPlayLevel: PlayLevel: No blueprints needed recompiling
[2017.05.14-20.09.19:606][632]PIE: New page: PIE session: NewMap (14 May 2017 22:09:19)
[2017.05.14-20.09.19:607][632]LogPlayLevel: Creating play world package: /Game/UEDPIE_0_NewMap
[2017.05.14-20.09.19:626][632]LogPlayLevel: PIE: StaticDuplicateObject took: (0.018704s)
[2017.05.14-20.09.19:629][632]LogAIModule: Creating AISystem for world NewMap
[2017.05.14-20.09.19:630][632]LogPlayLevel: PIE: World Init took: (0.003446s)
[2017.05.14-20.09.19:631][632]LogPlayLevel: PIE: Created PIE world by copying editor world from /Game/NewMap.NewMap to /Game/UEDPIE_0_NewMap.NewMap (0.024375s)
[2017.05.14-20.09.19:697][632]LogInit: XAudio2 using 'Speakers (Cirrus Logic CS4208 (AB 126))' : 2 channels at 48 kHz using 32 bits per sample (channel mask 0x3)
[2017.05.14-20.09.19:712][632]LogInit: FAudioDevice initialized.
[2017.05.14-20.09.19:751][632]LogLoad: Game class is 'BuildingEscapeGameModeBase'
[2017.05.14-20.09.19:755][632]LogWorld: Bringing World /Game/UEDPIE_0_NewMap.NewMap up for play (max tick rate 60) at 2017.05.14-21.09.19
[2017.05.14-20.09.19:756][632]LogWorld: Bringing up level for play took: 0.003571
[2017.05.14-20.09.19:759][632]LogTemp:Warning: SM_Chair_2 is at X=-56.455 Y=-446.806 Z=20.000
[2017.05.14-20.09.19:759][632]PIE: Info Play in editor start time for /Game/UEDPIE_0_NewMap -0.283
[2017.05.14-20.09.45:135][413]LogTemp: Repeting last play command: Selected Viewport
[2017.05.14-20.09.45:165][413]LogPlayLevel: PlayLevel: No blueprints needed recompiling
[2017.05.14-20.09.45:166][413]PIE: New page: PIE session: NewMap (14 May 2017 22:09:45)
[2017.05.14-20.09.45:167][413]LogPlayLevel: Creating play world package: /Game/UEDPIE_0_NewMap
[2017.05.14-20.09.45:187][413]LogPlayLevel: PIE: StaticDuplicateObject took: (0.019523s)
[2017.05.14-20.09.45:191][413]LogAIModule: Creating AISystem for world NewMap
[2017.05.14-20.09.45:192][413]LogPlayLevel: PIE: World Init took: (0.004472s)
[2017.05.14-20.09.45:193][413]LogPlayLevel: PIE: Created PIE world by copying editor world from /Game/NewMap.NewMap to /Game/UEDPIE_0_NewMap.NewMap (0.026597s)
[2017.05.14-20.09.45:267][413]LogInit: XAudio2 using 'Speakers (Cirrus Logic CS4208 (AB 126))' : 2 channels at 48 kHz using 32 bits per sample (channel mask 0x3)
[2017.05.14-20.09.45:294][413]LogInit: FAudioDevice initialized.
[2017.05.14-20.09.45:330][413]LogLoad: Game class is 'BuildingEscapeGameModeBase'
[2017.05.14-20.09.45:333][413]LogWorld: Bringing World /Game/UEDPIE_0_NewMap.NewMap up for play (max tick rate 60) at 2017.05.14-21.09.45
[2017.05.14-20.09.45:334][413]LogWorld: Bringing up level for play took: 0.002910
[2017.05.14-20.09.45:336][413]LogTemp:Warning: SM_Chair_2 is at X=-56.455 Y=-446.806 Z=20.000
[2017.05.14-20.09.45:337][413]PIE: Info Play in editor start time for /Game/UEDPIE_0_NewMap -0.705
[2017.05.14-20.10.30:194][756]Cmd: SELECT NONE
[2017.05.14-20.10.44:387][163]LogEditorViewport: Clicking on Actor (LMB): TriggerVolume (TriggerVolume)
[2017.05.14-20.10.52:677][395]Cmd: SELECT NONE
[2017.05.14-20.10.56:209][496]LogEditorViewport: Clicking on Actor (LMB): StaticMeshActor (Wall_400x400)
[2017.05.14-20.10.57:953][539]LogEditorViewport: Clicking on Actor (LMB): StaticMeshActor (SM_Door)
[2017.05.14-20.11.01:052][623]LogEditorViewport: Clicking on Actor (LMB): StaticMeshActor (Wall_400x400)
[2017.05.14-20.11.03:606][692]LogEditorViewport: Clicking on Actor (LMB): StaticMeshActor (SM_Door)
[2017.05.14-20.11.06:205][764]LogEditorViewport: Clicking on Actor (LMB): StaticMeshActor (Floor)
[2017.05.14-20.11.07:764][804]LogEditorViewport: Clicking on Actor (LMB): StaticMeshActor (Floor)
[2017.05.14-20.11.09:154][844]Cmd: SELECT NONE
[2017.05.14-20.11.40:103][875]LogEditorViewport: Clicking on Actor (LMB): StaticMeshActor (Wall_400x400)
[2017.05.14-20.11.41:368][905]LogEditorViewport: Clicking on Actor (LMB): StaticMeshActor (Floor)
[2017.05.14-20.11.42:342][927]LogEditorViewport: Clicking on Actor (LMB): TriggerVolume (TriggerVolume)
[2017.05.14-20.12.13:732][782]Cmd: SELECT NONE
[2017.05.14-20.12.15:476][827]Recompiling BuildingEscape...
[2017.05.14-20.12.15:476][827]Launching UnrealBuildTool... [C:/Program Files/Epic Games/UE_4.15/Engine/Binaries/DotNET/UnrealBuildTool.exe BuildingEscape -ModuleWithSuffix BuildingEscape 9275 Win64 Development -editorrecompile -canskiplink "C:/Users/James Farrow/Documents/MyRepo/BuildingEscape/BuildingEscape/BuildingEscape.uproject" ]
[2017.05.14-20.12.15:483][827]Warning: Starting HotReload took  0.2s.
[2017.05.14-20.12.33:099][311]CompilerResultsLog: New page: Compilation - 14 May 2017 22:12:33
[2017.05.14-20.12.33:099][311]CompilerResultsLog: Info Compiling game modules for hot reload
[2017.05.14-20.12.33:099][311]CompilerResultsLog: Info Target is up to date
[2017.05.14-20.12.33:099][311]CompilerResultsLog: Info Total build time: 15.67 seconds (NoActionsToExecute executor: 0.01 seconds)
[2017.05.14-20.12.33:100][311]LogMainFrame: MainFrame: Module compiling took 17.630 seconds
[2017.05.14-20.12.33:213][311]LogContentBrowser: Native class hierarchy populated in 0.0331 seconds. Added 2250 classes and 459 folders.
[2017.05.14-20.12.33:213][311]Display: HotReload took 17.9s.
[2017.05.14-20.12.35:280][371]LogTemp: Repeting last play command: Selected Viewport
[2017.05.14-20.12.35:313][371]LogPlayLevel: PlayLevel: No blueprints needed recompiling
[2017.05.14-20.12.35:314][371]PIE: New page: PIE session: NewMap (14 May 2017 22:12:35)
[2017.05.14-20.12.35:315][371]LogPlayLevel: Creating play world package: /Game/UEDPIE_0_NewMap
[2017.05.14-20.12.35:332][371]LogPlayLevel: PIE: StaticDuplicateObject took: (0.016438s)
[2017.05.14-20.12.35:336][371]LogAIModule: Creating AISystem for world NewMap
[2017.05.14-20.12.35:337][371]LogPlayLevel: PIE: World Init took: (0.004270s)
[2017.05.14-20.12.35:338][371]LogPlayLevel: PIE: Created PIE world by copying editor world from /Game/NewMap.NewMap to /Game/UEDPIE_0_NewMap.NewMap (0.022864s)
[2017.05.14-20.12.35:401][371]LogInit: XAudio2 using 'Speakers (Cirrus Logic CS4208 (AB 126))' : 2 channels at 48 kHz using 32 bits per sample (channel mask 0x3)
[2017.05.14-20.12.35:424][371]LogInit: FAudioDevice initialized.
[2017.05.14-20.12.35:465][371]LogLoad: Game class is 'BuildingEscapeGameModeBase'
[2017.05.14-20.12.35:469][371]LogWorld: Bringing World /Game/UEDPIE_0_NewMap.NewMap up for play (max tick rate 60) at 2017.05.14-21.12.35
[2017.05.14-20.12.35:482][371]LogWorld: Bringing up level for play took: 0.016143
[2017.05.14-20.12.35:485][371]LogTemp:Warning: SM_Chair_2 is at X=-56.455 Y=-446.806 Z=20.000
[2017.05.14-20.12.35:486][371]PIE: Info Play in editor start time for /Game/UEDPIE_0_NewMap -0.556
[2017.05.14-20.12.44:251][644]LogEditorViewport: Clicking on Actor (LMB): StaticMeshActor (SM_Door2)
[2017.05.14-20.12.46:403][699]LogEditorViewport: Clicking on Actor (LMB): StaticMeshActor (Wall_400x403)
[2017.05.14-20.12.47:647][731]LogEditorViewport: Clicking on Actor (LMB): StaticMeshActor (Wall_400x403)
[2017.05.14-20.12.56:738][984]Cmd: SELECT NONE
[2017.05.14-20.13.01:352][113]LogEditorViewport: Clicking on Actor (LMB): StaticMeshActor (Wall_400x403)
[2017.05.14-20.13.47:103][336]MapCheck: New page: Map Check
[2017.05.14-20.13.47:320][336]LightingResults: New page: Lighting Build - 14 May 2017 22:13:47
[2017.05.14-20.13.47:803][336]LogSwarmInterface: [OpenConnection] Registering TCP channel ...
[2017.05.14-20.13.48:301][336]LogSwarmInterface: [OpenConnection] Connecting to agent ...
[2017.05.14-20.13.48:522][336]LogSwarmInterface: [TryOpenConnection] Testing the Agent
[2017.05.14-20.13.50:953][336]LogSwarmInterface:Error: [TryOpenConnection] Waiting for the agent to start up ...
[2017.05.14-20.13.51:011][336]LogSwarmInterface:Error: System.Net.Sockets.SocketException (0x80004005): No connection could be made because the target machine actively refused it 127.0.0.1:8008

Server stack trace: 
   at System.Net.Sockets.Socket.DoConnect(EndPoint endPointSnapshot, SocketAddress socketAddress)
   at System.Net.Sockets.Socket.Connect(EndPoint remoteEP)
   at System.Runtime.Remoting.Channels.RemoteConnection.CreateNewSocket(EndPoint ipEndPoint)
   at System.Runtime.Remoting.Channels.SocketCache.GetSocket(String machinePortAndSid, Boolean openNew)
   at System.Runtime.Remoting.Channels.Tcp.TcpClientTransportSink.SendRequestWithRetry(IMessage msg, ITransportHeaders requestHeaders, Stream requestStream)
   at System.Runtime.Remoting.Channels.Tcp.TcpClientTransportSink.AsyncProcessRequest(IClientChannelSinkStack sinkStack, IMessage msg, ITransportHeaders headers, Stream stream)
   at System.Runtime.Remoting.Channels.BinaryClientFormatterSink.AsyncProcessMessage(IMessage msg, IMessageSink replySink)

Exception rethrown at [0]: 
   at System.Runtime.Remoting.Proxies.RealProxy.HandleReturnMessage(IMessage reqMsg, IMessage retMsg)
   at System.Runtime.Remoting.Proxies.RealProxy.PrivateInvoke(MessageData& msgData, Int32 type)
   at NSwarm.IAgentInterfaceWrapper.MethodDelegate.EndInvoke(Hashtable& OutParameters, IAsyncResult result)
   at NSwarm.FSwarmInterface.TryOpenConnection(FConnectionCallback CallbackFunc, IntPtr CallbackData, ELogFlags LoggingFlags)
[2017.05.14-20.13.56:222][336]LogSwarmInterface: [TryOpenConnection] Opening Connection to Agent
[2017.05.14-20.13.56:222][336]LogSwarmInterface: [TryOpenConnection] Local Process ID is 9100
[2017.05.14-20.14.01:009][336]LogStaticLightingSystem:Warning: No importance volume found, so the scene bounding box was used.  You can optimize your scene's quality and lighting build times by adding importance volumes.
[2017.05.14-20.14.01:066][336]LogStaticLightingSystem: Running Lightmass w/ ImmediateImport mode ENABLED
[2017.05.14-20.14.01:066][336]LogStaticLightingSystem: Running Lightmass w/ ImmediateProcess mode ENABLED
[2017.05.14-20.14.01:066][336]LogStaticLightingSystem: Running Lightmass w/ Sorting mode ENABLED
[2017.05.14-20.14.01:067][336]LogStaticLightingSystem: Running Lightmass w/ Mapping paddings ENABLED
[2017.05.14-20.14.01:067][336]LogStaticLightingSystem: Running Lightmass w/ Mapping debug paddings DISABLED
[2017.05.14-20.14.01:858][336]LogEditorBuildUtils: Build time 0:14
[2017.05.14-20.14.06:344][383]LogSavePackage: Save=530.46ms
[2017.05.14-20.14.06:344][383]LogSavePackage: Moving '../../../../../../Users/James Farrow/Documents/MyRepo/BuildingEscape/BuildingEscape/Saved/NewMap_Auto1EC0E0BD1499923E898065BB81731E360.tmp' to '../../../../../../Users/James Farrow/Documents/MyRepo/BuildingEscape/BuildingEscape/Saved/Autosaves/Game/NewMap_Auto1.umap'
[2017.05.14-20.14.06:469][383]LogSavePackage:Display: Finished SavePackage ../../../../../../Users/James Farrow/Documents/MyRepo/BuildingEscape/BuildingEscape/Saved/Autosaves/Game/NewMap_Auto1.umap
[2017.05.14-20.14.06:656][383]LogSlate: Took 0.037399 seconds to synchronously load lazily loaded font '../../../Engine/Content/Slate/Fonts/Roboto-Regular.ttf' (155K)
[2017.05.14-20.14.06:694][383]LogFileHelpers: Editor autosave (incl. sublevels) for '/Game/NewMap' took 1.650
[2017.05.14-20.14.06:695][383]LogFileHelpers: Editor autosave (incl. sublevels) for all levels took 1.650
[2017.05.14-20.14.11:386][521]Cmd: SELECT NONE
[2017.05.14-20.14.22:482][828]Job is a success!
[2017.05.14-20.14.23:557][829]LogTexture:Display: Building textures: LQ_Lightmap_0_1 (DXT1, 1024X1024) - 144 MB total VRAM
[2017.05.14-20.14.23:557][829]LogTexture:Display: Building textures: HQ_Lightmap0_1 (AutoDXT, 1024X1024) - 144 MB total VRAM
[2017.05.14-20.14.23:558][829]LogTexture:Display: Building textures: HQ_Lightmap0_2 (AutoDXT, 64X64) - 144 MB total VRAM
[2017.05.14-20.14.23:558][829]LogTexture:Display: Building textures: LQ_Lightmap_0_2 (DXT1, 64X64) - 144 MB total VRAM
[2017.05.14-20.14.23:738][829]LogTexture:Display: Building textures: ShadowMapTexture2D_0 (BGRA8, 1024X256) - 144 MB total VRAM
[2017.05.14-20.14.23:738][829]LogTexture:Display: Building textures: ShadowMapTexture2D_1 (G8, 32X32) - 144 MB total VRAM
[2017.05.14-20.14.23:798][829]Lightmass on DESKTOP-BHBDUN9: 19.4 sec total, 658 ms importing, 98 ms setup, 1.84 sec photons, 15.1 sec processing, 0 ms extra exporting [13/13 mappings]. Threads: 1:00 min total, 40.6 sec processing.
[2017.05.14-20.14.23:906][829]LogStaticLightingSystem: Illumination: 36.4 sec (709 ms encoding lightmaps, 176 ms encoding shadowmaps)
[2017.05.14-20.14.23:907][829]LogStaticLightingSystem: Lightmap texture memory:  2.0 MB (2.0 MB streaming, 0.0 MB non-streaming), 4 textures
[2017.05.14-20.14.23:907][829]LogStaticLightingSystem: Shadowmap texture memory: 1.3 MB (1.3 MB streaming, 0.0 MB non-streaming), 2 textures
[2017.05.14-20.14.24:063][829]DumpUnbuiltLightIteractions
[2017.05.14-20.14.24:063][829]Lights with unbuilt interactions: 0
[2017.05.14-20.14.24:063][829]
[2017.05.14-20.14.24:063][829]Primitives with unbuilt interactions: 0
[2017.05.14-20.14.24:089][830]Cmd: MAP CHECK NOTIFYRESULTS
[2017.05.14-20.14.24:090][830]MapCheck: New page: NewMap - 14 May 2017 22:14:24
[2017.05.14-20.14.24:297][830]MapCheck: Info Map check complete: 0 Error(s), 0 Warning(s), took 207.005ms to complete.
[2017.05.14-20.14.53:679][710]LogEditorViewport: Clicking on Actor (LMB): StaticMeshActor (Wall_400x403)
[2017.05.14-20.15.23:345][482]MapCheck: New page: Map Check
[2017.05.14-20.15.23:362][482]LightingResults: New page: Lighting Build - 14 May 2017 22:15:23
[2017.05.14-20.15.23:382][482]LogSwarmInterface: [OpenConnection] Registering TCP channel ...
[2017.05.14-20.15.23:386][482]LogSwarmInterface: [OpenConnection] Connecting to agent ...
[2017.05.14-20.15.23:387][482]LogSwarmInterface: [TryOpenConnection] Testing the Agent
[2017.05.14-20.15.23:389][482]LogSwarmInterface: [TryOpenConnection] Opening Connection to Agent
[2017.05.14-20.15.23:389][482]LogSwarmInterface: [TryOpenConnection] Local Process ID is 9100
[2017.05.14-20.15.27:899][482]LogStaticLightingSystem:Warning: No importance volume found, so the scene bounding box was used.  You can optimize your scene's quality and lighting build times by adding importance volumes.
[2017.05.14-20.15.27:900][482]LogStaticLightingSystem: Running Lightmass w/ ImmediateImport mode ENABLED
[2017.05.14-20.15.27:900][482]LogStaticLightingSystem: Running Lightmass w/ ImmediateProcess mode ENABLED
[2017.05.14-20.15.27:900][482]LogStaticLightingSystem: Running Lightmass w/ Sorting mode ENABLED
[2017.05.14-20.15.27:900][482]LogStaticLightingSystem: Running Lightmass w/ Mapping paddings ENABLED
[2017.05.14-20.15.27:900][482]LogStaticLightingSystem: Running Lightmass w/ Mapping debug paddings DISABLED
[2017.05.14-20.15.28:027][482]LogEditorBuildUtils: Build time 0:04
[2017.05.14-20.15.47:239][  1]Job is a success!
[2017.05.14-20.15.48:077][  2]LogTexture:Display: Building textures: HQ_Lightmap1_1 (AutoDXT, 1024X1024) - 146 MB total VRAM
[2017.05.14-20.15.48:078][  2]LogTexture:Display: Building textures: LQ_Lightmap_1_1 (DXT1, 1024X1024) - 146 MB total VRAM
[2017.05.14-20.15.48:078][  2]LogTexture:Display: Building textures: HQ_Lightmap1_2 (AutoDXT, 64X64) - 146 MB total VRAM
[2017.05.14-20.15.48:078][  2]LogTexture:Display: Building textures: LQ_Lightmap_1_2 (DXT1, 64X64) - 146 MB total VRAM
[2017.05.14-20.15.48:216][  2]LogTexture:Display: Building textures: ShadowMapTexture2D_2 (BGRA8, 1024X256) - 146 MB total VRAM
[2017.05.14-20.15.48:216][  2]LogTexture:Display: Building textures: ShadowMapTexture2D_3 (G8, 32X32) - 146 MB total VRAM
[2017.05.14-20.15.48:254][  2]Lightmass on DESKTOP-BHBDUN9: 17.9 sec total, 513 ms importing, 106 ms setup, 1.13 sec photons, 16.1 sec processing, 0 ms extra exporting [13/13 mappings]. Threads: 1:04 min total, 44.3 sec processing.
[2017.05.14-20.15.48:263][  2]LogStaticLightingSystem: Illumination: 24.8 sec (648 ms encoding lightmaps, 134 ms encoding shadowmaps)
[2017.05.14-20.15.48:264][  2]LogStaticLightingSystem: Lightmap texture memory:  2.0 MB (2.0 MB streaming, 0.0 MB non-streaming), 4 textures
[2017.05.14-20.15.48:264][  2]LogStaticLightingSystem: Shadowmap texture memory: 1.3 MB (1.3 MB streaming, 0.0 MB non-streaming), 2 textures
[2017.05.14-20.15.48:911][  2]DumpUnbuiltLightIteractions
[2017.05.14-20.15.48:911][  2]Lights with unbuilt interactions: 0
[2017.05.14-20.15.48:911][  2]
[2017.05.14-20.15.48:911][  2]Primitives with unbuilt interactions: 0
[2017.05.14-20.15.48:920][  3]Cmd: MAP CHECK NOTIFYRESULTS
[2017.05.14-20.15.48:920][  3]MapCheck: New page: NewMap - 14 May 2017 22:15:48
[2017.05.14-20.15.49:041][  3]MapCheck: Info Map check complete: 0 Error(s), 0 Warning(s), took 121.29ms to complete.
[2017.05.14-20.15.53:354][134]LogEditorViewport: Clicking on Actor (LMB): StaticMeshActor (Wall_400x400)
[2017.05.14-20.16.08:412][572]LogTemp: Repeting last play command: Selected Viewport
[2017.05.14-20.16.08:447][572]LogPlayLevel: PlayLevel: No blueprints needed recompiling
[2017.05.14-20.16.08:448][572]PIE: New page: PIE session: NewMap (14 May 2017 22:16:08)
[2017.05.14-20.16.08:449][572]LogPlayLevel: Creating play world package: /Game/UEDPIE_0_NewMap
[2017.05.14-20.16.08:457][572]LogPlayLevel: PIE: StaticDuplicateObject took: (0.007775s)
[2017.05.14-20.16.08:458][572]LogAIModule: Creating AISystem for world NewMap
[2017.05.14-20.16.08:459][572]LogPlayLevel: PIE: World Init took: (0.001691s)
[2017.05.14-20.16.08:459][572]LogPlayLevel: PIE: Created PIE world by copying editor world from /Game/NewMap.NewMap to /Game/UEDPIE_0_NewMap.NewMap (0.010476s)
[2017.05.14-20.16.08:559][572]LogInit: XAudio2 using 'Speakers (Cirrus Logic CS4208 (AB 126))' : 2 channels at 48 kHz using 32 bits per sample (channel mask 0x3)
[2017.05.14-20.16.08:589][572]LogInit: FAudioDevice initialized.
[2017.05.14-20.16.08:629][572]LogLoad: Game class is 'BuildingEscapeGameModeBase'
[2017.05.14-20.16.08:633][572]LogWorld: Bringing World /Game/UEDPIE_0_NewMap.NewMap up for play (max tick rate 60) at 2017.05.14-21.16.08
[2017.05.14-20.16.08:634][572]LogWorld: Bringing up level for play took: 0.003562
[2017.05.14-20.16.08:636][572]LogTemp:Warning: SM_Chair_2 is at X=-56.455 Y=-446.806 Z=20.000
[2017.05.14-20.16.08:637][572]PIE: Info Play in editor start time for /Game/UEDPIE_0_NewMap 0.595
[2017.05.14-20.16.24:240][ 36]LogEditorViewport: Clicking on Actor (LMB): StaticMeshActor (Wall_400x403)
[2017.05.14-20.16.35:054][354]MapCheck: New page: Map Check
[2017.05.14-20.16.35:067][354]LightingResults: New page: Lighting Build - 14 May 2017 22:16:35
[2017.05.14-20.16.35:086][354]LogSwarmInterface: [OpenConnection] Registering TCP channel ...
[2017.05.14-20.16.35:088][354]LogSwarmInterface: [OpenConnection] Connecting to agent ...
[2017.05.14-20.16.35:089][354]LogSwarmInterface: [TryOpenConnection] Testing the Agent
[2017.05.14-20.16.35:096][354]LogSwarmInterface: [TryOpenConnection] Opening Connection to Agent
[2017.05.14-20.16.35:096][354]LogSwarmInterface: [TryOpenConnection] Local Process ID is 9100
[2017.05.14-20.16.39:607][354]LogStaticLightingSystem:Warning: No importance volume found, so the scene bounding box was used.  You can optimize your scene's quality and lighting build times by adding importance volumes.
[2017.05.14-20.16.39:608][354]LogStaticLightingSystem: Running Lightmass w/ ImmediateImport mode ENABLED
[2017.05.14-20.16.39:608][354]LogStaticLightingSystem: Running Lightmass w/ ImmediateProcess mode ENABLED
[2017.05.14-20.16.39:608][354]LogStaticLightingSystem: Running Lightmass w/ Sorting mode ENABLED
[2017.05.14-20.16.39:608][354]LogStaticLightingSystem: Running Lightmass w/ Mapping paddings ENABLED
[2017.05.14-20.16.39:608][354]LogStaticLightingSystem: Running Lightmass w/ Mapping debug paddings DISABLED
[2017.05.14-20.16.39:718][354]LogEditorBuildUtils: Build time 0:04
[2017.05.14-20.16.59:323][900]Job is a success!
[2017.05.14-20.17.00:176][901]LogTexture:Display: Building textures: HQ_Lightmap0_1 (AutoDXT, 1024X1024) - 146 MB total VRAM
[2017.05.14-20.17.00:176][901]LogTexture:Display: Building textures: LQ_Lightmap_0_1 (DXT1, 1024X1024) - 146 MB total VRAM
[2017.05.14-20.17.00:176][901]LogTexture:Display: Building textures: HQ_Lightmap0_2 (AutoDXT, 64X64) - 146 MB total VRAM
[2017.05.14-20.17.00:176][901]LogTexture:Display: Building textures: LQ_Lightmap_0_2 (DXT1, 64X64) - 146 MB total VRAM
[2017.05.14-20.17.00:298][901]LogTexture:Display: Building textures: ShadowMapTexture2D_4 (BGRA8, 1024X256) - 146 MB total VRAM
[2017.05.14-20.17.00:298][901]LogTexture:Display: Building textures: ShadowMapTexture2D_5 (G8, 32X32) - 146 MB total VRAM
[2017.05.14-20.17.00:336][901]Lightmass on DESKTOP-BHBDUN9: 19.0 sec total, 609 ms importing, 154 ms setup, 1.23 sec photons, 16.9 sec processing, 0 ms extra exporting [13/13 mappings]. Threads: 1:07 min total, 46.4 sec processing.
[2017.05.14-20.17.00:345][901]LogStaticLightingSystem: Illumination: 25.2 sec (662 ms encoding lightmaps, 117 ms encoding shadowmaps)
[2017.05.14-20.17.00:346][901]LogStaticLightingSystem: Lightmap texture memory:  2.0 MB (2.0 MB streaming, 0.0 MB non-streaming), 4 textures
[2017.05.14-20.17.00:346][901]LogStaticLightingSystem: Shadowmap texture memory: 1.3 MB (1.3 MB streaming, 0.0 MB non-streaming), 2 textures
[2017.05.14-20.17.00:620][901]DumpUnbuiltLightIteractions
[2017.05.14-20.17.00:620][901]Lights with unbuilt interactions: 0
[2017.05.14-20.17.00:620][901]
[2017.05.14-20.17.00:620][901]Primitives with unbuilt interactions: 0
[2017.05.14-20.17.00:627][902]Cmd: MAP CHECK NOTIFYRESULTS
[2017.05.14-20.17.00:627][902]MapCheck: New page: NewMap - 14 May 2017 22:17:00
[2017.05.14-20.17.00:737][902]MapCheck: Info Map check complete: 0 Error(s), 0 Warning(s), took 109.565ms to complete.
[2017.05.14-20.17.03:303][985]Cmd: SELECT NONE
[2017.05.14-20.17.20:272][520]LogTemp: Repeting last play command: Selected Viewport
[2017.05.14-20.17.20:294][520]LogPlayLevel: PlayLevel: No blueprints needed recompiling
[2017.05.14-20.17.20:295][520]PIE: New page: PIE session: NewMap (14 May 2017 22:17:20)
[2017.05.14-20.17.20:295][520]LogPlayLevel: Creating play world package: /Game/UEDPIE_0_NewMap
[2017.05.14-20.17.20:303][520]LogPlayLevel: PIE: StaticDuplicateObject took: (0.007325s)
[2017.05.14-20.17.20:304][520]LogAIModule: Creating AISystem for world NewMap
[2017.05.14-20.17.20:305][520]LogPlayLevel: PIE: World Init took: (0.001756s)
[2017.05.14-20.17.20:305][520]LogPlayLevel: PIE: Created PIE world by copying editor world from /Game/NewMap.NewMap to /Game/UEDPIE_0_NewMap.NewMap (0.010146s)
[2017.05.14-20.17.20:362][520]LogInit: XAudio2 using 'Speakers (Cirrus Logic CS4208 (AB 126))' : 2 channels at 48 kHz using 32 bits per sample (channel mask 0x3)
[2017.05.14-20.17.20:375][520]LogInit: FAudioDevice initialized.
[2017.05.14-20.17.20:416][520]LogLoad: Game class is 'BuildingEscapeGameModeBase'
[2017.05.14-20.17.20:420][520]LogWorld: Bringing World /Game/UEDPIE_0_NewMap.NewMap up for play (max tick rate 60) at 2017.05.14-21.17.20
[2017.05.14-20.17.20:421][520]LogWorld: Bringing up level for play took: 0.003914
[2017.05.14-20.17.20:424][520]LogTemp:Warning: SM_Chair_2 is at X=-56.455 Y=-446.806 Z=20.000
[2017.05.14-20.17.20:424][520]PIE: Info Play in editor start time for /Game/UEDPIE_0_NewMap 0.383
[2017.05.14-20.17.38:501][139]LogTemp: Repeting last play command: Selected Viewport
[2017.05.14-20.17.38:535][139]LogPlayLevel: PlayLevel: No blueprints needed recompiling
[2017.05.14-20.17.38:536][139]PIE: New page: PIE session: NewMap (14 May 2017 22:17:38)
[2017.05.14-20.17.38:537][139]LogPlayLevel: Creating play world package: /Game/UEDPIE_0_NewMap
[2017.05.14-20.17.38:565][139]LogPlayLevel: PIE: StaticDuplicateObject took: (0.027843s)
[2017.05.14-20.17.38:568][139]LogAIModule: Creating AISystem for world NewMap
[2017.05.14-20.17.38:569][139]LogPlayLevel: PIE: World Init took: (0.003590s)
[2017.05.14-20.17.38:569][139]LogPlayLevel: PIE: Created PIE world by copying editor world from /Game/NewMap.NewMap to /Game/UEDPIE_0_NewMap.NewMap (0.032672s)
[2017.05.14-20.17.38:636][139]LogInit: XAudio2 using 'Speakers (Cirrus Logic CS4208 (AB 126))' : 2 channels at 48 kHz using 32 bits per sample (channel mask 0x3)
[2017.05.14-20.17.38:650][139]LogInit: FAudioDevice initialized.
[2017.05.14-20.17.38:687][139]LogLoad: Game class is 'BuildingEscapeGameModeBase'
[2017.05.14-20.17.38:690][139]LogWorld: Bringing World /Game/UEDPIE_0_NewMap.NewMap up for play (max tick rate 60) at 2017.05.14-21.17.38
[2017.05.14-20.17.38:691][139]LogWorld: Bringing up level for play took: 0.003086
[2017.05.14-20.17.38:692][139]LogTemp:Warning: SM_Chair_2 is at X=-56.455 Y=-446.806 Z=20.000
[2017.05.14-20.17.38:693][139]PIE: Info Play in editor start time for /Game/UEDPIE_0_NewMap 0.651
[2017.05.14-20.18.10:374][197]Cmd: CLOSE_SLATE_MAINFRAME
[2017.05.14-20.18.12:421][197]Cmd: OBJ SAVEPACKAGE PACKAGE="/Game/NewMap" FILE="../../../../../../Users/James Farrow/Documents/MyRepo/BuildingEscape/BuildingEscape/Content/NewMap.umap" SILENT=true AUTOSAVING=false KEEPDIRTY=false
[2017.05.14-20.18.12:520][197]LogSavePackage: Save=58.71ms
[2017.05.14-20.18.12:520][197]LogSavePackage: Moving '../../../../../../Users/James Farrow/Documents/MyRepo/BuildingEscape/BuildingEscape/Saved/NewMap115F6D464BE8E0D02D2637982E3FF68C.tmp' to '../../../../../../Users/James Farrow/Documents/MyRepo/BuildingEscape/BuildingEscape/Content/NewMap.umap'
[2017.05.14-20.18.12:527][197]LogSavePackage:Display: Finished SavePackage ../../../../../../Users/James Farrow/Documents/MyRepo/BuildingEscape/BuildingEscape/Content/NewMap.umap
[2017.05.14-20.18.12:575][197]LogFileHelpers: Saving map 'NewMap' took 0.278
[2017.05.14-20.18.12:580][197]Cmd: OBJ SAVEPACKAGE PACKAGE="/Game/NewMap_BuiltData" FILE="../../../../../../Users/James Farrow/Documents/MyRepo/BuildingEscape/BuildingEscape/Content/NewMap_BuiltData.uasset" SILENT=true
[2017.05.14-20.18.12:865][197]LogSavePackage: Save=216.87ms
[2017.05.14-20.18.12:865][197]LogSavePackage: Moving '../../../../../../Users/James Farrow/Documents/MyRepo/BuildingEscape/BuildingEscape/Saved/NewMap_BuiltData35C37135477B300F19FFB2B73C72F786.tmp' to '../../../../../../Users/James Farrow/Documents/MyRepo/BuildingEscape/BuildingEscape/Content/NewMap_BuiltData.uasset'
[2017.05.14-20.18.12:871][197]LogSavePackage:Display: Finished SavePackage ../../../../../../Users/James Farrow/Documents/MyRepo/BuildingEscape/BuildingEscape/Content/NewMap_BuiltData.uasset
[2017.05.14-20.18.13:368][198]Cmd: QUIT_EDITOR
[2017.05.14-20.18.14:561][198]LogWindowsTextInputMethodSystem:Display: IME system now deactivated.
[2017.05.14-20.18.14:606][198]LogExit: Preparing to exit.
[2017.05.14-20.18.15:297][198]LogDirectoryWatcher: A directory notification for 'C:/Users/James Farrow/Documents/MyRepo/BuildingEscape/BuildingEscape/Content/' was aborted.
[2017.05.14-20.18.15:422][198]LogExit: Editor shut down
[2017.05.14-20.18.15:424][198]LogExit: Transaction tracking system shut down
[2017.05.14-20.18.16:936][198]LogObj: Freed 0b from 0 cluster array pools.
[2017.05.14-20.18.16:937][198]LogExit: Object subsystem successfully closed.
[2017.05.14-20.18.17:328][198]LogD3D11RHI: Shutdown
[2017.05.14-20.18.17:328][198]LogD3D11RHI: CleanupD3DDevice
[2017.05.14-20.18.17:661][198]LogD3D11RHI: ~FD3D11DynamicRHI
[2017.05.14-20.18.18:171][198]LogModuleManager: Shutting down and abandoning module BuildingEscape (505)
[2017.05.14-20.18.18:171][198]LogModuleManager: Shutting down and abandoning module ExternalImagePicker (504)
[2017.05.14-20.18.18:171][198]LogModuleManager: Shutting down and abandoning module MovieSceneCapture (502)
[2017.05.14-20.18.18:172][198]LogModuleManager: Shutting down and abandoning module HierarchicalLODOutliner (500)
[2017.05.14-20.18.18:172][198]LogModuleManager: Shutting down and abandoning module CrashTracker (498)
[2017.05.14-20.18.18:172][198]LogModuleManager: Shutting down and abandoning module SceneOutliner (496)
[2017.05.14-20.18.18:172][198]LogModuleManager: Shutting down and abandoning module AddContentDialog (494)
[2017.05.14-20.18.18:181][198]LogDirectoryWatcher: A directory notification for 'C:/Program Files/Epic Games/UE_4.15/FeaturePacks/' was aborted.
[2017.05.14-20.18.18:191][198]LogModuleManager: Shutting down and abandoning module WidgetCarousel (493)
[2017.05.14-20.18.18:191][198]LogModuleManager: Shutting down and abandoning module EditorWidgets (490)
[2017.05.14-20.18.18:191][198]LogModuleManager: Shutting down and abandoning module CollectionManager (488)
[2017.05.14-20.18.18:191][198]LogDirectoryWatcher: A directory notification for 'C:/Users/James Farrow/Documents/MyRepo/BuildingEscape/BuildingEscape/Content/Collections/' was aborted.
[2017.05.14-20.18.18:191][198]LogDirectoryWatcher: A directory notification for 'C:/Users/James Farrow/Documents/MyRepo/BuildingEscape/BuildingEscape/Content/Developers/JamesFarrow/Collections/' was aborted.
[2017.05.14-20.18.18:192][198]LogDirectoryWatcher: A directory notification for 'C:/Users/James Farrow/Documents/MyRepo/BuildingEscape/BuildingEscape/Saved/Collections/' was aborted.
[2017.05.14-20.18.18:192][198]LogModuleManager: Shutting down and abandoning module StatsViewer (486)
[2017.05.14-20.18.18:201][198]LogModuleManager: Shutting down and abandoning module FoliageEdit (484)
[2017.05.14-20.18.18:201][198]LogModuleManager: Shutting down and abandoning module LandscapeEditor (482)
[2017.05.14-20.18.18:208][198]LogModuleManager: Shutting down and abandoning module SceneDepthPickerMode (480)
[2017.05.14-20.18.18:208][198]LogModuleManager: Shutting down and abandoning module ActorPickerMode (478)
[2017.05.14-20.18.18:208][198]LogModuleManager: Shutting down and abandoning module GeometryMode (476)
[2017.05.14-20.18.18:208][198]LogModuleManager: Shutting down and abandoning module TextureAlignMode (474)
[2017.05.14-20.18.18:208][198]LogModuleManager: Shutting down and abandoning module BspMode (472)
[2017.05.14-20.18.18:208][198]LogModuleManager: Shutting down and abandoning module HardwareSurvey (470)
[2017.05.14-20.18.18:208][198]LogModuleManager: Shutting down and abandoning module SequenceRecorderSections (468)
[2017.05.14-20.18.18:208][198]LogModuleManager: Shutting down and abandoning module AutomationWorker (466)
[2017.05.14-20.18.18:208][198]LogModuleManager: Shutting down and abandoning module MatineeToLevelSequence (464)
[2017.05.14-20.18.18:208][198]LogModuleManager: Shutting down and abandoning module LevelSequenceEditor (462)
[2017.05.14-20.18.18:220][198]LogModuleManager: Shutting down and abandoning module PlacementMode (461)
[2017.05.14-20.18.18:220][198]LogModuleManager: Shutting down and abandoning module WmfMediaFactory (458)
[2017.05.14-20.18.18:220][198]LogModuleManager: Shutting down and abandoning module WmfMediaEditor (456)
[2017.05.14-20.18.18:220][198]LogModuleManager: Shutting down and abandoning module MfMediaFactory (454)
[2017.05.14-20.18.18:220][198]LogModuleManager: Shutting down and abandoning module MfMediaEditor (452)
[2017.05.14-20.18.18:220][198]LogModuleManager: Shutting down and abandoning module AvfMediaFactory (450)
[2017.05.14-20.18.18:220][198]LogModuleManager: Shutting down and abandoning module AvfMediaEditor (448)
[2017.05.14-20.18.18:220][198]LogModuleManager: Shutting down and abandoning module AndroidMediaFactory (446)
[2017.05.14-20.18.18:220][198]LogModuleManager: Shutting down and abandoning module Media (445)
[2017.05.14-20.18.18:220][198]LogModuleManager: Shutting down and abandoning module AndroidMediaEditor (442)
[2017.05.14-20.18.18:220][198]LogModuleManager: Shutting down and abandoning module CharacterAI (440)
[2017.05.14-20.18.18:220][198]LogModuleManager: Shutting down and abandoning module AudioCapture (438)
[2017.05.14-20.18.18:220][198]LogModuleManager: Shutting down and abandoning module SequenceRecorder (437)
[2017.05.14-20.18.18:271][198]LogModuleManager: Shutting down and abandoning module SmartSnapping (434)
[2017.05.14-20.18.18:271][198]LogModuleManager: Shutting down and abandoning module SessionServices (432)
[2017.05.14-20.18.18:271][198]LogModuleManager: Shutting down and abandoning module ViewportSnapping (430)
[2017.05.14-20.18.18:271][198]LogModuleManager: Shutting down and abandoning module ViewportInteraction (428)
[2017.05.14-20.18.18:271][198]LogModuleManager: Shutting down and abandoning module LogVisualizer (426)
[2017.05.14-20.18.18:271][198]LogModuleManager: Shutting down and abandoning module IntroTutorials (424)
[2017.05.14-20.18.18:272][198]LogModuleManager: Shutting down and abandoning module GameProjectGeneration (423)
[2017.05.14-20.18.18:380][198]LogModuleManager: Shutting down and abandoning module EditorLiveStreaming (420)
[2017.05.14-20.18.18:380][198]LogModuleManager: Shutting down and abandoning module IOSPlatformEditor (418)
[2017.05.14-20.18.18:380][198]LogModuleManager: Shutting down and abandoning module HTML5PlatformEditor (416)
[2017.05.14-20.18.18:380][198]LogModuleManager: Shutting down and abandoning module AndroidPlatformEditor (414)
[2017.05.14-20.18.18:380][198]LogModuleManager: Shutting down and abandoning module AndroidDeviceDetection (413)
[2017.05.14-20.18.18:495][198]LogModuleManager: Shutting down and abandoning module IOSRuntimeSettings (410)
[2017.05.14-20.18.18:495][198]LogModuleManager: Shutting down and abandoning module AndroidRuntimeSettings (408)
[2017.05.14-20.18.18:495][198]LogModuleManager: Shutting down and abandoning module InputBindingEditor (406)
[2017.05.14-20.18.18:495][198]LogModuleManager: Shutting down and abandoning module NiagaraEditor (404)
[2017.05.14-20.18.18:523][198]LogModuleManager: Shutting down and abandoning module MergeActors (402)
[2017.05.14-20.18.18:523][198]LogModuleManager: Shutting down and abandoning module SizeMap (400)
[2017.05.14-20.18.18:523][198]LogModuleManager: Shutting down and abandoning module TreeMap (398)
[2017.05.14-20.18.18:523][198]LogModuleManager: Shutting down and abandoning module ReferenceViewer (396)
[2017.05.14-20.18.18:523][198]LogModuleManager: Shutting down and abandoning module LocalizationDashboard (394)
[2017.05.14-20.18.18:523][198]LogModuleManager: Shutting down and abandoning module LocalizationService (393)
[2017.05.14-20.18.18:523][198]LogModuleManager: Shutting down and abandoning module HardwareTargeting (390)
[2017.05.14-20.18.18:523][198]LogModuleManager: Shutting down and abandoning module DeviceProfileEditor (388)
[2017.05.14-20.18.18:523][198]LogModuleManager: Shutting down and abandoning module UndoHistory (386)
[2017.05.14-20.18.18:523][198]LogModuleManager: Shutting down and abandoning module UserFeedback (384)
[2017.05.14-20.18.18:523][198]LogModuleManager: Shutting down and abandoning module XmlParser (382)
[2017.05.14-20.18.18:523][198]LogModuleManager: Shutting down and abandoning module Blutility (380)
[2017.05.14-20.18.18:523][198]LogModuleManager: Shutting down and abandoning module ProjectSettingsViewer (378)
[2017.05.14-20.18.18:523][198]LogModuleManager: Shutting down and abandoning module ProjectTargetPlatformEditor (377)
[2017.05.14-20.18.18:524][198]LogModuleManager: Shutting down and abandoning module EditorSettingsViewer (374)
[2017.05.14-20.18.18:524][198]LogModuleManager: Shutting down and abandoning module SettingsEditor (372)
[2017.05.14-20.18.18:524][198]LogModuleManager: Shutting down and abandoning module ProjectLauncher (370)
[2017.05.14-20.18.18:524][198]LogModuleManager: Shutting down and abandoning module SessionFrontend (368)
[2017.05.14-20.18.18:524][198]LogModuleManager: Shutting down and abandoning module ProfilerClient (366)
[2017.05.14-20.18.18:525][198]LogModuleManager: Shutting down and abandoning module DeviceManager (364)
[2017.05.14-20.18.18:525][198]LogModuleManager: Shutting down and abandoning module TargetDeviceServices (363)
[2017.05.14-20.18.18:569][198]LogModuleManager: Shutting down and abandoning module AutomationController (360)
[2017.05.14-20.18.18:569][198]LogModuleManager: Shutting down and abandoning module AutomationWindow (358)
[2017.05.14-20.18.18:569][198]LogModuleManager: Shutting down and abandoning module Layers (356)
[2017.05.14-20.18.18:569][198]LogModuleManager: Shutting down and abandoning module ComponentVisualizers (354)
[2017.05.14-20.18.18:569][198]LogModuleManager: Shutting down and abandoning module DetailCustomizations (352)
[2017.05.14-20.18.18:621][198]LogModuleManager: Shutting down and abandoning module PackagesDialog (350)
[2017.05.14-20.18.18:622][198]LogModuleManager: Shutting down and abandoning module Persona (348)
[2017.05.14-20.18.18:649][198]LogModuleManager: Shutting down and abandoning module AnimGraph (347)
[2017.05.14-20.18.18:649][198]LogModuleManager: Shutting down and abandoning module Kismet (344)
[2017.05.14-20.18.18:672][198]LogModuleManager: Shutting down and abandoning module GraphEditor (342)
[2017.05.14-20.18.18:741][198]LogModuleManager: Shutting down and abandoning module ClassViewer (340)
[2017.05.14-20.18.18:744][198]LogModuleManager: Shutting down and abandoning module Toolbox (338)
[2017.05.14-20.18.18:744][198]LogModuleManager: Shutting down and abandoning module ModuleUI (336)
[2017.05.14-20.18.18:744][198]LogModuleManager: Shutting down and abandoning module MovieSceneTools (334)
[2017.05.14-20.18.18:760][198]LogModuleManager: Shutting down and abandoning module OutputLog (332)
[2017.05.14-20.18.18:760][198]LogModuleManager: Shutting down and abandoning module GammaUI (330)
[2017.05.14-20.18.18:760][198]LogModuleManager: Shutting down and abandoning module Documentation (328)
[2017.05.14-20.18.18:760][198]LogModuleManager: Shutting down and abandoning module Niagara (326)
[2017.05.14-20.18.18:760][198]LogModuleManager: Shutting down and abandoning module StreamingPauseRendering (324)
[2017.05.14-20.18.18:760][198]LogModuleManager: Shutting down and abandoning module AnalyticsET (322)
[2017.05.14-20.18.18:760][198]LogModuleManager: Shutting down and abandoning module PortalServices (320)
[2017.05.14-20.18.18:760][198]LogModuleManager: Shutting down and abandoning module PortalRpc (318)
[2017.05.14-20.18.18:760][198]LogModuleManager: Shutting down and abandoning module MessagingRpc (316)
[2017.05.14-20.18.18:760][198]LogModuleManager: Shutting down and abandoning module AIModule (314)
[2017.05.14-20.18.18:760][198]LogModuleManager: Shutting down and abandoning module GameplayDebugger (313)
[2017.05.14-20.18.18:760][198]LogModuleManager: Shutting down and abandoning module AITestSuite (311)
[2017.05.14-20.18.18:760][198]LogModuleManager: Shutting down and abandoning module ProfilerService (308)
[2017.05.14-20.18.18:967][198]LogModuleManager: Shutting down and abandoning module TaskGraph (306)
[2017.05.14-20.18.18:967][198]LogModuleManager: Shutting down and abandoning module SteamVRController (304)
[2017.05.14-20.18.18:967][198]LogModuleManager: Shutting down and abandoning module SteamVR (302)
[2017.05.14-20.18.18:967][198]LogModuleManager: Shutting down and abandoning module ProceduralMeshComponentEditor (300)
[2017.05.14-20.18.18:967][198]LogModuleManager: Shutting down and abandoning module ProceduralMeshComponent (298)
[2017.05.14-20.18.18:968][198]LogModuleManager: Shutting down and abandoning module OculusLibrary (296)
[2017.05.14-20.18.18:968][198]LogModuleManager: Shutting down and abandoning module OculusInput (294)
[2017.05.14-20.18.18:968][198]LogModuleManager: Shutting down and abandoning module MobilePatchingUtils (292)
[2017.05.14-20.18.18:968][198]LogModuleManager: Shutting down and abandoning module CustomMeshComponent (290)
[2017.05.14-20.18.18:968][198]LogModuleManager: Shutting down and abandoning module CableComponent (288)
[2017.05.14-20.18.18:968][198]LogModuleManager: Shutting down and abandoning module ArchVisCharacter (286)
[2017.05.14-20.18.18:968][198]LogModuleManager: Shutting down and abandoning module MediaPlayerEditor (282)
[2017.05.14-20.18.18:985][198]LogModuleManager: Shutting down and abandoning module HTML5Networking (280)
[2017.05.14-20.18.18:985][198]LogModuleManager: Shutting down and abandoning module AlembicImporter (278)
[2017.05.14-20.18.18:985][198]LogModuleManager: Shutting down and abandoning module AlembicLibrary (277)
[2017.05.14-20.18.18:985][198]LogModuleManager: Shutting down and abandoning module GeometryCache (276)
[2017.05.14-20.18.18:985][198]LogModuleManager: Shutting down and abandoning module GeometryCacheEd (275)
[2017.05.14-20.18.18:985][198]LogModuleManager: Shutting down and abandoning module SuperSearchEditor (270)
[2017.05.14-20.18.18:985][198]LogModuleManager: Shutting down and abandoning module SuperSearch (269)
[2017.05.14-20.18.18:985][198]LogModuleManager: Shutting down and abandoning module SpeedTreeImporter (266)
[2017.05.14-20.18.18:985][198]LogModuleManager: Shutting down and abandoning module PluginBrowser (264)
[2017.05.14-20.18.18:985][198]LogModuleManager: Shutting down and abandoning module MobileLauncherProfileWizard (262)
[2017.05.14-20.18.18:985][198]LogModuleManager: Shutting down and abandoning module EpicSurvey (260)
[2017.05.14-20.18.18:985][198]LogModuleManager: Shutting down and abandoning module VisualStudioSourceCodeAccess (258)
[2017.05.14-20.18.18:985][198]LogModuleManager: Shutting down and abandoning module DesktopPlatform (257)
[2017.05.14-20.18.19:015][198]LogModuleManager: Shutting down and abandoning module UObjectPlugin (254)
[2017.05.14-20.18.19:015][198]LogModuleManager: Shutting down and abandoning module SubversionSourceControl (252)
[2017.05.14-20.18.19:015][198]LogModuleManager: Shutting down and abandoning module PerforceSourceControl (250)
[2017.05.14-20.18.19:015][198]LogModuleManager: Shutting down and abandoning module GitSourceControl (248)
[2017.05.14-20.18.19:015][198]LogModuleManager: Shutting down and abandoning module SourceControl (247)
[2017.05.14-20.18.19:023][198]LogModuleManager: Shutting down and abandoning module LightPropagationVolumeEditor (244)
[2017.05.14-20.18.19:023][198]LogModuleManager: Shutting down and abandoning module PaperTiledImporter (242)
[2017.05.14-20.18.19:023][198]LogModuleManager: Shutting down and abandoning module PaperSpriteSheetImporter (240)
[2017.05.14-20.18.19:023][198]LogModuleManager: Shutting down and abandoning module Paper2DEditor (238)
[2017.05.14-20.18.19:023][198]LogModuleManager: Shutting down and abandoning module MeshPaint (237)
[2017.05.14-20.18.19:023][198]LogModuleManager: Shutting down and abandoning module LevelEditor (235)
[2017.05.14-20.18.19:039][198]LogModuleManager: Shutting down and abandoning module PixelInspectorModule (234)
[2017.05.14-20.18.19:039][198]LogModuleManager: Shutting down and abandoning module MainFrame (232)
[2017.05.14-20.18.19:039][198]LogModuleManager: Shutting down and abandoning module HotReload (231)
[2017.05.14-20.18.19:039][198]LogDirectoryWatcher: A directory notification for 'C:/Users/James Farrow/Documents/MyRepo/BuildingEscape/BuildingEscape/Binaries/Win64' was aborted.
[2017.05.14-20.18.19:040][198]LogModuleManager: Shutting down and abandoning module ContentBrowser (227)
[2017.05.14-20.18.19:041][198]LogModuleManager: Shutting down and abandoning module PhysXVehiclesEditor (222)
[2017.05.14-20.18.19:041][198]LogModuleManager: Shutting down and abandoning module PhysXVehicles (220)
[2017.05.14-20.18.19:041][198]LogModuleManager: Shutting down and abandoning module LocationServicesBPLibrary (218)
[2017.05.14-20.18.19:041][198]LogModuleManager: Shutting down and abandoning module UdpMessaging (216)
[2017.05.14-20.18.19:142][198]LogModuleManager: Shutting down and abandoning module TcpMessaging (214)
[2017.05.14-20.18.19:246][198]LogModuleManager: Shutting down and abandoning module GameplayTagsEditor (212)
[2017.05.14-20.18.19:246][198]LogModuleManager: Shutting down and abandoning module FacialAnimationEditor (210)
[2017.05.14-20.18.19:246][198]LogModuleManager: Shutting down and abandoning module FacialAnimation (208)
[2017.05.14-20.18.19:246][198]LogModuleManager: Shutting down and abandoning module LightPropagationVolumeRuntime (206)
[2017.05.14-20.18.19:246][198]LogModuleManager: Shutting down and abandoning module Paper2D (204)
[2017.05.14-20.18.19:246][198]LogModuleManager: Shutting down and abandoning module WindowsMoviePlayer (202)
[2017.05.14-20.18.19:246][198]LogModuleManager: Shutting down and abandoning module WmfMedia (200)
[2017.05.14-20.18.19:246][198]LogModuleManager: Shutting down and abandoning module MfMedia (198)
[2017.05.14-20.18.19:246][198]LogModuleManager: Shutting down and abandoning module MediaAssets (196)
[2017.05.14-20.18.19:246][198]LogModuleManager: Shutting down and abandoning module GameLiveStreaming (194)
[2017.05.14-20.18.19:247][198]LogModuleManager: Shutting down and abandoning module VREditor (192)
[2017.05.14-20.18.19:247][198]LogModuleManager: Shutting down and abandoning module GameplayTasksEditor (190)
[2017.05.14-20.18.19:247][198]LogModuleManager: Shutting down and abandoning module BehaviorTreeEditor (188)
[2017.05.14-20.18.19:273][198]LogModuleManager: Shutting down and abandoning module FunctionalTesting (186)
[2017.05.14-20.18.19:273][198]LogModuleManager: Shutting down and abandoning module CollisionAnalyzer (184)
[2017.05.14-20.18.19:273][198]LogModuleManager: Shutting down and abandoning module UMG (182)
[2017.05.14-20.18.19:325][198]LogModuleManager: Shutting down and abandoning module UMGEditor (181)
[2017.05.14-20.18.19:436][198]LogModuleManager: Shutting down and abandoning module Sequencer (180)
[2017.05.14-20.18.19:577][198]LogModuleManager: Shutting down and abandoning module AssetTools (178)
[2017.05.14-20.18.19:627][198]LogModuleManager: Shutting down and abandoning module MessageLog (177)
[2017.05.14-20.18.19:627][198]LogModuleManager: Shutting down and abandoning module WorkspaceMenuStructure (176)
[2017.05.14-20.18.19:627][198]LogModuleManager: Shutting down and abandoning module SlateReflector (170)
[2017.05.14-20.18.19:655][198]LogModuleManager: Shutting down and abandoning module Slate (168)
[2017.05.14-20.18.19:655][198]LogModuleManager: Shutting down and abandoning module EditorStyle (166)
[2017.05.14-20.18.19:660][198]LogModuleManager: Shutting down and abandoning module SourceCodeAccess (164)
[2017.05.14-20.18.19:687][198]LogModuleManager: Shutting down and abandoning module HeadMountedDisplay (162)
[2017.05.14-20.18.19:687][198]LogModuleManager: Shutting down and abandoning module XAudio2 (160)
[2017.05.14-20.18.19:687][198]LogModuleManager: Shutting down and abandoning module Networking (158)
[2017.05.14-20.18.19:687][198]LogModuleManager: Shutting down and abandoning module Core (154)
[2017.05.14-20.18.19:687][198]LogModuleManager: Shutting down and abandoning module AssetRegistry (152)
[2017.05.14-20.18.19:828][198]LogDirectoryWatcher: A directory notification for '../../../Engine/Content/' was aborted.
[2017.05.14-20.18.19:828][198]LogDirectoryWatcher: A directory notification for '../../../../../../Users/James Farrow/Documents/MyRepo/BuildingEscape/BuildingEscape/Content/' was aborted.
[2017.05.14-20.18.19:828][198]LogDirectoryWatcher: A directory notification for '../../../Engine/Plugins/2D/Paper2D/Content/' was aborted.
[2017.05.14-20.18.19:837][198]LogModuleManager: Shutting down and abandoning module DirectoryWatcher (151)
[2017.05.14-20.18.19:848][198]LogModuleManager: Shutting down and abandoning module KismetCompiler (148)
[2017.05.14-20.18.19:848][198]LogModuleManager: Shutting down and abandoning module PhysXFormats (146)
[2017.05.14-20.18.19:848][198]LogModuleManager: Shutting down and abandoning module MeshUtilities (144)
[2017.05.14-20.18.19:848][198]LogModuleManager: Shutting down and abandoning module SimplygonSwarm (143)
[2017.05.14-20.18.19:848][198]LogModuleManager: Shutting down and abandoning module SimplygonMeshReduction (141)
[2017.05.14-20.18.19:848][198]LogModuleManager: Shutting down and abandoning module QuadricMeshReduction (139)
[2017.05.14-20.18.19:848][198]LogModuleManager: Shutting down and abandoning module PropertyEditor (137)
[2017.05.14-20.18.19:848][198]LogModuleManager: Shutting down and abandoning module DerivedDataCache (134)
[2017.05.14-20.18.19:948][198]LogDerivedDataCache: Shutdown
[2017.05.14-20.18.19:948][198]LogModuleManager: Shutting down and abandoning module TargetPlatform (132)
[2017.05.14-20.18.19:948][198]LogModuleManager: Shutting down and abandoning module VulkanShaderFormat (131)
[2017.05.14-20.18.19:948][198]LogModuleManager: Shutting down and abandoning module ShaderFormatOpenGL (129)
[2017.05.14-20.18.19:948][198]LogModuleManager: Shutting down and abandoning module ShaderFormatD3D (127)
[2017.05.14-20.18.19:948][198]LogModuleManager: Shutting down and abandoning module MetalShaderFormat (125)
[2017.05.14-20.18.19:948][198]LogModuleManager: Shutting down and abandoning module TextureFormatUncompressed (123)
[2017.05.14-20.18.19:948][198]LogModuleManager: Shutting down and abandoning module TextureFormatPVR (121)
[2017.05.14-20.18.19:948][198]LogModuleManager: Shutting down and abandoning module TextureFormatDXT (119)
[2017.05.14-20.18.19:948][198]LogModuleManager: Shutting down and abandoning module TextureFormatIntelISPCTexComp (117)
[2017.05.14-20.18.19:949][198]LogModuleManager: Shutting down and abandoning module TextureFormatASTC (115)
[2017.05.14-20.18.19:949][198]LogModuleManager: Shutting down and abandoning module ImageWrapper (114)
[2017.05.14-20.18.19:949][198]LogModuleManager: Shutting down and abandoning module TextureFormatAndroid (111)
[2017.05.14-20.18.19:949][198]LogModuleManager: Shutting down and abandoning module AudioFormatOpus (109)
[2017.05.14-20.18.19:949][198]LogModuleManager: Shutting down and abandoning module AudioFormatOgg (107)
[2017.05.14-20.18.19:949][198]LogModuleManager: Shutting down and abandoning module AudioFormatADPCM (105)
[2017.05.14-20.18.19:949][198]LogModuleManager: Shutting down and abandoning module LinuxTargetPlatform (103)
[2017.05.14-20.18.19:949][198]LogModuleManager: Shutting down and abandoning module LinuxServerTargetPlatform (101)
[2017.05.14-20.18.19:949][198]LogModuleManager: Shutting down and abandoning module LinuxNoEditorTargetPlatform (99)
[2017.05.14-20.18.19:949][198]LogModuleManager: Shutting down and abandoning module LinuxClientTargetPlatform (97)
[2017.05.14-20.18.19:949][198]LogModuleManager: Shutting down and abandoning module TVOSTargetPlatform (95)
[2017.05.14-20.18.19:949][198]LogModuleManager: Shutting down and abandoning module Messaging (93)
[2017.05.14-20.18.19:949][198]LogModuleManager: Shutting down and abandoning module IOSTargetPlatform (91)
[2017.05.14-20.18.19:949][198]LogModuleManager: Shutting down and abandoning module HTML5TargetPlatform (89)
[2017.05.14-20.18.19:949][198]LogModuleManager: Shutting down and abandoning module Android_PVRTCTargetPlatform (87)
[2017.05.14-20.18.19:949][198]LogModuleManager: Shutting down and abandoning module Android_MultiTargetPlatform (85)
[2017.05.14-20.18.19:949][198]LogModuleManager: Shutting down and abandoning module Android_ETC2TargetPlatform (83)
[2017.05.14-20.18.19:949][198]LogModuleManager: Shutting down and abandoning module Android_ETC1TargetPlatform (81)
[2017.05.14-20.18.19:949][198]LogModuleManager: Shutting down and abandoning module Android_DXTTargetPlatform (79)
[2017.05.14-20.18.19:949][198]LogModuleManager: Shutting down and abandoning module Android_ATCTargetPlatform (77)
[2017.05.14-20.18.19:949][198]LogModuleManager: Shutting down and abandoning module Android_ASTCTargetPlatform (75)
[2017.05.14-20.18.19:949][198]LogModuleManager: Shutting down and abandoning module AndroidTargetPlatform (73)
[2017.05.14-20.18.19:949][198]LogModuleManager: Shutting down and abandoning module WindowsTargetPlatform (71)
[2017.05.14-20.18.19:949][198]LogModuleManager: Shutting down and abandoning module WindowsServerTargetPlatform (69)
[2017.05.14-20.18.19:949][198]LogModuleManager: Shutting down and abandoning module WindowsNoEditorTargetPlatform (67)
[2017.05.14-20.18.19:949][198]LogModuleManager: Shutting down and abandoning module WindowsClientTargetPlatform (65)
[2017.05.14-20.18.19:949][198]LogModuleManager: Shutting down and abandoning module MacTargetPlatform (63)
[2017.05.14-20.18.19:949][198]LogModuleManager: Shutting down and abandoning module MacServerTargetPlatform (61)
[2017.05.14-20.18.19:949][198]LogModuleManager: Shutting down and abandoning module MacNoEditorTargetPlatform (59)
[2017.05.14-20.18.19:949][198]LogModuleManager: Shutting down and abandoning module MacClientTargetPlatform (57)
[2017.05.14-20.18.19:949][198]LogModuleManager: Shutting down and abandoning module AllDesktopTargetPlatform (55)
[2017.05.14-20.18.19:949][198]LogModuleManager: Shutting down and abandoning module InputCore (52)
[2017.05.14-20.18.19:949][198]LogModuleManager: Shutting down and abandoning module Settings (50)
[2017.05.14-20.18.19:949][198]LogModuleManager: Shutting down and abandoning module OculusRift (48)
[2017.05.14-20.18.19:975][198]LogModuleManager: Shutting down and abandoning module GearVR (46)
[2017.05.14-20.18.19:975][198]LogModuleManager: Shutting down and abandoning module ExampleDeviceProfileSelector (44)
[2017.05.14-20.18.19:975][198]LogModuleManager: Shutting down and abandoning module OnlineBlueprintSupport (42)
[2017.05.14-20.18.19:975][198]LogModuleManager: Shutting down and abandoning module OnlineSubsystem (38)
[2017.05.14-20.18.19:975][198]LogOnline:Display: Unloading online subsystem: NULL
[2017.05.14-20.18.19:989][198]LogModuleManager: Shutting down and abandoning module XMPP (37)
[2017.05.14-20.18.20:079][198]LogModuleManager: Shutting down and abandoning module HTTP (35)
[2017.05.14-20.18.20:094][198]LogHttp:Display: Http module shutting down, but needs to wait on 1 outstanding Http requests:
[2017.05.14-20.18.20:094][198]LogHttp:Display: 	verb=[POST] url=[https://datarouter.ol.epicgames.com/datarouter/api/v1/public/data?SessionID=%7B48A5672E-4EA7-4A7E-C324-F7A4CE6DE698%7D&AppID=UEEditor.Rocket.Release&AppVersion=4.15.2-3416026%2B%2B%2BUE4%2BRelease-4.15&UserID=929c5a0742a4cf2dc269d3b5485dc234%7C7badd898d52649aa9279896153bc72c1%7Cee6c34be-6ad8-49c7-abe6-45b6d289167e&AppEnvironment=datacollector-binary&UploadType=eteventstream] status=Processing
[2017.05.14-20.18.20:101][198]LogModuleManager: Shutting down and abandoning module SSL (34)
[2017.05.14-20.18.20:108][198]LogModuleManager: Shutting down and abandoning module AudioEditor (30)
[2017.05.14-20.18.20:158][198]LogModuleManager: Shutting down and abandoning module TextureCompressor (28)
[2017.05.14-20.18.20:158][198]LogModuleManager: Shutting down and abandoning module ShaderCore (26)
[2017.05.14-20.18.20:158][198]LogModuleManager: Shutting down and abandoning module Landscape (24)
[2017.05.14-20.18.20:158][198]LogModuleManager: Shutting down and abandoning module SlateRHIRenderer (22)
[2017.05.14-20.18.20:223][198]LogModuleManager: Shutting down and abandoning module OpenGLDrv (20)
[2017.05.14-20.18.20:272][198]LogModuleManager: Shutting down and abandoning module D3D11RHI (18)
[2017.05.14-20.18.20:272][198]LogModuleManager: Shutting down and abandoning module AnimGraphRuntime (16)
[2017.05.14-20.18.20:284][198]LogModuleManager: Shutting down and abandoning module Renderer (14)
[2017.05.14-20.18.20:284][198]LogModuleManager: Shutting down and abandoning module Engine (12)
[2017.05.14-20.18.20:284][198]LogModuleManager: Shutting down and abandoning module CoreUObject (10)
[2017.05.14-20.18.20:284][198]LogModuleManager: Shutting down and abandoning module NetworkFile (8)
[2017.05.14-20.18.20:352][198]LogModuleManager: Shutting down and abandoning module StreamingFile (6)
[2017.05.14-20.18.20:374][198]LogModuleManager: Shutting down and abandoning module SandboxFile (4)
[2017.05.14-20.18.20:374][198]LogModuleManager: Shutting down and abandoning module PakFile (2)
[2017.05.14-20.18.20:386][198]LogExit: Exiting.
[2017.05.14-20.18.20:392][198]Log file closed, 05/14/17 21:18:20
