Log file open, 05/15/17 14:54:54
LogInit:Display: Running engine for game: BuildingEscape
LogPlatformFile: Not using cached read wrapper
LogInit:Display: RandInit(182880549) SRandInit(182880549).
LogTaskGraph: Started task graph with 5 named threads and 6 total threads with 1 sets of task threads.
LogStats: Stats thread started at 0.146721
LogInit: Using libcurl 7.47.1
LogInit:  - built for x86_64-pc-win32
LogInit:  - supports SSL with OpenSSL/1.0.2g
LogInit:  - supports HTTP deflate (compression) using libz 1.2.8
LogInit:  - other features:
LogInit:      CURL_VERSION_SSL
LogInit:      CURL_VERSION_LIBZ
LogInit:      CURL_VERSION_IPV6
LogInit:      CURL_VERSION_ASYNCHDNS
LogInit:      CURL_VERSION_LARGEFILE
LogInit:      CURL_VERSION_IDN
LogInit:  CurlRequestOptions (configurable via config and command line):
LogInit:  - bVerifyPeer = false  - Libcurl will NOT verify peer certificate
LogInit:  - bUseHttpProxy = false  - Libcurl will NOT use HTTP proxy
LogInit:  - bDontReuseConnections = false  - Libcurl will reuse connections
LogInit:  - CertBundlePath = nullptr  - Libcurl will use whatever was configured at build time.
LogInit: Build: ++UE4+Release-4.15-CL-3416026
LogInit: Engine Version: 4.15.2-3416026+++UE4+Release-4.15
LogInit: Compatible Engine Version: 4.15.0-3299760+++UE4+Release-4.15
LogInit: Net CL: 3299760
LogDevObjectVersion: Number of dev versions registered: 14
LogDevObjectVersion:   Dev-Blueprints (B0D832E4-1F89-4F0D-ACCF-7EB736FD4AA2): 8
LogDevObjectVersion:   Dev-Build (E1C64328-A22C-4D53-A36C-8E866417BD8C): 0
LogDevObjectVersion:   Dev-Core (375EC13C-06E4-48FB-B500-84F0262A717E): 2
LogDevObjectVersion:   Dev-Editor (E4B068ED-F494-42E9-A231-DA0B2E46BB41): 14
LogDevObjectVersion:   Dev-Framework (CFFC743F-43B0-4480-9391-14DF171D2073): 22
LogDevObjectVersion:   Dev-Mobile (B02B49B5-BB20-44E9-A304-32B752E40360): 0
LogDevObjectVersion:   Dev-Networking (A4E4105C-59A1-49B5-A7C5-40C4547EDFEE): 0
LogDevObjectVersion:   Dev-Online (39C831C9-5AE6-47DC-9A44-9C173E1C8E7C): 0
LogDevObjectVersion:   Dev-Physics (78F01B33-EBEA-4F98-B9B4-84EACCB95AA2): 0
LogDevObjectVersion:   Dev-Platform (6631380F-2D4D-43E0-8009-CF276956A95A): 0
LogDevObjectVersion:   Dev-Rendering (12F88B9F-8875-4AFC-A67C-D90C383ABD29): 12
LogDevObjectVersion:   Dev-Sequencer (7B5AE74C-D270-4C10-A958-57980B212A5A): 3
LogDevObjectVersion:   Dev-VR (D7296918-1DD6-4BDD-9DE2-64A83CC13884): 0
LogDevObjectVersion:   Dev-LoadTimes (C2A15278-BFE7-4AFE-6C17-90FF531DF755): 1
LogInit: Compiled (64-bit): May  1 2017 13:11:28
LogInit: Compiled with Visual C++: 19.00.23026.00
LogInit: Build Configuration: Development
LogInit: Branch Name: ++UE4+Release-4.15
LogInit: Command line:  
LogInit: Base directory: C:/Program Files/Epic Games/UE_4.15/Engine/Binaries/Win64/
LogInit: Installed Engine Build: 1
LogInit: Presizing for max 8388607 objects, including 0 objects not considered by GC, pre-allocating 0 bytes for permanent pool.
LogInit: Object subsystem initialized
[2017.05.15-13.54.55:840][  0]LogInit: Selected Device Profile: [Windows]
[2017.05.15-13.54.55:840][  0]LogInit: Applying CVar settings loaded from the selected device profile: [Windows]
[2017.05.15-13.54.55:883][  0]LogInit: Computer: DESKTOP-BHBDUN9
[2017.05.15-13.54.55:883][  0]LogInit: User: JamesFarrow
[2017.05.15-13.54.55:883][  0]LogInit: CPU Page size=65536, Cores=2
[2017.05.15-13.54.55:883][  0]LogInit: High frequency timer resolution =2.148438 MHz
[2017.05.15-13.54.55:883][  0]LogMemory: Memory total: Physical=7.9GB (8GB approx)
[2017.05.15-13.54.55:883][  0]LogMemory: Platform Memory Stats for Windows
[2017.05.15-13.54.55:883][  0]LogMemory: Process Physical Memory: 261.42 MB used, 261.42 MB peak
[2017.05.15-13.54.55:883][  0]LogMemory: Process Virtual Memory: 262.21 MB used, 262.21 MB peak
[2017.05.15-13.54.55:883][  0]LogMemory: Physical Memory: 2654.43 MB used,  5439.99 MB free, 8094.41 MB total
[2017.05.15-13.54.55:883][  0]LogMemory: Virtual Memory: 642.87 MB used,  5439.99 MB free, 134217728.00 MB total
[2017.05.15-13.54.56:346][  0]LogTextLocalizationManager: No specific translations for ('en-GB') exist, so ('en') translations will be used.
[2017.05.15-13.54.57:909][  0]LogD3D11RHI: D3D11 adapters:
[2017.05.15-13.54.57:917][  0]LogD3D11RHI:    0. 'Intel(R) HD Graphics 6000' (Feature Level 11_0)
[2017.05.15-13.54.57:917][  0]LogD3D11RHI:       128/0/4047 MB DedicatedVideo/DedicatedSystem/SharedSystem, Outputs:1, VendorId:0x8086
[2017.05.15-13.54.57:919][  0]LogD3D11RHI:    1. 'Microsoft Basic Render Driver' (Feature Level 11_0)
[2017.05.15-13.54.57:919][  0]LogD3D11RHI:       0/0/4047 MB DedicatedVideo/DedicatedSystem/SharedSystem, Outputs:0, VendorId:0x1414
[2017.05.15-13.54.57:919][  0]LogD3D11RHI: Chosen D3D11 Adapter: 0
[2017.05.15-13.54.57:923][  0]LogD3D11RHI: Creating new Direct3DDevice
[2017.05.15-13.54.57:923][  0]LogD3D11RHI:     GPU DeviceId: 0x1626 (for the marketing name, search the web for "GPU Device Id")
[2017.05.15-13.54.57:923][  0]LogWindows: EnumDisplayDevices:
[2017.05.15-13.54.57:923][  0]LogWindows:    0. 'Intel(R) HD Graphics 6000' (P:1 D:1)
[2017.05.15-13.54.57:924][  0]LogWindows:    1. 'Intel(R) HD Graphics 6000' (P:0 D:0)
[2017.05.15-13.54.57:924][  0]LogWindows:    2. 'Intel(R) HD Graphics 6000' (P:0 D:0)
[2017.05.15-13.54.57:924][  0]LogWindows: DebugString: FoundDriverCount:3 
[2017.05.15-13.54.57:924][  0]LogD3D11RHI:     Adapter Name: Intel(R) HD Graphics 6000
[2017.05.15-13.54.57:924][  0]LogD3D11RHI:   Driver Version: 20.19.15.4531 (internal:20.19.15.4531, unified:20.19.15.4531)
[2017.05.15-13.54.57:924][  0]LogD3D11RHI:      Driver Date: 9-29-2016
[2017.05.15-13.54.57:924][  0]LogRHI: Texture pool is 1361 MB (70% of 1945 MB)
[2017.05.15-13.54.57:929][  0]LogD3D11RHI: Async texture creation enabled
[2017.05.15-13.54.57:934][  0]LogD3D11RHI: GPU Timing Frequency: 12.500000 (Debug: 2 0)
[2017.05.15-13.54.57:934][  0]LogShaderCompilers: Guid format shader working directory is -30 characters bigger than the processId version (../../../../../../Users/James Farrow/Documents/MyRepo/BuildingEscape/BuildingEscape/Intermediate/Shaders/WorkingDirectory/4104/).
[2017.05.15-13.54.57:934][  0]LogShaderCompilers: Cleaned the shader compiler working directory 'C:/Users/James Farrow/AppData/Local/Temp/UnrealShaderWorkingDir/2A51B3B24050B5ED24696EA98C74961B/'.
[2017.05.15-13.54.57:934][  0]LogShaderCompilers:Display: Using Local Shader Compiler.
[2017.05.15-13.55.00:173][  0]LogTemp:Display: Loaded TP AllDesktopTargetPlatform
[2017.05.15-13.55.00:264][  0]LogTemp:Display: Loaded TP MacClientTargetPlatform
[2017.05.15-13.55.00:344][  0]LogTemp:Display: Loaded TP MacNoEditorTargetPlatform
[2017.05.15-13.55.00:435][  0]LogTemp:Display: Loaded TP MacServerTargetPlatform
[2017.05.15-13.55.00:548][  0]LogTemp:Display: Loaded TP MacTargetPlatform
[2017.05.15-13.55.00:635][  0]LogTemp:Display: Loaded TP WindowsClientTargetPlatform
[2017.05.15-13.55.00:719][  0]LogTemp:Display: Loaded TP WindowsNoEditorTargetPlatform
[2017.05.15-13.55.00:802][  0]LogTemp:Display: Loaded TP WindowsServerTargetPlatform
[2017.05.15-13.55.00:872][  0]LogTemp:Display: Loaded TP WindowsTargetPlatform
[2017.05.15-13.55.00:960][  0]LogTemp:Display: Loaded TP AndroidTargetPlatform
[2017.05.15-13.55.01:061][  0]LogTemp:Display: Loaded TP Android_ASTCTargetPlatform
[2017.05.15-13.55.01:176][  0]LogTemp:Display: Loaded TP Android_ATCTargetPlatform
[2017.05.15-13.55.01:298][  0]LogTemp:Display: Loaded TP Android_DXTTargetPlatform
[2017.05.15-13.55.01:406][  0]LogTemp:Display: Loaded TP Android_ETC1TargetPlatform
[2017.05.15-13.55.01:506][  0]LogTemp:Display: Loaded TP Android_ETC2TargetPlatform
[2017.05.15-13.55.01:726][  0]LogTemp:Display: Loaded TP Android_MultiTargetPlatform
[2017.05.15-13.55.01:726][  0]LogTemp:Display: Loaded TP Android_PVRTCTargetPlatform
[2017.05.15-13.55.01:802][  0]LogTemp:Display: Loaded TP HTML5TargetPlatform
[2017.05.15-13.55.02:037][  0]LogTemp:Display: Loaded TP IOSTargetPlatform
[2017.05.15-13.55.02:077][  0]LogTemp:Display: Loaded TP TVOSTargetPlatform
[2017.05.15-13.55.02:153][  0]LogTemp:Display: Loaded TP LinuxClientTargetPlatform
[2017.05.15-13.55.02:233][  0]LogTemp:Display: Loaded TP LinuxNoEditorTargetPlatform
[2017.05.15-13.55.02:316][  0]LogTemp:Display: Loaded TP LinuxServerTargetPlatform
[2017.05.15-13.55.02:406][  0]LogTemp:Display: Loaded TP LinuxTargetPlatform
[2017.05.15-13.55.02:406][  0]LogTargetPlatformManager:Display: Building Assets For Windows
[2017.05.15-13.55.03:441][  0]LogDerivedDataCache:Display: Max Cache Size: 512 MB
[2017.05.15-13.55.04:112][  0]LogDerivedDataCache: Loaded boot cache 0.66s 50MB C:/Users/James Farrow/AppData/Local/UnrealEngine/4.15/DerivedDataCache/Boot.ddc.
[2017.05.15-13.55.04:112][  0]LogDerivedDataCache:Display: Loaded Boot cache: C:/Users/James Farrow/AppData/Local/UnrealEngine/4.15/DerivedDataCache/Boot.ddc
[2017.05.15-13.55.04:113][  0]LogDerivedDataCache: FDerivedDataBackendGraph:  Pak pak cache file ../../../../../../Users/James Farrow/Documents/MyRepo/BuildingEscape/BuildingEscape/DerivedDataCache/DDC.ddp not found, will not use a pak cache.
[2017.05.15-13.55.04:113][  0]LogDerivedDataCache: Unable to find inner node Pak for hierarchical cache Hierarchy.
[2017.05.15-13.55.04:113][  0]LogDerivedDataCache: FDerivedDataBackendGraph:  CompressedPak pak cache file ../../../../../../Users/James Farrow/Documents/MyRepo/BuildingEscape/BuildingEscape/DerivedDataCache/Compressed.ddp not found, will not use a pak cache.
[2017.05.15-13.55.04:113][  0]LogDerivedDataCache: Unable to find inner node CompressedPak for hierarchical cache Hierarchy.
[2017.05.15-13.55.04:166][  0]LogDerivedDataCache:Display: Pak cache opened for reading ../../../Engine/DerivedDataCache/Compressed.ddp.
[2017.05.15-13.55.04:179][  0]LogDerivedDataCache: Using Local data cache path C:/Users/James Farrow/AppData/Local/UnrealEngine/Common/DerivedDataCache: Writable
[2017.05.15-13.55.04:189][  0]LogSlate: Using Freetype 2.6.0
[2017.05.15-13.55.04:226][  0]LogSlate: SlateFontCache - WITH_FREETYPE: 1, WITH_HARFBUZZ: 1
[2017.05.15-13.55.04:226][  0]LogSlate: SlateFontCache - WITH_FREETYPE: 1, WITH_HARFBUZZ: 1
[2017.05.15-13.55.08:114][  0]LogInit: Selected Device Profile: [Windows]
[2017.05.15-13.55.08:117][  0]LogContentStreaming: Texture pool size is 0.00 MB
[2017.05.15-13.55.08:394][  0]LogMeshUtilities: Using QuadricMeshReduction for automatic static mesh reduction
[2017.05.15-13.55.08:481][  0]LogSimplygon: Simplygon DLL not present - disabling.
[2017.05.15-13.55.08:572][  0]LogMeshUtilities: Using SimplygonSwarm for distributed automatic mesh merging
[2017.05.15-13.55.08:572][  0]LogMeshUtilities: No automatic skeletal mesh reduction module available
[2017.05.15-13.55.08:572][  0]LogMeshUtilities: No automatic mesh merging module available
[2017.05.15-13.55.09:402][  0]LogNetVersion: GetLocalNetworkVersion: CL: 3299760, ProjectName: buildingescape, ProjectVersion: , EngineNetworkVersion: 2, GameNetworkVersion: 0, NetworkChecksum: 4140618008
[2017.05.15-13.55.09:476][  0]LogAssetRegistry: FAssetRegistry took 0.0223 seconds to start up
[2017.05.15-13.55.09:541][  0]LogPackageLocalizationCache: Processed 3 localized package path(s) for 2 prioritized culture(s) in 0.036934 seconds
[2017.05.15-13.55.09:548][  0]LogUObjectArray: 32493 objects as part of root set at end of initial load.
[2017.05.15-13.55.09:548][  0]LogUObjectAllocator: 7077032 out of 0 bytes used by permanent object pool.
[2017.05.15-13.55.09:548][  0]LogUObjectArray: CloseDisregardForGC: 0/0 objects in disregard for GC pool
[2017.05.15-13.55.09:635][  0]LogInit: WinSock: version 1.1 (2.2), MaxSocks=32767, MaxUdp=65467
[2017.05.15-13.55.20:351][  0]LogTcpMessaging: Initializing TcpMessaging bridge
[2017.05.15-13.55.20:407][  0]LogUdpMessaging: Initializing bridge on interface 0.0.0.0:0 to multicast group 230.0.0.1:6666.
[2017.05.15-13.55.21:419][  0]LogMaterial: Uniform references updated for custom material expression Custom.
[2017.05.15-13.55.22:065][  0]SourceControl: Info Source control is disabled
[2017.05.15-13.55.22:119][  0]SourceControl: Info Source control is disabled
[2017.05.15-13.55.22:201][  0]SourceControl: Info Source control is disabled
[2017.05.15-13.55.22:296][  0]SourceControl: Info Source control is disabled
[2017.05.15-13.55.24:623][  0]LogEngine: Initializing Engine...
[2017.05.15-13.55.24:625][  0]LogHMD: Failed to initialize OpenVR with code 110
[2017.05.15-13.55.24:739][  0]LogStats: UGameplayTagsManager::ConstructGameplayTagTree: Construct from data asset -  0.000 s
[2017.05.15-13.55.24:739][  0]LogStats: UGameplayTagsManager::ConstructGameplayTagTree: GameplayTagTreeChangedEvent.Broadcast -  0.000 s
[2017.05.15-13.55.24:926][  0]LogAIModule: Creating AISystem for world Untitled
[2017.05.15-13.55.24:945][  0]LogInit: XAudio2 using 'Speakers (Cirrus Logic CS4208 (AB 126))' : 2 channels at 48 kHz using 32 bits per sample (channel mask 0x3)
[2017.05.15-13.55.25:069][  0]LogInit: FAudioDevice initialized.
[2017.05.15-13.55.25:097][  0]LogDerivedDataCache: Saved boot cache 0.03s 50MB C:/Users/James Farrow/AppData/Local/UnrealEngine/4.15/DerivedDataCache/Boot.ddc.
[2017.05.15-13.55.25:101][  0]LogInit: Texture streaming: Enabled
[2017.05.15-13.55.25:277][  0]LogEngineSessionManager: EngineSessionManager initialized
[2017.05.15-13.55.25:523][  0]LogWindowsTextInputMethodSystem:Display: IME system now deactivated.
[2017.05.15-13.55.25:595][  0]LogInit: Transaction tracking system initialized
[2017.05.15-13.55.26:243][  0]BlueprintLog: New page: Editor Load
[2017.05.15-13.55.28:206][  0]LocalizationService: Info Localization service is disabled
[2017.05.15-13.55.29:449][  0]LogConsoleResponse:Display: 
[2017.05.15-13.55.29:877][  0]LogCook:Display: Max memory allowance for cook 16384mb min free memory 0mb
[2017.05.15-13.55.29:877][  0]LogCook:Display: Mobile HDR setting 1
[2017.05.15-13.55.30:432][  0]LogFileCache: Scanning file cache for directory 'C:/Users/James Farrow/Documents/MyRepo/BuildingEscape/BuildingEscape/Content/' took 0.02s
[2017.05.15-13.55.31:973][  0]SourceControl: Info Source control is disabled
[2017.05.15-13.55.31:973][  0]Cmd: MAP LOAD FILE="../../../../../../Users/James Farrow/Documents/MyRepo/BuildingEscape/BuildingEscape/Content/NewMap.umap" TEMPLATE=0 SHOWPROGRESS=1 FEATURELEVEL=3
[2017.05.15-13.55.31:974][  0]LightingResults: New page: Lighting Build
[2017.05.15-13.55.32:036][  0]MapCheck: New page: Map Check
[2017.05.15-13.55.32:036][  0]LightingResults: New page: Lighting Build
[2017.05.15-13.55.32:914][  0]LogAIModule: Creating AISystem for world NewMap
[2017.05.15-13.55.32:959][  0]LogEditorServer: Finished looking for orphan Actors (0.000 secs)
[2017.05.15-13.55.32:960][  0]Cmd: MAP CHECKDEP NOCLEARLOG
[2017.05.15-13.55.33:077][  0]MapCheck: Info Map check complete: 0 Error(s), 0 Warning(s), took 116.775ms to complete.
[2017.05.15-13.55.33:077][  0]LogFileHelpers: Loading map 'NewMap' took 1.104
[2017.05.15-13.55.33:401][  0]LogCollectionManager: Loaded 0 collections in 0.002463 seconds
[2017.05.15-13.55.33:518][  0]LogFileCache: Scanning file cache for directory 'C:/Users/James Farrow/Documents/MyRepo/BuildingEscape/BuildingEscape/Saved/Collections/' took 0.01s
[2017.05.15-13.55.33:518][  0]LogFileCache: Scanning file cache for directory 'C:/Users/James Farrow/Documents/MyRepo/BuildingEscape/BuildingEscape/Content/Developers/JamesFarrow/Collections/' took 0.01s
[2017.05.15-13.55.33:518][  0]LogFileCache: Scanning file cache for directory 'C:/Users/James Farrow/Documents/MyRepo/BuildingEscape/BuildingEscape/Content/Collections/' took 0.01s
[2017.05.15-13.55.33:518][  0]LogCollectionManager: Rebuilt the GUID cache for 0 collections in 0.000001 seconds
[2017.05.15-13.55.33:530][  0]LogContentBrowser: Native class hierarchy populated in 0.0114 seconds. Added 2248 classes and 455 folders.
[2017.05.15-13.55.33:628][  0]LogContentBrowser: Native class hierarchy updated for 'WidgetCarousel' in 0.0024 seconds. Added 0 classes and 0 folders.
[2017.05.15-13.55.34:260][  0]LogContentBrowser: Native class hierarchy updated for 'AddContentDialog' in 0.0027 seconds. Added 0 classes and 0 folders.
[2017.05.15-13.55.34:365][  0]LogContentBrowser: Native class hierarchy updated for 'SceneOutliner' in 0.0025 seconds. Added 1 classes and 2 folders.
[2017.05.15-13.55.34:429][  0]LogCrashTracker: Crashtracker disabled due to settings.
[2017.05.15-13.55.34:436][  0]LogUObjectGlobals:Warning: Failed to find object 'Class None.'
[2017.05.15-13.55.34:557][  0]LogContentBrowser: Native class hierarchy updated for 'HierarchicalLODOutliner' in 0.0027 seconds. Added 1 classes and 2 folders.
[2017.05.15-13.55.34:557][  0]LogLoad: (Engine Initialization) Total time: 43.41 seconds
[2017.05.15-13.55.34:557][  0]LogLoad: (Engine Initialization) Total Blueprint compile time: 0.25 seconds
[2017.05.15-13.55.34:557][  0]LogExternalProfiler: No external profilers were discovered.  External profiling features will not be available.
[2017.05.15-13.55.34:574][  0]LogOcInput: OculusInput pre-init called
[2017.05.15-13.55.34:594][  0]LogContentStreaming: Texture pool size now 1000 MB
[2017.05.15-13.55.34:611][  0]LogSlate: Took 0.015755 seconds to synchronously load lazily loaded font '../../../Engine/Content/Slate/Fonts/Roboto-Regular.ttf' (155K)
[2017.05.15-13.55.34:628][  0]LogSlate: Took 0.012849 seconds to synchronously load lazily loaded font '../../../Engine/Content/Slate/Fonts/Roboto-Bold.ttf' (160K)
[2017.05.15-13.55.34:646][  0]LogSlate: Took 0.010328 seconds to synchronously load lazily loaded font '../../../Engine/Content/Editor/Slate/Fonts/FontAwesome.ttf' (139K)
[2017.05.15-13.55.34:648][  0]LogSlate: Took 0.001288 seconds to synchronously load lazily loaded font '../../../Engine/Content/Editor/Slate/Fonts/DroidSansMono.ttf' (77K)
[2017.05.15-13.55.34:874][  0]LogRenderer: Reallocating scene render targets to support 904x500 NumSamples 1 (Frame:2).
[2017.05.15-13.55.35:440][  1]LogAssetRegistry: Asset discovery search completed in 25.9868 seconds
[2017.05.15-13.55.35:441][  1]LogCollectionManager: Rebuilt the object cache for 0 collections in 0.000010 seconds (found 0 objects)
[2017.05.15-13.55.35:441][  1]LogCollectionManager: Fixed up redirectors for 0 collections in 0.000192 seconds (updated 0 objects)
[2017.05.15-13.57.11:682][727]LogTemp: Repeting last play command: Selected Viewport
[2017.05.15-13.57.11:698][727]LogPlayLevel: PlayLevel: No blueprints needed recompiling
[2017.05.15-13.57.11:698][727]PIE: New page: PIE session: NewMap (15 May 2017 15:57:11)
[2017.05.15-13.57.11:699][727]LogPlayLevel: Creating play world package: /Game/UEDPIE_0_NewMap
[2017.05.15-13.57.11:705][727]LogPlayLevel: PIE: StaticDuplicateObject took: (0.006110s)
[2017.05.15-13.57.11:706][727]LogAIModule: Creating AISystem for world NewMap
[2017.05.15-13.57.11:707][727]LogPlayLevel: PIE: World Init took: (0.001370s)
[2017.05.15-13.57.11:707][727]LogPlayLevel: PIE: Created PIE world by copying editor world from /Game/NewMap.NewMap to /Game/UEDPIE_0_NewMap.NewMap (0.008365s)
[2017.05.15-13.57.11:745][727]LogInit: XAudio2 using 'Speakers (Cirrus Logic CS4208 (AB 126))' : 2 channels at 48 kHz using 32 bits per sample (channel mask 0x3)
[2017.05.15-13.57.11:753][727]LogInit: FAudioDevice initialized.
[2017.05.15-13.57.11:838][727]LogLoad: Game class is 'BuildingEscapeGameModeBase'
[2017.05.15-13.57.11:844][727]LogWorld: Bringing World /Game/UEDPIE_0_NewMap.NewMap up for play (max tick rate 60) at 2017.05.15-14.57.11
[2017.05.15-13.57.11:846][727]LogWorld: Bringing up level for play took: 0.005266
[2017.05.15-13.57.12:015][727]LogContentBrowser: Native class hierarchy updated for 'MovieSceneCapture' in 0.0026 seconds. Added 11 classes and 0 folders.
[2017.05.15-13.57.12:016][727]LogTemp:Warning: SM_Chair_2 is at X=-56.455 Y=-446.806 Z=20.000
[2017.05.15-13.57.12:017][727]PIE: Info Play in editor start time for /Game/UEDPIE_0_NewMap 0.986
[2017.05.15-13.57.19:226][899]LogEditorViewport: Clicking on Actor (LMB): DefaultPawn (DefaultPawn)
[2017.05.15-13.57.52:098][775]LogSlate: Took 0.017888 seconds to synchronously load lazily loaded font '../../../Engine/Content/Editor/Slate/Fonts/Roboto-Italic.ttf' (157K)
[2017.05.15-13.59.14:833][ 52]LogContentBrowser: Native class hierarchy updated for 'BlueprintGraph' in 0.0033 seconds. Added 112 classes and 0 folders.
[2017.05.15-13.59.17:777][ 52]LogRenderer: Reallocating scene render targets to support 904x720 NumSamples 1 (Frame:5985).
[2017.05.15-13.59.56:260][756]LogSlate: Took 0.017697 seconds to synchronously load lazily loaded font '../../../Engine/Content/Slate/Fonts/Roboto-Light.ttf' (159K)
[2017.05.15-14.01.47:253][581]LogSlate: Took 0.009526 seconds to synchronously load lazily loaded font '../../../Engine/Content/Editor/Slate/Fonts/Roboto-BoldCondensed.ttf' (158K)
[2017.05.15-14.03.18:278][626]LogSlate: Took 0.019246 seconds to synchronously load lazily loaded font '../../../Engine/Content/Slate/Fonts/Roboto-Light.ttf' (159K)
[2017.05.15-14.03.18:365][626]Cmd: OBJ SAVEPACKAGE PACKAGE="/Game/DefaultPawn_BP" FILE="../../../../../../Users/James Farrow/Documents/MyRepo/BuildingEscape/BuildingEscape/Content/DefaultPawn_BP.uasset" SILENT=true
[2017.05.15-14.03.18:451][626]LogSavePackage: Save=78.87ms
[2017.05.15-14.03.18:451][626]LogSavePackage: Moving '../../../../../../Users/James Farrow/Documents/MyRepo/BuildingEscape/BuildingEscape/Saved/DefaultPawn_BPAF231F9B470B038577B47DB15110BF14.tmp' to '../../../../../../Users/James Farrow/Documents/MyRepo/BuildingEscape/BuildingEscape/Content/DefaultPawn_BP.uasset'
[2017.05.15-14.03.18:467][626]LogSavePackage:Display: Finished SavePackage ../../../../../../Users/James Farrow/Documents/MyRepo/BuildingEscape/BuildingEscape/Content/DefaultPawn_BP.uasset
[2017.05.15-14.04.10:918][ 27]LogEditorViewport: Clicking on Actor (LMB): StaticMeshActor (Floor)
[2017.05.15-14.04.13:556][ 91]Cmd: SELECT NONE
[2017.05.15-14.04.15:124][133]LogEditorViewport: Clicking on Actor (LMB): DefaultPawn_BP_C (DefaultPawn_BP)
[2017.05.15-14.04.19:291][369]Cmd: DELETE
[2017.05.15-14.04.19:291][369]Cmd: ACTOR DELETE
[2017.05.15-14.04.19:292][369]LogEditorActor: Deleted Actor: DefaultPawn_BP_C
[2017.05.15-14.04.19:325][369]LogEditorActor: Deleted 1 Actors (0.033 secs)
[2017.05.15-14.04.24:989][513]LogEditorViewport: Clicking on Actor (LMB): StaticMeshActor (SM_Template_Map_Floor)
[2017.05.15-14.04.27:632][582]LogEditorViewport: Clicking on Actor (LMB): DefaultPawn_BP_C (DefaultPawn_BP)
[2017.05.15-14.04.31:615][685]LogEditorViewport: Clicking on Actor (LMB): DefaultPawn_BP_C (DefaultPawn_BP)
[2017.05.15-14.04.36:270][807]Cmd: SELECT NONE
[2017.05.15-14.04.43:665][  6]Cmd: SELECT NONE
[2017.05.15-14.04.45:593][ 58]LogEditorViewport: Clicking on Actor (LMB): DefaultPawn_BP_C (DefaultPawn_BP)
[2017.05.15-14.04.48:683][198]Cmd: DELETE
[2017.05.15-14.04.48:683][198]Cmd: ACTOR DELETE
[2017.05.15-14.04.48:684][198]LogEditorActor: Deleted Actor: DefaultPawn_BP_C
[2017.05.15-14.04.48:717][198]LogEditorActor: Deleted 1 Actors (0.034 secs)
[2017.05.15-14.04.50:560][253]LogTemp: Repeting last play command: Selected Viewport
[2017.05.15-14.04.50:590][253]LogPlayLevel: PlayLevel: No blueprints needed recompiling
[2017.05.15-14.04.50:590][253]PIE: New page: PIE session: NewMap (15 May 2017 16:04:50)
[2017.05.15-14.04.50:591][253]LogPlayLevel: Creating play world package: /Game/UEDPIE_0_NewMap
[2017.05.15-14.04.50:597][253]LogPlayLevel: PIE: StaticDuplicateObject took: (0.005709s)
[2017.05.15-14.04.50:598][253]LogAIModule: Creating AISystem for world NewMap
[2017.05.15-14.04.50:599][253]LogPlayLevel: PIE: World Init took: (0.001798s)
[2017.05.15-14.04.50:599][253]LogPlayLevel: PIE: Created PIE world by copying editor world from /Game/NewMap.NewMap to /Game/UEDPIE_0_NewMap.NewMap (0.008405s)
[2017.05.15-14.04.50:653][253]LogInit: XAudio2 using 'Speakers (Cirrus Logic CS4208 (AB 126))' : 2 channels at 48 kHz using 32 bits per sample (channel mask 0x3)
[2017.05.15-14.04.50:663][253]LogInit: FAudioDevice initialized.
[2017.05.15-14.04.50:701][253]LogLoad: Game class is 'BuildingEscapeGameModeBase'
[2017.05.15-14.04.50:705][253]LogWorld: Bringing World /Game/UEDPIE_0_NewMap.NewMap up for play (max tick rate 0) at 2017.05.15-15.04.50
[2017.05.15-14.04.50:705][253]LogWorld: Bringing up level for play took: 0.002950
[2017.05.15-14.04.50:707][253]LogTemp:Warning: SM_Chair_2 is at X=-56.455 Y=-446.806 Z=20.000
[2017.05.15-14.04.50:707][253]PIE: Info Play in editor start time for /Game/UEDPIE_0_NewMap -0.324
[2017.05.15-14.05.30:709][579]LogEditorViewport: Clicking on Actor (LMB): StaticMeshActor (Wall_Window_400x400)
[2017.05.15-14.06.18:892][838]LogRenderer: Reallocating scene render targets to support 1072x744 NumSamples 1 (Frame:17498).
[2017.05.15-14.07.39:945][791]LogSavePackage: Save=30.57ms
[2017.05.15-14.07.39:945][791]LogSavePackage: Moving '../../../../../../Users/James Farrow/Documents/MyRepo/BuildingEscape/BuildingEscape/Saved/Wall_Window_400x400AF86A4C74C17D41629DDBC970EC85A62.tmp' to '../../../../../../Users/James Farrow/Documents/MyRepo/BuildingEscape/BuildingEscape/Content/StarterContent/Architecture/Wall_Window_400x400.uasset'
[2017.05.15-14.07.39:956][791]LogSavePackage:Display: Finished SavePackage ../../../../../../Users/James Farrow/Documents/MyRepo/BuildingEscape/BuildingEscape/Content/StarterContent/Architecture/Wall_Window_400x400.uasset
[2017.05.15-14.07.46:432][929]LogTemp: Repeting last play command: Selected Viewport
[2017.05.15-14.07.46:457][929]LogPlayLevel: PlayLevel: No blueprints needed recompiling
[2017.05.15-14.07.46:458][929]PIE: New page: PIE session: NewMap (15 May 2017 16:07:46)
[2017.05.15-14.07.46:459][929]LogPlayLevel: Creating play world package: /Game/UEDPIE_0_NewMap
[2017.05.15-14.07.46:470][929]LogPlayLevel: PIE: StaticDuplicateObject took: (0.011455s)
[2017.05.15-14.07.46:475][929]LogAIModule: Creating AISystem for world NewMap
[2017.05.15-14.07.46:477][929]LogPlayLevel: PIE: World Init took: (0.006011s)
[2017.05.15-14.07.46:478][929]LogPlayLevel: PIE: Created PIE world by copying editor world from /Game/NewMap.NewMap to /Game/UEDPIE_0_NewMap.NewMap (0.019351s)
[2017.05.15-14.07.46:545][929]LogInit: XAudio2 using 'Speakers (Cirrus Logic CS4208 (AB 126))' : 2 channels at 48 kHz using 32 bits per sample (channel mask 0x3)
[2017.05.15-14.07.46:553][929]LogInit: FAudioDevice initialized.
[2017.05.15-14.07.46:588][929]LogLoad: Game class is 'BuildingEscapeGameModeBase'
[2017.05.15-14.07.46:590][929]LogWorld: Bringing World /Game/UEDPIE_0_NewMap.NewMap up for play (max tick rate 0) at 2017.05.15-15.07.46
[2017.05.15-14.07.46:591][929]LogWorld: Bringing up level for play took: 0.002941
[2017.05.15-14.07.46:595][929]LogTemp:Warning: SM_Chair_2 is at X=-56.455 Y=-446.806 Z=20.000
[2017.05.15-14.07.46:596][929]PIE: Info Play in editor start time for /Game/UEDPIE_0_NewMap -0.435
[2017.05.15-14.08.07:336][626]LogEditorViewport: Clicking on Actor (LMB): StaticMeshActor (Wall_Window_400x400)
[2017.05.15-14.10.09:287][162]LogSavePackage: Save=7.36ms
[2017.05.15-14.10.09:288][162]LogSavePackage: Moving '../../../../../../Users/James Farrow/Documents/MyRepo/BuildingEscape/BuildingEscape/Saved/Wall_Window_400x400329C774F450CA00F49C25FA2F8A25975.tmp' to '../../../../../../Users/James Farrow/Documents/MyRepo/BuildingEscape/BuildingEscape/Content/StarterContent/Architecture/Wall_Window_400x400.uasset'
[2017.05.15-14.10.09:302][162]LogSavePackage:Display: Finished SavePackage ../../../../../../Users/James Farrow/Documents/MyRepo/BuildingEscape/BuildingEscape/Content/StarterContent/Architecture/Wall_Window_400x400.uasset
[2017.05.15-14.10.14:165][243]LogVSAccessor:Warning: Couldn't access Visual Studio
[2017.05.15-14.10.14:196][243]Recompiling BuildingEscape...
[2017.05.15-14.10.14:197][243]Launching UnrealBuildTool... [C:/Program Files/Epic Games/UE_4.15/Engine/Binaries/DotNET/UnrealBuildTool.exe BuildingEscape -ModuleWithSuffix BuildingEscape 981 Win64 Development -editorrecompile -canskiplink "C:/Users/James Farrow/Documents/MyRepo/BuildingEscape/BuildingEscape/BuildingEscape.uproject" ]
[2017.05.15-14.10.14:210][243]Warning: Starting HotReload took  0.0s.
[2017.05.15-14.10.26:199][568]CompilerResultsLog: New page: Compilation - 15 May 2017 16:10:26
[2017.05.15-14.10.26:199][568]CompilerResultsLog: Info Compiling game modules for hot reload
[2017.05.15-14.10.26:200][568]CompilerResultsLog: Info Target is up to date
[2017.05.15-14.10.26:200][568]CompilerResultsLog: Info Total build time: 10.69 seconds (NoActionsToExecute executor: 0.01 seconds)
[2017.05.15-14.10.26:200][568]LogMainFrame: MainFrame: Module compiling took 12.035 seconds
[2017.05.15-14.10.26:678][568]LogContentBrowser: Native class hierarchy populated in 0.0147 seconds. Added 2250 classes and 459 folders.
[2017.05.15-14.10.26:679][568]Display: HotReload took 12.5s.
[2017.05.15-14.10.32:269][730]LogTemp: Repeting last play command: Selected Viewport
[2017.05.15-14.10.32:295][730]LogPlayLevel: PlayLevel: No blueprints needed recompiling
[2017.05.15-14.10.32:296][730]PIE: New page: PIE session: NewMap (15 May 2017 16:10:32)
[2017.05.15-14.10.32:296][730]LogPlayLevel: Creating play world package: /Game/UEDPIE_0_NewMap
[2017.05.15-14.10.32:309][730]LogPlayLevel: PIE: StaticDuplicateObject took: (0.012862s)
[2017.05.15-14.10.32:312][730]LogAIModule: Creating AISystem for world NewMap
[2017.05.15-14.10.32:314][730]LogPlayLevel: PIE: World Init took: (0.004366s)
[2017.05.15-14.10.32:315][730]LogPlayLevel: PIE: Created PIE world by copying editor world from /Game/NewMap.NewMap to /Game/UEDPIE_0_NewMap.NewMap (0.019009s)
[2017.05.15-14.10.32:429][730]LogInit: XAudio2 using 'Speakers (Cirrus Logic CS4208 (AB 126))' : 2 channels at 48 kHz using 32 bits per sample (channel mask 0x3)
[2017.05.15-14.10.32:438][730]LogInit: FAudioDevice initialized.
[2017.05.15-14.10.32:478][730]LogLoad: Game class is 'BuildingEscapeGameModeBase'
[2017.05.15-14.10.32:484][730]LogWorld: Bringing World /Game/UEDPIE_0_NewMap.NewMap up for play (max tick rate 0) at 2017.05.15-15.10.32
[2017.05.15-14.10.32:486][730]LogWorld: Bringing up level for play took: 0.006743
[2017.05.15-14.10.32:490][730]LogTemp:Warning: SM_Chair_2 is at X=-56.455 Y=-446.806 Z=20.000
[2017.05.15-14.10.32:491][730]PIE: Info Play in editor start time for /Game/UEDPIE_0_NewMap -0.54
[2017.05.15-14.10.51:540][407]LogEditorViewport: Clicking on Actor (LMB): StaticMeshActor (Wall_Window_400x400)
[2017.05.15-14.12.36:514][ 43]LogSlate: Took 0.046892 seconds to synchronously load lazily loaded font '../../../Engine/Content/Slate/Fonts/Roboto-Light.ttf' (159K)
[2017.05.15-14.12.36:922][ 43]LogSavePackage: Save=66.62ms
[2017.05.15-14.12.36:923][ 43]LogSavePackage: Moving '../../../../../../Users/James Farrow/Documents/MyRepo/BuildingEscape/BuildingEscape/Saved/NewMap_Auto1334691CC44A850E8E77C848A7ADA559B.tmp' to '../../../../../../Users/James Farrow/Documents/MyRepo/BuildingEscape/BuildingEscape/Saved/Autosaves/Game/NewMap_Auto1.umap'
[2017.05.15-14.12.36:928][ 43]LogSavePackage:Display: Finished SavePackage ../../../../../../Users/James Farrow/Documents/MyRepo/BuildingEscape/BuildingEscape/Saved/Autosaves/Game/NewMap_Auto1.umap
[2017.05.15-14.12.36:931][ 43]LogFileHelpers: Editor autosave (incl. sublevels) for '/Game/NewMap' took 0.180
[2017.05.15-14.12.36:931][ 43]LogFileHelpers: Editor autosave (incl. sublevels) for all levels took 0.180
[2017.05.15-14.12.36:936][ 43]OBJ SavePackage: Generating thumbnails for [0] asset(s) in package [/Game/StarterContent/Architecture/Wall_Window_400x400] ([1] browsable assets)...
[2017.05.15-14.12.36:937][ 43]OBJ SavePackage: Finished generating thumbnails for package [/Game/StarterContent/Architecture/Wall_Window_400x400]
[2017.05.15-14.12.36:971][ 43]LogSavePackage: Save=3.52ms
[2017.05.15-14.12.36:971][ 43]LogSavePackage: Moving '../../../../../../Users/James Farrow/Documents/MyRepo/BuildingEscape/BuildingEscape/Saved/Wall_Window_400x400_Auto187BAB23C4E18489F9588B1A9F2F0507B.tmp' to '../../../../../../Users/James Farrow/Documents/MyRepo/BuildingEscape/BuildingEscape/Saved/Autosaves/Game/StarterContent/Architecture/Wall_Window_400x400_Auto1.uasset'
[2017.05.15-14.12.36:975][ 43]LogSavePackage:Display: Finished SavePackage ../../../../../../Users/James Farrow/Documents/MyRepo/BuildingEscape/BuildingEscape/Saved/Autosaves/Game/StarterContent/Architecture/Wall_Window_400x400_Auto1.uasset
[2017.05.15-14.12.36:975][ 43]LogFileHelpers: Auto-saving content packages took 0.041
[2017.05.15-14.14.31:890][588]LogEditorViewport: Clicking on Actor (LMB): StaticMeshActor (Wall_Window_400x400)
[2017.05.15-14.19.38:610][637]LogEditorViewport: Clicking on Actor (LMB): StaticMeshActor (Wall_Window_400x400)
[2017.05.15-14.21.11:322][826]LogEditorViewport: Clicking on Actor (LMB): StaticMeshActor (Wall_Window_400x400)
[2017.05.15-14.21.17:115][977]Cmd: DELETE
[2017.05.15-14.21.17:115][977]Cmd: ACTOR DELETE
[2017.05.15-14.21.17:119][977]LogEditorActor: Deleted Actor: StaticMeshActor
[2017.05.15-14.21.17:180][977]LogEditorActor: Deleted 1 Actors (0.064 secs)
[2017.05.15-14.21.29:069][194]LogActorFactory: Actor Factory created Wall_400x400
[2017.05.15-14.21.31:437][259]LogActorFactory: Actor Factory created Wall_400x400
[2017.05.15-14.22.39:689][  1]Cmd: SELECT NONE
[2017.05.15-14.22.53:703][367]LogEditorViewport: Clicking on Actor (LMB): StaticMeshActor (Wall_400x405)
[2017.05.15-14.22.57:748][469]LogEditorViewport: Clicking on Actor (LMB): TriggerVolume (TriggerVolume)
[2017.05.15-14.23.00:385][539]LogEditorViewport: Clicking on Actor (LMB): StaticMeshActor (Wall_400x405)
[2017.05.15-14.23.17:053][971]Cmd: SELECT NONE
[2017.05.15-14.23.23:065][124]LogEditorViewport: Clicking on Actor (LMB): StaticMeshActor (Wall_400x405)
[2017.05.15-14.23.29:365][280]Cmd: SELECT NONE
[2017.05.15-14.23.50:838][849]LogEditorViewport: Clicking on Actor (LMB): StaticMeshActor (Wall_400x405)
[2017.05.15-14.24.13:872][433]Cmd: SELECT NONE
[2017.05.15-14.24.29:727][849]LogEditorViewport: Clicking on Actor (LMB): StaticMeshActor (Wall_400x405)
[2017.05.15-14.24.59:174][496]MapCheck: New page: Map Check
[2017.05.15-14.24.59:202][496]LightingResults: New page: Lighting Build - 15 May 2017 16:24:59
[2017.05.15-14.24.59:372][496]LogSwarmInterface: [OpenConnection] Registering TCP channel ...
[2017.05.15-14.24.59:444][496]LogSwarmInterface: [OpenConnection] Connecting to agent ...
[2017.05.15-14.24.59:468][496]LogSwarmInterface: [TryOpenConnection] Testing the Agent
[2017.05.15-14.25.00:508][496]LogSwarmInterface: [TryOpenConnection] Opening Connection to Agent
[2017.05.15-14.25.00:509][496]LogSwarmInterface: [TryOpenConnection] Local Process ID is 4104
[2017.05.15-14.25.02:996][496]LogStaticLightingSystem:Warning: No importance volume found, so the scene bounding box was used.  You can optimize your scene's quality and lighting build times by adding importance volumes.
[2017.05.15-14.25.02:998][496]LogStaticLightingSystem: Running Lightmass w/ ImmediateImport mode ENABLED
[2017.05.15-14.25.02:998][496]LogStaticLightingSystem: Running Lightmass w/ ImmediateProcess mode ENABLED
[2017.05.15-14.25.02:999][496]LogStaticLightingSystem: Running Lightmass w/ Sorting mode ENABLED
[2017.05.15-14.25.02:999][496]LogStaticLightingSystem: Running Lightmass w/ Mapping paddings ENABLED
[2017.05.15-14.25.02:999][496]LogStaticLightingSystem: Running Lightmass w/ Mapping debug paddings DISABLED
[2017.05.15-14.25.03:408][496]LogEditorBuildUtils: Build time 0:04
[2017.05.15-14.25.21:469][912]Job is a success!
[2017.05.15-14.25.22:293][913]LogTexture:Display: Building textures: HQ_Lightmap0_1 (AutoDXT, 1024X1024) - 188 MB total VRAM
[2017.05.15-14.25.22:293][913]LogTexture:Display: Building textures: LQ_Lightmap_0_1 (DXT1, 1024X1024) - 188 MB total VRAM
[2017.05.15-14.25.22:294][913]LogTexture:Display: Building textures: HQ_Lightmap0_2 (AutoDXT, 64X64) - 188 MB total VRAM
[2017.05.15-14.25.22:294][913]LogTexture:Display: Building textures: LQ_Lightmap_0_2 (DXT1, 64X64) - 188 MB total VRAM
[2017.05.15-14.25.22:398][913]LogTexture:Display: Building textures: ShadowMapTexture2D_0 (BGRA8, 1024X256) - 188 MB total VRAM
[2017.05.15-14.25.22:398][913]LogTexture:Display: Building textures: ShadowMapTexture2D_1 (G8, 32X32) - 188 MB total VRAM
[2017.05.15-14.25.22:431][913]Lightmass on DESKTOP-BHBDUN9: 17.3 sec total, 298 ms importing, 30 ms setup, 915 ms photons, 16.0 sec processing, 0 ms extra exporting [14/14 mappings]. Threads: 1:04 min total, 43.3 sec processing.
[2017.05.15-14.25.22:472][913]LogStaticLightingSystem: Illumination: 23.1 sec (591 ms encoding lightmaps, 97 ms encoding shadowmaps)
[2017.05.15-14.25.22:472][913]LogStaticLightingSystem: Lightmap texture memory:  2.0 MB (2.0 MB streaming, 0.0 MB non-streaming), 4 textures
[2017.05.15-14.25.22:472][913]LogStaticLightingSystem: Shadowmap texture memory: 1.3 MB (1.3 MB streaming, 0.0 MB non-streaming), 2 textures
[2017.05.15-14.25.23:010][913]DumpUnbuiltLightIteractions
[2017.05.15-14.25.23:010][913]Lights with unbuilt interactions: 0
[2017.05.15-14.25.23:010][913]
[2017.05.15-14.25.23:010][913]Primitives with unbuilt interactions: 0
[2017.05.15-14.25.23:031][914]Cmd: MAP CHECK NOTIFYRESULTS
[2017.05.15-14.25.23:032][914]MapCheck: New page: NewMap - 15 May 2017 16:25:23
[2017.05.15-14.25.23:257][914]MapCheck: Info Map check complete: 0 Error(s), 0 Warning(s), took 224.7ms to complete.
[2017.05.15-14.25.25:742][988]Cmd: SELECT NONE
[2017.05.15-14.25.27:852][ 53]LogTemp: Repeting last play command: Selected Viewport
[2017.05.15-14.25.27:879][ 53]LogPlayLevel: PlayLevel: No blueprints needed recompiling
[2017.05.15-14.25.27:880][ 53]PIE: New page: PIE session: NewMap (15 May 2017 16:25:27)
[2017.05.15-14.25.27:880][ 53]LogPlayLevel: Creating play world package: /Game/UEDPIE_0_NewMap
[2017.05.15-14.25.27:896][ 53]LogPlayLevel: PIE: StaticDuplicateObject took: (0.015238s)
[2017.05.15-14.25.27:898][ 53]LogAIModule: Creating AISystem for world NewMap
[2017.05.15-14.25.27:899][ 53]LogPlayLevel: PIE: World Init took: (0.003320s)
[2017.05.15-14.25.27:900][ 53]LogPlayLevel: PIE: Created PIE world by copying editor world from /Game/NewMap.NewMap to /Game/UEDPIE_0_NewMap.NewMap (0.020192s)
[2017.05.15-14.25.27:960][ 53]LogInit: XAudio2 using 'Speakers (Cirrus Logic CS4208 (AB 126))' : 2 channels at 48 kHz using 32 bits per sample (channel mask 0x3)
[2017.05.15-14.25.27:969][ 53]LogInit: FAudioDevice initialized.
[2017.05.15-14.25.28:007][ 53]LogLoad: Game class is 'BuildingEscapeGameModeBase'
[2017.05.15-14.25.28:013][ 53]LogWorld: Bringing World /Game/UEDPIE_0_NewMap.NewMap up for play (max tick rate 0) at 2017.05.15-15.25.28
[2017.05.15-14.25.28:014][ 53]LogWorld: Bringing up level for play took: 0.005487
[2017.05.15-14.25.28:018][ 53]LogTemp:Warning: SM_Chair_2 is at X=-56.455 Y=-446.806 Z=20.000
[2017.05.15-14.25.28:019][ 53]PIE: Info Play in editor start time for /Game/UEDPIE_0_NewMap 0.988
[2017.05.15-14.27.19:366][220]LogTemp: Repeting last play command: Selected Viewport
[2017.05.15-14.27.19:393][220]LogPlayLevel: PlayLevel: No blueprints needed recompiling
[2017.05.15-14.27.19:394][220]PIE: New page: PIE session: NewMap (15 May 2017 16:27:19)
[2017.05.15-14.27.19:394][220]LogPlayLevel: Creating play world package: /Game/UEDPIE_0_NewMap
[2017.05.15-14.27.19:408][220]LogPlayLevel: PIE: StaticDuplicateObject took: (0.014089s)
[2017.05.15-14.27.19:412][220]LogAIModule: Creating AISystem for world NewMap
[2017.05.15-14.27.19:414][220]LogPlayLevel: PIE: World Init took: (0.004790s)
[2017.05.15-14.27.19:415][220]LogPlayLevel: PIE: Created PIE world by copying editor world from /Game/NewMap.NewMap to /Game/UEDPIE_0_NewMap.NewMap (0.020927s)
[2017.05.15-14.27.19:468][220]LogInit: XAudio2 using 'Speakers (Cirrus Logic CS4208 (AB 126))' : 2 channels at 48 kHz using 32 bits per sample (channel mask 0x3)
[2017.05.15-14.27.19:475][220]LogInit: FAudioDevice initialized.
[2017.05.15-14.27.19:516][220]LogLoad: Game class is 'BuildingEscapeGameModeBase'
[2017.05.15-14.27.19:523][220]LogWorld: Bringing World /Game/UEDPIE_0_NewMap.NewMap up for play (max tick rate 0) at 2017.05.15-15.27.19
[2017.05.15-14.27.19:524][220]LogWorld: Bringing up level for play took: 0.006243
[2017.05.15-14.27.19:528][220]LogTemp:Warning: SM_Chair_2 is at X=-56.455 Y=-446.806 Z=20.000
[2017.05.15-14.27.19:529][220]PIE: Info Play in editor start time for /Game/UEDPIE_0_NewMap 0.498
[2017.05.15-14.27.34:793][723]LogTemp: Repeting last play command: Selected Viewport
[2017.05.15-14.27.34:815][723]LogPlayLevel: PlayLevel: No blueprints needed recompiling
[2017.05.15-14.27.34:816][723]PIE: New page: PIE session: NewMap (15 May 2017 16:27:34)
[2017.05.15-14.27.34:816][723]LogPlayLevel: Creating play world package: /Game/UEDPIE_0_NewMap
[2017.05.15-14.27.34:830][723]LogPlayLevel: PIE: StaticDuplicateObject took: (0.013325s)
[2017.05.15-14.27.34:833][723]LogAIModule: Creating AISystem for world NewMap
[2017.05.15-14.27.34:835][723]LogPlayLevel: PIE: World Init took: (0.004537s)
[2017.05.15-14.27.34:836][723]LogPlayLevel: PIE: Created PIE world by copying editor world from /Game/NewMap.NewMap to /Game/UEDPIE_0_NewMap.NewMap (0.019965s)
[2017.05.15-14.27.34:891][723]LogInit: XAudio2 using 'Speakers (Cirrus Logic CS4208 (AB 126))' : 2 channels at 48 kHz using 32 bits per sample (channel mask 0x3)
[2017.05.15-14.27.34:899][723]LogInit: FAudioDevice initialized.
[2017.05.15-14.27.34:930][723]LogLoad: Game class is 'BuildingEscapeGameModeBase'
[2017.05.15-14.27.34:932][723]LogWorld: Bringing World /Game/UEDPIE_0_NewMap.NewMap up for play (max tick rate 0) at 2017.05.15-15.27.34
[2017.05.15-14.27.34:933][723]LogWorld: Bringing up level for play took: 0.001889
[2017.05.15-14.27.34:934][723]LogTemp:Warning: SM_Chair_2 is at X=-56.455 Y=-446.806 Z=20.000
[2017.05.15-14.27.34:934][723]PIE: Info Play in editor start time for /Game/UEDPIE_0_NewMap -0.096
[2017.05.15-14.28.02:306][903]LogEditorViewport: Clicking on Actor (LMB): DefaultPawn (DefaultPawn)
[2017.05.15-14.28.03:807][936]LogEditorViewport: Clicking on Actor (LMB): DefaultPawn (DefaultPawn)
[2017.05.15-14.28.03:904][937]LogEditorViewport: Clicking on Component (LMB): StaticMeshComponent (MeshComponent0)
[2017.05.15-14.33.11:655][907]LogTemp: Repeting last play command: Selected Viewport
[2017.05.15-14.33.11:670][907]LogPlayLevel: PlayLevel: No blueprints needed recompiling
[2017.05.15-14.33.11:670][907]PIE: New page: PIE session: NewMap (15 May 2017 16:33:11)
[2017.05.15-14.33.11:670][907]LogPlayLevel: Creating play world package: /Game/UEDPIE_0_NewMap
[2017.05.15-14.33.11:675][907]LogPlayLevel: PIE: StaticDuplicateObject took: (0.004992s)
[2017.05.15-14.33.11:676][907]LogAIModule: Creating AISystem for world NewMap
[2017.05.15-14.33.11:677][907]LogPlayLevel: PIE: World Init took: (0.001124s)
[2017.05.15-14.33.11:677][907]LogPlayLevel: PIE: Created PIE world by copying editor world from /Game/NewMap.NewMap to /Game/UEDPIE_0_NewMap.NewMap (0.006789s)
[2017.05.15-14.33.11:714][907]LogInit: XAudio2 using 'Speakers (Cirrus Logic CS4208 (AB 126))' : 2 channels at 48 kHz using 32 bits per sample (channel mask 0x3)
[2017.05.15-14.33.11:720][907]LogInit: FAudioDevice initialized.
[2017.05.15-14.33.11:751][907]LogLoad: Game class is 'BuildingEscapeGameModeBase'
[2017.05.15-14.33.11:753][907]LogWorld: Bringing World /Game/UEDPIE_0_NewMap.NewMap up for play (max tick rate 0) at 2017.05.15-15.33.11
[2017.05.15-14.33.11:753][907]LogWorld: Bringing up level for play took: 0.002169
[2017.05.15-14.33.11:755][907]LogTemp:Warning: SM_Chair_2 is at X=-56.455 Y=-446.806 Z=20.000
[2017.05.15-14.33.11:755][907]PIE: Info Play in editor start time for /Game/UEDPIE_0_NewMap 0.725
[2017.05.15-14.33.16:526][ 25]LogEditorViewport: Clicking on Actor (LMB): DefaultPawn (DefaultPawn)
[2017.05.15-14.33.28:586][808]LogEditorViewport: Clicking on Actor (LMB): DefaultPawn (DefaultPawn)
[2017.05.15-14.33.29:204][822]LogEditorViewport: Clicking on Actor (LMB): DefaultPawn (DefaultPawn)
[2017.05.15-14.33.29:347][825]LogEditorViewport: Clicking on Component (LMB): StaticMeshComponent (MeshComponent0)
[2017.05.15-14.34.00:511][634]LogSlate: Only BGRA pngs, bmps or icos are supported in by External Image Picker
[2017.05.15-14.34.00:580][634]LogTemp:Display: Executing iPhonePackager certificates Engine -bundlename com.YourCompany.BuildingEscape

[2017.05.15-14.34.00:581][634]LogTemp:Display: CWD: C:\Program Files\Epic Games\UE_4.15\Engine\Binaries\DotNET\IOS

[2017.05.15-14.34.00:581][634]LogTemp:Display: Initial Dir: C:\Program Files\Epic Games\UE_4.15

[2017.05.15-14.34.00:581][634]LogTemp:Display: Env CWD: C:\Program Files\Epic Games\UE_4.15\Engine\Binaries\DotNET\IOS

[2017.05.15-14.34.00:582][634]LogTemp:Display: BranchPath = DESKTOP-BHBDUN9/C/Program Files/Epic Games/UE_4.15/Engine/Binaries --- GameBranchPath = DESKTOP-BHBDUN9/C/Program Files/Epic Games/UE_4.15/Engine/Binaries

[2017.05.15-14.34.00:649][635]LogTemp:Display: IPP ERROR: Application exception: System.IO.DirectoryNotFoundException: Could not find a part of the path 'C:\Users\James Farrow\AppData\Local\Apple Computer\MobileDevice\Provisioning Profiles'.

[2017.05.15-14.34.00:649][635]LogTemp:Display:    at System.IO.__Error.WinIOError(Int32 errorCode, String maybeFullPath)

[2017.05.15-14.34.00:650][635]LogTemp:Display:    at System.IO.FileSystemEnumerableIterator`1.CommonInit()

[2017.05.15-14.34.00:650][635]LogTemp:Display:    at System.IO.Directory.EnumerateFiles(String path, String searchPattern)

[2017.05.15-14.34.00:650][635]LogTemp:Display:    at iPhonePackager.CodeSignatureBuilder.FindProvisions(String CFBundleIdentifier)

[2017.05.15-14.34.00:650][635]LogTemp:Display:    at iPhonePackager.Program.Main(String[] args)

[2017.05.15-14.34.58:243][ 96]LogEditorViewport: Clicking on Actor (LMB): StaticMeshActor (Wall_Door_400x401)
[2017.05.15-14.35.23:460][733]Cmd: OBJ SAVEPACKAGE PACKAGE="/Game/DefaultPawn_BP" FILE="../../../../../../Users/James Farrow/Documents/MyRepo/BuildingEscape/BuildingEscape/Content/DefaultPawn_BP.uasset" SILENT=true
[2017.05.15-14.35.23:539][733]LogSavePackage: Save=35.22ms
[2017.05.15-14.35.23:540][733]LogSavePackage: Moving '../../../../../../Users/James Farrow/Documents/MyRepo/BuildingEscape/BuildingEscape/Saved/DefaultPawn_BP683AD6CA4D046D1BEF48848AA2715DB8.tmp' to '../../../../../../Users/James Farrow/Documents/MyRepo/BuildingEscape/BuildingEscape/Content/DefaultPawn_BP.uasset'
[2017.05.15-14.35.23:548][733]LogSavePackage:Display: Finished SavePackage ../../../../../../Users/James Farrow/Documents/MyRepo/BuildingEscape/BuildingEscape/Content/DefaultPawn_BP.uasset
[2017.05.15-14.36.08:852][731]Cmd: OBJ SAVEPACKAGE PACKAGE="/Game/DefaultPawn_BP" FILE="../../../../../../Users/James Farrow/Documents/MyRepo/BuildingEscape/BuildingEscape/Content/DefaultPawn_BP.uasset" SILENT=true
[2017.05.15-14.36.08:901][731]LogSavePackage: Save=18.93ms
[2017.05.15-14.36.08:902][731]LogSavePackage: Moving '../../../../../../Users/James Farrow/Documents/MyRepo/BuildingEscape/BuildingEscape/Saved/DefaultPawn_BP6398ABA8420CE4C550C5869DEF0324E4.tmp' to '../../../../../../Users/James Farrow/Documents/MyRepo/BuildingEscape/BuildingEscape/Content/DefaultPawn_BP.uasset'
[2017.05.15-14.36.08:910][731]LogSavePackage:Display: Finished SavePackage ../../../../../../Users/James Farrow/Documents/MyRepo/BuildingEscape/BuildingEscape/Content/DefaultPawn_BP.uasset
[2017.05.15-14.37.23:572][844]LogVSAccessor:Warning: Couldn't access Visual Studio
[2017.05.15-14.37.23:605][844]Recompiling BuildingEscape...
[2017.05.15-14.37.23:605][844]Launching UnrealBuildTool... [C:/Program Files/Epic Games/UE_4.15/Engine/Binaries/DotNET/UnrealBuildTool.exe BuildingEscape -ModuleWithSuffix BuildingEscape 7496 Win64 Development -editorrecompile -canskiplink "C:/Users/James Farrow/Documents/MyRepo/BuildingEscape/BuildingEscape/BuildingEscape.uproject" ]
[2017.05.15-14.37.23:610][844]Warning: Starting HotReload took  0.0s.
[2017.05.15-14.37.34:858][179]CompilerResultsLog: New page: Compilation - 15 May 2017 16:37:34
[2017.05.15-14.37.34:859][179]CompilerResultsLog: Info Compiling game modules for hot reload
[2017.05.15-14.37.34:859][179]CompilerResultsLog: Info Target is up to date
[2017.05.15-14.37.34:859][179]CompilerResultsLog: Info Total build time: 10.67 seconds (NoActionsToExecute executor: 0.01 seconds)
[2017.05.15-14.37.34:860][179]LogMainFrame: MainFrame: Module compiling took 11.287 seconds
[2017.05.15-14.37.35:363][179]LogContentBrowser: Native class hierarchy populated in 0.0152 seconds. Added 2250 classes and 459 folders.
[2017.05.15-14.37.35:364][179]Display: HotReload took 11.8s.
[2017.05.15-14.38.43:229][959]BlueprintLog: New page: Compile DefaultPawn_BP
[2017.05.15-14.38.54:418][190]LogTemp: Repeting last play command: Selected Viewport
[2017.05.15-14.38.54:439][190]LogPlayLevel: PlayLevel: No blueprints needed recompiling
[2017.05.15-14.38.54:439][190]PIE: New page: PIE session: NewMap (15 May 2017 16:38:54)
[2017.05.15-14.38.54:439][190]LogPlayLevel: Creating play world package: /Game/UEDPIE_0_NewMap
[2017.05.15-14.38.54:445][190]LogPlayLevel: PIE: StaticDuplicateObject took: (0.005693s)
[2017.05.15-14.38.54:446][190]LogAIModule: Creating AISystem for world NewMap
[2017.05.15-14.38.54:447][190]LogPlayLevel: PIE: World Init took: (0.001409s)
[2017.05.15-14.38.54:447][190]LogPlayLevel: PIE: Created PIE world by copying editor world from /Game/NewMap.NewMap to /Game/UEDPIE_0_NewMap.NewMap (0.007974s)
[2017.05.15-14.38.54:499][190]LogInit: XAudio2 using 'Speakers (Cirrus Logic CS4208 (AB 126))' : 2 channels at 48 kHz using 32 bits per sample (channel mask 0x3)
[2017.05.15-14.38.54:507][190]LogInit: FAudioDevice initialized.
[2017.05.15-14.38.54:540][190]LogLoad: Game class is 'BuildingEscapeGameModeBase'
[2017.05.15-14.38.54:546][190]LogWorld: Bringing World /Game/UEDPIE_0_NewMap.NewMap up for play (max tick rate 60) at 2017.05.15-15.38.54
[2017.05.15-14.38.54:547][190]LogWorld: Bringing up level for play took: 0.005235
[2017.05.15-14.38.54:551][190]LogTemp:Warning: SM_Chair_2 is at X=-56.455 Y=-446.806 Z=20.000
[2017.05.15-14.38.54:552][190]PIE: Info Play in editor start time for /Game/UEDPIE_0_NewMap -0.479
[2017.05.15-14.39.20:417][750]Cmd: OBJ SAVEPACKAGE PACKAGE="/Game/DefaultPawn_BP" FILE="../../../../../../Users/James Farrow/Documents/MyRepo/BuildingEscape/BuildingEscape/Content/DefaultPawn_BP.uasset" SILENT=true
[2017.05.15-14.39.20:473][750]LogSavePackage: Save=37.19ms
[2017.05.15-14.39.20:473][750]LogSavePackage: Moving '../../../../../../Users/James Farrow/Documents/MyRepo/BuildingEscape/BuildingEscape/Saved/DefaultPawn_BP02DDCE54495A27DABC8B3D89B49B18A6.tmp' to '../../../../../../Users/James Farrow/Documents/MyRepo/BuildingEscape/BuildingEscape/Content/DefaultPawn_BP.uasset'
[2017.05.15-14.39.20:479][750]LogSavePackage:Display: Finished SavePackage ../../../../../../Users/James Farrow/Documents/MyRepo/BuildingEscape/BuildingEscape/Content/DefaultPawn_BP.uasset
[2017.05.15-14.39.24:475][813]BlueprintLog: New page: Compile DefaultPawn_BP
[2017.05.15-14.39.41:351][109]LogTemp: Repeting last play command: Selected Viewport
[2017.05.15-14.39.41:367][109]LogPlayLevel: PlayLevel: No blueprints needed recompiling
[2017.05.15-14.39.41:367][109]PIE: New page: PIE session: NewMap (15 May 2017 16:39:41)
[2017.05.15-14.39.41:367][109]LogPlayLevel: Creating play world package: /Game/UEDPIE_0_NewMap
[2017.05.15-14.39.41:374][109]LogPlayLevel: PIE: StaticDuplicateObject took: (0.005901s)
[2017.05.15-14.39.41:375][109]LogAIModule: Creating AISystem for world NewMap
[2017.05.15-14.39.41:376][109]LogPlayLevel: PIE: World Init took: (0.001192s)
[2017.05.15-14.39.41:376][109]LogPlayLevel: PIE: Created PIE world by copying editor world from /Game/NewMap.NewMap to /Game/UEDPIE_0_NewMap.NewMap (0.008616s)
[2017.05.15-14.39.41:429][109]LogInit: XAudio2 using 'Speakers (Cirrus Logic CS4208 (AB 126))' : 2 channels at 48 kHz using 32 bits per sample (channel mask 0x3)
[2017.05.15-14.39.41:437][109]LogInit: FAudioDevice initialized.
[2017.05.15-14.39.41:471][109]LogLoad: Game class is 'BuildingEscapeGameModeBase'
[2017.05.15-14.39.41:473][109]LogWorld: Bringing World /Game/UEDPIE_0_NewMap.NewMap up for play (max tick rate 60) at 2017.05.15-15.39.41
[2017.05.15-14.39.41:474][109]LogWorld: Bringing up level for play took: 0.002169
[2017.05.15-14.39.41:475][109]LogTemp:Warning: SM_Chair_2 is at X=-56.455 Y=-446.806 Z=20.000
[2017.05.15-14.39.41:475][109]PIE: Info Play in editor start time for /Game/UEDPIE_0_NewMap 0.445
[2017.05.15-14.41.02:084][ 34]LogTemp: Repeting last play command: Selected Viewport
[2017.05.15-14.41.02:104][ 34]LogPlayLevel: PlayLevel: No blueprints needed recompiling
[2017.05.15-14.41.02:104][ 34]PIE: New page: PIE session: NewMap (15 May 2017 16:41:02)
[2017.05.15-14.41.02:104][ 34]LogPlayLevel: Creating play world package: /Game/UEDPIE_0_NewMap
[2017.05.15-14.41.02:111][ 34]LogPlayLevel: PIE: StaticDuplicateObject took: (0.006281s)
[2017.05.15-14.41.02:112][ 34]LogAIModule: Creating AISystem for world NewMap
[2017.05.15-14.41.02:113][ 34]LogPlayLevel: PIE: World Init took: (0.001543s)
[2017.05.15-14.41.02:113][ 34]LogPlayLevel: PIE: Created PIE world by copying editor world from /Game/NewMap.NewMap to /Game/UEDPIE_0_NewMap.NewMap (0.008751s)
[2017.05.15-14.41.02:169][ 34]LogInit: XAudio2 using 'Speakers (Cirrus Logic CS4208 (AB 126))' : 2 channels at 48 kHz using 32 bits per sample (channel mask 0x3)
[2017.05.15-14.41.02:178][ 34]LogInit: FAudioDevice initialized.
[2017.05.15-14.41.02:211][ 34]LogLoad: Game class is 'BuildingEscapeGameModeBase'
[2017.05.15-14.41.02:214][ 34]LogWorld: Bringing World /Game/UEDPIE_0_NewMap.NewMap up for play (max tick rate 60) at 2017.05.15-15.41.02
[2017.05.15-14.41.02:215][ 34]LogWorld: Bringing up level for play took: 0.002774
[2017.05.15-14.41.02:217][ 34]LogTemp:Warning: SM_Chair_2 is at X=-56.455 Y=-446.806 Z=20.000
[2017.05.15-14.41.02:217][ 34]PIE: Info Play in editor start time for /Game/UEDPIE_0_NewMap -0.814
[2017.05.15-14.42.51:516][ 67]Cmd: SELECT NONE
[2017.05.15-14.42.52:586][ 96]LogEditorViewport: Clicking on Actor (LMB): DefaultPawn_BP_C (DefaultPawn_BP)
[2017.05.15-14.42.57:735][228]Cmd: DELETE
[2017.05.15-14.42.57:735][228]Cmd: ACTOR DELETE
[2017.05.15-14.42.57:738][228]LogEditorActor: Deleted Actor: DefaultPawn_BP_C
[2017.05.15-14.42.57:798][228]LogEditorActor: Deleted 1 Actors (0.063 secs)
[2017.05.15-14.43.11:835][458]Cmd: OBJ SAVEPACKAGE PACKAGE="/Game/DefaultPawn_BP" FILE="../../../../../../Users/James Farrow/Documents/MyRepo/BuildingEscape/BuildingEscape/Content/DefaultPawn_BP.uasset" SILENT=true
[2017.05.15-14.43.11:915][458]LogSavePackage: Save=39.30ms
[2017.05.15-14.43.11:915][458]LogSavePackage: Moving '../../../../../../Users/James Farrow/Documents/MyRepo/BuildingEscape/BuildingEscape/Saved/DefaultPawn_BPBBB506DA4D9CD1C64337AC990C64B1C3.tmp' to '../../../../../../Users/James Farrow/Documents/MyRepo/BuildingEscape/BuildingEscape/Content/DefaultPawn_BP.uasset'
[2017.05.15-14.43.11:925][458]LogSavePackage:Display: Finished SavePackage ../../../../../../Users/James Farrow/Documents/MyRepo/BuildingEscape/BuildingEscape/Content/DefaultPawn_BP.uasset
[2017.05.15-14.43.12:782][474]BlueprintLog: New page: Compile DefaultPawn_BP
[2017.05.15-14.43.31:616][934]Cmd: DELETE
[2017.05.15-14.43.31:617][934]Cmd: ACTOR DELETE
[2017.05.15-14.43.31:619][934]LogEditorActor: Deleted Actor: DefaultPawn_BP_C
[2017.05.15-14.43.31:677][934]LogEditorActor: Deleted 1 Actors (0.060 secs)
[2017.05.15-14.44.08:492][511]Cmd: OBJ SAVEPACKAGE PACKAGE="/Game/DefaultPawn_BP" FILE="../../../../../../Users/James Farrow/Documents/MyRepo/BuildingEscape/BuildingEscape/Content/DefaultPawn_BP.uasset" SILENT=true
[2017.05.15-14.44.08:544][511]LogSavePackage: Save=33.18ms
[2017.05.15-14.44.08:544][511]LogSavePackage: Moving '../../../../../../Users/James Farrow/Documents/MyRepo/BuildingEscape/BuildingEscape/Saved/DefaultPawn_BPE2A6795D42D5771C457D34B22753DB69.tmp' to '../../../../../../Users/James Farrow/Documents/MyRepo/BuildingEscape/BuildingEscape/Content/DefaultPawn_BP.uasset'
[2017.05.15-14.44.08:553][511]LogSavePackage:Display: Finished SavePackage ../../../../../../Users/James Farrow/Documents/MyRepo/BuildingEscape/BuildingEscape/Content/DefaultPawn_BP.uasset
[2017.05.15-14.44.08:968][520]BlueprintLog: New page: Compile DefaultPawn_BP
[2017.05.15-14.44.21:289][798]Cmd: DELETE
[2017.05.15-14.44.21:290][798]Cmd: ACTOR DELETE
[2017.05.15-14.44.21:293][798]LogEditorActor: Deleted Actor: DefaultPawn_BP_C
[2017.05.15-14.44.21:351][798]LogEditorActor: Deleted 1 Actors (0.061 secs)
[2017.05.15-14.45.40:047][849]Running C:/Program Files/Epic Games/UE_4.15/Engine/Binaries/DotNET/UnrealBuildTool.exe  -projectfiles -project="C:/Users/James Farrow/Documents/MyRepo/BuildingEscape/BuildingEscape/BuildingEscape.uproject" -game -rocket -progress
[2017.05.15-14.45.40:965][849]Discovering modules, targets and source code for project...
[2017.05.15-14.45.48:476][849]LogSlate: Took 0.041666 seconds to synchronously load lazily loaded font '../../../Engine/Content/Slate/Fonts/Roboto-Regular.ttf' (155K)
[2017.05.15-14.45.53:020][849]LogVSAccessor:Warning: Couldn't access Visual Studio
[2017.05.15-14.45.53:032][849]Recompiling BuildingEscape...
[2017.05.15-14.45.53:033][849]Launching UnrealBuildTool... [C:/Program Files/Epic Games/UE_4.15/Engine/Binaries/DotNET/UnrealBuildTool.exe BuildingEscape -ModuleWithSuffix BuildingEscape 880 Win64 Development -editorrecompile -canskiplink "C:/Users/James Farrow/Documents/MyRepo/BuildingEscape/BuildingEscape/BuildingEscape.uproject" ]
[2017.05.15-14.46.11:881][849]CompilerResultsLog: New page: Compilation - 15 May 2017 16:46:11
[2017.05.15-14.46.11:882][849]CompilerResultsLog: Info Compiling game modules for hot reload
[2017.05.15-14.46.11:882][849]CompilerResultsLog: Info Parsing headers for BuildingEscapeEditor
[2017.05.15-14.46.11:883][849]CompilerResultsLog: Info   Running UnrealHeaderTool "C:\Users\James Farrow\Documents\MyRepo\BuildingEscape\BuildingEscape\BuildingEscape.uproject" "C:\Users\James Farrow\Documents\MyRepo\BuildingEscape\BuildingEscape\Intermediate\Build\Win64\BuildingEscapeEditor\Development\BuildingEscapeEditor.uhtmanifest" -LogCmds="loginit warning, logexit warning, logdatabase error" -Unattended -WarningsAsErrors -installed
[2017.05.15-14.46.11:884][849]CompilerResultsLog: Info Reflection code generated for BuildingEscapeEditor in 6.6886379 seconds
[2017.05.15-14.46.11:885][849]CompilerResultsLog: Info Performing 4 actions (2 in parallel)
[2017.05.15-14.46.11:885][849]CompilerResultsLog: Info BuildingEscape.generated.cpp
[2017.05.15-14.46.11:885][849]CompilerResultsLog: Info Grabber.cpp
[2017.05.15-14.46.11:886][849]CompilerResultsLog: Info [3/4] Link UE4Editor-BuildingEscape-880.dll
[2017.05.15-14.46.11:886][849]CompilerResultsLog: Info [4/4] Link UE4Editor-BuildingEscape-880.lib
[2017.05.15-14.46.11:886][849]CompilerResultsLog: Info    Creating library C:\Users\James Farrow\Documents\MyRepo\BuildingEscape\BuildingEscape\Intermediate\Build\Win64\UE4Editor\Development\UE4Editor-BuildingEscape-880.lib and object C:\Users\James Farrow\Documents\MyRepo\BuildingEscape\BuildingEscape\Intermediate\Build\Win64\UE4Editor\Development\UE4Editor-BuildingEscape-880.exp
[2017.05.15-14.46.11:888][849]CompilerResultsLog: Info    Creating library C:\Users\James Farrow\Documents\MyRepo\BuildingEscape\BuildingEscape\Intermediate\Build\Win64\UE4Editor\Development\UE4Editor-BuildingEscape-880.suppressed.lib and object C:\Users\James Farrow\Documents\MyRepo\BuildingEscape\BuildingEscape\Intermediate\Build\Win64\UE4Editor\Development\UE4Editor-BuildingEscape-880.suppressed.exp
[2017.05.15-14.46.11:889][849]CompilerResultsLog: Info Total build time: 18.29 seconds (Local executor: 6.58 seconds)
[2017.05.15-14.46.11:890][849]LogMainFrame: MainFrame: Module compiling took 18.869 seconds
[2017.05.15-14.46.12:030][849]LogClass: Could not find existing class Grabber in package /Script/BuildingEscape for HotReload, assuming new class
[2017.05.15-14.46.12:038][849]LogContentBrowser: Native class hierarchy updated for 'BuildingEscape' in 0.0035 seconds. Added 4 classes and 2 folders.
[2017.05.15-14.46.12:041][849]Display: HotReload successful (0 functions remapped  0 scriptstructs remapped)
[2017.05.15-14.46.12:603][849]LogContentBrowser: Native class hierarchy populated in 0.0373 seconds. Added 2251 classes and 459 folders.
[2017.05.15-14.46.12:604][849]Display: HotReload took 19.6s.
[2017.05.15-14.46.12:607][849]Warning: HotReload operation took 19.6s.
[2017.05.15-14.46.12:735][849]LogHotReload: New module detected: UE4Editor-BuildingEscape-880.dll
[2017.05.15-14.46.12:796][850]LogHotReload: Starting Hot-Reload from IDE
[2017.05.15-14.46.13:091][850]LogContentBrowser: Native class hierarchy updated for 'BuildingEscape' in 0.0043 seconds. Added 4 classes and 2 folders.
[2017.05.15-14.46.13:095][850]Display: HotReload successful (0 functions remapped  0 scriptstructs remapped)
[2017.05.15-14.46.13:410][850]LogContentBrowser: Native class hierarchy populated in 0.0170 seconds. Added 2251 classes and 459 folders.
[2017.05.15-14.46.13:413][850]Display: HotReload took  0.6s.
[2017.05.15-14.46.37:631][234]LogVSAccessor:Warning: Visual Studio is open but could not be queried - it may be blocked by a modal operation
[2017.05.15-14.46.40:851][235]LogVSAccessor:Warning: Couldn't goto line number '0' in 'C:/Users/James Farrow/Documents/MyRepo/BuildingEscape/BuildingEscape/Source/BuildingEscape/Grabber.h'
[2017.05.15-14.46.40:984][235]LogVSAccessor:Warning: Couldn't goto line number '0' in 'C:/Users/James Farrow/Documents/MyRepo/BuildingEscape/BuildingEscape/Source/BuildingEscape/Grabber.cpp'
[2017.05.15-14.47.45:417][428]LogSavePackage: Save=44.49ms
[2017.05.15-14.47.45:417][428]LogSavePackage: Moving '../../../../../../Users/James Farrow/Documents/MyRepo/BuildingEscape/BuildingEscape/Saved/NewMap_Auto2EB84405D4A9877D8FB6B968867191435.tmp' to '../../../../../../Users/James Farrow/Documents/MyRepo/BuildingEscape/BuildingEscape/Saved/Autosaves/Game/NewMap_Auto2.umap'
[2017.05.15-14.47.45:420][428]LogSavePackage:Display: Finished SavePackage ../../../../../../Users/James Farrow/Documents/MyRepo/BuildingEscape/BuildingEscape/Saved/Autosaves/Game/NewMap_Auto2.umap
[2017.05.15-14.47.45:422][428]LogFileHelpers: Editor autosave (incl. sublevels) for '/Game/NewMap' took 0.193
[2017.05.15-14.47.45:422][428]LogFileHelpers: Editor autosave (incl. sublevels) for all levels took 0.193
[2017.05.15-14.47.45:426][428]OBJ SavePackage: Generating thumbnails for [0] asset(s) in package [/Game/NewMap_BuiltData] ([1] browsable assets)...
[2017.05.15-14.47.45:426][428]OBJ SavePackage: Finished generating thumbnails for package [/Game/NewMap_BuiltData]
[2017.05.15-14.47.45:447][428]LogSavePackage: Save=9.66ms
[2017.05.15-14.47.45:447][428]LogSavePackage: Moving '../../../../../../Users/James Farrow/Documents/MyRepo/BuildingEscape/BuildingEscape/Saved/NewMap_BuiltData_Auto22A7E114C49F6FCAAA91B4A9C4F8D9559.tmp' to '../../../../../../Users/James Farrow/Documents/MyRepo/BuildingEscape/BuildingEscape/Saved/Autosaves/Game/NewMap_BuiltData_Auto2.uasset'
[2017.05.15-14.47.45:450][428]LogSavePackage:Display: Finished SavePackage ../../../../../../Users/James Farrow/Documents/MyRepo/BuildingEscape/BuildingEscape/Saved/Autosaves/Game/NewMap_BuiltData_Auto2.uasset
[2017.05.15-14.47.45:452][428]OBJ SavePackage: Generating thumbnails for [0] asset(s) in package [/Game/StarterContent/Architecture/Wall_Window_400x400] ([1] browsable assets)...
[2017.05.15-14.47.45:452][428]OBJ SavePackage: Finished generating thumbnails for package [/Game/StarterContent/Architecture/Wall_Window_400x400]
[2017.05.15-14.47.45:494][428]LogSavePackage: Save=9.26ms
[2017.05.15-14.47.45:494][428]LogSavePackage: Moving '../../../../../../Users/James Farrow/Documents/MyRepo/BuildingEscape/BuildingEscape/Saved/Wall_Window_400x400_Auto2469E1BC14A9ACD6C0EFECFBD61D2943E.tmp' to '../../../../../../Users/James Farrow/Documents/MyRepo/BuildingEscape/BuildingEscape/Saved/Autosaves/Game/StarterContent/Architecture/Wall_Window_400x400_Auto2.uasset'
[2017.05.15-14.47.45:502][428]LogSavePackage:Display: Finished SavePackage ../../../../../../Users/James Farrow/Documents/MyRepo/BuildingEscape/BuildingEscape/Saved/Autosaves/Game/StarterContent/Architecture/Wall_Window_400x400_Auto2.uasset
[2017.05.15-14.47.45:503][428]LogFileHelpers: Auto-saving content packages took 0.079
[2017.05.15-14.50.10:881][408]BlueprintLog: New page: Compile DefaultPawn_BP
[2017.05.15-14.50.11:400][408]Cmd: OBJ SAVEPACKAGE PACKAGE="/Game/DefaultPawn_BP" FILE="../../../../../../Users/James Farrow/Documents/MyRepo/BuildingEscape/BuildingEscape/Content/DefaultPawn_BP.uasset" SILENT=true
[2017.05.15-14.50.11:470][408]LogSavePackage: Save=36.24ms
[2017.05.15-14.50.11:470][408]LogSavePackage: Moving '../../../../../../Users/James Farrow/Documents/MyRepo/BuildingEscape/BuildingEscape/Saved/DefaultPawn_BP8584140A4104D4BAF9B17F887AC99C5A.tmp' to '../../../../../../Users/James Farrow/Documents/MyRepo/BuildingEscape/BuildingEscape/Content/DefaultPawn_BP.uasset'
[2017.05.15-14.50.11:482][408]LogSavePackage:Display: Finished SavePackage ../../../../../../Users/James Farrow/Documents/MyRepo/BuildingEscape/BuildingEscape/Content/DefaultPawn_BP.uasset
[2017.05.15-14.51.33:953][504]Cmd: DELETE
[2017.05.15-14.51.33:954][504]Cmd: ACTOR DELETE
[2017.05.15-14.51.33:958][504]LogEditorActor: Deleted Actor: DefaultPawn_BP_C
[2017.05.15-14.51.34:021][504]LogEditorActor: Deleted 1 Actors (0.067 secs)
[2017.05.15-14.51.51:233][905]Cmd: OBJ SAVEPACKAGE PACKAGE="/Game/NewMap" FILE="../../../../../../Users/James Farrow/Documents/MyRepo/BuildingEscape/BuildingEscape/Content/NewMap.umap" SILENT=true AUTOSAVING=false KEEPDIRTY=false
[2017.05.15-14.51.51:328][905]LogSavePackage: Save=41.90ms
[2017.05.15-14.51.51:328][905]LogSavePackage: Moving '../../../../../../Users/James Farrow/Documents/MyRepo/BuildingEscape/BuildingEscape/Saved/NewMap65913DC14DA03D92B14C4E8CB68868D8.tmp' to '../../../../../../Users/James Farrow/Documents/MyRepo/BuildingEscape/BuildingEscape/Content/NewMap.umap'
[2017.05.15-14.51.51:336][905]LogSavePackage:Display: Finished SavePackage ../../../../../../Users/James Farrow/Documents/MyRepo/BuildingEscape/BuildingEscape/Content/NewMap.umap
[2017.05.15-14.51.51:361][905]LogFileHelpers: Saving map 'NewMap' took 0.266
[2017.05.15-14.51.51:364][905]Cmd: OBJ SAVEPACKAGE PACKAGE="/Game/NewMap_BuiltData" FILE="../../../../../../Users/James Farrow/Documents/MyRepo/BuildingEscape/BuildingEscape/Content/NewMap_BuiltData.uasset" SILENT=true
[2017.05.15-14.51.51:542][905]LogSavePackage: Save=165.20ms
[2017.05.15-14.51.51:543][905]LogSavePackage: Moving '../../../../../../Users/James Farrow/Documents/MyRepo/BuildingEscape/BuildingEscape/Saved/NewMap_BuiltDataA1E2947B42CDF8329FCEB1A66FAD66F5.tmp' to '../../../../../../Users/James Farrow/Documents/MyRepo/BuildingEscape/BuildingEscape/Content/NewMap_BuiltData.uasset'
[2017.05.15-14.51.51:548][905]LogSavePackage:Display: Finished SavePackage ../../../../../../Users/James Farrow/Documents/MyRepo/BuildingEscape/BuildingEscape/Content/NewMap_BuiltData.uasset
[2017.05.15-14.51.51:565][905]LogSavePackage: Save=3.05ms
[2017.05.15-14.51.51:566][905]LogSavePackage: Moving '../../../../../../Users/James Farrow/Documents/MyRepo/BuildingEscape/BuildingEscape/Saved/Wall_Window_400x400879AEEFC44DC4221B6A96FA3B20E1F4C.tmp' to '../../../../../../Users/James Farrow/Documents/MyRepo/BuildingEscape/BuildingEscape/Content/StarterContent/Architecture/Wall_Window_400x400.uasset'
[2017.05.15-14.51.51:571][905]LogSavePackage:Display: Finished SavePackage ../../../../../../Users/James Farrow/Documents/MyRepo/BuildingEscape/BuildingEscape/Content/StarterContent/Architecture/Wall_Window_400x400.uasset
[2017.05.15-14.51.51:982][906]Cmd: QUIT_EDITOR
[2017.05.15-14.51.52:564][906]LogWindowsTextInputMethodSystem:Display: IME system now deactivated.
[2017.05.15-14.51.52:643][906]LogExit: Preparing to exit.
[2017.05.15-14.51.53:945][906]LogDirectoryWatcher: A directory notification for 'C:/Users/James Farrow/Documents/MyRepo/BuildingEscape/BuildingEscape/Content/' was aborted.
[2017.05.15-14.51.54:128][906]LogExit: Editor shut down
[2017.05.15-14.51.54:134][906]LogExit: Transaction tracking system shut down
[2017.05.15-14.51.54:568][906]LogObj: Freed 0b from 0 cluster array pools.
[2017.05.15-14.51.54:571][906]LogExit: Object subsystem successfully closed.
[2017.05.15-14.51.54:631][906]LogD3D11RHI: Shutdown
[2017.05.15-14.51.54:631][906]LogD3D11RHI: CleanupD3DDevice
[2017.05.15-14.51.55:027][906]LogD3D11RHI: ~FD3D11DynamicRHI
[2017.05.15-14.51.55:085][906]LogModuleManager: Shutting down and abandoning module BuildingEscape (512)
[2017.05.15-14.51.55:085][906]LogModuleManager: Shutting down and abandoning module ExternalImagePicker (510)
[2017.05.15-14.51.55:085][906]LogModuleManager: Shutting down and abandoning module StaticMeshEditor (508)
[2017.05.15-14.51.55:085][906]LogModuleManager: Shutting down and abandoning module BlueprintGraph (506)
[2017.05.15-14.51.55:085][906]LogModuleManager: Shutting down and abandoning module BlueprintProfiler (504)
[2017.05.15-14.51.55:095][906]LogModuleManager: Shutting down and abandoning module MovieSceneCapture (502)
[2017.05.15-14.51.55:095][906]LogModuleManager: Shutting down and abandoning module HierarchicalLODOutliner (500)
[2017.05.15-14.51.55:095][906]LogModuleManager: Shutting down and abandoning module CrashTracker (498)
[2017.05.15-14.51.55:096][906]LogModuleManager: Shutting down and abandoning module SceneOutliner (496)
[2017.05.15-14.51.55:096][906]LogModuleManager: Shutting down and abandoning module AddContentDialog (494)
[2017.05.15-14.51.55:096][906]LogDirectoryWatcher: A directory notification for 'C:/Program Files/Epic Games/UE_4.15/FeaturePacks/' was aborted.
[2017.05.15-14.51.55:104][906]LogModuleManager: Shutting down and abandoning module WidgetCarousel (493)
[2017.05.15-14.51.55:104][906]LogModuleManager: Shutting down and abandoning module EditorWidgets (490)
[2017.05.15-14.51.55:104][906]LogModuleManager: Shutting down and abandoning module CollectionManager (488)
[2017.05.15-14.51.55:104][906]LogDirectoryWatcher: A directory notification for 'C:/Users/James Farrow/Documents/MyRepo/BuildingEscape/BuildingEscape/Content/Collections/' was aborted.
[2017.05.15-14.51.55:104][906]LogDirectoryWatcher: A directory notification for 'C:/Users/James Farrow/Documents/MyRepo/BuildingEscape/BuildingEscape/Content/Developers/JamesFarrow/Collections/' was aborted.
[2017.05.15-14.51.55:104][906]LogDirectoryWatcher: A directory notification for 'C:/Users/James Farrow/Documents/MyRepo/BuildingEscape/BuildingEscape/Saved/Collections/' was aborted.
[2017.05.15-14.51.55:104][906]LogModuleManager: Shutting down and abandoning module StatsViewer (486)
[2017.05.15-14.51.55:104][906]LogModuleManager: Shutting down and abandoning module FoliageEdit (484)
[2017.05.15-14.51.55:104][906]LogModuleManager: Shutting down and abandoning module LandscapeEditor (482)
[2017.05.15-14.51.55:105][906]LogModuleManager: Shutting down and abandoning module SceneDepthPickerMode (480)
[2017.05.15-14.51.55:105][906]LogModuleManager: Shutting down and abandoning module ActorPickerMode (478)
[2017.05.15-14.51.55:105][906]LogModuleManager: Shutting down and abandoning module GeometryMode (476)
[2017.05.15-14.51.55:105][906]LogModuleManager: Shutting down and abandoning module TextureAlignMode (474)
[2017.05.15-14.51.55:105][906]LogModuleManager: Shutting down and abandoning module BspMode (472)
[2017.05.15-14.51.55:105][906]LogModuleManager: Shutting down and abandoning module HardwareSurvey (470)
[2017.05.15-14.51.55:105][906]LogModuleManager: Shutting down and abandoning module SequenceRecorderSections (468)
[2017.05.15-14.51.55:105][906]LogModuleManager: Shutting down and abandoning module AutomationWorker (466)
[2017.05.15-14.51.55:105][906]LogModuleManager: Shutting down and abandoning module MatineeToLevelSequence (464)
[2017.05.15-14.51.55:105][906]LogModuleManager: Shutting down and abandoning module LevelSequenceEditor (462)
[2017.05.15-14.51.55:105][906]LogModuleManager: Shutting down and abandoning module PlacementMode (461)
[2017.05.15-14.51.55:105][906]LogModuleManager: Shutting down and abandoning module WmfMediaFactory (458)
[2017.05.15-14.51.55:105][906]LogModuleManager: Shutting down and abandoning module WmfMediaEditor (456)
[2017.05.15-14.51.55:105][906]LogModuleManager: Shutting down and abandoning module MfMediaFactory (454)
[2017.05.15-14.51.55:105][906]LogModuleManager: Shutting down and abandoning module MfMediaEditor (452)
[2017.05.15-14.51.55:105][906]LogModuleManager: Shutting down and abandoning module AvfMediaFactory (450)
[2017.05.15-14.51.55:105][906]LogModuleManager: Shutting down and abandoning module AvfMediaEditor (448)
[2017.05.15-14.51.55:105][906]LogModuleManager: Shutting down and abandoning module AndroidMediaFactory (446)
[2017.05.15-14.51.55:105][906]LogModuleManager: Shutting down and abandoning module Media (445)
[2017.05.15-14.51.55:105][906]LogModuleManager: Shutting down and abandoning module AndroidMediaEditor (442)
[2017.05.15-14.51.55:105][906]LogModuleManager: Shutting down and abandoning module CharacterAI (440)
[2017.05.15-14.51.55:105][906]LogModuleManager: Shutting down and abandoning module AudioCapture (438)
[2017.05.15-14.51.55:105][906]LogModuleManager: Shutting down and abandoning module SequenceRecorder (437)
[2017.05.15-14.51.55:105][906]LogModuleManager: Shutting down and abandoning module SmartSnapping (434)
[2017.05.15-14.51.55:105][906]LogModuleManager: Shutting down and abandoning module SessionServices (432)
[2017.05.15-14.51.55:105][906]LogModuleManager: Shutting down and abandoning module ViewportSnapping (430)
[2017.05.15-14.51.55:105][906]LogModuleManager: Shutting down and abandoning module ViewportInteraction (428)
[2017.05.15-14.51.55:105][906]LogModuleManager: Shutting down and abandoning module LogVisualizer (426)
[2017.05.15-14.51.55:105][906]LogModuleManager: Shutting down and abandoning module IntroTutorials (424)
[2017.05.15-14.51.55:105][906]LogModuleManager: Shutting down and abandoning module GameProjectGeneration (423)
[2017.05.15-14.51.55:105][906]LogModuleManager: Shutting down and abandoning module EditorLiveStreaming (420)
[2017.05.15-14.51.55:105][906]LogModuleManager: Shutting down and abandoning module IOSPlatformEditor (418)
[2017.05.15-14.51.55:106][906]LogModuleManager: Shutting down and abandoning module HTML5PlatformEditor (416)
[2017.05.15-14.51.55:106][906]LogModuleManager: Shutting down and abandoning module AndroidPlatformEditor (414)
[2017.05.15-14.51.55:106][906]LogModuleManager: Shutting down and abandoning module AndroidDeviceDetection (413)
[2017.05.15-14.51.55:391][906]LogModuleManager: Shutting down and abandoning module IOSRuntimeSettings (410)
[2017.05.15-14.51.55:391][906]LogModuleManager: Shutting down and abandoning module AndroidRuntimeSettings (408)
[2017.05.15-14.51.55:391][906]LogModuleManager: Shutting down and abandoning module InputBindingEditor (406)
[2017.05.15-14.51.55:391][906]LogModuleManager: Shutting down and abandoning module NiagaraEditor (404)
[2017.05.15-14.51.55:391][906]LogModuleManager: Shutting down and abandoning module MergeActors (402)
[2017.05.15-14.51.55:391][906]LogModuleManager: Shutting down and abandoning module SizeMap (400)
[2017.05.15-14.51.55:391][906]LogModuleManager: Shutting down and abandoning module TreeMap (398)
[2017.05.15-14.51.55:392][906]LogModuleManager: Shutting down and abandoning module ReferenceViewer (396)
[2017.05.15-14.51.55:392][906]LogModuleManager: Shutting down and abandoning module LocalizationDashboard (394)
[2017.05.15-14.51.55:392][906]LogModuleManager: Shutting down and abandoning module LocalizationService (393)
[2017.05.15-14.51.55:392][906]LogModuleManager: Shutting down and abandoning module HardwareTargeting (390)
[2017.05.15-14.51.55:392][906]LogModuleManager: Shutting down and abandoning module DeviceProfileEditor (388)
[2017.05.15-14.51.55:392][906]LogModuleManager: Shutting down and abandoning module UndoHistory (386)
[2017.05.15-14.51.55:392][906]LogModuleManager: Shutting down and abandoning module UserFeedback (384)
[2017.05.15-14.51.55:392][906]LogModuleManager: Shutting down and abandoning module XmlParser (382)
[2017.05.15-14.51.55:392][906]LogModuleManager: Shutting down and abandoning module Blutility (380)
[2017.05.15-14.51.55:392][906]LogModuleManager: Shutting down and abandoning module ProjectSettingsViewer (378)
[2017.05.15-14.51.55:392][906]LogModuleManager: Shutting down and abandoning module ProjectTargetPlatformEditor (377)
[2017.05.15-14.51.55:393][906]LogModuleManager: Shutting down and abandoning module EditorSettingsViewer (374)
[2017.05.15-14.51.55:394][906]LogModuleManager: Shutting down and abandoning module SettingsEditor (372)
[2017.05.15-14.51.55:394][906]LogModuleManager: Shutting down and abandoning module ProjectLauncher (370)
[2017.05.15-14.51.55:394][906]LogModuleManager: Shutting down and abandoning module SessionFrontend (368)
[2017.05.15-14.51.55:394][906]LogModuleManager: Shutting down and abandoning module ProfilerClient (366)
[2017.05.15-14.51.55:394][906]LogModuleManager: Shutting down and abandoning module DeviceManager (364)
[2017.05.15-14.51.55:394][906]LogModuleManager: Shutting down and abandoning module TargetDeviceServices (363)
[2017.05.15-14.51.55:438][906]LogModuleManager: Shutting down and abandoning module AutomationController (360)
[2017.05.15-14.51.55:438][906]LogModuleManager: Shutting down and abandoning module AutomationWindow (358)
[2017.05.15-14.51.55:438][906]LogModuleManager: Shutting down and abandoning module Layers (356)
[2017.05.15-14.51.55:438][906]LogModuleManager: Shutting down and abandoning module ComponentVisualizers (354)
[2017.05.15-14.51.55:438][906]LogModuleManager: Shutting down and abandoning module DetailCustomizations (352)
[2017.05.15-14.51.55:438][906]LogModuleManager: Shutting down and abandoning module PackagesDialog (350)
[2017.05.15-14.51.55:439][906]LogModuleManager: Shutting down and abandoning module Persona (348)
[2017.05.15-14.51.55:439][906]LogModuleManager: Shutting down and abandoning module AnimGraph (347)
[2017.05.15-14.51.55:439][906]LogModuleManager: Shutting down and abandoning module Kismet (344)
[2017.05.15-14.51.55:459][906]LogModuleManager: Shutting down and abandoning module GraphEditor (342)
[2017.05.15-14.51.55:459][906]LogModuleManager: Shutting down and abandoning module ClassViewer (340)
[2017.05.15-14.51.55:465][906]LogModuleManager: Shutting down and abandoning module Toolbox (338)
[2017.05.15-14.51.55:465][906]LogModuleManager: Shutting down and abandoning module ModuleUI (336)
[2017.05.15-14.51.55:465][906]LogModuleManager: Shutting down and abandoning module MovieSceneTools (334)
[2017.05.15-14.51.55:465][906]LogModuleManager: Shutting down and abandoning module OutputLog (332)
[2017.05.15-14.51.55:465][906]LogModuleManager: Shutting down and abandoning module GammaUI (330)
[2017.05.15-14.51.55:465][906]LogModuleManager: Shutting down and abandoning module Documentation (328)
[2017.05.15-14.51.55:465][906]LogModuleManager: Shutting down and abandoning module Niagara (326)
[2017.05.15-14.51.55:465][906]LogModuleManager: Shutting down and abandoning module StreamingPauseRendering (324)
[2017.05.15-14.51.55:466][906]LogModuleManager: Shutting down and abandoning module AnalyticsET (322)
[2017.05.15-14.51.55:466][906]LogModuleManager: Shutting down and abandoning module PortalServices (320)
[2017.05.15-14.51.55:466][906]LogModuleManager: Shutting down and abandoning module PortalRpc (318)
[2017.05.15-14.51.55:466][906]LogModuleManager: Shutting down and abandoning module MessagingRpc (316)
[2017.05.15-14.51.55:466][906]LogModuleManager: Shutting down and abandoning module AIModule (314)
[2017.05.15-14.51.55:466][906]LogModuleManager: Shutting down and abandoning module GameplayDebugger (313)
[2017.05.15-14.51.55:466][906]LogModuleManager: Shutting down and abandoning module AITestSuite (311)
[2017.05.15-14.51.55:466][906]LogModuleManager: Shutting down and abandoning module ProfilerService (308)
[2017.05.15-14.51.55:538][906]LogModuleManager: Shutting down and abandoning module TaskGraph (306)
[2017.05.15-14.51.55:538][906]LogModuleManager: Shutting down and abandoning module SteamVRController (304)
[2017.05.15-14.51.55:538][906]LogModuleManager: Shutting down and abandoning module SteamVR (302)
[2017.05.15-14.51.55:538][906]LogModuleManager: Shutting down and abandoning module ProceduralMeshComponentEditor (300)
[2017.05.15-14.51.55:538][906]LogModuleManager: Shutting down and abandoning module ProceduralMeshComponent (298)
[2017.05.15-14.51.55:538][906]LogModuleManager: Shutting down and abandoning module OculusLibrary (296)
[2017.05.15-14.51.55:538][906]LogModuleManager: Shutting down and abandoning module OculusInput (294)
[2017.05.15-14.51.55:539][906]LogModuleManager: Shutting down and abandoning module MobilePatchingUtils (292)
[2017.05.15-14.51.55:539][906]LogModuleManager: Shutting down and abandoning module CustomMeshComponent (290)
[2017.05.15-14.51.55:539][906]LogModuleManager: Shutting down and abandoning module CableComponent (288)
[2017.05.15-14.51.55:539][906]LogModuleManager: Shutting down and abandoning module ArchVisCharacter (286)
[2017.05.15-14.51.55:539][906]LogModuleManager: Shutting down and abandoning module MediaPlayerEditor (282)
[2017.05.15-14.51.55:539][906]LogModuleManager: Shutting down and abandoning module HTML5Networking (280)
[2017.05.15-14.51.55:539][906]LogModuleManager: Shutting down and abandoning module AlembicImporter (278)
[2017.05.15-14.51.55:539][906]LogModuleManager: Shutting down and abandoning module AlembicLibrary (277)
[2017.05.15-14.51.55:539][906]LogModuleManager: Shutting down and abandoning module GeometryCache (276)
[2017.05.15-14.51.55:539][906]LogModuleManager: Shutting down and abandoning module GeometryCacheEd (275)
[2017.05.15-14.51.55:539][906]LogModuleManager: Shutting down and abandoning module SuperSearchEditor (270)
[2017.05.15-14.51.55:539][906]LogModuleManager: Shutting down and abandoning module SuperSearch (269)
[2017.05.15-14.51.55:539][906]LogModuleManager: Shutting down and abandoning module SpeedTreeImporter (266)
[2017.05.15-14.51.55:539][906]LogModuleManager: Shutting down and abandoning module PluginBrowser (264)
[2017.05.15-14.51.55:540][906]LogModuleManager: Shutting down and abandoning module MobileLauncherProfileWizard (262)
[2017.05.15-14.51.55:540][906]LogModuleManager: Shutting down and abandoning module EpicSurvey (260)
[2017.05.15-14.51.55:540][906]LogModuleManager: Shutting down and abandoning module VisualStudioSourceCodeAccess (258)
[2017.05.15-14.51.55:540][906]LogModuleManager: Shutting down and abandoning module DesktopPlatform (257)
[2017.05.15-14.51.55:540][906]LogModuleManager: Shutting down and abandoning module UObjectPlugin (254)
[2017.05.15-14.51.55:540][906]LogModuleManager: Shutting down and abandoning module SubversionSourceControl (252)
[2017.05.15-14.51.55:540][906]LogModuleManager: Shutting down and abandoning module PerforceSourceControl (250)
[2017.05.15-14.51.55:540][906]LogModuleManager: Shutting down and abandoning module GitSourceControl (248)
[2017.05.15-14.51.55:541][906]LogModuleManager: Shutting down and abandoning module SourceControl (247)
[2017.05.15-14.51.55:541][906]LogModuleManager: Shutting down and abandoning module LightPropagationVolumeEditor (244)
[2017.05.15-14.51.55:541][906]LogModuleManager: Shutting down and abandoning module PaperTiledImporter (242)
[2017.05.15-14.51.55:541][906]LogModuleManager: Shutting down and abandoning module PaperSpriteSheetImporter (240)
[2017.05.15-14.51.55:541][906]LogModuleManager: Shutting down and abandoning module Paper2DEditor (238)
[2017.05.15-14.51.55:541][906]LogModuleManager: Shutting down and abandoning module MeshPaint (237)
[2017.05.15-14.51.55:541][906]LogModuleManager: Shutting down and abandoning module LevelEditor (235)
[2017.05.15-14.51.55:545][906]LogModuleManager: Shutting down and abandoning module PixelInspectorModule (234)
[2017.05.15-14.51.55:546][906]LogModuleManager: Shutting down and abandoning module MainFrame (232)
[2017.05.15-14.51.55:546][906]LogModuleManager: Shutting down and abandoning module HotReload (231)
[2017.05.15-14.51.55:546][906]LogDirectoryWatcher: A directory notification for 'C:/Users/James Farrow/Documents/MyRepo/BuildingEscape/BuildingEscape/Binaries/Win64' was aborted.
[2017.05.15-14.51.55:548][906]LogModuleManager: Shutting down and abandoning module ContentBrowser (227)
[2017.05.15-14.51.55:551][906]LogModuleManager: Shutting down and abandoning module PhysXVehiclesEditor (222)
[2017.05.15-14.51.55:551][906]LogModuleManager: Shutting down and abandoning module PhysXVehicles (220)
[2017.05.15-14.51.55:551][906]LogModuleManager: Shutting down and abandoning module LocationServicesBPLibrary (218)
[2017.05.15-14.51.55:551][906]LogModuleManager: Shutting down and abandoning module UdpMessaging (216)
[2017.05.15-14.51.55:653][906]LogModuleManager: Shutting down and abandoning module TcpMessaging (214)
[2017.05.15-14.51.55:754][906]LogModuleManager: Shutting down and abandoning module GameplayTagsEditor (212)
[2017.05.15-14.51.55:754][906]LogModuleManager: Shutting down and abandoning module FacialAnimationEditor (210)
[2017.05.15-14.51.55:754][906]LogModuleManager: Shutting down and abandoning module FacialAnimation (208)
[2017.05.15-14.51.55:754][906]LogModuleManager: Shutting down and abandoning module LightPropagationVolumeRuntime (206)
[2017.05.15-14.51.55:754][906]LogModuleManager: Shutting down and abandoning module Paper2D (204)
[2017.05.15-14.51.55:754][906]LogModuleManager: Shutting down and abandoning module WindowsMoviePlayer (202)
[2017.05.15-14.51.55:754][906]LogModuleManager: Shutting down and abandoning module WmfMedia (200)
[2017.05.15-14.51.55:754][906]LogModuleManager: Shutting down and abandoning module MfMedia (198)
[2017.05.15-14.51.55:754][906]LogModuleManager: Shutting down and abandoning module MediaAssets (196)
[2017.05.15-14.51.55:754][906]LogModuleManager: Shutting down and abandoning module GameLiveStreaming (194)
[2017.05.15-14.51.55:754][906]LogModuleManager: Shutting down and abandoning module VREditor (192)
[2017.05.15-14.51.55:755][906]LogModuleManager: Shutting down and abandoning module GameplayTasksEditor (190)
[2017.05.15-14.51.55:755][906]LogModuleManager: Shutting down and abandoning module BehaviorTreeEditor (188)
[2017.05.15-14.51.55:755][906]LogModuleManager: Shutting down and abandoning module FunctionalTesting (186)
[2017.05.15-14.51.55:755][906]LogModuleManager: Shutting down and abandoning module CollisionAnalyzer (184)
[2017.05.15-14.51.55:755][906]LogModuleManager: Shutting down and abandoning module UMG (182)
[2017.05.15-14.51.55:755][906]LogModuleManager: Shutting down and abandoning module UMGEditor (181)
[2017.05.15-14.51.55:755][906]LogModuleManager: Shutting down and abandoning module Sequencer (180)
[2017.05.15-14.51.55:755][906]LogModuleManager: Shutting down and abandoning module AssetTools (178)
[2017.05.15-14.51.55:755][906]LogModuleManager: Shutting down and abandoning module MessageLog (177)
[2017.05.15-14.51.55:755][906]LogModuleManager: Shutting down and abandoning module WorkspaceMenuStructure (176)
[2017.05.15-14.51.55:755][906]LogModuleManager: Shutting down and abandoning module SlateReflector (170)
[2017.05.15-14.51.55:755][906]LogModuleManager: Shutting down and abandoning module Slate (168)
[2017.05.15-14.51.55:755][906]LogModuleManager: Shutting down and abandoning module EditorStyle (166)
[2017.05.15-14.51.55:765][906]LogModuleManager: Shutting down and abandoning module SourceCodeAccess (164)
[2017.05.15-14.51.55:765][906]LogModuleManager: Shutting down and abandoning module HeadMountedDisplay (162)
[2017.05.15-14.51.55:765][906]LogModuleManager: Shutting down and abandoning module XAudio2 (160)
[2017.05.15-14.51.55:765][906]LogModuleManager: Shutting down and abandoning module Networking (158)
[2017.05.15-14.51.55:765][906]LogModuleManager: Shutting down and abandoning module Core (154)
[2017.05.15-14.51.55:765][906]LogModuleManager: Shutting down and abandoning module AssetRegistry (152)
[2017.05.15-14.51.56:018][906]LogDirectoryWatcher: A directory notification for '../../../Engine/Content/' was aborted.
[2017.05.15-14.51.56:018][906]LogDirectoryWatcher: A directory notification for '../../../../../../Users/James Farrow/Documents/MyRepo/BuildingEscape/BuildingEscape/Content/' was aborted.
[2017.05.15-14.51.56:018][906]LogDirectoryWatcher: A directory notification for '../../../Engine/Plugins/2D/Paper2D/Content/' was aborted.
[2017.05.15-14.51.56:019][906]LogModuleManager: Shutting down and abandoning module DirectoryWatcher (151)
[2017.05.15-14.51.56:031][906]LogModuleManager: Shutting down and abandoning module KismetCompiler (148)
[2017.05.15-14.51.56:031][906]LogModuleManager: Shutting down and abandoning module PhysXFormats (146)
[2017.05.15-14.51.56:031][906]LogModuleManager: Shutting down and abandoning module MeshUtilities (144)
[2017.05.15-14.51.56:031][906]LogModuleManager: Shutting down and abandoning module SimplygonSwarm (143)
[2017.05.15-14.51.56:031][906]LogModuleManager: Shutting down and abandoning module SimplygonMeshReduction (141)
[2017.05.15-14.51.56:031][906]LogModuleManager: Shutting down and abandoning module QuadricMeshReduction (139)
[2017.05.15-14.51.56:031][906]LogModuleManager: Shutting down and abandoning module PropertyEditor (137)
[2017.05.15-14.51.56:031][906]LogModuleManager: Shutting down and abandoning module DerivedDataCache (134)
[2017.05.15-14.51.56:120][906]LogDerivedDataCache: Shutdown
[2017.05.15-14.51.56:120][906]LogModuleManager: Shutting down and abandoning module TargetPlatform (132)
[2017.05.15-14.51.56:120][906]LogModuleManager: Shutting down and abandoning module VulkanShaderFormat (131)
[2017.05.15-14.51.56:120][906]LogModuleManager: Shutting down and abandoning module ShaderFormatOpenGL (129)
[2017.05.15-14.51.56:120][906]LogModuleManager: Shutting down and abandoning module ShaderFormatD3D (127)
[2017.05.15-14.51.56:120][906]LogModuleManager: Shutting down and abandoning module MetalShaderFormat (125)
[2017.05.15-14.51.56:120][906]LogModuleManager: Shutting down and abandoning module TextureFormatUncompressed (123)
[2017.05.15-14.51.56:120][906]LogModuleManager: Shutting down and abandoning module TextureFormatPVR (121)
[2017.05.15-14.51.56:120][906]LogModuleManager: Shutting down and abandoning module TextureFormatDXT (119)
[2017.05.15-14.51.56:120][906]LogModuleManager: Shutting down and abandoning module TextureFormatIntelISPCTexComp (117)
[2017.05.15-14.51.56:121][906]LogModuleManager: Shutting down and abandoning module TextureFormatASTC (115)
[2017.05.15-14.51.56:121][906]LogModuleManager: Shutting down and abandoning module ImageWrapper (114)
[2017.05.15-14.51.56:121][906]LogModuleManager: Shutting down and abandoning module TextureFormatAndroid (111)
[2017.05.15-14.51.56:121][906]LogModuleManager: Shutting down and abandoning module AudioFormatOpus (109)
[2017.05.15-14.51.56:121][906]LogModuleManager: Shutting down and abandoning module AudioFormatOgg (107)
[2017.05.15-14.51.56:121][906]LogModuleManager: Shutting down and abandoning module AudioFormatADPCM (105)
[2017.05.15-14.51.56:121][906]LogModuleManager: Shutting down and abandoning module LinuxTargetPlatform (103)
[2017.05.15-14.51.56:121][906]LogModuleManager: Shutting down and abandoning module LinuxServerTargetPlatform (101)
[2017.05.15-14.51.56:121][906]LogModuleManager: Shutting down and abandoning module LinuxNoEditorTargetPlatform (99)
[2017.05.15-14.51.56:121][906]LogModuleManager: Shutting down and abandoning module LinuxClientTargetPlatform (97)
[2017.05.15-14.51.56:121][906]LogModuleManager: Shutting down and abandoning module TVOSTargetPlatform (95)
[2017.05.15-14.51.56:121][906]LogModuleManager: Shutting down and abandoning module Messaging (93)
[2017.05.15-14.51.56:121][906]LogModuleManager: Shutting down and abandoning module IOSTargetPlatform (91)
[2017.05.15-14.51.56:121][906]LogModuleManager: Shutting down and abandoning module HTML5TargetPlatform (89)
[2017.05.15-14.51.56:121][906]LogModuleManager: Shutting down and abandoning module Android_PVRTCTargetPlatform (87)
[2017.05.15-14.51.56:121][906]LogModuleManager: Shutting down and abandoning module Android_MultiTargetPlatform (85)
[2017.05.15-14.51.56:121][906]LogModuleManager: Shutting down and abandoning module Android_ETC2TargetPlatform (83)
[2017.05.15-14.51.56:121][906]LogModuleManager: Shutting down and abandoning module Android_ETC1TargetPlatform (81)
[2017.05.15-14.51.56:121][906]LogModuleManager: Shutting down and abandoning module Android_DXTTargetPlatform (79)
[2017.05.15-14.51.56:121][906]LogModuleManager: Shutting down and abandoning module Android_ATCTargetPlatform (77)
[2017.05.15-14.51.56:121][906]LogModuleManager: Shutting down and abandoning module Android_ASTCTargetPlatform (75)
[2017.05.15-14.51.56:121][906]LogModuleManager: Shutting down and abandoning module AndroidTargetPlatform (73)
[2017.05.15-14.51.56:121][906]LogModuleManager: Shutting down and abandoning module WindowsTargetPlatform (71)
[2017.05.15-14.51.56:121][906]LogModuleManager: Shutting down and abandoning module WindowsServerTargetPlatform (69)
[2017.05.15-14.51.56:121][906]LogModuleManager: Shutting down and abandoning module WindowsNoEditorTargetPlatform (67)
[2017.05.15-14.51.56:121][906]LogModuleManager: Shutting down and abandoning module WindowsClientTargetPlatform (65)
[2017.05.15-14.51.56:121][906]LogModuleManager: Shutting down and abandoning module MacTargetPlatform (63)
[2017.05.15-14.51.56:121][906]LogModuleManager: Shutting down and abandoning module MacServerTargetPlatform (61)
[2017.05.15-14.51.56:122][906]LogModuleManager: Shutting down and abandoning module MacNoEditorTargetPlatform (59)
[2017.05.15-14.51.56:122][906]LogModuleManager: Shutting down and abandoning module MacClientTargetPlatform (57)
[2017.05.15-14.51.56:122][906]LogModuleManager: Shutting down and abandoning module AllDesktopTargetPlatform (55)
[2017.05.15-14.51.56:122][906]LogModuleManager: Shutting down and abandoning module InputCore (52)
[2017.05.15-14.51.56:122][906]LogModuleManager: Shutting down and abandoning module Settings (50)
[2017.05.15-14.51.56:122][906]LogModuleManager: Shutting down and abandoning module OculusRift (48)
[2017.05.15-14.51.56:122][906]LogModuleManager: Shutting down and abandoning module GearVR (46)
[2017.05.15-14.51.56:122][906]LogModuleManager: Shutting down and abandoning module ExampleDeviceProfileSelector (44)
[2017.05.15-14.51.56:122][906]LogModuleManager: Shutting down and abandoning module OnlineBlueprintSupport (42)
[2017.05.15-14.51.56:122][906]LogModuleManager: Shutting down and abandoning module OnlineSubsystem (38)
[2017.05.15-14.51.56:122][906]LogOnline:Display: Unloading online subsystem: NULL
[2017.05.15-14.51.56:122][906]LogModuleManager: Shutting down and abandoning module XMPP (37)
[2017.05.15-14.51.56:122][906]LogModuleManager: Shutting down and abandoning module HTTP (35)
[2017.05.15-14.51.56:122][906]LogHttp:Display: Http module shutting down, but needs to wait on 1 outstanding Http requests:
[2017.05.15-14.51.56:122][906]LogHttp:Display: 	verb=[POST] url=[https://datarouter.ol.epicgames.com/datarouter/api/v1/public/data?SessionID=%7B0A343F36-46E4-DFED-15E9-F19CE482A070%7D&AppID=UEEditor.Rocket.Release&AppVersion=4.15.2-3416026%2B%2B%2BUE4%2BRelease-4.15&UserID=929c5a0742a4cf2dc269d3b5485dc234%7C7badd898d52649aa9279896153bc72c1%7Cee6c34be-6ad8-49c7-abe6-45b6d289167e&AppEnvironment=datacollector-binary&UploadType=eteventstream] status=Processing
[2017.05.15-14.51.56:135][906]LogModuleManager: Shutting down and abandoning module SSL (34)
[2017.05.15-14.51.56:141][906]LogModuleManager: Shutting down and abandoning module AudioEditor (30)
[2017.05.15-14.51.56:141][906]LogModuleManager: Shutting down and abandoning module TextureCompressor (28)
[2017.05.15-14.51.56:141][906]LogModuleManager: Shutting down and abandoning module ShaderCore (26)
[2017.05.15-14.51.56:141][906]LogModuleManager: Shutting down and abandoning module Landscape (24)
[2017.05.15-14.51.56:141][906]LogModuleManager: Shutting down and abandoning module SlateRHIRenderer (22)
[2017.05.15-14.51.56:159][906]LogModuleManager: Shutting down and abandoning module OpenGLDrv (20)
[2017.05.15-14.51.56:159][906]LogModuleManager: Shutting down and abandoning module D3D11RHI (18)
[2017.05.15-14.51.56:159][906]LogModuleManager: Shutting down and abandoning module AnimGraphRuntime (16)
[2017.05.15-14.51.56:159][906]LogModuleManager: Shutting down and abandoning module Renderer (14)
[2017.05.15-14.51.56:160][906]LogModuleManager: Shutting down and abandoning module Engine (12)
[2017.05.15-14.51.56:160][906]LogModuleManager: Shutting down and abandoning module CoreUObject (10)
[2017.05.15-14.51.56:160][906]LogModuleManager: Shutting down and abandoning module NetworkFile (8)
[2017.05.15-14.51.56:160][906]LogModuleManager: Shutting down and abandoning module StreamingFile (6)
[2017.05.15-14.51.56:160][906]LogModuleManager: Shutting down and abandoning module SandboxFile (4)
[2017.05.15-14.51.56:160][906]LogModuleManager: Shutting down and abandoning module PakFile (2)
[2017.05.15-14.51.56:162][906]LogExit: Exiting.
[2017.05.15-14.51.56:181][906]Log file closed, 05/15/17 15:51:56
