Log file open, 06/08/17 15:02:50
LogInit:Display: Running engine for game: BuildingEscape
LogPlatformFile: Not using cached read wrapper
LogInit:Display: RandInit(-301764540) SRandInit(-301764540).
LogTaskGraph: Started task graph with 5 named threads and 6 total threads with 1 sets of task threads.
LogStats: Stats thread started at 0.309772
LogInit: Using libcurl 7.47.1
LogInit:  - built for x86_64-pc-win32
LogInit:  - supports SSL with OpenSSL/1.0.2g
LogInit:  - supports HTTP deflate (compression) using libz 1.2.8
LogInit:  - other features:
LogInit:      CURL_VERSION_SSL
LogInit:      CURL_VERSION_LIBZ
LogInit:      CURL_VERSION_IPV6
LogInit:      CURL_VERSION_ASYNCHDNS
LogInit:      CURL_VERSION_LARGEFILE
LogInit:      CURL_VERSION_IDN
LogInit:  CurlRequestOptions (configurable via config and command line):
LogInit:  - bVerifyPeer = false  - Libcurl will NOT verify peer certificate
LogInit:  - bUseHttpProxy = false  - Libcurl will NOT use HTTP proxy
LogInit:  - bDontReuseConnections = false  - Libcurl will reuse connections
LogInit:  - CertBundlePath = nullptr  - Libcurl will use whatever was configured at build time.
LogInit: Build: ++UE4+Release-4.15-CL-3450819
LogInit: Engine Version: 4.15.3-3450819+++UE4+Release-4.15
LogInit: Compatible Engine Version: 4.15.0-3299760+++UE4+Release-4.15
LogInit: Net CL: 3299760
LogDevObjectVersion: Number of dev versions registered: 14
LogDevObjectVersion:   Dev-Blueprints (B0D832E4-1F89-4F0D-ACCF-7EB736FD4AA2): 8
LogDevObjectVersion:   Dev-Build (E1C64328-A22C-4D53-A36C-8E866417BD8C): 0
LogDevObjectVersion:   Dev-Core (375EC13C-06E4-48FB-B500-84F0262A717E): 2
LogDevObjectVersion:   Dev-Editor (E4B068ED-F494-42E9-A231-DA0B2E46BB41): 14
LogDevObjectVersion:   Dev-Framework (CFFC743F-43B0-4480-9391-14DF171D2073): 22
LogDevObjectVersion:   Dev-Mobile (B02B49B5-BB20-44E9-A304-32B752E40360): 0
LogDevObjectVersion:   Dev-Networking (A4E4105C-59A1-49B5-A7C5-40C4547EDFEE): 0
LogDevObjectVersion:   Dev-Online (39C831C9-5AE6-47DC-9A44-9C173E1C8E7C): 0
LogDevObjectVersion:   Dev-Physics (78F01B33-EBEA-4F98-B9B4-84EACCB95AA2): 0
LogDevObjectVersion:   Dev-Platform (6631380F-2D4D-43E0-8009-CF276956A95A): 0
LogDevObjectVersion:   Dev-Rendering (12F88B9F-8875-4AFC-A67C-D90C383ABD29): 12
LogDevObjectVersion:   Dev-Sequencer (7B5AE74C-D270-4C10-A958-57980B212A5A): 3
LogDevObjectVersion:   Dev-VR (D7296918-1DD6-4BDD-9DE2-64A83CC13884): 0
LogDevObjectVersion:   Dev-LoadTimes (C2A15278-BFE7-4AFE-6C17-90FF531DF755): 1
LogInit: Compiled (64-bit): May 21 2017 11:02:34
LogInit: Compiled with Visual C++: 19.00.23026.00
LogInit: Build Configuration: Development
LogInit: Branch Name: ++UE4+Release-4.15
LogInit: Command line:  
LogInit: Base directory: C:/Program Files/Epic Games/UE_4.15/Engine/Binaries/Win64/
LogInit: Installed Engine Build: 1
LogInit: Presizing for max 8388607 objects, including 0 objects not considered by GC, pre-allocating 0 bytes for permanent pool.
LogInit: Object subsystem initialized
[2017.06.08-14.02.52:142][  0]LogInit: Selected Device Profile: [Windows]
[2017.06.08-14.02.52:142][  0]LogInit: Applying CVar settings loaded from the selected device profile: [Windows]
[2017.06.08-14.02.52:194][  0]LogInit: Computer: DESKTOP-BHBDUN9
[2017.06.08-14.02.52:194][  0]LogInit: User: JamesFarrow
[2017.06.08-14.02.52:194][  0]LogInit: CPU Page size=65536, Cores=2
[2017.06.08-14.02.52:194][  0]LogInit: High frequency timer resolution =2.148439 MHz
[2017.06.08-14.02.52:194][  0]LogMemory: Memory total: Physical=7.9GB (8GB approx)
[2017.06.08-14.02.52:194][  0]LogMemory: Platform Memory Stats for Windows
[2017.06.08-14.02.52:194][  0]LogMemory: Process Physical Memory: 261.68 MB used, 261.68 MB peak
[2017.06.08-14.02.52:194][  0]LogMemory: Process Virtual Memory: 262.13 MB used, 262.13 MB peak
[2017.06.08-14.02.52:194][  0]LogMemory: Physical Memory: 2506.11 MB used,  5588.31 MB free, 8094.41 MB total
[2017.06.08-14.02.52:194][  0]LogMemory: Virtual Memory: 641.10 MB used,  5588.31 MB free, 134217728.00 MB total
[2017.06.08-14.02.53:497][  0]LogTextLocalizationManager: No specific translations for ('en-GB') exist, so ('en') translations will be used.
[2017.06.08-14.02.55:445][  0]LogD3D11RHI: D3D11 adapters:
[2017.06.08-14.02.55:454][  0]LogD3D11RHI:    0. 'Intel(R) HD Graphics 6000' (Feature Level 11_0)
[2017.06.08-14.02.55:454][  0]LogD3D11RHI:       128/0/4047 MB DedicatedVideo/DedicatedSystem/SharedSystem, Outputs:1, VendorId:0x8086
[2017.06.08-14.02.55:457][  0]LogD3D11RHI:    1. 'Microsoft Basic Render Driver' (Feature Level 11_0)
[2017.06.08-14.02.55:457][  0]LogD3D11RHI:       0/0/4047 MB DedicatedVideo/DedicatedSystem/SharedSystem, Outputs:0, VendorId:0x1414
[2017.06.08-14.02.55:457][  0]LogD3D11RHI: Chosen D3D11 Adapter: 0
[2017.06.08-14.02.55:465][  0]LogD3D11RHI: Creating new Direct3DDevice
[2017.06.08-14.02.55:465][  0]LogD3D11RHI:     GPU DeviceId: 0x1626 (for the marketing name, search the web for "GPU Device Id")
[2017.06.08-14.02.55:465][  0]LogWindows: EnumDisplayDevices:
[2017.06.08-14.02.55:465][  0]LogWindows:    0. 'Intel(R) HD Graphics 6000' (P:1 D:1)
[2017.06.08-14.02.55:466][  0]LogWindows:    1. 'Intel(R) HD Graphics 6000' (P:0 D:0)
[2017.06.08-14.02.55:467][  0]LogWindows:    2. 'Intel(R) HD Graphics 6000' (P:0 D:0)
[2017.06.08-14.02.55:468][  0]LogWindows: DebugString: FoundDriverCount:3 
[2017.06.08-14.02.55:468][  0]LogD3D11RHI:     Adapter Name: Intel(R) HD Graphics 6000
[2017.06.08-14.02.55:468][  0]LogD3D11RHI:   Driver Version: 20.19.15.4531 (internal:20.19.15.4531, unified:20.19.15.4531)
[2017.06.08-14.02.55:468][  0]LogD3D11RHI:      Driver Date: 9-29-2016
[2017.06.08-14.02.55:468][  0]LogRHI: Texture pool is 1361 MB (70% of 1945 MB)
[2017.06.08-14.02.55:477][  0]LogD3D11RHI: Async texture creation enabled
[2017.06.08-14.02.55:485][  0]LogD3D11RHI: GPU Timing Frequency: 12.500000 (Debug: 2 0)
[2017.06.08-14.02.55:486][  0]LogShaderCompilers: Guid format shader working directory is -30 characters bigger than the processId version (../../../../../../Users/James Farrow/Documents/MyRepo/BuildingEscape/BuildingEscape/Intermediate/Shaders/WorkingDirectory/6792/).
[2017.06.08-14.02.55:487][  0]LogShaderCompilers: Cleaned the shader compiler working directory 'C:/Users/James Farrow/AppData/Local/Temp/UnrealShaderWorkingDir/B1439B0346538F77FE8BB4850B93B41C/'.
[2017.06.08-14.02.55:487][  0]LogShaderCompilers:Display: Using Local Shader Compiler.
[2017.06.08-14.02.58:435][  0]LogTemp:Display: Loaded TP AllDesktopTargetPlatform
[2017.06.08-14.02.58:605][  0]LogTemp:Display: Loaded TP MacClientTargetPlatform
[2017.06.08-14.02.58:754][  0]LogTemp:Display: Loaded TP MacNoEditorTargetPlatform
[2017.06.08-14.02.58:894][  0]LogTemp:Display: Loaded TP MacServerTargetPlatform
[2017.06.08-14.02.59:082][  0]LogTemp:Display: Loaded TP MacTargetPlatform
[2017.06.08-14.02.59:233][  0]LogTemp:Display: Loaded TP WindowsClientTargetPlatform
[2017.06.08-14.02.59:384][  0]LogTemp:Display: Loaded TP WindowsNoEditorTargetPlatform
[2017.06.08-14.02.59:511][  0]LogTemp:Display: Loaded TP WindowsServerTargetPlatform
[2017.06.08-14.02.59:744][  0]LogTemp:Display: Loaded TP WindowsTargetPlatform
[2017.06.08-14.02.59:961][  0]LogTemp:Display: Loaded TP AndroidTargetPlatform
[2017.06.08-14.03.00:093][  0]LogTemp:Display: Loaded TP Android_ASTCTargetPlatform
[2017.06.08-14.03.00:306][  0]LogTemp:Display: Loaded TP Android_ATCTargetPlatform
[2017.06.08-14.03.00:434][  0]LogTemp:Display: Loaded TP Android_DXTTargetPlatform
[2017.06.08-14.03.00:537][  0]LogTemp:Display: Loaded TP Android_ETC1TargetPlatform
[2017.06.08-14.03.00:642][  0]LogTemp:Display: Loaded TP Android_ETC2TargetPlatform
[2017.06.08-14.03.00:877][  0]LogTemp:Display: Loaded TP Android_MultiTargetPlatform
[2017.06.08-14.03.00:877][  0]LogTemp:Display: Loaded TP Android_PVRTCTargetPlatform
[2017.06.08-14.03.00:957][  0]LogTemp:Display: Loaded TP HTML5TargetPlatform
[2017.06.08-14.03.01:296][  0]LogTemp:Display: Loaded TP IOSTargetPlatform
[2017.06.08-14.03.01:445][  0]LogTemp:Display: Loaded TP TVOSTargetPlatform
[2017.06.08-14.03.01:579][  0]LogTemp:Display: Loaded TP LinuxClientTargetPlatform
[2017.06.08-14.03.01:711][  0]LogTemp:Display: Loaded TP LinuxNoEditorTargetPlatform
[2017.06.08-14.03.01:885][  0]LogTemp:Display: Loaded TP LinuxServerTargetPlatform
[2017.06.08-14.03.02:089][  0]LogTemp:Display: Loaded TP LinuxTargetPlatform
[2017.06.08-14.03.02:089][  0]LogTargetPlatformManager:Display: Building Assets For Windows
[2017.06.08-14.03.05:171][  0]LogDerivedDataCache:Display: Max Cache Size: 512 MB
[2017.06.08-14.03.05:994][  0]LogDerivedDataCache: Loaded boot cache 0.82s 50MB C:/Users/James Farrow/AppData/Local/UnrealEngine/4.15/DerivedDataCache/Boot.ddc.
[2017.06.08-14.03.05:994][  0]LogDerivedDataCache:Display: Loaded Boot cache: C:/Users/James Farrow/AppData/Local/UnrealEngine/4.15/DerivedDataCache/Boot.ddc
[2017.06.08-14.03.05:994][  0]LogDerivedDataCache: FDerivedDataBackendGraph:  Pak pak cache file ../../../../../../Users/James Farrow/Documents/MyRepo/BuildingEscape/BuildingEscape/DerivedDataCache/DDC.ddp not found, will not use a pak cache.
[2017.06.08-14.03.05:994][  0]LogDerivedDataCache: Unable to find inner node Pak for hierarchical cache Hierarchy.
[2017.06.08-14.03.05:994][  0]LogDerivedDataCache: FDerivedDataBackendGraph:  CompressedPak pak cache file ../../../../../../Users/James Farrow/Documents/MyRepo/BuildingEscape/BuildingEscape/DerivedDataCache/Compressed.ddp not found, will not use a pak cache.
[2017.06.08-14.03.05:995][  0]LogDerivedDataCache: Unable to find inner node CompressedPak for hierarchical cache Hierarchy.
[2017.06.08-14.03.06:106][  0]LogDerivedDataCache:Display: Pak cache opened for reading ../../../Engine/DerivedDataCache/Compressed.ddp.
[2017.06.08-14.03.06:123][  0]LogDerivedDataCache: Using Local data cache path C:/Users/James Farrow/AppData/Local/UnrealEngine/Common/DerivedDataCache: Writable
[2017.06.08-14.03.06:162][  0]LogSlate: Using Freetype 2.6.0
[2017.06.08-14.03.06:186][  0]LogSlate: SlateFontCache - WITH_FREETYPE: 1, WITH_HARFBUZZ: 1
[2017.06.08-14.03.06:187][  0]LogSlate: SlateFontCache - WITH_FREETYPE: 1, WITH_HARFBUZZ: 1
[2017.06.08-14.03.10:425][  0]LogInit: Selected Device Profile: [Windows]
[2017.06.08-14.03.10:429][  0]LogContentStreaming: Texture pool size is 0.00 MB
[2017.06.08-14.03.10:987][  0]LogMeshUtilities: Using QuadricMeshReduction for automatic static mesh reduction
[2017.06.08-14.03.11:126][  0]LogSimplygon: Simplygon DLL not present - disabling.
[2017.06.08-14.03.11:278][  0]LogMeshUtilities: Using SimplygonSwarm for distributed automatic mesh merging
[2017.06.08-14.03.11:278][  0]LogMeshUtilities: No automatic skeletal mesh reduction module available
[2017.06.08-14.03.11:278][  0]LogMeshUtilities: No automatic mesh merging module available
[2017.06.08-14.03.12:514][  0]LogNetVersion: GetLocalNetworkVersion: CL: 3299760, ProjectName: buildingescape, ProjectVersion: , EngineNetworkVersion: 2, GameNetworkVersion: 0, NetworkChecksum: 4140618008
[2017.06.08-14.03.12:689][  0]LogAssetRegistry: FAssetRegistry took 0.0234 seconds to start up
[2017.06.08-14.03.12:915][  0]LogPackageLocalizationCache: Processed 3 localized package path(s) for 2 prioritized culture(s) in 0.128446 seconds
[2017.06.08-14.03.12:934][  0]LogUObjectArray: 32493 objects as part of root set at end of initial load.
[2017.06.08-14.03.12:934][  0]LogUObjectAllocator: 7077024 out of 0 bytes used by permanent object pool.
[2017.06.08-14.03.12:934][  0]LogUObjectArray: CloseDisregardForGC: 0/0 objects in disregard for GC pool
[2017.06.08-14.03.13:219][  0]LogInit: WinSock: version 1.1 (2.2), MaxSocks=32767, MaxUdp=65467
[2017.06.08-14.03.27:336][  0]LogTcpMessaging: Initializing TcpMessaging bridge
[2017.06.08-14.03.27:520][  0]LogUdpMessaging: Initializing bridge on interface 0.0.0.0:0 to multicast group 230.0.0.1:6666.
[2017.06.08-14.03.30:307][  0]LogMaterial: Uniform references updated for custom material expression Custom.
[2017.06.08-14.03.31:554][  0]SourceControl: Info Source control is disabled
[2017.06.08-14.03.31:605][  0]SourceControl: Info Source control is disabled
[2017.06.08-14.03.31:980][  0]SourceControl: Info Source control is disabled
[2017.06.08-14.03.32:356][  0]SourceControl: Info Source control is disabled
[2017.06.08-14.03.39:902][  0]LogEngine: Initializing Engine...
[2017.06.08-14.03.39:905][  0]LogHMD: Failed to initialize OpenVR with code 110
[2017.06.08-14.03.40:342][  0]LogStats: UGameplayTagsManager::ConstructGameplayTagTree: Construct from data asset -  0.000 s
[2017.06.08-14.03.40:342][  0]LogStats: UGameplayTagsManager::ConstructGameplayTagTree: GameplayTagTreeChangedEvent.Broadcast -  0.000 s
[2017.06.08-14.03.40:708][  0]LogAIModule: Creating AISystem for world Untitled
[2017.06.08-14.03.40:715][  0]LogInit: XAudio2 using 'Speakers (Cirrus Logic CS4208 (AB 126))' : 2 channels at 48 kHz using 32 bits per sample (channel mask 0x3)
[2017.06.08-14.03.40:898][  0]LogInit: FAudioDevice initialized.
[2017.06.08-14.03.40:970][  0]LogDerivedDataCache: Saved boot cache 0.07s 50MB C:/Users/James Farrow/AppData/Local/UnrealEngine/4.15/DerivedDataCache/Boot.ddc.
[2017.06.08-14.03.40:981][  0]LogInit: Texture streaming: Enabled
[2017.06.08-14.03.41:701][  0]LogEngineSessionManager: EngineSessionManager initialized
[2017.06.08-14.03.42:128][  0]LogInit: Transaction tracking system initialized
[2017.06.08-14.03.43:118][  0]BlueprintLog: New page: Editor Load
[2017.06.08-14.03.47:476][  0]LocalizationService: Info Localization service is disabled
[2017.06.08-14.03.51:767][  0]LogConsoleResponse:Display: 
[2017.06.08-14.03.52:930][  0]LogCook:Display: Max memory allowance for cook 16384mb min free memory 0mb
[2017.06.08-14.03.52:930][  0]LogCook:Display: Mobile HDR setting 1
[2017.06.08-14.03.53:404][  0]LogFileCache: Scanning file cache for directory 'C:/Users/James Farrow/Documents/MyRepo/BuildingEscape/BuildingEscape/Content/' took 0.04s
[2017.06.08-14.03.57:770][  0]SourceControl: Info Source control is disabled
[2017.06.08-14.03.57:885][  0]LogWindowsTextInputMethodSystem:Display: IME system now deactivated.
[2017.06.08-14.03.58:347][  0]LogCollectionManager: Loaded 0 collections in 0.009587 seconds
[2017.06.08-14.03.58:500][  0]LogFileCache: Scanning file cache for directory 'C:/Users/James Farrow/Documents/MyRepo/BuildingEscape/BuildingEscape/Saved/Collections/' took 0.01s
[2017.06.08-14.03.58:500][  0]LogFileCache: Scanning file cache for directory 'C:/Users/James Farrow/Documents/MyRepo/BuildingEscape/BuildingEscape/Content/Developers/JamesFarrow/Collections/' took 0.01s
[2017.06.08-14.03.58:500][  0]LogFileCache: Scanning file cache for directory 'C:/Users/James Farrow/Documents/MyRepo/BuildingEscape/BuildingEscape/Content/Collections/' took 0.01s
[2017.06.08-14.03.58:500][  0]LogCollectionManager: Rebuilt the GUID cache for 0 collections in 0.000001 seconds
[2017.06.08-14.03.58:511][  0]LogContentBrowser: Native class hierarchy populated in 0.0109 seconds. Added 2249 classes and 455 folders.
[2017.06.08-14.03.58:609][  0]LogContentBrowser: Native class hierarchy updated for 'WidgetCarousel' in 0.0028 seconds. Added 0 classes and 0 folders.
[2017.06.08-14.03.59:703][  0]LogContentBrowser: Native class hierarchy updated for 'AddContentDialog' in 0.0106 seconds. Added 0 classes and 0 folders.
[2017.06.08-14.03.59:975][  0]LogContentBrowser: Native class hierarchy updated for 'SceneOutliner' in 0.0104 seconds. Added 1 classes and 2 folders.
[2017.06.08-14.04.00:175][  0]LogCrashTracker: Crashtracker disabled due to settings.
[2017.06.08-14.04.00:184][  0]LogUObjectGlobals:Warning: Failed to find object 'Class None.'
[2017.06.08-14.04.00:549][  0]LogContentBrowser: Native class hierarchy updated for 'HierarchicalLODOutliner' in 0.0107 seconds. Added 1 classes and 2 folders.
[2017.06.08-14.04.00:550][  0]LogLoad: (Engine Initialization) Total time: 75.04 seconds
[2017.06.08-14.04.00:550][  0]LogLoad: (Engine Initialization) Total Blueprint compile time: 0.16 seconds
[2017.06.08-14.04.00:550][  0]LogExternalProfiler: No external profilers were discovered.  External profiling features will not be available.
[2017.06.08-14.04.00:569][  0]LogOcInput: OculusInput pre-init called
[2017.06.08-14.04.00:597][  0]LogContentStreaming: Texture pool size now 600 MB
[2017.06.08-14.04.00:615][  0]LogSlate: Took 0.015750 seconds to synchronously load lazily loaded font '../../../Engine/Content/Slate/Fonts/Roboto-Regular.ttf' (155K)
[2017.06.08-14.04.00:633][  0]LogSlate: Took 0.008537 seconds to synchronously load lazily loaded font '../../../Engine/Content/Slate/Fonts/Roboto-Bold.ttf' (160K)
[2017.06.08-14.04.00:661][  0]LogSlate: Took 0.016120 seconds to synchronously load lazily loaded font '../../../Engine/Content/Editor/Slate/Fonts/FontAwesome.ttf' (139K)
[2017.06.08-14.04.00:926][  0]LogSlate: Took 0.014572 seconds to synchronously load lazily loaded font '../../../Engine/Content/Slate/Fonts/Roboto-Light.ttf' (159K)
[2017.06.08-14.04.00:991][  0]LogRenderer: Reallocating scene render targets to support 884x456 NumSamples 1 (Frame:2).
[2017.06.08-14.04.01:302][  2]LogAssetRegistry: Asset discovery search completed in 48.6365 seconds
[2017.06.08-14.04.01:302][  2]LogCollectionManager: Rebuilt the object cache for 0 collections in 0.000011 seconds (found 0 objects)
[2017.06.08-14.04.01:302][  2]LogCollectionManager: Fixed up redirectors for 0 collections in 0.000031 seconds (updated 0 objects)
[2017.06.08-14.04.09:230][474]LogTemp: Repeting last play command: Selected Viewport
[2017.06.08-14.04.09:247][474]LogPlayLevel: PlayLevel: No blueprints needed recompiling
[2017.06.08-14.04.09:247][474]PIE: New page: PIE session: Untitled_0 (8 Jun 2017 16:04:09)
[2017.06.08-14.04.09:248][474]LogPlayLevel: Creating play world package: /Temp/UEDPIE_0_Untitled_0
[2017.06.08-14.04.09:249][474]LogPlayLevel: PIE: StaticDuplicateObject took: (0.001270s)
[2017.06.08-14.04.09:250][474]LogAIModule: Creating AISystem for world Untitled
[2017.06.08-14.04.09:250][474]LogPlayLevel: PIE: World Init took: (0.001161s)
[2017.06.08-14.04.09:250][474]LogPlayLevel: PIE: Created PIE world by copying editor world from /Temp/Untitled_0.Untitled to /Temp/UEDPIE_0_Untitled_0.Untitled (0.002774s)
[2017.06.08-14.04.09:280][474]LogInit: XAudio2 using 'Speakers (Cirrus Logic CS4208 (AB 126))' : 2 channels at 48 kHz using 32 bits per sample (channel mask 0x3)
[2017.06.08-14.04.09:288][474]LogInit: FAudioDevice initialized.
[2017.06.08-14.04.09:508][474]LogLoad: Game class is 'MyBuildingEscapeGameModeBase_BP_C'
[2017.06.08-14.04.09:512][474]LogWorld: Bringing World /Temp/UEDPIE_0_Untitled_0.Untitled up for play (max tick rate 60) at 2017.06.08-15.04.09
[2017.06.08-14.04.09:513][474]LogWorld: Bringing up level for play took: 0.002246
[2017.06.08-14.04.09:685][474]LogContentBrowser: Native class hierarchy updated for 'MovieSceneCapture' in 0.0035 seconds. Added 11 classes and 0 folders.
[2017.06.08-14.04.09:687][474]LogTemp:Error: Input component found
[2017.06.08-14.04.09:688][474]PIE: Info Play in editor start time for /Temp/UEDPIE_0_Untitled_0 -0.345
[2017.06.08-14.04.26:522][463]MapCheck: New page: Map Check
[2017.06.08-14.04.26:537][463]LightingResults: New page: Lighting Build - 8 Jun 2017 16:04:26
[2017.06.08-14.04.26:607][463]LogContentBrowser: Native class hierarchy updated for 'StatsViewer' in 0.0026 seconds. Added 5 classes and 0 folders.
[2017.06.08-14.04.26:813][463]LogSwarmInterface: [OpenConnection] Registering TCP channel ...
[2017.06.08-14.04.27:176][463]LogSwarmInterface: [OpenConnection] Connecting to agent ...
[2017.06.08-14.04.27:220][463]LogSwarmInterface: [TryOpenConnection] Testing the Agent
[2017.06.08-14.04.28:776][463]LogSwarmInterface: [TryOpenConnection] Opening Connection to Agent
[2017.06.08-14.04.28:776][463]LogSwarmInterface: [TryOpenConnection] Local Process ID is 6792
[2017.06.08-14.04.32:508][463]LogStaticLightingSystem:Warning: No importance volume found, so the scene bounding box was used.  You can optimize your scene's quality and lighting build times by adding importance volumes.
[2017.06.08-14.04.32:509][463]LogStaticLightingSystem: Running Lightmass w/ ImmediateImport mode ENABLED
[2017.06.08-14.04.32:509][463]LogStaticLightingSystem: Running Lightmass w/ ImmediateProcess mode ENABLED
[2017.06.08-14.04.32:509][463]LogStaticLightingSystem: Running Lightmass w/ Sorting mode ENABLED
[2017.06.08-14.04.32:509][463]LogStaticLightingSystem: Running Lightmass w/ Mapping paddings ENABLED
[2017.06.08-14.04.32:509][463]LogStaticLightingSystem: Running Lightmass w/ Mapping debug paddings DISABLED
[2017.06.08-14.04.32:726][463]LogEditorBuildUtils: Build time 0:06
[2017.06.08-14.04.35:589][514]Job is a success!
[2017.06.08-14.04.35:621][515]LogSlate: Took 0.000333 seconds to synchronously load lazily loaded font '../../../Engine/Content/Slate/Fonts/Roboto-Light.ttf' (159K)
[2017.06.08-14.04.35:716][515]Lightmass on DESKTOP-BHBDUN9: 548 ms total, 176 ms importing, 24 ms setup, 126 ms photons, 184 ms processing, 0 ms extra exporting [0/0 mappings]. Threads: 705 ms total, 0 ms processing.
[2017.06.08-14.04.35:725][515]LogStaticLightingSystem: Illumination: 9.16 sec (0 ms encoding lightmaps, 0 ms encoding shadowmaps)
[2017.06.08-14.04.35:725][515]LogStaticLightingSystem: Lightmap texture memory:  0.0 MB (0.0 MB streaming, 0.0 MB non-streaming), 0 textures
[2017.06.08-14.04.35:725][515]LogStaticLightingSystem: Shadowmap texture memory: 0.0 MB (0.0 MB streaming, 0.0 MB non-streaming), 0 textures
[2017.06.08-14.04.36:514][515]DumpUnbuiltLightIteractions
[2017.06.08-14.04.36:514][515]Lights with unbuilt interactions: 0
[2017.06.08-14.04.36:514][515]
[2017.06.08-14.04.36:514][515]Primitives with unbuilt interactions: 0
[2017.06.08-14.04.36:545][516]Cmd: MAP CHECK NOTIFYRESULTS
[2017.06.08-14.04.36:545][516]MapCheck: New page: Untitled_0 - 8 Jun 2017 16:04:36
[2017.06.08-14.04.36:737][516]MapCheck: Info Map check complete: 0 Error(s), 0 Warning(s), took 191.728ms to complete.
[2017.06.08-14.04.51:423][373]LogTemp: Repeting last play command: Selected Viewport
[2017.06.08-14.04.51:450][373]LogPlayLevel: PlayLevel: No blueprints needed recompiling
[2017.06.08-14.04.51:450][373]PIE: New page: PIE session: Untitled_0 (8 Jun 2017 16:04:51)
[2017.06.08-14.04.51:450][373]LogPlayLevel: Creating play world package: /Temp/UEDPIE_0_Untitled_0
[2017.06.08-14.04.51:451][373]LogPlayLevel: PIE: StaticDuplicateObject took: (0.001186s)
[2017.06.08-14.04.51:453][373]LogAIModule: Creating AISystem for world Untitled
[2017.06.08-14.04.51:454][373]LogPlayLevel: PIE: World Init took: (0.002062s)
[2017.06.08-14.04.51:454][373]LogPlayLevel: PIE: Created PIE world by copying editor world from /Temp/Untitled_0.Untitled to /Temp/UEDPIE_0_Untitled_0.Untitled (0.004002s)
[2017.06.08-14.04.51:491][373]LogInit: XAudio2 using 'Speakers (Cirrus Logic CS4208 (AB 126))' : 2 channels at 48 kHz using 32 bits per sample (channel mask 0x3)
[2017.06.08-14.04.51:500][373]LogInit: FAudioDevice initialized.
[2017.06.08-14.04.51:534][373]LogLoad: Game class is 'MyBuildingEscapeGameModeBase_BP_C'
[2017.06.08-14.04.51:535][373]LogWorld: Bringing World /Temp/UEDPIE_0_Untitled_0.Untitled up for play (max tick rate 60) at 2017.06.08-15.04.51
[2017.06.08-14.04.51:536][373]LogWorld: Bringing up level for play took: 0.001072
[2017.06.08-14.04.51:537][373]LogTemp:Error: Input component found
[2017.06.08-14.04.51:537][373]PIE: Info Play in editor start time for /Temp/UEDPIE_0_Untitled_0 -0.496
[2017.06.08-14.05.10:586][447]LogSlate: Took 0.016029 seconds to synchronously load lazily loaded font '../../../Engine/Content/Editor/Slate/Fonts/DroidSansMono.ttf' (77K)
[2017.06.08-14.05.26:264][945]Cmd: QUIT_EDITOR
[2017.06.08-14.05.26:771][945]LogWindowsTextInputMethodSystem:Display: IME system now deactivated.
[2017.06.08-14.05.26:870][945]LogExit: Preparing to exit.
[2017.06.08-14.05.27:746][945]LogDirectoryWatcher: A directory notification for 'C:/Users/James Farrow/Documents/MyRepo/BuildingEscape/BuildingEscape/Content/' was aborted.
[2017.06.08-14.05.27:793][945]LogExit: Editor shut down
[2017.06.08-14.05.27:796][945]LogExit: Transaction tracking system shut down
[2017.06.08-14.05.27:899][945]LogObj: Freed 0b from 0 cluster array pools.
[2017.06.08-14.05.27:899][945]LogExit: Object subsystem successfully closed.
[2017.06.08-14.05.27:915][945]LogD3D11RHI: Shutdown
[2017.06.08-14.05.27:915][945]LogD3D11RHI: CleanupD3DDevice
[2017.06.08-14.05.28:165][945]LogD3D11RHI: ~FD3D11DynamicRHI
[2017.06.08-14.05.28:291][945]LogModuleManager: Shutting down and abandoning module StatsViewer (502)
[2017.06.08-14.05.28:291][945]LogModuleManager: Shutting down and abandoning module MovieSceneCapture (500)
[2017.06.08-14.05.28:291][945]LogModuleManager: Shutting down and abandoning module HierarchicalLODOutliner (498)
[2017.06.08-14.05.28:291][945]LogModuleManager: Shutting down and abandoning module CrashTracker (496)
[2017.06.08-14.05.28:291][945]LogModuleManager: Shutting down and abandoning module SceneOutliner (494)
[2017.06.08-14.05.28:291][945]LogModuleManager: Shutting down and abandoning module AddContentDialog (492)
[2017.06.08-14.05.28:291][945]LogDirectoryWatcher: A directory notification for 'C:/Program Files/Epic Games/UE_4.15/FeaturePacks/' was aborted.
[2017.06.08-14.05.28:293][945]LogModuleManager: Shutting down and abandoning module WidgetCarousel (491)
[2017.06.08-14.05.28:293][945]LogModuleManager: Shutting down and abandoning module EditorWidgets (488)
[2017.06.08-14.05.28:293][945]LogModuleManager: Shutting down and abandoning module CollectionManager (486)
[2017.06.08-14.05.28:293][945]LogDirectoryWatcher: A directory notification for 'C:/Users/James Farrow/Documents/MyRepo/BuildingEscape/BuildingEscape/Content/Collections/' was aborted.
[2017.06.08-14.05.28:293][945]LogDirectoryWatcher: A directory notification for 'C:/Users/James Farrow/Documents/MyRepo/BuildingEscape/BuildingEscape/Content/Developers/JamesFarrow/Collections/' was aborted.
[2017.06.08-14.05.28:293][945]LogDirectoryWatcher: A directory notification for 'C:/Users/James Farrow/Documents/MyRepo/BuildingEscape/BuildingEscape/Saved/Collections/' was aborted.
[2017.06.08-14.05.28:294][945]LogModuleManager: Shutting down and abandoning module FoliageEdit (484)
[2017.06.08-14.05.28:294][945]LogModuleManager: Shutting down and abandoning module LandscapeEditor (482)
[2017.06.08-14.05.28:294][945]LogModuleManager: Shutting down and abandoning module SceneDepthPickerMode (480)
[2017.06.08-14.05.28:294][945]LogModuleManager: Shutting down and abandoning module ActorPickerMode (478)
[2017.06.08-14.05.28:294][945]LogModuleManager: Shutting down and abandoning module GeometryMode (476)
[2017.06.08-14.05.28:294][945]LogModuleManager: Shutting down and abandoning module TextureAlignMode (474)
[2017.06.08-14.05.28:294][945]LogModuleManager: Shutting down and abandoning module BspMode (472)
[2017.06.08-14.05.28:294][945]LogModuleManager: Shutting down and abandoning module HardwareSurvey (470)
[2017.06.08-14.05.28:294][945]LogModuleManager: Shutting down and abandoning module SequenceRecorderSections (468)
[2017.06.08-14.05.28:294][945]LogModuleManager: Shutting down and abandoning module AutomationWorker (466)
[2017.06.08-14.05.28:294][945]LogModuleManager: Shutting down and abandoning module MatineeToLevelSequence (464)
[2017.06.08-14.05.28:294][945]LogModuleManager: Shutting down and abandoning module LevelSequenceEditor (462)
[2017.06.08-14.05.28:294][945]LogModuleManager: Shutting down and abandoning module PlacementMode (461)
[2017.06.08-14.05.28:294][945]LogModuleManager: Shutting down and abandoning module WmfMediaFactory (458)
[2017.06.08-14.05.28:294][945]LogModuleManager: Shutting down and abandoning module WmfMediaEditor (456)
[2017.06.08-14.05.28:294][945]LogModuleManager: Shutting down and abandoning module MfMediaFactory (454)
[2017.06.08-14.05.28:294][945]LogModuleManager: Shutting down and abandoning module MfMediaEditor (452)
[2017.06.08-14.05.28:294][945]LogModuleManager: Shutting down and abandoning module AvfMediaFactory (450)
[2017.06.08-14.05.28:294][945]LogModuleManager: Shutting down and abandoning module AvfMediaEditor (448)
[2017.06.08-14.05.28:294][945]LogModuleManager: Shutting down and abandoning module AndroidMediaFactory (446)
[2017.06.08-14.05.28:294][945]LogModuleManager: Shutting down and abandoning module Media (445)
[2017.06.08-14.05.28:294][945]LogModuleManager: Shutting down and abandoning module AndroidMediaEditor (442)
[2017.06.08-14.05.28:294][945]LogModuleManager: Shutting down and abandoning module CharacterAI (440)
[2017.06.08-14.05.28:294][945]LogModuleManager: Shutting down and abandoning module AudioCapture (438)
[2017.06.08-14.05.28:294][945]LogModuleManager: Shutting down and abandoning module SequenceRecorder (437)
[2017.06.08-14.05.28:294][945]LogModuleManager: Shutting down and abandoning module SmartSnapping (434)
[2017.06.08-14.05.28:294][945]LogModuleManager: Shutting down and abandoning module SessionServices (432)
[2017.06.08-14.05.28:294][945]LogModuleManager: Shutting down and abandoning module ViewportSnapping (430)
[2017.06.08-14.05.28:294][945]LogModuleManager: Shutting down and abandoning module ViewportInteraction (428)
[2017.06.08-14.05.28:294][945]LogModuleManager: Shutting down and abandoning module LogVisualizer (426)
[2017.06.08-14.05.28:295][945]LogModuleManager: Shutting down and abandoning module IntroTutorials (424)
[2017.06.08-14.05.28:295][945]LogModuleManager: Shutting down and abandoning module GameProjectGeneration (423)
[2017.06.08-14.05.28:295][945]LogModuleManager: Shutting down and abandoning module EditorLiveStreaming (420)
[2017.06.08-14.05.28:295][945]LogModuleManager: Shutting down and abandoning module IOSPlatformEditor (418)
[2017.06.08-14.05.28:295][945]LogModuleManager: Shutting down and abandoning module HTML5PlatformEditor (416)
[2017.06.08-14.05.28:295][945]LogModuleManager: Shutting down and abandoning module AndroidPlatformEditor (414)
[2017.06.08-14.05.28:295][945]LogModuleManager: Shutting down and abandoning module AndroidDeviceDetection (413)
[2017.06.08-14.05.29:019][945]LogModuleManager: Shutting down and abandoning module IOSRuntimeSettings (410)
[2017.06.08-14.05.29:019][945]LogModuleManager: Shutting down and abandoning module AndroidRuntimeSettings (408)
[2017.06.08-14.05.29:019][945]LogModuleManager: Shutting down and abandoning module InputBindingEditor (406)
[2017.06.08-14.05.29:019][945]LogModuleManager: Shutting down and abandoning module NiagaraEditor (404)
[2017.06.08-14.05.29:019][945]LogModuleManager: Shutting down and abandoning module MergeActors (402)
[2017.06.08-14.05.29:020][945]LogModuleManager: Shutting down and abandoning module SizeMap (400)
[2017.06.08-14.05.29:020][945]LogModuleManager: Shutting down and abandoning module TreeMap (398)
[2017.06.08-14.05.29:020][945]LogModuleManager: Shutting down and abandoning module ReferenceViewer (396)
[2017.06.08-14.05.29:020][945]LogModuleManager: Shutting down and abandoning module LocalizationDashboard (394)
[2017.06.08-14.05.29:020][945]LogModuleManager: Shutting down and abandoning module LocalizationService (393)
[2017.06.08-14.05.29:020][945]LogModuleManager: Shutting down and abandoning module HardwareTargeting (390)
[2017.06.08-14.05.29:020][945]LogModuleManager: Shutting down and abandoning module DeviceProfileEditor (388)
[2017.06.08-14.05.29:020][945]LogModuleManager: Shutting down and abandoning module UndoHistory (386)
[2017.06.08-14.05.29:020][945]LogModuleManager: Shutting down and abandoning module UserFeedback (384)
[2017.06.08-14.05.29:020][945]LogModuleManager: Shutting down and abandoning module XmlParser (382)
[2017.06.08-14.05.29:020][945]LogModuleManager: Shutting down and abandoning module Blutility (380)
[2017.06.08-14.05.29:020][945]LogModuleManager: Shutting down and abandoning module ProjectSettingsViewer (378)
[2017.06.08-14.05.29:020][945]LogModuleManager: Shutting down and abandoning module ProjectTargetPlatformEditor (377)
[2017.06.08-14.05.29:020][945]LogModuleManager: Shutting down and abandoning module EditorSettingsViewer (374)
[2017.06.08-14.05.29:021][945]LogModuleManager: Shutting down and abandoning module SettingsEditor (372)
[2017.06.08-14.05.29:021][945]LogModuleManager: Shutting down and abandoning module ProjectLauncher (370)
[2017.06.08-14.05.29:021][945]LogModuleManager: Shutting down and abandoning module SessionFrontend (368)
[2017.06.08-14.05.29:021][945]LogModuleManager: Shutting down and abandoning module ProfilerClient (366)
[2017.06.08-14.05.29:021][945]LogModuleManager: Shutting down and abandoning module DeviceManager (364)
[2017.06.08-14.05.29:021][945]LogModuleManager: Shutting down and abandoning module TargetDeviceServices (363)
[2017.06.08-14.05.29:063][945]LogModuleManager: Shutting down and abandoning module AutomationController (360)
[2017.06.08-14.05.29:063][945]LogModuleManager: Shutting down and abandoning module AutomationWindow (358)
[2017.06.08-14.05.29:063][945]LogModuleManager: Shutting down and abandoning module Layers (356)
[2017.06.08-14.05.29:063][945]LogModuleManager: Shutting down and abandoning module ComponentVisualizers (354)
[2017.06.08-14.05.29:063][945]LogModuleManager: Shutting down and abandoning module DetailCustomizations (352)
[2017.06.08-14.05.29:063][945]LogModuleManager: Shutting down and abandoning module PackagesDialog (350)
[2017.06.08-14.05.29:064][945]LogModuleManager: Shutting down and abandoning module Persona (348)
[2017.06.08-14.05.29:064][945]LogModuleManager: Shutting down and abandoning module AnimGraph (347)
[2017.06.08-14.05.29:064][945]LogModuleManager: Shutting down and abandoning module Kismet (344)
[2017.06.08-14.05.29:064][945]LogModuleManager: Shutting down and abandoning module GraphEditor (342)
[2017.06.08-14.05.29:064][945]LogModuleManager: Shutting down and abandoning module ClassViewer (340)
[2017.06.08-14.05.29:064][945]LogModuleManager: Shutting down and abandoning module Toolbox (338)
[2017.06.08-14.05.29:064][945]LogModuleManager: Shutting down and abandoning module ModuleUI (336)
[2017.06.08-14.05.29:065][945]LogModuleManager: Shutting down and abandoning module MovieSceneTools (334)
[2017.06.08-14.05.29:065][945]LogModuleManager: Shutting down and abandoning module OutputLog (332)
[2017.06.08-14.05.29:065][945]LogModuleManager: Shutting down and abandoning module GammaUI (330)
[2017.06.08-14.05.29:065][945]LogModuleManager: Shutting down and abandoning module Documentation (328)
[2017.06.08-14.05.29:065][945]LogModuleManager: Shutting down and abandoning module Niagara (326)
[2017.06.08-14.05.29:065][945]LogModuleManager: Shutting down and abandoning module StreamingPauseRendering (324)
[2017.06.08-14.05.29:065][945]LogModuleManager: Shutting down and abandoning module AnalyticsET (322)
[2017.06.08-14.05.29:065][945]LogModuleManager: Shutting down and abandoning module PortalServices (320)
[2017.06.08-14.05.29:065][945]LogModuleManager: Shutting down and abandoning module PortalRpc (318)
[2017.06.08-14.05.29:065][945]LogModuleManager: Shutting down and abandoning module MessagingRpc (316)
[2017.06.08-14.05.29:065][945]LogModuleManager: Shutting down and abandoning module AIModule (314)
[2017.06.08-14.05.29:065][945]LogModuleManager: Shutting down and abandoning module GameplayDebugger (313)
[2017.06.08-14.05.29:065][945]LogModuleManager: Shutting down and abandoning module AITestSuite (311)
[2017.06.08-14.05.29:065][945]LogModuleManager: Shutting down and abandoning module ProfilerService (308)
[2017.06.08-14.05.29:158][945]LogModuleManager: Shutting down and abandoning module TaskGraph (306)
[2017.06.08-14.05.29:158][945]LogModuleManager: Shutting down and abandoning module SteamVRController (304)
[2017.06.08-14.05.29:158][945]LogModuleManager: Shutting down and abandoning module SteamVR (302)
[2017.06.08-14.05.29:158][945]LogModuleManager: Shutting down and abandoning module ProceduralMeshComponentEditor (300)
[2017.06.08-14.05.29:158][945]LogModuleManager: Shutting down and abandoning module ProceduralMeshComponent (298)
[2017.06.08-14.05.29:158][945]LogModuleManager: Shutting down and abandoning module OculusLibrary (296)
[2017.06.08-14.05.29:158][945]LogModuleManager: Shutting down and abandoning module OculusInput (294)
[2017.06.08-14.05.29:158][945]LogModuleManager: Shutting down and abandoning module MobilePatchingUtils (292)
[2017.06.08-14.05.29:158][945]LogModuleManager: Shutting down and abandoning module CustomMeshComponent (290)
[2017.06.08-14.05.29:158][945]LogModuleManager: Shutting down and abandoning module CableComponent (288)
[2017.06.08-14.05.29:158][945]LogModuleManager: Shutting down and abandoning module ArchVisCharacter (286)
[2017.06.08-14.05.29:158][945]LogModuleManager: Shutting down and abandoning module MediaPlayerEditor (282)
[2017.06.08-14.05.29:158][945]LogModuleManager: Shutting down and abandoning module HTML5Networking (280)
[2017.06.08-14.05.29:158][945]LogModuleManager: Shutting down and abandoning module AlembicImporter (278)
[2017.06.08-14.05.29:158][945]LogModuleManager: Shutting down and abandoning module AlembicLibrary (277)
[2017.06.08-14.05.29:158][945]LogModuleManager: Shutting down and abandoning module GeometryCache (276)
[2017.06.08-14.05.29:158][945]LogModuleManager: Shutting down and abandoning module GeometryCacheEd (275)
[2017.06.08-14.05.29:158][945]LogModuleManager: Shutting down and abandoning module SuperSearchEditor (270)
[2017.06.08-14.05.29:158][945]LogModuleManager: Shutting down and abandoning module SuperSearch (269)
[2017.06.08-14.05.29:158][945]LogModuleManager: Shutting down and abandoning module SpeedTreeImporter (266)
[2017.06.08-14.05.29:158][945]LogModuleManager: Shutting down and abandoning module PluginBrowser (264)
[2017.06.08-14.05.29:159][945]LogModuleManager: Shutting down and abandoning module MobileLauncherProfileWizard (262)
[2017.06.08-14.05.29:159][945]LogModuleManager: Shutting down and abandoning module EpicSurvey (260)
[2017.06.08-14.05.29:159][945]LogModuleManager: Shutting down and abandoning module VisualStudioSourceCodeAccess (258)
[2017.06.08-14.05.29:159][945]LogModuleManager: Shutting down and abandoning module DesktopPlatform (257)
[2017.06.08-14.05.29:159][945]LogModuleManager: Shutting down and abandoning module UObjectPlugin (254)
[2017.06.08-14.05.29:159][945]LogModuleManager: Shutting down and abandoning module SubversionSourceControl (252)
[2017.06.08-14.05.29:159][945]LogModuleManager: Shutting down and abandoning module PerforceSourceControl (250)
[2017.06.08-14.05.29:159][945]LogModuleManager: Shutting down and abandoning module GitSourceControl (248)
[2017.06.08-14.05.29:159][945]LogModuleManager: Shutting down and abandoning module SourceControl (247)
[2017.06.08-14.05.29:159][945]LogModuleManager: Shutting down and abandoning module LightPropagationVolumeEditor (244)
[2017.06.08-14.05.29:159][945]LogModuleManager: Shutting down and abandoning module PaperTiledImporter (242)
[2017.06.08-14.05.29:159][945]LogModuleManager: Shutting down and abandoning module PaperSpriteSheetImporter (240)
[2017.06.08-14.05.29:159][945]LogModuleManager: Shutting down and abandoning module Paper2DEditor (238)
[2017.06.08-14.05.29:159][945]LogModuleManager: Shutting down and abandoning module MeshPaint (237)
[2017.06.08-14.05.29:159][945]LogModuleManager: Shutting down and abandoning module LevelEditor (235)
[2017.06.08-14.05.29:161][945]LogModuleManager: Shutting down and abandoning module PixelInspectorModule (234)
[2017.06.08-14.05.29:161][945]LogModuleManager: Shutting down and abandoning module MainFrame (232)
[2017.06.08-14.05.29:161][945]LogModuleManager: Shutting down and abandoning module HotReload (231)
[2017.06.08-14.05.29:162][945]LogDirectoryWatcher: A directory notification for 'C:/Users/James Farrow/Documents/MyRepo/BuildingEscape/BuildingEscape/Binaries/Win64' was aborted.
[2017.06.08-14.05.29:164][945]LogModuleManager: Shutting down and abandoning module ContentBrowser (227)
[2017.06.08-14.05.29:166][945]LogModuleManager: Shutting down and abandoning module BuildingEscape (224)
[2017.06.08-14.05.29:166][945]LogModuleManager: Shutting down and abandoning module PhysXVehiclesEditor (222)
[2017.06.08-14.05.29:166][945]LogModuleManager: Shutting down and abandoning module PhysXVehicles (220)
[2017.06.08-14.05.29:166][945]LogModuleManager: Shutting down and abandoning module LocationServicesBPLibrary (218)
[2017.06.08-14.05.29:166][945]LogModuleManager: Shutting down and abandoning module UdpMessaging (216)
[2017.06.08-14.05.29:267][945]LogModuleManager: Shutting down and abandoning module TcpMessaging (214)
[2017.06.08-14.05.29:368][945]LogModuleManager: Shutting down and abandoning module GameplayTagsEditor (212)
[2017.06.08-14.05.29:368][945]LogModuleManager: Shutting down and abandoning module FacialAnimationEditor (210)
[2017.06.08-14.05.29:368][945]LogModuleManager: Shutting down and abandoning module FacialAnimation (208)
[2017.06.08-14.05.29:368][945]LogModuleManager: Shutting down and abandoning module LightPropagationVolumeRuntime (206)
[2017.06.08-14.05.29:368][945]LogModuleManager: Shutting down and abandoning module Paper2D (204)
[2017.06.08-14.05.29:369][945]LogModuleManager: Shutting down and abandoning module WindowsMoviePlayer (202)
[2017.06.08-14.05.29:369][945]LogModuleManager: Shutting down and abandoning module WmfMedia (200)
[2017.06.08-14.05.29:369][945]LogModuleManager: Shutting down and abandoning module MfMedia (198)
[2017.06.08-14.05.29:369][945]LogModuleManager: Shutting down and abandoning module MediaAssets (196)
[2017.06.08-14.05.29:369][945]LogModuleManager: Shutting down and abandoning module GameLiveStreaming (194)
[2017.06.08-14.05.29:369][945]LogModuleManager: Shutting down and abandoning module VREditor (192)
[2017.06.08-14.05.29:370][945]LogModuleManager: Shutting down and abandoning module GameplayTasksEditor (190)
[2017.06.08-14.05.29:370][945]LogModuleManager: Shutting down and abandoning module BehaviorTreeEditor (188)
[2017.06.08-14.05.29:370][945]LogModuleManager: Shutting down and abandoning module FunctionalTesting (186)
[2017.06.08-14.05.29:370][945]LogModuleManager: Shutting down and abandoning module CollisionAnalyzer (184)
[2017.06.08-14.05.29:370][945]LogModuleManager: Shutting down and abandoning module UMG (182)
[2017.06.08-14.05.29:370][945]LogModuleManager: Shutting down and abandoning module UMGEditor (181)
[2017.06.08-14.05.29:370][945]LogModuleManager: Shutting down and abandoning module Sequencer (180)
[2017.06.08-14.05.29:370][945]LogModuleManager: Shutting down and abandoning module AssetTools (178)
[2017.06.08-14.05.29:370][945]LogModuleManager: Shutting down and abandoning module MessageLog (177)
[2017.06.08-14.05.29:370][945]LogModuleManager: Shutting down and abandoning module WorkspaceMenuStructure (176)
[2017.06.08-14.05.29:370][945]LogModuleManager: Shutting down and abandoning module SlateReflector (170)
[2017.06.08-14.05.29:371][945]LogModuleManager: Shutting down and abandoning module Slate (168)
[2017.06.08-14.05.29:371][945]LogModuleManager: Shutting down and abandoning module EditorStyle (166)
[2017.06.08-14.05.29:382][945]LogModuleManager: Shutting down and abandoning module SourceCodeAccess (164)
[2017.06.08-14.05.29:383][945]LogModuleManager: Shutting down and abandoning module HeadMountedDisplay (162)
[2017.06.08-14.05.29:383][945]LogModuleManager: Shutting down and abandoning module XAudio2 (160)
[2017.06.08-14.05.29:383][945]LogModuleManager: Shutting down and abandoning module Networking (158)
[2017.06.08-14.05.29:383][945]LogModuleManager: Shutting down and abandoning module Core (154)
[2017.06.08-14.05.29:383][945]LogModuleManager: Shutting down and abandoning module AssetRegistry (152)
[2017.06.08-14.05.29:594][945]LogDirectoryWatcher: A directory notification for '../../../Engine/Content/' was aborted.
[2017.06.08-14.05.29:595][945]LogDirectoryWatcher: A directory notification for '../../../../../../Users/James Farrow/Documents/MyRepo/BuildingEscape/BuildingEscape/Content/' was aborted.
[2017.06.08-14.05.29:595][945]LogDirectoryWatcher: A directory notification for '../../../Engine/Plugins/2D/Paper2D/Content/' was aborted.
[2017.06.08-14.05.29:596][945]LogModuleManager: Shutting down and abandoning module DirectoryWatcher (151)
[2017.06.08-14.05.29:598][945]LogModuleManager: Shutting down and abandoning module KismetCompiler (148)
[2017.06.08-14.05.29:598][945]LogModuleManager: Shutting down and abandoning module PhysXFormats (146)
[2017.06.08-14.05.29:598][945]LogModuleManager: Shutting down and abandoning module MeshUtilities (144)
[2017.06.08-14.05.29:599][945]LogModuleManager: Shutting down and abandoning module SimplygonSwarm (143)
[2017.06.08-14.05.29:599][945]LogModuleManager: Shutting down and abandoning module SimplygonMeshReduction (141)
[2017.06.08-14.05.29:599][945]LogModuleManager: Shutting down and abandoning module QuadricMeshReduction (139)
[2017.06.08-14.05.29:599][945]LogModuleManager: Shutting down and abandoning module PropertyEditor (137)
[2017.06.08-14.05.29:599][945]LogModuleManager: Shutting down and abandoning module DerivedDataCache (134)
[2017.06.08-14.05.29:669][945]LogDerivedDataCache: Shutdown
[2017.06.08-14.05.29:669][945]LogModuleManager: Shutting down and abandoning module TargetPlatform (132)
[2017.06.08-14.05.29:669][945]LogModuleManager: Shutting down and abandoning module VulkanShaderFormat (131)
[2017.06.08-14.05.29:669][945]LogModuleManager: Shutting down and abandoning module ShaderFormatOpenGL (129)
[2017.06.08-14.05.29:669][945]LogModuleManager: Shutting down and abandoning module ShaderFormatD3D (127)
[2017.06.08-14.05.29:669][945]LogModuleManager: Shutting down and abandoning module MetalShaderFormat (125)
[2017.06.08-14.05.29:669][945]LogModuleManager: Shutting down and abandoning module TextureFormatUncompressed (123)
[2017.06.08-14.05.29:669][945]LogModuleManager: Shutting down and abandoning module TextureFormatPVR (121)
[2017.06.08-14.05.29:669][945]LogModuleManager: Shutting down and abandoning module TextureFormatDXT (119)
[2017.06.08-14.05.29:669][945]LogModuleManager: Shutting down and abandoning module TextureFormatIntelISPCTexComp (117)
[2017.06.08-14.05.29:669][945]LogModuleManager: Shutting down and abandoning module TextureFormatASTC (115)
[2017.06.08-14.05.29:669][945]LogModuleManager: Shutting down and abandoning module ImageWrapper (114)
[2017.06.08-14.05.29:669][945]LogModuleManager: Shutting down and abandoning module TextureFormatAndroid (111)
[2017.06.08-14.05.29:669][945]LogModuleManager: Shutting down and abandoning module AudioFormatOpus (109)
[2017.06.08-14.05.29:669][945]LogModuleManager: Shutting down and abandoning module AudioFormatOgg (107)
[2017.06.08-14.05.29:669][945]LogModuleManager: Shutting down and abandoning module AudioFormatADPCM (105)
[2017.06.08-14.05.29:669][945]LogModuleManager: Shutting down and abandoning module LinuxTargetPlatform (103)
[2017.06.08-14.05.29:670][945]LogModuleManager: Shutting down and abandoning module LinuxServerTargetPlatform (101)
[2017.06.08-14.05.29:670][945]LogModuleManager: Shutting down and abandoning module LinuxNoEditorTargetPlatform (99)
[2017.06.08-14.05.29:670][945]LogModuleManager: Shutting down and abandoning module LinuxClientTargetPlatform (97)
[2017.06.08-14.05.29:670][945]LogModuleManager: Shutting down and abandoning module TVOSTargetPlatform (95)
[2017.06.08-14.05.29:670][945]LogModuleManager: Shutting down and abandoning module Messaging (93)
[2017.06.08-14.05.29:670][945]LogModuleManager: Shutting down and abandoning module IOSTargetPlatform (91)
[2017.06.08-14.05.29:670][945]LogModuleManager: Shutting down and abandoning module HTML5TargetPlatform (89)
[2017.06.08-14.05.29:670][945]LogModuleManager: Shutting down and abandoning module Android_PVRTCTargetPlatform (87)
[2017.06.08-14.05.29:670][945]LogModuleManager: Shutting down and abandoning module Android_MultiTargetPlatform (85)
[2017.06.08-14.05.29:670][945]LogModuleManager: Shutting down and abandoning module Android_ETC2TargetPlatform (83)
[2017.06.08-14.05.29:670][945]LogModuleManager: Shutting down and abandoning module Android_ETC1TargetPlatform (81)
[2017.06.08-14.05.29:670][945]LogModuleManager: Shutting down and abandoning module Android_DXTTargetPlatform (79)
[2017.06.08-14.05.29:670][945]LogModuleManager: Shutting down and abandoning module Android_ATCTargetPlatform (77)
[2017.06.08-14.05.29:670][945]LogModuleManager: Shutting down and abandoning module Android_ASTCTargetPlatform (75)
[2017.06.08-14.05.29:670][945]LogModuleManager: Shutting down and abandoning module AndroidTargetPlatform (73)
[2017.06.08-14.05.29:670][945]LogModuleManager: Shutting down and abandoning module WindowsTargetPlatform (71)
[2017.06.08-14.05.29:670][945]LogModuleManager: Shutting down and abandoning module WindowsServerTargetPlatform (69)
[2017.06.08-14.05.29:670][945]LogModuleManager: Shutting down and abandoning module WindowsNoEditorTargetPlatform (67)
[2017.06.08-14.05.29:670][945]LogModuleManager: Shutting down and abandoning module WindowsClientTargetPlatform (65)
[2017.06.08-14.05.29:670][945]LogModuleManager: Shutting down and abandoning module MacTargetPlatform (63)
[2017.06.08-14.05.29:670][945]LogModuleManager: Shutting down and abandoning module MacServerTargetPlatform (61)
[2017.06.08-14.05.29:670][945]LogModuleManager: Shutting down and abandoning module MacNoEditorTargetPlatform (59)
[2017.06.08-14.05.29:670][945]LogModuleManager: Shutting down and abandoning module MacClientTargetPlatform (57)
[2017.06.08-14.05.29:670][945]LogModuleManager: Shutting down and abandoning module AllDesktopTargetPlatform (55)
[2017.06.08-14.05.29:670][945]LogModuleManager: Shutting down and abandoning module InputCore (52)
[2017.06.08-14.05.29:670][945]LogModuleManager: Shutting down and abandoning module Settings (50)
[2017.06.08-14.05.29:670][945]LogModuleManager: Shutting down and abandoning module OculusRift (48)
[2017.06.08-14.05.29:670][945]LogModuleManager: Shutting down and abandoning module GearVR (46)
[2017.06.08-14.05.29:670][945]LogModuleManager: Shutting down and abandoning module ExampleDeviceProfileSelector (44)
[2017.06.08-14.05.29:670][945]LogModuleManager: Shutting down and abandoning module OnlineBlueprintSupport (42)
[2017.06.08-14.05.29:670][945]LogModuleManager: Shutting down and abandoning module OnlineSubsystem (38)
[2017.06.08-14.05.29:670][945]LogOnline:Display: Unloading online subsystem: NULL
[2017.06.08-14.05.29:670][945]LogModuleManager: Shutting down and abandoning module XMPP (37)
[2017.06.08-14.05.29:670][945]LogModuleManager: Shutting down and abandoning module HTTP (35)
[2017.06.08-14.05.29:670][945]LogHttp:Display: Http module shutting down, but needs to wait on 1 outstanding Http requests:
[2017.06.08-14.05.29:670][945]LogHttp:Display: 	verb=[POST] url=[https://datarouter.ol.epicgames.com/datarouter/api/v1/public/data?SessionID=%7B24C9A245-4FD8-0A39-D84B-91972926F604%7D&AppID=UEEditor.Rocket.Release&AppVersion=4.15.3-3450819%2B%2B%2BUE4%2BRelease-4.15&UserID=929c5a0742a4cf2dc269d3b5485dc234%7C7badd898d52649aa9279896153bc72c1%7Cee6c34be-6ad8-49c7-abe6-45b6d289167e&AppEnvironment=datacollector-binary&UploadType=eteventstream] status=Processing
[2017.06.08-14.05.29:702][945]LogModuleManager: Shutting down and abandoning module SSL (34)
[2017.06.08-14.05.29:703][945]LogModuleManager: Shutting down and abandoning module AudioEditor (30)
[2017.06.08-14.05.29:704][945]LogModuleManager: Shutting down and abandoning module TextureCompressor (28)
[2017.06.08-14.05.29:704][945]LogModuleManager: Shutting down and abandoning module ShaderCore (26)
[2017.06.08-14.05.29:704][945]LogModuleManager: Shutting down and abandoning module Landscape (24)
[2017.06.08-14.05.29:704][945]LogModuleManager: Shutting down and abandoning module SlateRHIRenderer (22)
[2017.06.08-14.05.29:705][945]LogModuleManager: Shutting down and abandoning module OpenGLDrv (20)
[2017.06.08-14.05.29:705][945]LogModuleManager: Shutting down and abandoning module D3D11RHI (18)
[2017.06.08-14.05.29:705][945]LogModuleManager: Shutting down and abandoning module AnimGraphRuntime (16)
[2017.06.08-14.05.29:705][945]LogModuleManager: Shutting down and abandoning module Renderer (14)
[2017.06.08-14.05.29:705][945]LogModuleManager: Shutting down and abandoning module Engine (12)
[2017.06.08-14.05.29:705][945]LogModuleManager: Shutting down and abandoning module CoreUObject (10)
[2017.06.08-14.05.29:705][945]LogModuleManager: Shutting down and abandoning module NetworkFile (8)
[2017.06.08-14.05.29:705][945]LogModuleManager: Shutting down and abandoning module StreamingFile (6)
[2017.06.08-14.05.29:705][945]LogModuleManager: Shutting down and abandoning module SandboxFile (4)
[2017.06.08-14.05.29:705][945]LogModuleManager: Shutting down and abandoning module PakFile (2)
[2017.06.08-14.05.29:706][945]LogExit: Exiting.
[2017.06.08-14.05.29:707][945]Log file closed, 06/08/17 15:05:29
