Log file open, 05/14/17 08:08:23
LogInit:Display: Running engine for game: BuildingEscape
LogPlatformFile: Not using cached read wrapper
LogInit:Display: RandInit(1782645160) SRandInit(1782645160).
LogTaskGraph: Started task graph with 5 named threads and 6 total threads with 1 sets of task threads.
LogStats: Stats thread started at 0.080179
LogInit: Using libcurl 7.47.1
LogInit:  - built for x86_64-pc-win32
LogInit:  - supports SSL with OpenSSL/1.0.2g
LogInit:  - supports HTTP deflate (compression) using libz 1.2.8
LogInit:  - other features:
LogInit:      CURL_VERSION_SSL
LogInit:      CURL_VERSION_LIBZ
LogInit:      CURL_VERSION_IPV6
LogInit:      CURL_VERSION_ASYNCHDNS
LogInit:      CURL_VERSION_LARGEFILE
LogInit:      CURL_VERSION_IDN
LogInit:  CurlRequestOptions (configurable via config and command line):
LogInit:  - bVerifyPeer = false  - Libcurl will NOT verify peer certificate
LogInit:  - bUseHttpProxy = false  - Libcurl will NOT use HTTP proxy
LogInit:  - bDontReuseConnections = false  - Libcurl will reuse connections
LogInit:  - CertBundlePath = nullptr  - Libcurl will use whatever was configured at build time.
LogInit: Build: ++UE4+Release-4.15-CL-3416026
LogInit: Engine Version: 4.15.2-3416026+++UE4+Release-4.15
LogInit: Compatible Engine Version: 4.15.0-3299760+++UE4+Release-4.15
LogInit: Net CL: 3299760
LogDevObjectVersion: Number of dev versions registered: 14
LogDevObjectVersion:   Dev-Blueprints (B0D832E4-1F89-4F0D-ACCF-7EB736FD4AA2): 8
LogDevObjectVersion:   Dev-Build (E1C64328-A22C-4D53-A36C-8E866417BD8C): 0
LogDevObjectVersion:   Dev-Core (375EC13C-06E4-48FB-B500-84F0262A717E): 2
LogDevObjectVersion:   Dev-Editor (E4B068ED-F494-42E9-A231-DA0B2E46BB41): 14
LogDevObjectVersion:   Dev-Framework (CFFC743F-43B0-4480-9391-14DF171D2073): 22
LogDevObjectVersion:   Dev-Mobile (B02B49B5-BB20-44E9-A304-32B752E40360): 0
LogDevObjectVersion:   Dev-Networking (A4E4105C-59A1-49B5-A7C5-40C4547EDFEE): 0
LogDevObjectVersion:   Dev-Online (39C831C9-5AE6-47DC-9A44-9C173E1C8E7C): 0
LogDevObjectVersion:   Dev-Physics (78F01B33-EBEA-4F98-B9B4-84EACCB95AA2): 0
LogDevObjectVersion:   Dev-Platform (6631380F-2D4D-43E0-8009-CF276956A95A): 0
LogDevObjectVersion:   Dev-Rendering (12F88B9F-8875-4AFC-A67C-D90C383ABD29): 12
LogDevObjectVersion:   Dev-Sequencer (7B5AE74C-D270-4C10-A958-57980B212A5A): 3
LogDevObjectVersion:   Dev-VR (D7296918-1DD6-4BDD-9DE2-64A83CC13884): 0
LogDevObjectVersion:   Dev-LoadTimes (C2A15278-BFE7-4AFE-6C17-90FF531DF755): 1
LogInit: Compiled (64-bit): May  1 2017 13:11:28
LogInit: Compiled with Visual C++: 19.00.23026.00
LogInit: Build Configuration: Development
LogInit: Branch Name: ++UE4+Release-4.15
LogInit: Command line: 
LogInit: Base directory: C:/Program Files/Epic Games/UE_4.15/Engine/Binaries/Win64/
LogInit: Installed Engine Build: 1
LogInit: Presizing for max 8388607 objects, including 0 objects not considered by GC, pre-allocating 0 bytes for permanent pool.
LogInit: Object subsystem initialized
[2017.05.14-07.08.24:255][  0]LogInit: Selected Device Profile: [Windows]
[2017.05.14-07.08.24:255][  0]LogInit: Applying CVar settings loaded from the selected device profile: [Windows]
[2017.05.14-07.08.24:264][  0]LogInit: Computer: DESKTOP-BHBDUN9
[2017.05.14-07.08.24:264][  0]LogInit: User: JamesFarrow
[2017.05.14-07.08.24:264][  0]LogInit: CPU Page size=65536, Cores=2
[2017.05.14-07.08.24:264][  0]LogInit: High frequency timer resolution =2.148439 MHz
[2017.05.14-07.08.24:265][  0]LogMemory: Memory total: Physical=7.9GB (8GB approx)
[2017.05.14-07.08.24:265][  0]LogMemory: Platform Memory Stats for Windows
[2017.05.14-07.08.24:265][  0]LogMemory: Process Physical Memory: 261.98 MB used, 261.98 MB peak
[2017.05.14-07.08.24:265][  0]LogMemory: Process Virtual Memory: 262.03 MB used, 262.03 MB peak
[2017.05.14-07.08.24:265][  0]LogMemory: Physical Memory: 2171.15 MB used,  5923.26 MB free, 8094.41 MB total
[2017.05.14-07.08.24:265][  0]LogMemory: Virtual Memory: 621.97 MB used,  5923.26 MB free, 134217728.00 MB total
[2017.05.14-07.08.24:355][  0]LogTextLocalizationManager: No specific translations for ('en-GB') exist, so ('en') translations will be used.
[2017.05.14-07.08.25:015][  0]LogD3D11RHI: D3D11 adapters:
[2017.05.14-07.08.25:021][  0]LogD3D11RHI:    0. 'Intel(R) HD Graphics 6000' (Feature Level 11_0)
[2017.05.14-07.08.25:021][  0]LogD3D11RHI:       128/0/4047 MB DedicatedVideo/DedicatedSystem/SharedSystem, Outputs:1, VendorId:0x8086
[2017.05.14-07.08.25:023][  0]LogD3D11RHI:    1. 'Microsoft Basic Render Driver' (Feature Level 11_0)
[2017.05.14-07.08.25:023][  0]LogD3D11RHI:       0/0/4047 MB DedicatedVideo/DedicatedSystem/SharedSystem, Outputs:0, VendorId:0x1414
[2017.05.14-07.08.25:023][  0]LogD3D11RHI: Chosen D3D11 Adapter: 0
[2017.05.14-07.08.25:026][  0]LogD3D11RHI: Creating new Direct3DDevice
[2017.05.14-07.08.25:026][  0]LogD3D11RHI:     GPU DeviceId: 0x1626 (for the marketing name, search the web for "GPU Device Id")
[2017.05.14-07.08.25:026][  0]LogWindows: EnumDisplayDevices:
[2017.05.14-07.08.25:026][  0]LogWindows:    0. 'Intel(R) HD Graphics 6000' (P:1 D:1)
[2017.05.14-07.08.25:027][  0]LogWindows:    1. 'Intel(R) HD Graphics 6000' (P:0 D:0)
[2017.05.14-07.08.25:027][  0]LogWindows:    2. 'Intel(R) HD Graphics 6000' (P:0 D:0)
[2017.05.14-07.08.25:027][  0]LogWindows: DebugString: FoundDriverCount:3 
[2017.05.14-07.08.25:027][  0]LogD3D11RHI:     Adapter Name: Intel(R) HD Graphics 6000
[2017.05.14-07.08.25:027][  0]LogD3D11RHI:   Driver Version: 20.19.15.4531 (internal:20.19.15.4531, unified:20.19.15.4531)
[2017.05.14-07.08.25:027][  0]LogD3D11RHI:      Driver Date: 9-29-2016
[2017.05.14-07.08.25:027][  0]LogRHI: Texture pool is 1361 MB (70% of 1945 MB)
[2017.05.14-07.08.25:031][  0]LogD3D11RHI: Async texture creation enabled
[2017.05.14-07.08.25:036][  0]LogD3D11RHI: GPU Timing Frequency: 12.500000 (Debug: 2 0)
[2017.05.14-07.08.25:036][  0]LogShaderCompilers: Guid format shader working directory is -30 characters bigger than the processId version (../../../../../../Users/James Farrow/Documents/MyRepo/BuildingEscape/BuildingEscape/Intermediate/Shaders/WorkingDirectory/4808/).
[2017.05.14-07.08.25:036][  0]LogShaderCompilers: Cleaned the shader compiler working directory 'C:/Users/James Farrow/AppData/Local/Temp/UnrealShaderWorkingDir/B506939745D120B6C0CCCDA06FDB953E/'.
[2017.05.14-07.08.25:036][  0]LogShaderCompilers:Display: Using Local Shader Compiler.
[2017.05.14-07.08.26:281][  0]LogTemp:Display: Loaded TP AllDesktopTargetPlatform
[2017.05.14-07.08.26:347][  0]LogTemp:Display: Loaded TP MacClientTargetPlatform
[2017.05.14-07.08.26:414][  0]LogTemp:Display: Loaded TP MacNoEditorTargetPlatform
[2017.05.14-07.08.26:480][  0]LogTemp:Display: Loaded TP MacServerTargetPlatform
[2017.05.14-07.08.26:547][  0]LogTemp:Display: Loaded TP MacTargetPlatform
[2017.05.14-07.08.26:613][  0]LogTemp:Display: Loaded TP WindowsClientTargetPlatform
[2017.05.14-07.08.26:679][  0]LogTemp:Display: Loaded TP WindowsNoEditorTargetPlatform
[2017.05.14-07.08.26:748][  0]LogTemp:Display: Loaded TP WindowsServerTargetPlatform
[2017.05.14-07.08.26:804][  0]LogTemp:Display: Loaded TP WindowsTargetPlatform
[2017.05.14-07.08.26:868][  0]LogTemp:Display: Loaded TP AndroidTargetPlatform
[2017.05.14-07.08.26:934][  0]LogTemp:Display: Loaded TP Android_ASTCTargetPlatform
[2017.05.14-07.08.26:998][  0]LogTemp:Display: Loaded TP Android_ATCTargetPlatform
[2017.05.14-07.08.27:063][  0]LogTemp:Display: Loaded TP Android_DXTTargetPlatform
[2017.05.14-07.08.27:127][  0]LogTemp:Display: Loaded TP Android_ETC1TargetPlatform
[2017.05.14-07.08.27:190][  0]LogTemp:Display: Loaded TP Android_ETC2TargetPlatform
[2017.05.14-07.08.27:318][  0]LogTemp:Display: Loaded TP Android_MultiTargetPlatform
[2017.05.14-07.08.27:318][  0]LogTemp:Display: Loaded TP Android_PVRTCTargetPlatform
[2017.05.14-07.08.27:365][  0]LogTemp:Display: Loaded TP HTML5TargetPlatform
[2017.05.14-07.08.27:476][  0]LogTemp:Display: Loaded TP IOSTargetPlatform
[2017.05.14-07.08.27:531][  0]LogTemp:Display: Loaded TP TVOSTargetPlatform
[2017.05.14-07.08.27:596][  0]LogTemp:Display: Loaded TP LinuxClientTargetPlatform
[2017.05.14-07.08.27:660][  0]LogTemp:Display: Loaded TP LinuxNoEditorTargetPlatform
[2017.05.14-07.08.27:725][  0]LogTemp:Display: Loaded TP LinuxServerTargetPlatform
[2017.05.14-07.08.27:789][  0]LogTemp:Display: Loaded TP LinuxTargetPlatform
[2017.05.14-07.08.27:789][  0]LogTargetPlatformManager:Display: Building Assets For Windows
[2017.05.14-07.08.28:295][  0]LogDerivedDataCache:Display: Max Cache Size: 512 MB
[2017.05.14-07.08.28:350][  0]LogDerivedDataCache: Loaded boot cache 0.05s 50MB C:/Users/James Farrow/AppData/Local/UnrealEngine/4.15/DerivedDataCache/Boot.ddc.
[2017.05.14-07.08.28:350][  0]LogDerivedDataCache:Display: Loaded Boot cache: C:/Users/James Farrow/AppData/Local/UnrealEngine/4.15/DerivedDataCache/Boot.ddc
[2017.05.14-07.08.28:350][  0]LogDerivedDataCache: FDerivedDataBackendGraph:  Pak pak cache file ../../../../../../Users/James Farrow/Documents/MyRepo/BuildingEscape/BuildingEscape/DerivedDataCache/DDC.ddp not found, will not use a pak cache.
[2017.05.14-07.08.28:350][  0]LogDerivedDataCache: Unable to find inner node Pak for hierarchical cache Hierarchy.
[2017.05.14-07.08.28:350][  0]LogDerivedDataCache: FDerivedDataBackendGraph:  CompressedPak pak cache file ../../../../../../Users/James Farrow/Documents/MyRepo/BuildingEscape/BuildingEscape/DerivedDataCache/Compressed.ddp not found, will not use a pak cache.
[2017.05.14-07.08.28:350][  0]LogDerivedDataCache: Unable to find inner node CompressedPak for hierarchical cache Hierarchy.
[2017.05.14-07.08.28:369][  0]LogDerivedDataCache:Display: Pak cache opened for reading ../../../Engine/DerivedDataCache/Compressed.ddp.
[2017.05.14-07.08.28:381][  0]LogDerivedDataCache: Using Local data cache path C:/Users/James Farrow/AppData/Local/UnrealEngine/Common/DerivedDataCache: Writable
[2017.05.14-07.08.28:391][  0]LogSlate: Using Freetype 2.6.0
[2017.05.14-07.08.28:392][  0]LogSlate: SlateFontCache - WITH_FREETYPE: 1, WITH_HARFBUZZ: 1
[2017.05.14-07.08.28:392][  0]LogSlate: SlateFontCache - WITH_FREETYPE: 1, WITH_HARFBUZZ: 1
[2017.05.14-07.08.28:758][  0]LogInit: Selected Device Profile: [Windows]
[2017.05.14-07.08.28:760][  0]LogContentStreaming: Texture pool size is 0.00 MB
[2017.05.14-07.08.28:994][  0]LogMeshUtilities: Using QuadricMeshReduction for automatic static mesh reduction
[2017.05.14-07.08.29:048][  0]LogSimplygon: Simplygon DLL not present - disabling.
[2017.05.14-07.08.29:108][  0]LogMeshUtilities: Using SimplygonSwarm for distributed automatic mesh merging
[2017.05.14-07.08.29:108][  0]LogMeshUtilities: No automatic skeletal mesh reduction module available
[2017.05.14-07.08.29:108][  0]LogMeshUtilities: No automatic mesh merging module available
[2017.05.14-07.08.29:734][  0]LogNetVersion: GetLocalNetworkVersion: CL: 3299760, ProjectName: buildingescape, ProjectVersion: , EngineNetworkVersion: 2, GameNetworkVersion: 0, NetworkChecksum: 4140618008
[2017.05.14-07.08.29:781][  0]LogAssetRegistry: FAssetRegistry took 0.0211 seconds to start up
[2017.05.14-07.08.29:847][  0]LogPackageLocalizationCache: Processed 3 localized package path(s) for 2 prioritized culture(s) in 0.034083 seconds
[2017.05.14-07.08.29:852][  0]LogUObjectArray: 32493 objects as part of root set at end of initial load.
[2017.05.14-07.08.29:852][  0]LogUObjectAllocator: 7077024 out of 0 bytes used by permanent object pool.
[2017.05.14-07.08.29:852][  0]LogUObjectArray: CloseDisregardForGC: 0/0 objects in disregard for GC pool
[2017.05.14-07.08.29:929][  0]LogInit: WinSock: version 1.1 (2.2), MaxSocks=32767, MaxUdp=65467
[2017.05.14-07.08.31:834][  0]LogTcpMessaging: Initializing TcpMessaging bridge
[2017.05.14-07.08.31:880][  0]LogUdpMessaging: Initializing bridge on interface 0.0.0.0:0 to multicast group 230.0.0.1:6666.
[2017.05.14-07.08.32:529][  0]LogMaterial: Uniform references updated for custom material expression Custom.
[2017.05.14-07.08.32:991][  0]SourceControl: Info Source control is disabled
[2017.05.14-07.08.33:043][  0]SourceControl: Info Source control is disabled
[2017.05.14-07.08.33:104][  0]SourceControl: Info Source control is disabled
[2017.05.14-07.08.33:164][  0]SourceControl: Info Source control is disabled
[2017.05.14-07.08.34:751][  0]LogEngine: Initializing Engine...
[2017.05.14-07.08.34:752][  0]LogHMD: Failed to initialize OpenVR with code 110
[2017.05.14-07.08.34:891][  0]LogStats: UGameplayTagsManager::ConstructGameplayTagTree: Construct from data asset -  0.000 s
[2017.05.14-07.08.34:891][  0]LogStats: UGameplayTagsManager::ConstructGameplayTagTree: GameplayTagTreeChangedEvent.Broadcast -  0.000 s
[2017.05.14-07.08.35:042][  0]LogAIModule: Creating AISystem for world Untitled
[2017.05.14-07.08.35:049][  0]LogInit: XAudio2 using 'Speakers (Cirrus Logic CS4208 (AB 126))' : 2 channels at 48 kHz using 32 bits per sample (channel mask 0x3)
[2017.05.14-07.08.35:179][  0]LogInit: FAudioDevice initialized.
[2017.05.14-07.08.35:232][  0]LogDerivedDataCache: Saved boot cache 0.05s 50MB C:/Users/James Farrow/AppData/Local/UnrealEngine/4.15/DerivedDataCache/Boot.ddc.
[2017.05.14-07.08.35:242][  0]LogInit: Texture streaming: Enabled
[2017.05.14-07.08.35:347][  0]LogEngineSessionManager: EngineSessionManager initialized
[2017.05.14-07.08.35:347][  0]LogEngineSessionManager: EngineSessionManager sent abnormal shutdown report. Type=Crashed, SessionId={2A1447A8-4E66-8454-7198-AD8E1873ACCF}
[2017.05.14-07.08.35:453][  0]LogInit: Transaction tracking system initialized
[2017.05.14-07.08.35:876][  0]BlueprintLog: New page: Editor Load
[2017.05.14-07.08.36:947][  0]LocalizationService: Info Localization service is disabled
[2017.05.14-07.08.37:774][  0]LogConsoleResponse:Display: 
[2017.05.14-07.08.37:919][  0]LogCook:Display: Max memory allowance for cook 16384mb min free memory 0mb
[2017.05.14-07.08.37:919][  0]LogCook:Display: Mobile HDR setting 1
[2017.05.14-07.08.38:305][  0]LogFileCache: Scanning file cache for directory 'C:/Users/James Farrow/Documents/MyRepo/BuildingEscape/BuildingEscape/Content/' took 0.02s
[2017.05.14-07.08.39:229][  0]SourceControl: Info Source control is disabled
[2017.05.14-07.08.39:229][  0]Cmd: MAP LOAD FILE="../../../../../../Users/James Farrow/Documents/MyRepo/BuildingEscape/BuildingEscape/Content/NewMap.umap" TEMPLATE=0 SHOWPROGRESS=1 FEATURELEVEL=3
[2017.05.14-07.08.39:230][  0]LightingResults: New page: Lighting Build
[2017.05.14-07.08.39:280][  0]MapCheck: New page: Map Check
[2017.05.14-07.08.39:280][  0]LightingResults: New page: Lighting Build
[2017.05.14-07.08.39:562][  0]LogTexture:Display: Building textures: HQ_Lightmap1_1 (AutoDXT, 1024X1024) - 46 MB total VRAM
[2017.05.14-07.08.39:770][  0]LogTexture:Display: Building textures: HQ_Lightmap1_2 (AutoDXT, 64X64) - 46 MB total VRAM
[2017.05.14-07.08.39:783][  0]LogTexture:Display: Building textures: LQ_Lightmap_1_1 (DXT1, 1024X1024) - 46 MB total VRAM
[2017.05.14-07.08.39:890][  0]LogTexture:Display: Building textures: LQ_Lightmap_1_2 (DXT1, 64X64) - 46 MB total VRAM
[2017.05.14-07.08.39:923][  0]LogAIModule: Creating AISystem for world NewMap
[2017.05.14-07.08.39:947][  0]LogEditorServer: Finished looking for orphan Actors (0.000 secs)
[2017.05.14-07.08.39:948][  0]Cmd: MAP CHECKDEP NOCLEARLOG
[2017.05.14-07.08.40:029][  0]MapCheck: Info Map check complete: 0 Error(s), 0 Warning(s), took 81.492ms to complete.
[2017.05.14-07.08.40:029][  0]LogFileHelpers: Loading map 'NewMap' took 0.800
[2017.05.14-07.08.40:328][  0]LogCollectionManager: Loaded 0 collections in 0.001912 seconds
[2017.05.14-07.08.40:484][  0]LogFileCache: Scanning file cache for directory 'C:/Users/James Farrow/Documents/MyRepo/BuildingEscape/BuildingEscape/Saved/Collections/' took 0.01s
[2017.05.14-07.08.40:484][  0]LogFileCache: Scanning file cache for directory 'C:/Users/James Farrow/Documents/MyRepo/BuildingEscape/BuildingEscape/Content/Developers/JamesFarrow/Collections/' took 0.01s
[2017.05.14-07.08.40:484][  0]LogFileCache: Scanning file cache for directory 'C:/Users/James Farrow/Documents/MyRepo/BuildingEscape/BuildingEscape/Content/Collections/' took 0.01s
[2017.05.14-07.08.40:484][  0]LogCollectionManager: Rebuilt the GUID cache for 0 collections in 0.000001 seconds
[2017.05.14-07.08.40:496][  0]LogContentBrowser: Native class hierarchy populated in 0.0112 seconds. Added 2248 classes and 455 folders.
[2017.05.14-07.08.40:588][  0]LogContentBrowser: Native class hierarchy updated for 'WidgetCarousel' in 0.0018 seconds. Added 0 classes and 0 folders.
[2017.05.14-07.08.40:642][  0]LogContentBrowser: Native class hierarchy updated for 'AddContentDialog' in 0.0021 seconds. Added 0 classes and 0 folders.
[2017.05.14-07.08.40:698][  0]LogContentBrowser: Native class hierarchy updated for 'SceneOutliner' in 0.0020 seconds. Added 1 classes and 2 folders.
[2017.05.14-07.08.40:747][  0]LogCrashTracker: Crashtracker disabled due to settings.
[2017.05.14-07.08.40:753][  0]LogUObjectGlobals:Warning: Failed to find object 'Class None.'
[2017.05.14-07.08.40:846][  0]LogContentBrowser: Native class hierarchy updated for 'HierarchicalLODOutliner' in 0.0022 seconds. Added 1 classes and 2 folders.
[2017.05.14-07.08.40:846][  0]LogLoad: (Engine Initialization) Total time: 19.11 seconds
[2017.05.14-07.08.40:846][  0]LogLoad: (Engine Initialization) Total Blueprint compile time: 0.11 seconds
[2017.05.14-07.08.40:846][  0]LogExternalProfiler: No external profilers were discovered.  External profiling features will not be available.
[2017.05.14-07.08.40:864][  0]LogOcInput: OculusInput pre-init called
[2017.05.14-07.08.40:887][  0]LogContentStreaming: Texture pool size now 1000 MB
[2017.05.14-07.08.40:891][  0]LogSlate: Took 0.001315 seconds to synchronously load lazily loaded font '../../../Engine/Content/Slate/Fonts/Roboto-Regular.ttf' (155K)
[2017.05.14-07.08.40:901][  0]LogSlate: Took 0.000640 seconds to synchronously load lazily loaded font '../../../Engine/Content/Slate/Fonts/Roboto-Bold.ttf' (160K)
[2017.05.14-07.08.40:914][  0]LogSlate: Took 0.000490 seconds to synchronously load lazily loaded font '../../../Engine/Content/Editor/Slate/Fonts/FontAwesome.ttf' (139K)
[2017.05.14-07.08.41:059][  0]LogSlate: Took 0.000568 seconds to synchronously load lazily loaded font '../../../Engine/Content/Slate/Fonts/Roboto-Light.ttf' (159K)
[2017.05.14-07.08.41:117][  0]LogRenderer: Reallocating scene render targets to support 904x436 NumSamples 1 (Frame:2).
[2017.05.14-07.08.41:608][  1]LogAssetRegistry: Asset discovery search completed in 11.8491 seconds
[2017.05.14-07.08.41:608][  1]LogCollectionManager: Rebuilt the object cache for 0 collections in 0.000018 seconds (found 0 objects)
[2017.05.14-07.08.41:608][  1]LogCollectionManager: Fixed up redirectors for 0 collections in 0.000081 seconds (updated 0 objects)
[2017.05.14-07.08.51:970][245]LogEditorViewport: Clicking on Actor (LMB): StaticMeshActor (SM_Chair)
[2017.05.14-07.09.18:630][859]LogEditorViewport: Clicking on Actor (LMB): StaticMeshActor (Floor)
[2017.05.14-07.09.51:759][ 49]LogEditorViewport: Clicking on Actor (LMB): StaticMeshActor (Floor)
[2017.05.14-07.09.52:396][ 61]LogEditorViewport: Clicking on Actor (context menu): StaticMeshActor (Floor)
[2017.05.14-07.09.58:071][376]LogEditorViewport: Clicking on Actor (LMB): StaticMeshActor (Floor)
[2017.05.14-07.11.13:563][ 67]LogSlate: Took 0.000255 seconds to synchronously load lazily loaded font '../../../Engine/Content/Slate/Fonts/Roboto-Light.ttf' (159K)
[2017.05.14-07.11.13:680][ 67]Cmd: OBJ SAVEPACKAGE PACKAGE="/Game/NewMap" FILE="../../../../../../Users/James Farrow/Documents/MyRepo/BuildingEscape/BuildingEscape/Content/NewMap.umap" SILENT=true AUTOSAVING=false KEEPDIRTY=false
[2017.05.14-07.11.13:735][ 67]LogSavePackage: Save=31.29ms
[2017.05.14-07.11.13:735][ 67]LogSavePackage: Moving '../../../../../../Users/James Farrow/Documents/MyRepo/BuildingEscape/BuildingEscape/Saved/NewMap736F7FAE4F830FB60B188E904B9087AE.tmp' to '../../../../../../Users/James Farrow/Documents/MyRepo/BuildingEscape/BuildingEscape/Content/NewMap.umap'
[2017.05.14-07.11.13:739][ 67]LogSavePackage:Display: Finished SavePackage ../../../../../../Users/James Farrow/Documents/MyRepo/BuildingEscape/BuildingEscape/Content/NewMap.umap
[2017.05.14-07.11.13:756][ 67]LogFileHelpers: Saving map 'NewMap' took 0.171
[2017.05.14-07.11.27:765][423]MapCheck: New page: Map Check
[2017.05.14-07.11.27:785][423]LightingResults: New page: Lighting Build - 14 May 2017 09:11:27
[2017.05.14-07.11.27:842][423]LogSwarmInterface: [OpenConnection] Registering TCP channel ...
[2017.05.14-07.11.27:892][423]LogSwarmInterface: [OpenConnection] Connecting to agent ...
[2017.05.14-07.11.27:903][423]LogSwarmInterface: [TryOpenConnection] Testing the Agent
[2017.05.14-07.11.28:426][423]LogSwarmInterface: [TryOpenConnection] Opening Connection to Agent
[2017.05.14-07.11.28:426][423]LogSwarmInterface: [TryOpenConnection] Local Process ID is 4808
[2017.05.14-07.11.30:808][423]LogStaticLightingSystem:Warning: No importance volume found, so the scene bounding box was used.  You can optimize your scene's quality and lighting build times by adding importance volumes.
[2017.05.14-07.11.30:809][423]LogStaticLightingSystem: Running Lightmass w/ ImmediateImport mode ENABLED
[2017.05.14-07.11.30:809][423]LogStaticLightingSystem: Running Lightmass w/ ImmediateProcess mode ENABLED
[2017.05.14-07.11.30:809][423]LogStaticLightingSystem: Running Lightmass w/ Sorting mode ENABLED
[2017.05.14-07.11.30:809][423]LogStaticLightingSystem: Running Lightmass w/ Mapping paddings ENABLED
[2017.05.14-07.11.30:809][423]LogStaticLightingSystem: Running Lightmass w/ Mapping debug paddings DISABLED
[2017.05.14-07.11.30:961][423]LogEditorBuildUtils: Build time 0:03
[2017.05.14-07.11.30:966][423]LogMaterial: Missing cached shader map for material FLightmassMaterialRenderer M_Wood_Pine, compiling. 
[2017.05.14-07.11.30:968][423]LogTemp:Display: Added material ShaderMap 0x000000F13EBD2400 with Material 0x000000F1123EF100 to ShaderMapsBeingCompiled
[2017.05.14-07.11.30:973][423]LogTemp:Display: Kicking off shader compilation for FLightmassMaterialRenderer M_Wood_Pine, GameThreadShaderMap 0x000000F13EBD2400
[2017.05.14-07.11.30:976][423]LogMaterial: Missing cached shader map for material FLightmassMaterialRenderer M_Wood_Pine, compiling. 
[2017.05.14-07.11.30:977][423]LogTemp:Display: Added material ShaderMap 0x000000F139C2FC80 with Material 0x000000F1123EC700 to ShaderMapsBeingCompiled
[2017.05.14-07.11.30:979][423]LogTemp:Display: Kicking off shader compilation for FLightmassMaterialRenderer M_Wood_Pine, GameThreadShaderMap 0x000000F139C2FC80
[2017.05.14-07.11.31:066][425]LogMaterial: Missing cached shader map for material FLightmassMaterialRenderer M_Concrete_Tiles, compiling. 
[2017.05.14-07.11.31:068][425]LogTemp:Display: Added material ShaderMap 0x000000F139C2D280 with Material 0x000000F138F5C100 to ShaderMapsBeingCompiled
[2017.05.14-07.11.31:072][425]LogTemp:Display: Kicking off shader compilation for FLightmassMaterialRenderer M_Concrete_Tiles, GameThreadShaderMap 0x000000F139C2D280
[2017.05.14-07.11.31:075][425]LogMaterial: Missing cached shader map for material FLightmassMaterialRenderer M_Concrete_Tiles, compiling. 
[2017.05.14-07.11.31:076][425]LogTemp:Display: Added material ShaderMap 0x000000F139BD7C80 with Material 0x000000F138F5D300 to ShaderMapsBeingCompiled
[2017.05.14-07.11.31:080][425]LogTemp:Display: Kicking off shader compilation for FLightmassMaterialRenderer M_Concrete_Tiles, GameThreadShaderMap 0x000000F139BD7C80
[2017.05.14-07.11.31:107][426]LogMaterial: Missing cached shader map for material FLightmassMaterialRenderer M_Brick_Clay_Beveled, compiling. 
[2017.05.14-07.11.31:109][426]LogTemp:Display: Added material ShaderMap 0x000000F139BD6780 with Material 0x000000F138F5F100 to ShaderMapsBeingCompiled
[2017.05.14-07.11.31:113][426]LogTemp:Display: Kicking off shader compilation for FLightmassMaterialRenderer M_Brick_Clay_Beveled, GameThreadShaderMap 0x000000F139BD6780
[2017.05.14-07.11.31:116][426]LogMaterial: Missing cached shader map for material FLightmassMaterialRenderer M_Brick_Clay_Beveled, compiling. 
[2017.05.14-07.11.31:117][426]LogTemp:Display: Added material ShaderMap 0x000000F139BD4F00 with Material 0x000000F139C14A00 to ShaderMapsBeingCompiled
[2017.05.14-07.11.31:121][426]LogTemp:Display: Kicking off shader compilation for FLightmassMaterialRenderer M_Brick_Clay_Beveled, GameThreadShaderMap 0x000000F139BD4F00
[2017.05.14-07.11.32:760][427]LogTemp:Display: Finished compile of shader map 0x000000F139C2FC80
[2017.05.14-07.11.32:760][427]LogTemp:Display: Shader map FLightmassMaterialRenderer M_Wood_Pine complete, GameThreadShaderMap 0x000000F139C2FC80, marking material FLightmassMaterialRenderer M_Wood_Pine as finished
[2017.05.14-07.11.32:760][427]LogTemp:Display: Marking material as finished 0x000000F1123EC700
[2017.05.14-07.11.32:762][427]LogTemp:Display: Finished compile of shader map 0x000000F13EBD2400
[2017.05.14-07.11.32:762][427]LogTemp:Display: Shader map FLightmassMaterialRenderer M_Wood_Pine complete, GameThreadShaderMap 0x000000F13EBD2400, marking material FLightmassMaterialRenderer M_Wood_Pine as finished
[2017.05.14-07.11.32:762][427]LogTemp:Display: Marking material as finished 0x000000F1123EF100
[2017.05.14-07.11.32:765][427]LogTemp:Display: Finished compile of shader map 0x000000F139C2D280
[2017.05.14-07.11.32:765][427]LogTemp:Display: Shader map FLightmassMaterialRenderer M_Concrete_Tiles complete, GameThreadShaderMap 0x000000F139C2D280, marking material FLightmassMaterialRenderer M_Concrete_Tiles as finished
[2017.05.14-07.11.32:765][427]LogTemp:Display: Marking material as finished 0x000000F138F5C100
[2017.05.14-07.11.32:767][427]LogTemp:Display: Finished compile of shader map 0x000000F139BD7C80
[2017.05.14-07.11.32:767][427]LogTemp:Display: Shader map FLightmassMaterialRenderer M_Concrete_Tiles complete, GameThreadShaderMap 0x000000F139BD7C80, marking material FLightmassMaterialRenderer M_Concrete_Tiles as finished
[2017.05.14-07.11.32:767][427]LogTemp:Display: Marking material as finished 0x000000F138F5D300
[2017.05.14-07.11.32:769][427]LogTemp:Display: Finished compile of shader map 0x000000F139BD6780
[2017.05.14-07.11.32:769][427]LogTemp:Display: Shader map FLightmassMaterialRenderer M_Brick_Clay_Beveled complete, GameThreadShaderMap 0x000000F139BD6780, marking material FLightmassMaterialRenderer M_Brick_Clay_Beveled as finished
[2017.05.14-07.11.32:769][427]LogTemp:Display: Marking material as finished 0x000000F138F5F100
[2017.05.14-07.11.32:771][427]LogTemp:Display: Finished compile of shader map 0x000000F139BD4F00
[2017.05.14-07.11.32:771][427]LogTemp:Display: Shader map FLightmassMaterialRenderer M_Brick_Clay_Beveled complete, GameThreadShaderMap 0x000000F139BD4F00, marking material FLightmassMaterialRenderer M_Brick_Clay_Beveled as finished
[2017.05.14-07.11.32:771][427]LogTemp:Display: Marking material as finished 0x000000F139C14A00
[2017.05.14-07.11.39:109][561]Job is a success!
[2017.05.14-07.11.40:157][562]LogTexture:Display: Building textures: HQ_Lightmap0_1 (AutoDXT, 1024X1024) - 187 MB total VRAM
[2017.05.14-07.11.40:157][562]LogTexture:Display: Building textures: LQ_Lightmap_0_1 (DXT1, 1024X1024) - 187 MB total VRAM
[2017.05.14-07.11.40:157][562]LogTexture:Display: Building textures: HQ_Lightmap0_2 (AutoDXT, 64X64) - 187 MB total VRAM
[2017.05.14-07.11.40:157][562]LogTexture:Display: Building textures: LQ_Lightmap_0_2 (DXT1, 64X64) - 187 MB total VRAM
[2017.05.14-07.11.40:281][562]LogTexture:Display: Building textures: ShadowMapTexture2D_0 (BGRA8, 1024X256) - 187 MB total VRAM
[2017.05.14-07.11.40:281][562]LogTexture:Display: Building textures: ShadowMapTexture2D_1 (G8, 32X32) - 187 MB total VRAM
[2017.05.14-07.11.40:333][562]Lightmass on DESKTOP-BHBDUN9: 5.89 sec total, 220 ms importing, 34 ms setup, 408 ms photons, 5.20 sec processing, 0 ms extra exporting [11/11 mappings]. Threads: 20.7 sec total, 10.5 sec processing.
[2017.05.14-07.11.40:345][562]LogStaticLightingSystem: Illumination: 12.4 sec (676 ms encoding lightmaps, 122 ms encoding shadowmaps)
[2017.05.14-07.11.40:345][562]LogStaticLightingSystem: Lightmap texture memory:  2.0 MB (2.0 MB streaming, 0.0 MB non-streaming), 4 textures
[2017.05.14-07.11.40:345][562]LogStaticLightingSystem: Shadowmap texture memory: 1.3 MB (1.3 MB streaming, 0.0 MB non-streaming), 2 textures
[2017.05.14-07.11.40:816][562]DumpUnbuiltLightIteractions
[2017.05.14-07.11.40:816][562]Lights with unbuilt interactions: 0
[2017.05.14-07.11.40:816][562]
[2017.05.14-07.11.40:816][562]Primitives with unbuilt interactions: 0
[2017.05.14-07.11.40:836][563]Cmd: MAP CHECK NOTIFYRESULTS
[2017.05.14-07.11.40:837][563]MapCheck: New page: NewMap - 14 May 2017 09:11:40
[2017.05.14-07.11.40:986][563]MapCheck: Info Map check complete: 0 Error(s), 0 Warning(s), took 150.116ms to complete.
[2017.05.14-07.11.51:070][889]LogVSAccessor:Warning: Couldn't access Visual Studio
[2017.05.14-07.11.51:076][889]Recompiling BuildingEscape...
[2017.05.14-07.11.51:076][889]Launching UnrealBuildTool... [C:/Program Files/Epic Games/UE_4.15/Engine/Binaries/DotNET/UnrealBuildTool.exe BuildingEscape -ModuleWithSuffix BuildingEscape 6755 Win64 Development -editorrecompile -canskiplink "C:/Users/James Farrow/Documents/MyRepo/BuildingEscape/BuildingEscape/BuildingEscape.uproject" ]
[2017.05.14-07.11.51:081][889]Warning: Starting HotReload took  0.0s.
[2017.05.14-07.12.04:380][336]CompilerResultsLog: New page: Compilation - 14 May 2017 09:12:04
[2017.05.14-07.12.04:380][336]CompilerResultsLog: Info Compiling game modules for hot reload
[2017.05.14-07.12.04:380][336]CompilerResultsLog: Info Target is up to date
[2017.05.14-07.12.04:380][336]CompilerResultsLog: Info Total build time: 12.72 seconds (NoActionsToExecute executor: 0.01 seconds)
[2017.05.14-07.12.04:380][336]LogMainFrame: MainFrame: Module compiling took 13.310 seconds
[2017.05.14-07.12.04:457][336]LogContentBrowser: Native class hierarchy populated in 0.0187 seconds. Added 2250 classes and 459 folders.
[2017.05.14-07.12.04:458][336]Display: HotReload took 13.4s.
[2017.05.14-07.12.25:833][ 40]LogEditorViewport: Clicking on Actor (LMB): StaticMeshActor (SM_Chair)
[2017.05.14-07.12.36:838][251]LogMaterial: Missing cached shader map for material M_Chair, compiling. 
[2017.05.14-07.12.36:840][251]LogTemp:Display: Added material ShaderMap 0x000000F126663580 with Material 0x000000F113028900 to ShaderMapsBeingCompiled
[2017.05.14-07.12.36:875][251]LogTemp:Display: Kicking off shader compilation for M_Chair, GameThreadShaderMap 0x000000F126663580
[2017.05.14-07.12.37:004][251]LogMaterial: Missing cached shader map for material M_Chair, compiling. 
[2017.05.14-07.12.37:006][251]LogTemp:Display: Added material ShaderMap 0x000000F197E8C800 with Material 0x000000F113028900 to ShaderMapsBeingCompiled
[2017.05.14-07.12.37:024][251]LogTemp:Display: Kicking off shader compilation for M_Chair, GameThreadShaderMap 0x000000F197E8C800
[2017.05.14-07.12.37:025][251]LogMaterial: 0.00 seconds spent updating 1 materials, 1 interfaces, 0 instances, 0 with static permutations.
[2017.05.14-07.12.37:058][251]LogMaterial: Missing cached shader map for material FMatExpressionPreview MaterialExpressionTextureSample_3, compiling. 
[2017.05.14-07.12.37:060][251]LogTemp:Display: Added material ShaderMap 0x000000F15EE54100 with Material 0x000000F197EC4A00 to ShaderMapsBeingCompiled
[2017.05.14-07.12.37:065][251]LogTemp:Display: Kicking off shader compilation for FMatExpressionPreview MaterialExpressionTextureSample_3, GameThreadShaderMap 0x000000F15EE54100
[2017.05.14-07.12.37:067][251]LogMaterial: Missing cached shader map for material FMatExpressionPreview MaterialExpressionTextureSample_2, compiling. 
[2017.05.14-07.12.37:069][251]LogTemp:Display: Added material ShaderMap 0x000000F139B81980 with Material 0x000000F139BFB700 to ShaderMapsBeingCompiled
[2017.05.14-07.12.37:075][251]LogTemp:Display: Kicking off shader compilation for FMatExpressionPreview MaterialExpressionTextureSample_2, GameThreadShaderMap 0x000000F139B81980
[2017.05.14-07.12.37:077][251]LogMaterial: Missing cached shader map for material FMatExpressionPreview MaterialExpressionVectorParameter_4, compiling. 
[2017.05.14-07.12.37:079][251]LogTemp:Display: Added material ShaderMap 0x000000F139B80100 with Material 0x000000F139BFB100 to ShaderMapsBeingCompiled
[2017.05.14-07.12.37:084][251]LogTemp:Display: Kicking off shader compilation for FMatExpressionPreview MaterialExpressionVectorParameter_4, GameThreadShaderMap 0x000000F139B80100
[2017.05.14-07.12.37:086][251]LogMaterial: Missing cached shader map for material FMatExpressionPreview MaterialExpressionVectorParameter_2, compiling. 
[2017.05.14-07.12.37:087][251]LogTemp:Display: Added material ShaderMap 0x000000F106162B00 with Material 0x000000F10615B400 to ShaderMapsBeingCompiled
[2017.05.14-07.12.37:094][251]LogTemp:Display: Kicking off shader compilation for FMatExpressionPreview MaterialExpressionVectorParameter_2, GameThreadShaderMap 0x000000F106162B00
[2017.05.14-07.12.37:096][251]LogMaterial: Missing cached shader map for material FMatExpressionPreview MaterialExpressionVectorParameter_3, compiling. 
[2017.05.14-07.12.37:098][251]LogTemp:Display: Added material ShaderMap 0x000000F106161600 with Material 0x000000F106159F00 to ShaderMapsBeingCompiled
[2017.05.14-07.12.37:103][251]LogTemp:Display: Kicking off shader compilation for FMatExpressionPreview MaterialExpressionVectorParameter_3, GameThreadShaderMap 0x000000F106161600
[2017.05.14-07.12.37:114][251]LogSlate: Took 0.000462 seconds to synchronously load lazily loaded font '../../../Engine/Content/Editor/Slate/Fonts/Roboto-BoldCondensed.ttf' (158K)
[2017.05.14-07.12.38:854][282]LogSlate: Took 0.012807 seconds to synchronously load lazily loaded font '../../../Engine/Content/Editor/Slate/Fonts/Roboto-Italic.ttf' (157K)
[2017.05.14-07.12.46:150][442]LogTemp:Display: Finished compile of shader map 0x000000F197E8C800
[2017.05.14-07.12.46:150][442]LogTemp:Display: Shader map M_Chair complete, GameThreadShaderMap 0x000000F197E8C800, marking material M_Chair as finished
[2017.05.14-07.12.46:150][442]LogTemp:Display: Marking material as finished 0x000000F113028900
[2017.05.14-07.12.46:200][443]MaterialEditorStats: Info Base pass shader with static lighting: 128 instructions
[2017.05.14-07.12.46:200][443]MaterialEditorStats: Info Base pass shader with only dynamic lighting: 102 instructions
[2017.05.14-07.12.46:201][443]MaterialEditorStats: Info Vertex shader: 31 instructions
[2017.05.14-07.12.46:201][443]MaterialEditorStats: Info Texture samplers: 5/16
[2017.05.14-07.12.47:317][464]LogTemp:Display: Finished compile of shader map 0x000000F15EE54100
[2017.05.14-07.12.47:318][464]LogTemp:Display: Shader map FMatExpressionPreview MaterialExpressionTextureSample_3 complete, GameThreadShaderMap 0x000000F15EE54100, marking material FMatExpressionPreview MaterialExpressionTextureSample_3 as finished
[2017.05.14-07.12.47:318][464]LogTemp:Display: Marking material as finished 0x000000F197EC4A00
[2017.05.14-07.12.48:465][486]LogTemp:Display: Finished compile of shader map 0x000000F139B81980
[2017.05.14-07.12.48:466][486]LogTemp:Display: Shader map FMatExpressionPreview MaterialExpressionTextureSample_2 complete, GameThreadShaderMap 0x000000F139B81980, marking material FMatExpressionPreview MaterialExpressionTextureSample_2 as finished
[2017.05.14-07.12.48:466][486]LogTemp:Display: Marking material as finished 0x000000F139BFB700
[2017.05.14-07.12.49:298][503]LogTemp:Display: Finished compile of shader map 0x000000F139B80100
[2017.05.14-07.12.49:298][503]LogTemp:Display: Shader map FMatExpressionPreview MaterialExpressionVectorParameter_4 complete, GameThreadShaderMap 0x000000F139B80100, marking material FMatExpressionPreview MaterialExpressionVectorParameter_4 as finished
[2017.05.14-07.12.49:298][503]LogTemp:Display: Marking material as finished 0x000000F139BFB100
[2017.05.14-07.12.49:840][521]LogTemp:Display: Finished compile of shader map 0x000000F106162B00
[2017.05.14-07.12.49:840][521]LogTemp:Display: Shader map FMatExpressionPreview MaterialExpressionVectorParameter_2 complete, GameThreadShaderMap 0x000000F106162B00, marking material FMatExpressionPreview MaterialExpressionVectorParameter_2 as finished
[2017.05.14-07.12.49:840][521]LogTemp:Display: Marking material as finished 0x000000F10615B400
[2017.05.14-07.12.50:212][534]LogTemp:Display: Finished compile of shader map 0x000000F106161600
[2017.05.14-07.12.50:212][534]LogTemp:Display: Shader map FMatExpressionPreview MaterialExpressionVectorParameter_3 complete, GameThreadShaderMap 0x000000F106161600, marking material FMatExpressionPreview MaterialExpressionVectorParameter_3 as finished
[2017.05.14-07.12.50:212][534]LogTemp:Display: Marking material as finished 0x000000F106159F00
[2017.05.14-07.13.35:406][742]LogMaterial: Missing cached shader map for material M_Chair, compiling. 
[2017.05.14-07.13.35:408][742]LogTemp:Display: Added material ShaderMap 0x000000F108D06400 with Material 0x000000F113028900 to ShaderMapsBeingCompiled
[2017.05.14-07.13.35:426][742]LogTemp:Display: Kicking off shader compilation for M_Chair, GameThreadShaderMap 0x000000F108D06400
[2017.05.14-07.13.35:427][742]LogMaterial: 0.00 seconds spent updating 1 materials, 1 interfaces, 0 instances, 0 with static permutations.
[2017.05.14-07.13.35:461][742]LogMaterial: Missing cached shader map for material FMatExpressionPreview MaterialExpressionVectorParameter_4, compiling. 
[2017.05.14-07.13.35:463][742]LogTemp:Display: Added material ShaderMap 0x000000F10618EE80 with Material 0x000000F10611B700 to ShaderMapsBeingCompiled
[2017.05.14-07.13.35:469][742]LogTemp:Display: Kicking off shader compilation for FMatExpressionPreview MaterialExpressionVectorParameter_4, GameThreadShaderMap 0x000000F10618EE80
[2017.05.14-07.13.39:718][859]LogMaterial: Missing cached shader map for material M_Chair, compiling. 
[2017.05.14-07.13.39:719][859]LogTemp:Display: Added material ShaderMap 0x000000F176D50480 with Material 0x000000F113028900 to ShaderMapsBeingCompiled
[2017.05.14-07.13.39:741][859]LogTemp:Display: Kicking off shader compilation for M_Chair, GameThreadShaderMap 0x000000F176D50480
[2017.05.14-07.13.39:741][859]LogMaterial: 0.00 seconds spent updating 1 materials, 1 interfaces, 0 instances, 0 with static permutations.
[2017.05.14-07.13.39:743][859]LogTemp:Display: Removed shader map 0x000000F10618EE80 from material 0x000000F10611B700
[2017.05.14-07.13.39:768][859]LogMaterial: Missing cached shader map for material FMatExpressionPreview MaterialExpressionVectorParameter_4, compiling. 
[2017.05.14-07.13.39:769][859]LogTemp:Display: Added material ShaderMap 0x000000F113D2E400 with Material 0x000000F1070AD300 to ShaderMapsBeingCompiled
[2017.05.14-07.13.39:773][859]LogTemp:Display: Kicking off shader compilation for FMatExpressionPreview MaterialExpressionVectorParameter_4, GameThreadShaderMap 0x000000F113D2E400
[2017.05.14-07.13.40:964][884]LogTemp:Display: Finished compile of shader map 0x000000F108D06400
[2017.05.14-07.13.40:964][884]LogTemp:Display: Shader map M_Chair complete, GameThreadShaderMap 0x000000F108D06400, marking material M_Chair as finished
[2017.05.14-07.13.40:964][884]LogTemp:Display: Marking material as finished 0x000000F113028900
[2017.05.14-07.13.50:226][ 71]LogTemp:Display: Finished compile of shader map 0x000000F176D50480
[2017.05.14-07.13.50:226][ 71]LogTemp:Display: Shader map M_Chair complete, GameThreadShaderMap 0x000000F176D50480, marking material M_Chair as finished
[2017.05.14-07.13.50:226][ 71]LogTemp:Display: Marking material as finished 0x000000F113028900
[2017.05.14-07.13.50:276][ 72]MaterialEditorStats: Info Base pass shader with static lighting: 128 instructions
[2017.05.14-07.13.50:276][ 72]MaterialEditorStats: Info Base pass shader with only dynamic lighting: 102 instructions
[2017.05.14-07.13.50:276][ 72]MaterialEditorStats: Info Vertex shader: 31 instructions
[2017.05.14-07.13.50:276][ 72]MaterialEditorStats: Info Texture samplers: 5/16
[2017.05.14-07.13.51:181][ 90]LogTemp:Display: Finished compile of shader map 0x000000F113D2E400
[2017.05.14-07.13.51:181][ 90]LogTemp:Display: Shader map FMatExpressionPreview MaterialExpressionVectorParameter_4 complete, GameThreadShaderMap 0x000000F113D2E400, marking material FMatExpressionPreview MaterialExpressionVectorParameter_4 as finished
[2017.05.14-07.13.51:181][ 90]LogTemp:Display: Marking material as finished 0x000000F1070AD300
[2017.05.14-07.13.57:096][147]LogMaterial: Missing cached shader map for material M_Chair, compiling. 
[2017.05.14-07.13.57:097][147]LogTemp:Display: Added material ShaderMap 0x000000F108A85D00 with Material 0x000000F113028900 to ShaderMapsBeingCompiled
[2017.05.14-07.13.57:120][147]LogTemp:Display: Kicking off shader compilation for M_Chair, GameThreadShaderMap 0x000000F108A85D00
[2017.05.14-07.13.57:120][147]LogMaterial: 0.00 seconds spent updating 1 materials, 1 interfaces, 0 instances, 0 with static permutations.
[2017.05.14-07.13.57:141][147]LogMaterial: Missing cached shader map for material M_Chair, compiling. 
[2017.05.14-07.13.57:143][147]LogTemp:Display: Added material ShaderMap 0x000000F176D52400 with Material 0x000000F15E359D80 to ShaderMapsBeingCompiled
[2017.05.14-07.13.57:193][147]LogTemp:Display: Kicking off shader compilation for M_Chair, GameThreadShaderMap 0x000000F176D52400
[2017.05.14-07.13.57:199][147]LogMaterial: Missing cached shader map for material M_Chair, compiling. 
[2017.05.14-07.13.57:200][147]LogTemp:Display: Added material ShaderMap 0x000000F197CDD980 with Material 0x000000F15E359D80 to ShaderMapsBeingCompiled
[2017.05.14-07.13.57:232][147]LogTemp:Display: Kicking off shader compilation for M_Chair, GameThreadShaderMap 0x000000F197CDD980
[2017.05.14-07.13.57:233][147]LogMaterial: 0.00 seconds spent updating 1 materials, 1 interfaces, 0 instances, 0 with static permutations.
[2017.05.14-07.13.57:272][147]LogMaterial: Missing cached shader map for material FDebugViewModeMaterialProxy M_Chair, compiling. 
[2017.05.14-07.13.57:274][147]LogTemp:Display: Added material ShaderMap 0x000000F1776BEB00 with Material 0x000000F107297400 to ShaderMapsBeingCompiled
[2017.05.14-07.13.58:717][147]LogTemp:Display: Finished compile of shader map 0x000000F1776BEB00
[2017.05.14-07.13.58:717][147]LogTemp:Display: Shader map FDebugViewModeMaterialProxy M_Chair complete, GameThreadShaderMap 0x000000F1776BEB00, marking material FDebugViewModeMaterialProxy M_Chair as finished
[2017.05.14-07.13.58:717][147]LogTemp:Display: Marking material as finished 0x000000F107297400
[2017.05.14-07.13.58:721][147]TextureStreamingBuild:Display: Compiling optional shaders took 1.456 seconds.
[2017.05.14-07.13.58:875][147]LogTemp:Display: Finished compile of shader map 0x000000F108A85D00
[2017.05.14-07.13.58:875][147]LogTemp:Display: Shader map M_Chair complete, GameThreadShaderMap 0x000000F108A85D00, marking material M_Chair as finished
[2017.05.14-07.13.58:875][147]LogTemp:Display: Marking material as finished 0x000000F113028900
[2017.05.14-07.14.00:261][189]LogEditorViewport: Clicking on Actor (LMB): StaticMeshActor (Floor)
[2017.05.14-07.14.11:466][504]LogEditorViewport: Clicking on Actor (LMB): StaticMeshActor (SM_Chair)
[2017.05.14-07.14.15:209][573]LogTemp:Display: Finished compile of shader map 0x000000F197CDD980
[2017.05.14-07.14.15:209][573]LogTemp:Display: Shader map M_Chair complete, GameThreadShaderMap 0x000000F197CDD980, marking material M_Chair as finished
[2017.05.14-07.14.15:209][573]LogTemp:Display: Marking material as finished 0x000000F15E359D80
[2017.05.14-07.14.16:513][592]LogEditorViewport: Clicking on Actor (LMB): StaticMeshActor (Wall_400x402)
[2017.05.14-07.14.19:243][674]Cmd: SELECT NONE
[2017.05.14-07.14.26:223][901]LogVSAccessor:Warning: Couldn't access Visual Studio
[2017.05.14-07.14.26:226][901]Recompiling BuildingEscape...
[2017.05.14-07.14.26:227][901]Launching UnrealBuildTool... [C:/Program Files/Epic Games/UE_4.15/Engine/Binaries/DotNET/UnrealBuildTool.exe BuildingEscape -ModuleWithSuffix BuildingEscape 7372 Win64 Development -editorrecompile -canskiplink "C:/Users/James Farrow/Documents/MyRepo/BuildingEscape/BuildingEscape/BuildingEscape.uproject" ]
[2017.05.14-07.14.26:231][901]Warning: Starting HotReload took  0.0s.
[2017.05.14-07.14.37:760][297]CompilerResultsLog: New page: Compilation - 14 May 2017 09:14:37
[2017.05.14-07.14.37:760][297]CompilerResultsLog: Info Compiling game modules for hot reload
[2017.05.14-07.14.37:760][297]CompilerResultsLog: Info Target is up to date
[2017.05.14-07.14.37:760][297]CompilerResultsLog: Info Total build time: 11.00 seconds (NoActionsToExecute executor: 0.01 seconds)
[2017.05.14-07.14.37:760][297]LogMainFrame: MainFrame: Module compiling took 11.537 seconds
[2017.05.14-07.14.37:843][297]LogContentBrowser: Native class hierarchy populated in 0.0185 seconds. Added 2250 classes and 459 folders.
[2017.05.14-07.14.37:843][297]Display: HotReload took 11.6s.
[2017.05.14-07.14.41:151][405]LogTemp: Repeting last play command: Selected Viewport
[2017.05.14-07.14.41:170][405]LogPlayLevel: PlayLevel: No blueprints needed recompiling
[2017.05.14-07.14.41:170][405]PIE: New page: PIE session: NewMap (14 May 2017 09:14:41)
[2017.05.14-07.14.41:170][405]LogPlayLevel: Creating play world package: /Game/UEDPIE_0_NewMap
[2017.05.14-07.14.41:179][405]LogPlayLevel: PIE: StaticDuplicateObject took: (0.008677s)
[2017.05.14-07.14.41:182][405]LogAIModule: Creating AISystem for world NewMap
[2017.05.14-07.14.41:183][405]LogPlayLevel: PIE: World Init took: (0.003584s)
[2017.05.14-07.14.41:183][405]LogPlayLevel: PIE: Created PIE world by copying editor world from /Game/NewMap.NewMap to /Game/UEDPIE_0_NewMap.NewMap (0.012777s)
[2017.05.14-07.14.41:212][405]LogInit: XAudio2 using 'Speakers (Cirrus Logic CS4208 (AB 126))' : 2 channels at 48 kHz using 32 bits per sample (channel mask 0x3)
[2017.05.14-07.14.41:221][405]LogInit: FAudioDevice initialized.
[2017.05.14-07.14.41:271][405]LogUObjectGlobals:Warning: Failed to find object 'Class /Script/BuildingEscape.BuildingEscapeGameMode'
[2017.05.14-07.14.41:271][405]LogLoad: Game class is 'GameModeBase'
[2017.05.14-07.14.41:273][405]LogWorld: Bringing World /Game/UEDPIE_0_NewMap.NewMap up for play (max tick rate 60) at 2017.05.14-08.14.41
[2017.05.14-07.14.41:274][405]LogWorld: Bringing up level for play took: 0.001496
[2017.05.14-07.14.41:371][405]LogContentBrowser: Native class hierarchy updated for 'MovieSceneCapture' in 0.0028 seconds. Added 11 classes and 0 folders.
[2017.05.14-07.14.41:372][405]LogTemp:Warning: SM_Chair_2 is at X=-56.455 Y=-446.806 Z=20.000
[2017.05.14-07.14.41:372][405]PIE: Info Play in editor start time for /Game/UEDPIE_0_NewMap -0.678
[2017.05.14-07.14.50:399][752]Cmd: CLOSE_SLATE_MAINFRAME
[2017.05.14-07.14.57:128][752]Cmd: OBJ SAVEPACKAGE PACKAGE="/Game/NewMap" FILE="../../../../../../Users/James Farrow/Documents/MyRepo/BuildingEscape/BuildingEscape/Content/NewMap.umap" SILENT=true AUTOSAVING=false KEEPDIRTY=false
[2017.05.14-07.14.57:193][752]LogSavePackage: Save=36.14ms
[2017.05.14-07.14.57:193][752]LogSavePackage: Moving '../../../../../../Users/James Farrow/Documents/MyRepo/BuildingEscape/BuildingEscape/Saved/NewMap888A51B24513709EB31529A297A2B643.tmp' to '../../../../../../Users/James Farrow/Documents/MyRepo/BuildingEscape/BuildingEscape/Content/NewMap.umap'
[2017.05.14-07.14.57:199][752]LogSavePackage:Display: Finished SavePackage ../../../../../../Users/James Farrow/Documents/MyRepo/BuildingEscape/BuildingEscape/Content/NewMap.umap
[2017.05.14-07.14.57:220][752]LogFileHelpers: Saving map 'NewMap' took 0.232
[2017.05.14-07.14.57:221][752]Cmd: OBJ SAVEPACKAGE PACKAGE="/Game/NewMap_BuiltData" FILE="../../../../../../Users/James Farrow/Documents/MyRepo/BuildingEscape/BuildingEscape/Content/NewMap_BuiltData.uasset" SILENT=true
[2017.05.14-07.14.57:404][752]LogSavePackage: Save=176.34ms
[2017.05.14-07.14.57:404][752]LogSavePackage: Moving '../../../../../../Users/James Farrow/Documents/MyRepo/BuildingEscape/BuildingEscape/Saved/NewMap_BuiltDataB8C07EA24468979F3456B4BB55EADC7C.tmp' to '../../../../../../Users/James Farrow/Documents/MyRepo/BuildingEscape/BuildingEscape/Content/NewMap_BuiltData.uasset'
[2017.05.14-07.14.57:407][752]LogSavePackage:Display: Finished SavePackage ../../../../../../Users/James Farrow/Documents/MyRepo/BuildingEscape/BuildingEscape/Content/NewMap_BuiltData.uasset
[2017.05.14-07.14.57:463][752]LogSavePackage: Save=15.26ms
[2017.05.14-07.14.57:463][752]LogSavePackage: Moving '../../../../../../Users/James Farrow/Documents/MyRepo/BuildingEscape/BuildingEscape/Saved/M_Chair02E050D249A44144113C1FA6182B3919.tmp' to '../../../../../../Users/James Farrow/Documents/MyRepo/BuildingEscape/BuildingEscape/Content/StarterContent/Props/Materials/M_Chair.uasset'
[2017.05.14-07.14.57:467][752]LogSavePackage:Display: Finished SavePackage ../../../../../../Users/James Farrow/Documents/MyRepo/BuildingEscape/BuildingEscape/Content/StarterContent/Props/Materials/M_Chair.uasset
[2017.05.14-07.14.57:738][752]LogTemp:Display: Removed shader map 0x000000F126663580 from material 0x000000F113028900
[2017.05.14-07.14.57:966][753]Cmd: QUIT_EDITOR
[2017.05.14-07.14.58:748][753]LogWindowsTextInputMethodSystem:Display: IME system now deactivated.
[2017.05.14-07.14.58:842][753]LogExit: Preparing to exit.
[2017.05.14-07.14.59:290][753]LogDirectoryWatcher: A directory notification for 'C:/Users/James Farrow/Documents/MyRepo/BuildingEscape/BuildingEscape/Content/' was aborted.
[2017.05.14-07.14.59:345][753]LogExit: Editor shut down
[2017.05.14-07.14.59:346][753]LogExit: Transaction tracking system shut down
[2017.05.14-07.14.59:347][753]LogTemp:Display: Removed shader map 0x000000F176D52400 from material 0x000000F15E359D80
[2017.05.14-07.14.59:491][753]LogObj: Freed 0b from 0 cluster array pools.
[2017.05.14-07.14.59:491][753]LogExit: Object subsystem successfully closed.
[2017.05.14-07.14.59:515][753]LogD3D11RHI: Shutdown
[2017.05.14-07.14.59:515][753]LogD3D11RHI: CleanupD3DDevice
[2017.05.14-07.14.59:546][753]LogD3D11RHI: ~FD3D11DynamicRHI
[2017.05.14-07.15.00:068][753]LogModuleManager: Shutting down and abandoning module MovieSceneCapture (504)
[2017.05.14-07.15.00:068][753]LogModuleManager: Shutting down and abandoning module MaterialEditor (502)
[2017.05.14-07.15.00:068][753]LogModuleManager: Shutting down and abandoning module HierarchicalLODOutliner (500)
[2017.05.14-07.15.00:068][753]LogModuleManager: Shutting down and abandoning module CrashTracker (498)
[2017.05.14-07.15.00:068][753]LogModuleManager: Shutting down and abandoning module SceneOutliner (496)
[2017.05.14-07.15.00:068][753]LogModuleManager: Shutting down and abandoning module AddContentDialog (494)
[2017.05.14-07.15.00:069][753]LogDirectoryWatcher: A directory notification for 'C:/Program Files/Epic Games/UE_4.15/FeaturePacks/' was aborted.
[2017.05.14-07.15.00:069][753]LogModuleManager: Shutting down and abandoning module WidgetCarousel (493)
[2017.05.14-07.15.00:069][753]LogModuleManager: Shutting down and abandoning module EditorWidgets (490)
[2017.05.14-07.15.00:069][753]LogModuleManager: Shutting down and abandoning module CollectionManager (488)
[2017.05.14-07.15.00:070][753]LogDirectoryWatcher: A directory notification for 'C:/Users/James Farrow/Documents/MyRepo/BuildingEscape/BuildingEscape/Content/Collections/' was aborted.
[2017.05.14-07.15.00:070][753]LogDirectoryWatcher: A directory notification for 'C:/Users/James Farrow/Documents/MyRepo/BuildingEscape/BuildingEscape/Content/Developers/JamesFarrow/Collections/' was aborted.
[2017.05.14-07.15.00:070][753]LogDirectoryWatcher: A directory notification for 'C:/Users/James Farrow/Documents/MyRepo/BuildingEscape/BuildingEscape/Saved/Collections/' was aborted.
[2017.05.14-07.15.00:070][753]LogModuleManager: Shutting down and abandoning module StatsViewer (486)
[2017.05.14-07.15.00:070][753]LogModuleManager: Shutting down and abandoning module FoliageEdit (484)
[2017.05.14-07.15.00:070][753]LogModuleManager: Shutting down and abandoning module LandscapeEditor (482)
[2017.05.14-07.15.00:070][753]LogModuleManager: Shutting down and abandoning module SceneDepthPickerMode (480)
[2017.05.14-07.15.00:070][753]LogModuleManager: Shutting down and abandoning module ActorPickerMode (478)
[2017.05.14-07.15.00:070][753]LogModuleManager: Shutting down and abandoning module GeometryMode (476)
[2017.05.14-07.15.00:070][753]LogModuleManager: Shutting down and abandoning module TextureAlignMode (474)
[2017.05.14-07.15.00:070][753]LogModuleManager: Shutting down and abandoning module BspMode (472)
[2017.05.14-07.15.00:070][753]LogModuleManager: Shutting down and abandoning module HardwareSurvey (470)
[2017.05.14-07.15.00:070][753]LogModuleManager: Shutting down and abandoning module SequenceRecorderSections (468)
[2017.05.14-07.15.00:070][753]LogModuleManager: Shutting down and abandoning module AutomationWorker (466)
[2017.05.14-07.15.00:070][753]LogModuleManager: Shutting down and abandoning module MatineeToLevelSequence (464)
[2017.05.14-07.15.00:070][753]LogModuleManager: Shutting down and abandoning module LevelSequenceEditor (462)
[2017.05.14-07.15.00:070][753]LogModuleManager: Shutting down and abandoning module PlacementMode (461)
[2017.05.14-07.15.00:070][753]LogModuleManager: Shutting down and abandoning module WmfMediaFactory (458)
[2017.05.14-07.15.00:070][753]LogModuleManager: Shutting down and abandoning module WmfMediaEditor (456)
[2017.05.14-07.15.00:070][753]LogModuleManager: Shutting down and abandoning module MfMediaFactory (454)
[2017.05.14-07.15.00:070][753]LogModuleManager: Shutting down and abandoning module MfMediaEditor (452)
[2017.05.14-07.15.00:070][753]LogModuleManager: Shutting down and abandoning module AvfMediaFactory (450)
[2017.05.14-07.15.00:070][753]LogModuleManager: Shutting down and abandoning module AvfMediaEditor (448)
[2017.05.14-07.15.00:070][753]LogModuleManager: Shutting down and abandoning module AndroidMediaFactory (446)
[2017.05.14-07.15.00:070][753]LogModuleManager: Shutting down and abandoning module Media (445)
[2017.05.14-07.15.00:070][753]LogModuleManager: Shutting down and abandoning module AndroidMediaEditor (442)
[2017.05.14-07.15.00:070][753]LogModuleManager: Shutting down and abandoning module CharacterAI (440)
[2017.05.14-07.15.00:070][753]LogModuleManager: Shutting down and abandoning module AudioCapture (438)
[2017.05.14-07.15.00:070][753]LogModuleManager: Shutting down and abandoning module SequenceRecorder (437)
[2017.05.14-07.15.00:070][753]LogModuleManager: Shutting down and abandoning module SmartSnapping (434)
[2017.05.14-07.15.00:070][753]LogModuleManager: Shutting down and abandoning module SessionServices (432)
[2017.05.14-07.15.00:070][753]LogModuleManager: Shutting down and abandoning module ViewportSnapping (430)
[2017.05.14-07.15.00:070][753]LogModuleManager: Shutting down and abandoning module ViewportInteraction (428)
[2017.05.14-07.15.00:070][753]LogModuleManager: Shutting down and abandoning module LogVisualizer (426)
[2017.05.14-07.15.00:070][753]LogModuleManager: Shutting down and abandoning module IntroTutorials (424)
[2017.05.14-07.15.00:070][753]LogModuleManager: Shutting down and abandoning module GameProjectGeneration (423)
[2017.05.14-07.15.00:070][753]LogModuleManager: Shutting down and abandoning module EditorLiveStreaming (420)
[2017.05.14-07.15.00:070][753]LogModuleManager: Shutting down and abandoning module IOSPlatformEditor (418)
[2017.05.14-07.15.00:071][753]LogModuleManager: Shutting down and abandoning module HTML5PlatformEditor (416)
[2017.05.14-07.15.00:071][753]LogModuleManager: Shutting down and abandoning module AndroidPlatformEditor (414)
[2017.05.14-07.15.00:071][753]LogModuleManager: Shutting down and abandoning module AndroidDeviceDetection (413)
[2017.05.14-07.15.00:546][753]LogModuleManager: Shutting down and abandoning module IOSRuntimeSettings (410)
[2017.05.14-07.15.00:546][753]LogModuleManager: Shutting down and abandoning module AndroidRuntimeSettings (408)
[2017.05.14-07.15.00:546][753]LogModuleManager: Shutting down and abandoning module InputBindingEditor (406)
[2017.05.14-07.15.00:546][753]LogModuleManager: Shutting down and abandoning module NiagaraEditor (404)
[2017.05.14-07.15.00:546][753]LogModuleManager: Shutting down and abandoning module MergeActors (402)
[2017.05.14-07.15.00:546][753]LogModuleManager: Shutting down and abandoning module SizeMap (400)
[2017.05.14-07.15.00:546][753]LogModuleManager: Shutting down and abandoning module TreeMap (398)
[2017.05.14-07.15.00:546][753]LogModuleManager: Shutting down and abandoning module ReferenceViewer (396)
[2017.05.14-07.15.00:546][753]LogModuleManager: Shutting down and abandoning module LocalizationDashboard (394)
[2017.05.14-07.15.00:546][753]LogModuleManager: Shutting down and abandoning module LocalizationService (393)
[2017.05.14-07.15.00:546][753]LogModuleManager: Shutting down and abandoning module HardwareTargeting (390)
[2017.05.14-07.15.00:546][753]LogModuleManager: Shutting down and abandoning module DeviceProfileEditor (388)
[2017.05.14-07.15.00:546][753]LogModuleManager: Shutting down and abandoning module UndoHistory (386)
[2017.05.14-07.15.00:546][753]LogModuleManager: Shutting down and abandoning module UserFeedback (384)
[2017.05.14-07.15.00:547][753]LogModuleManager: Shutting down and abandoning module XmlParser (382)
[2017.05.14-07.15.00:547][753]LogModuleManager: Shutting down and abandoning module Blutility (380)
[2017.05.14-07.15.00:547][753]LogModuleManager: Shutting down and abandoning module ProjectSettingsViewer (378)
[2017.05.14-07.15.00:547][753]LogModuleManager: Shutting down and abandoning module ProjectTargetPlatformEditor (377)
[2017.05.14-07.15.00:547][753]LogModuleManager: Shutting down and abandoning module EditorSettingsViewer (374)
[2017.05.14-07.15.00:547][753]LogModuleManager: Shutting down and abandoning module SettingsEditor (372)
[2017.05.14-07.15.00:547][753]LogModuleManager: Shutting down and abandoning module ProjectLauncher (370)
[2017.05.14-07.15.00:547][753]LogModuleManager: Shutting down and abandoning module SessionFrontend (368)
[2017.05.14-07.15.00:547][753]LogModuleManager: Shutting down and abandoning module ProfilerClient (366)
[2017.05.14-07.15.00:547][753]LogModuleManager: Shutting down and abandoning module DeviceManager (364)
[2017.05.14-07.15.00:547][753]LogModuleManager: Shutting down and abandoning module TargetDeviceServices (363)
[2017.05.14-07.15.00:589][753]LogModuleManager: Shutting down and abandoning module AutomationController (360)
[2017.05.14-07.15.00:589][753]LogModuleManager: Shutting down and abandoning module AutomationWindow (358)
[2017.05.14-07.15.00:589][753]LogModuleManager: Shutting down and abandoning module Layers (356)
[2017.05.14-07.15.00:589][753]LogModuleManager: Shutting down and abandoning module ComponentVisualizers (354)
[2017.05.14-07.15.00:589][753]LogModuleManager: Shutting down and abandoning module DetailCustomizations (352)
[2017.05.14-07.15.00:589][753]LogModuleManager: Shutting down and abandoning module PackagesDialog (350)
[2017.05.14-07.15.00:590][753]LogModuleManager: Shutting down and abandoning module Persona (348)
[2017.05.14-07.15.00:590][753]LogModuleManager: Shutting down and abandoning module AnimGraph (347)
[2017.05.14-07.15.00:590][753]LogModuleManager: Shutting down and abandoning module Kismet (344)
[2017.05.14-07.15.00:591][753]LogModuleManager: Shutting down and abandoning module GraphEditor (342)
[2017.05.14-07.15.00:591][753]LogModuleManager: Shutting down and abandoning module ClassViewer (340)
[2017.05.14-07.15.00:591][753]LogModuleManager: Shutting down and abandoning module Toolbox (338)
[2017.05.14-07.15.00:591][753]LogModuleManager: Shutting down and abandoning module ModuleUI (336)
[2017.05.14-07.15.00:591][753]LogModuleManager: Shutting down and abandoning module MovieSceneTools (334)
[2017.05.14-07.15.00:591][753]LogModuleManager: Shutting down and abandoning module OutputLog (332)
[2017.05.14-07.15.00:591][753]LogModuleManager: Shutting down and abandoning module GammaUI (330)
[2017.05.14-07.15.00:591][753]LogModuleManager: Shutting down and abandoning module Documentation (328)
[2017.05.14-07.15.00:591][753]LogModuleManager: Shutting down and abandoning module Niagara (326)
[2017.05.14-07.15.00:591][753]LogModuleManager: Shutting down and abandoning module StreamingPauseRendering (324)
[2017.05.14-07.15.00:591][753]LogModuleManager: Shutting down and abandoning module AnalyticsET (322)
[2017.05.14-07.15.00:591][753]LogModuleManager: Shutting down and abandoning module PortalServices (320)
[2017.05.14-07.15.00:591][753]LogModuleManager: Shutting down and abandoning module PortalRpc (318)
[2017.05.14-07.15.00:591][753]LogModuleManager: Shutting down and abandoning module MessagingRpc (316)
[2017.05.14-07.15.00:591][753]LogModuleManager: Shutting down and abandoning module AIModule (314)
[2017.05.14-07.15.00:591][753]LogModuleManager: Shutting down and abandoning module GameplayDebugger (313)
[2017.05.14-07.15.00:592][753]LogModuleManager: Shutting down and abandoning module AITestSuite (311)
[2017.05.14-07.15.00:592][753]LogModuleManager: Shutting down and abandoning module ProfilerService (308)
[2017.05.14-07.15.00:638][753]LogModuleManager: Shutting down and abandoning module TaskGraph (306)
[2017.05.14-07.15.00:638][753]LogModuleManager: Shutting down and abandoning module SteamVRController (304)
[2017.05.14-07.15.00:638][753]LogModuleManager: Shutting down and abandoning module SteamVR (302)
[2017.05.14-07.15.00:638][753]LogModuleManager: Shutting down and abandoning module ProceduralMeshComponentEditor (300)
[2017.05.14-07.15.00:638][753]LogModuleManager: Shutting down and abandoning module ProceduralMeshComponent (298)
[2017.05.14-07.15.00:638][753]LogModuleManager: Shutting down and abandoning module OculusLibrary (296)
[2017.05.14-07.15.00:638][753]LogModuleManager: Shutting down and abandoning module OculusInput (294)
[2017.05.14-07.15.00:638][753]LogModuleManager: Shutting down and abandoning module MobilePatchingUtils (292)
[2017.05.14-07.15.00:638][753]LogModuleManager: Shutting down and abandoning module CustomMeshComponent (290)
[2017.05.14-07.15.00:638][753]LogModuleManager: Shutting down and abandoning module CableComponent (288)
[2017.05.14-07.15.00:638][753]LogModuleManager: Shutting down and abandoning module ArchVisCharacter (286)
[2017.05.14-07.15.00:638][753]LogModuleManager: Shutting down and abandoning module MediaPlayerEditor (282)
[2017.05.14-07.15.00:638][753]LogModuleManager: Shutting down and abandoning module HTML5Networking (280)
[2017.05.14-07.15.00:638][753]LogModuleManager: Shutting down and abandoning module AlembicImporter (278)
[2017.05.14-07.15.00:638][753]LogModuleManager: Shutting down and abandoning module AlembicLibrary (277)
[2017.05.14-07.15.00:638][753]LogModuleManager: Shutting down and abandoning module GeometryCache (276)
[2017.05.14-07.15.00:638][753]LogModuleManager: Shutting down and abandoning module GeometryCacheEd (275)
[2017.05.14-07.15.00:638][753]LogModuleManager: Shutting down and abandoning module SuperSearchEditor (270)
[2017.05.14-07.15.00:638][753]LogModuleManager: Shutting down and abandoning module SuperSearch (269)
[2017.05.14-07.15.00:638][753]LogModuleManager: Shutting down and abandoning module SpeedTreeImporter (266)
[2017.05.14-07.15.00:639][753]LogModuleManager: Shutting down and abandoning module PluginBrowser (264)
[2017.05.14-07.15.00:639][753]LogModuleManager: Shutting down and abandoning module MobileLauncherProfileWizard (262)
[2017.05.14-07.15.00:639][753]LogModuleManager: Shutting down and abandoning module EpicSurvey (260)
[2017.05.14-07.15.00:639][753]LogModuleManager: Shutting down and abandoning module VisualStudioSourceCodeAccess (258)
[2017.05.14-07.15.00:639][753]LogModuleManager: Shutting down and abandoning module DesktopPlatform (257)
[2017.05.14-07.15.00:639][753]LogModuleManager: Shutting down and abandoning module UObjectPlugin (254)
[2017.05.14-07.15.00:639][753]LogModuleManager: Shutting down and abandoning module SubversionSourceControl (252)
[2017.05.14-07.15.00:639][753]LogModuleManager: Shutting down and abandoning module PerforceSourceControl (250)
[2017.05.14-07.15.00:639][753]LogModuleManager: Shutting down and abandoning module GitSourceControl (248)
[2017.05.14-07.15.00:639][753]LogModuleManager: Shutting down and abandoning module SourceControl (247)
[2017.05.14-07.15.00:639][753]LogModuleManager: Shutting down and abandoning module LightPropagationVolumeEditor (244)
[2017.05.14-07.15.00:639][753]LogModuleManager: Shutting down and abandoning module PaperTiledImporter (242)
[2017.05.14-07.15.00:639][753]LogModuleManager: Shutting down and abandoning module PaperSpriteSheetImporter (240)
[2017.05.14-07.15.00:639][753]LogModuleManager: Shutting down and abandoning module Paper2DEditor (238)
[2017.05.14-07.15.00:639][753]LogModuleManager: Shutting down and abandoning module MeshPaint (237)
[2017.05.14-07.15.00:640][753]LogModuleManager: Shutting down and abandoning module LevelEditor (235)
[2017.05.14-07.15.00:641][753]LogModuleManager: Shutting down and abandoning module PixelInspectorModule (234)
[2017.05.14-07.15.00:642][753]LogModuleManager: Shutting down and abandoning module MainFrame (232)
[2017.05.14-07.15.00:642][753]LogModuleManager: Shutting down and abandoning module HotReload (231)
[2017.05.14-07.15.00:642][753]LogDirectoryWatcher: A directory notification for 'C:/Users/James Farrow/Documents/MyRepo/BuildingEscape/BuildingEscape/Binaries/Win64' was aborted.
[2017.05.14-07.15.00:643][753]LogModuleManager: Shutting down and abandoning module ContentBrowser (227)
[2017.05.14-07.15.00:646][753]LogModuleManager: Shutting down and abandoning module BuildingEscape (224)
[2017.05.14-07.15.00:646][753]LogModuleManager: Shutting down and abandoning module PhysXVehiclesEditor (222)
[2017.05.14-07.15.00:646][753]LogModuleManager: Shutting down and abandoning module PhysXVehicles (220)
[2017.05.14-07.15.00:646][753]LogModuleManager: Shutting down and abandoning module LocationServicesBPLibrary (218)
[2017.05.14-07.15.00:646][753]LogModuleManager: Shutting down and abandoning module UdpMessaging (216)
[2017.05.14-07.15.00:747][753]LogModuleManager: Shutting down and abandoning module TcpMessaging (214)
[2017.05.14-07.15.00:848][753]LogModuleManager: Shutting down and abandoning module GameplayTagsEditor (212)
[2017.05.14-07.15.00:848][753]LogModuleManager: Shutting down and abandoning module FacialAnimationEditor (210)
[2017.05.14-07.15.00:848][753]LogModuleManager: Shutting down and abandoning module FacialAnimation (208)
[2017.05.14-07.15.00:848][753]LogModuleManager: Shutting down and abandoning module LightPropagationVolumeRuntime (206)
[2017.05.14-07.15.00:848][753]LogModuleManager: Shutting down and abandoning module Paper2D (204)
[2017.05.14-07.15.00:848][753]LogModuleManager: Shutting down and abandoning module WindowsMoviePlayer (202)
[2017.05.14-07.15.00:848][753]LogModuleManager: Shutting down and abandoning module WmfMedia (200)
[2017.05.14-07.15.00:848][753]LogModuleManager: Shutting down and abandoning module MfMedia (198)
[2017.05.14-07.15.00:849][753]LogModuleManager: Shutting down and abandoning module MediaAssets (196)
[2017.05.14-07.15.00:849][753]LogModuleManager: Shutting down and abandoning module GameLiveStreaming (194)
[2017.05.14-07.15.00:849][753]LogModuleManager: Shutting down and abandoning module VREditor (192)
[2017.05.14-07.15.00:849][753]LogModuleManager: Shutting down and abandoning module GameplayTasksEditor (190)
[2017.05.14-07.15.00:849][753]LogModuleManager: Shutting down and abandoning module BehaviorTreeEditor (188)
[2017.05.14-07.15.00:849][753]LogModuleManager: Shutting down and abandoning module FunctionalTesting (186)
[2017.05.14-07.15.00:849][753]LogModuleManager: Shutting down and abandoning module CollisionAnalyzer (184)
[2017.05.14-07.15.00:849][753]LogModuleManager: Shutting down and abandoning module UMG (182)
[2017.05.14-07.15.00:849][753]LogModuleManager: Shutting down and abandoning module UMGEditor (181)
[2017.05.14-07.15.00:850][753]LogModuleManager: Shutting down and abandoning module Sequencer (180)
[2017.05.14-07.15.00:850][753]LogModuleManager: Shutting down and abandoning module AssetTools (178)
[2017.05.14-07.15.00:850][753]LogModuleManager: Shutting down and abandoning module MessageLog (177)
[2017.05.14-07.15.00:850][753]LogModuleManager: Shutting down and abandoning module WorkspaceMenuStructure (176)
[2017.05.14-07.15.00:850][753]LogModuleManager: Shutting down and abandoning module SlateReflector (170)
[2017.05.14-07.15.00:850][753]LogModuleManager: Shutting down and abandoning module Slate (168)
[2017.05.14-07.15.00:850][753]LogModuleManager: Shutting down and abandoning module EditorStyle (166)
[2017.05.14-07.15.00:862][753]LogModuleManager: Shutting down and abandoning module SourceCodeAccess (164)
[2017.05.14-07.15.00:862][753]LogModuleManager: Shutting down and abandoning module HeadMountedDisplay (162)
[2017.05.14-07.15.00:862][753]LogModuleManager: Shutting down and abandoning module XAudio2 (160)
[2017.05.14-07.15.00:862][753]LogModuleManager: Shutting down and abandoning module Networking (158)
[2017.05.14-07.15.00:862][753]LogModuleManager: Shutting down and abandoning module Core (154)
[2017.05.14-07.15.00:862][753]LogModuleManager: Shutting down and abandoning module AssetRegistry (152)
[2017.05.14-07.15.01:054][753]LogDirectoryWatcher: A directory notification for '../../../Engine/Content/' was aborted.
[2017.05.14-07.15.01:054][753]LogDirectoryWatcher: A directory notification for '../../../../../../Users/James Farrow/Documents/MyRepo/BuildingEscape/BuildingEscape/Content/' was aborted.
[2017.05.14-07.15.01:054][753]LogDirectoryWatcher: A directory notification for '../../../Engine/Plugins/2D/Paper2D/Content/' was aborted.
[2017.05.14-07.15.01:054][753]LogModuleManager: Shutting down and abandoning module DirectoryWatcher (151)
[2017.05.14-07.15.01:055][753]LogModuleManager: Shutting down and abandoning module KismetCompiler (148)
[2017.05.14-07.15.01:055][753]LogModuleManager: Shutting down and abandoning module PhysXFormats (146)
[2017.05.14-07.15.01:055][753]LogModuleManager: Shutting down and abandoning module MeshUtilities (144)
[2017.05.14-07.15.01:056][753]LogModuleManager: Shutting down and abandoning module SimplygonSwarm (143)
[2017.05.14-07.15.01:056][753]LogModuleManager: Shutting down and abandoning module SimplygonMeshReduction (141)
[2017.05.14-07.15.01:056][753]LogModuleManager: Shutting down and abandoning module QuadricMeshReduction (139)
[2017.05.14-07.15.01:056][753]LogModuleManager: Shutting down and abandoning module PropertyEditor (137)
[2017.05.14-07.15.01:056][753]LogModuleManager: Shutting down and abandoning module DerivedDataCache (134)
[2017.05.14-07.15.01:146][753]LogDerivedDataCache: Shutdown
[2017.05.14-07.15.01:146][753]LogModuleManager: Shutting down and abandoning module TargetPlatform (132)
[2017.05.14-07.15.01:146][753]LogModuleManager: Shutting down and abandoning module VulkanShaderFormat (131)
[2017.05.14-07.15.01:146][753]LogModuleManager: Shutting down and abandoning module ShaderFormatOpenGL (129)
[2017.05.14-07.15.01:146][753]LogModuleManager: Shutting down and abandoning module ShaderFormatD3D (127)
[2017.05.14-07.15.01:146][753]LogModuleManager: Shutting down and abandoning module MetalShaderFormat (125)
[2017.05.14-07.15.01:146][753]LogModuleManager: Shutting down and abandoning module TextureFormatUncompressed (123)
[2017.05.14-07.15.01:146][753]LogModuleManager: Shutting down and abandoning module TextureFormatPVR (121)
[2017.05.14-07.15.01:146][753]LogModuleManager: Shutting down and abandoning module TextureFormatDXT (119)
[2017.05.14-07.15.01:147][753]LogModuleManager: Shutting down and abandoning module TextureFormatIntelISPCTexComp (117)
[2017.05.14-07.15.01:147][753]LogModuleManager: Shutting down and abandoning module TextureFormatASTC (115)
[2017.05.14-07.15.01:147][753]LogModuleManager: Shutting down and abandoning module ImageWrapper (114)
[2017.05.14-07.15.01:147][753]LogModuleManager: Shutting down and abandoning module TextureFormatAndroid (111)
[2017.05.14-07.15.01:147][753]LogModuleManager: Shutting down and abandoning module AudioFormatOpus (109)
[2017.05.14-07.15.01:147][753]LogModuleManager: Shutting down and abandoning module AudioFormatOgg (107)
[2017.05.14-07.15.01:147][753]LogModuleManager: Shutting down and abandoning module AudioFormatADPCM (105)
[2017.05.14-07.15.01:147][753]LogModuleManager: Shutting down and abandoning module LinuxTargetPlatform (103)
[2017.05.14-07.15.01:147][753]LogModuleManager: Shutting down and abandoning module LinuxServerTargetPlatform (101)
[2017.05.14-07.15.01:147][753]LogModuleManager: Shutting down and abandoning module LinuxNoEditorTargetPlatform (99)
[2017.05.14-07.15.01:147][753]LogModuleManager: Shutting down and abandoning module LinuxClientTargetPlatform (97)
[2017.05.14-07.15.01:147][753]LogModuleManager: Shutting down and abandoning module TVOSTargetPlatform (95)
[2017.05.14-07.15.01:148][753]LogModuleManager: Shutting down and abandoning module Messaging (93)
[2017.05.14-07.15.01:148][753]LogModuleManager: Shutting down and abandoning module IOSTargetPlatform (91)
[2017.05.14-07.15.01:148][753]LogModuleManager: Shutting down and abandoning module HTML5TargetPlatform (89)
[2017.05.14-07.15.01:148][753]LogModuleManager: Shutting down and abandoning module Android_PVRTCTargetPlatform (87)
[2017.05.14-07.15.01:148][753]LogModuleManager: Shutting down and abandoning module Android_MultiTargetPlatform (85)
[2017.05.14-07.15.01:148][753]LogModuleManager: Shutting down and abandoning module Android_ETC2TargetPlatform (83)
[2017.05.14-07.15.01:148][753]LogModuleManager: Shutting down and abandoning module Android_ETC1TargetPlatform (81)
[2017.05.14-07.15.01:148][753]LogModuleManager: Shutting down and abandoning module Android_DXTTargetPlatform (79)
[2017.05.14-07.15.01:148][753]LogModuleManager: Shutting down and abandoning module Android_ATCTargetPlatform (77)
[2017.05.14-07.15.01:148][753]LogModuleManager: Shutting down and abandoning module Android_ASTCTargetPlatform (75)
[2017.05.14-07.15.01:148][753]LogModuleManager: Shutting down and abandoning module AndroidTargetPlatform (73)
[2017.05.14-07.15.01:148][753]LogModuleManager: Shutting down and abandoning module WindowsTargetPlatform (71)
[2017.05.14-07.15.01:148][753]LogModuleManager: Shutting down and abandoning module WindowsServerTargetPlatform (69)
[2017.05.14-07.15.01:148][753]LogModuleManager: Shutting down and abandoning module WindowsNoEditorTargetPlatform (67)
[2017.05.14-07.15.01:148][753]LogModuleManager: Shutting down and abandoning module WindowsClientTargetPlatform (65)
[2017.05.14-07.15.01:148][753]LogModuleManager: Shutting down and abandoning module MacTargetPlatform (63)
[2017.05.14-07.15.01:148][753]LogModuleManager: Shutting down and abandoning module MacServerTargetPlatform (61)
[2017.05.14-07.15.01:148][753]LogModuleManager: Shutting down and abandoning module MacNoEditorTargetPlatform (59)
[2017.05.14-07.15.01:149][753]LogModuleManager: Shutting down and abandoning module MacClientTargetPlatform (57)
[2017.05.14-07.15.01:149][753]LogModuleManager: Shutting down and abandoning module AllDesktopTargetPlatform (55)
[2017.05.14-07.15.01:149][753]LogModuleManager: Shutting down and abandoning module InputCore (52)
[2017.05.14-07.15.01:149][753]LogModuleManager: Shutting down and abandoning module Settings (50)
[2017.05.14-07.15.01:149][753]LogModuleManager: Shutting down and abandoning module OculusRift (48)
[2017.05.14-07.15.01:149][753]LogModuleManager: Shutting down and abandoning module GearVR (46)
[2017.05.14-07.15.01:149][753]LogModuleManager: Shutting down and abandoning module ExampleDeviceProfileSelector (44)
[2017.05.14-07.15.01:149][753]LogModuleManager: Shutting down and abandoning module OnlineBlueprintSupport (42)
[2017.05.14-07.15.01:149][753]LogModuleManager: Shutting down and abandoning module OnlineSubsystem (38)
[2017.05.14-07.15.01:149][753]LogOnline:Display: Unloading online subsystem: NULL
[2017.05.14-07.15.01:149][753]LogModuleManager: Shutting down and abandoning module XMPP (37)
[2017.05.14-07.15.01:150][753]LogModuleManager: Shutting down and abandoning module HTTP (35)
[2017.05.14-07.15.01:150][753]LogHttp:Display: Http module shutting down, but needs to wait on 1 outstanding Http requests:
[2017.05.14-07.15.01:150][753]LogHttp:Display: 	verb=[POST] url=[https://datarouter.ol.epicgames.com/datarouter/api/v1/public/data?SessionID=%7B4D0BB217-4376-3C00-7175-64878E5F5F6B%7D&AppID=UEEditor.Rocket.Release&AppVersion=4.15.2-3416026%2B%2B%2BUE4%2BRelease-4.15&UserID=929c5a0742a4cf2dc269d3b5485dc234%7C7badd898d52649aa9279896153bc72c1%7Cee6c34be-6ad8-49c7-abe6-45b6d289167e&AppEnvironment=datacollector-binary&UploadType=eteventstream] status=Processing
[2017.05.14-07.15.01:185][753]LogModuleManager: Shutting down and abandoning module SSL (34)
[2017.05.14-07.15.01:189][753]LogModuleManager: Shutting down and abandoning module AudioEditor (30)
[2017.05.14-07.15.01:189][753]LogModuleManager: Shutting down and abandoning module TextureCompressor (28)
[2017.05.14-07.15.01:189][753]LogModuleManager: Shutting down and abandoning module ShaderCore (26)
[2017.05.14-07.15.01:189][753]LogModuleManager: Shutting down and abandoning module Landscape (24)
[2017.05.14-07.15.01:189][753]LogModuleManager: Shutting down and abandoning module SlateRHIRenderer (22)
[2017.05.14-07.15.01:194][753]LogModuleManager: Shutting down and abandoning module OpenGLDrv (20)
[2017.05.14-07.15.01:194][753]LogModuleManager: Shutting down and abandoning module D3D11RHI (18)
[2017.05.14-07.15.01:194][753]LogModuleManager: Shutting down and abandoning module AnimGraphRuntime (16)
[2017.05.14-07.15.01:194][753]LogModuleManager: Shutting down and abandoning module Renderer (14)
[2017.05.14-07.15.01:194][753]LogModuleManager: Shutting down and abandoning module Engine (12)
[2017.05.14-07.15.01:194][753]LogModuleManager: Shutting down and abandoning module CoreUObject (10)
[2017.05.14-07.15.01:194][753]LogModuleManager: Shutting down and abandoning module NetworkFile (8)
[2017.05.14-07.15.01:194][753]LogModuleManager: Shutting down and abandoning module StreamingFile (6)
[2017.05.14-07.15.01:194][753]LogModuleManager: Shutting down and abandoning module SandboxFile (4)
[2017.05.14-07.15.01:194][753]LogModuleManager: Shutting down and abandoning module PakFile (2)
[2017.05.14-07.15.01:197][753]LogExit: Exiting.
[2017.05.14-07.15.01:228][753]Log file closed, 05/14/17 08:15:01
