Log file open, 05/21/17 09:01:14
LogInit:Display: Running engine for game: BuildingEscape
LogPlatformFile: Not using cached read wrapper
LogInit:Display: RandInit(890991790) SRandInit(890991791).
LogTaskGraph: Started task graph with 5 named threads and 6 total threads with 1 sets of task threads.
LogStats: Stats thread started at 0.482412
LogInit: Using libcurl 7.47.1
LogInit:  - built for x86_64-pc-win32
LogInit:  - supports SSL with OpenSSL/1.0.2g
LogInit:  - supports HTTP deflate (compression) using libz 1.2.8
LogInit:  - other features:
LogInit:      CURL_VERSION_SSL
LogInit:      CURL_VERSION_LIBZ
LogInit:      CURL_VERSION_IPV6
LogInit:      CURL_VERSION_ASYNCHDNS
LogInit:      CURL_VERSION_LARGEFILE
LogInit:      CURL_VERSION_IDN
LogInit:  CurlRequestOptions (configurable via config and command line):
LogInit:  - bVerifyPeer = false  - Libcurl will NOT verify peer certificate
LogInit:  - bUseHttpProxy = false  - Libcurl will NOT use HTTP proxy
LogInit:  - bDontReuseConnections = false  - Libcurl will reuse connections
LogInit:  - CertBundlePath = nullptr  - Libcurl will use whatever was configured at build time.
LogInit: Build: ++UE4+Release-4.15-CL-3416026
LogInit: Engine Version: 4.15.2-3416026+++UE4+Release-4.15
LogInit: Compatible Engine Version: 4.15.0-3299760+++UE4+Release-4.15
LogInit: Net CL: 3299760
LogDevObjectVersion: Number of dev versions registered: 14
LogDevObjectVersion:   Dev-Blueprints (B0D832E4-1F89-4F0D-ACCF-7EB736FD4AA2): 8
LogDevObjectVersion:   Dev-Build (E1C64328-A22C-4D53-A36C-8E866417BD8C): 0
LogDevObjectVersion:   Dev-Core (375EC13C-06E4-48FB-B500-84F0262A717E): 2
LogDevObjectVersion:   Dev-Editor (E4B068ED-F494-42E9-A231-DA0B2E46BB41): 14
LogDevObjectVersion:   Dev-Framework (CFFC743F-43B0-4480-9391-14DF171D2073): 22
LogDevObjectVersion:   Dev-Mobile (B02B49B5-BB20-44E9-A304-32B752E40360): 0
LogDevObjectVersion:   Dev-Networking (A4E4105C-59A1-49B5-A7C5-40C4547EDFEE): 0
LogDevObjectVersion:   Dev-Online (39C831C9-5AE6-47DC-9A44-9C173E1C8E7C): 0
LogDevObjectVersion:   Dev-Physics (78F01B33-EBEA-4F98-B9B4-84EACCB95AA2): 0
LogDevObjectVersion:   Dev-Platform (6631380F-2D4D-43E0-8009-CF276956A95A): 0
LogDevObjectVersion:   Dev-Rendering (12F88B9F-8875-4AFC-A67C-D90C383ABD29): 12
LogDevObjectVersion:   Dev-Sequencer (7B5AE74C-D270-4C10-A958-57980B212A5A): 3
LogDevObjectVersion:   Dev-VR (D7296918-1DD6-4BDD-9DE2-64A83CC13884): 0
LogDevObjectVersion:   Dev-LoadTimes (C2A15278-BFE7-4AFE-6C17-90FF531DF755): 1
LogInit: Compiled (64-bit): May  1 2017 13:11:28
LogInit: Compiled with Visual C++: 19.00.23026.00
LogInit: Build Configuration: Development
LogInit: Branch Name: ++UE4+Release-4.15
LogInit: Command line:  
LogInit: Base directory: C:/Program Files/Epic Games/UE_4.15/Engine/Binaries/Win64/
LogInit: Installed Engine Build: 1
LogInit: Presizing for max 8388607 objects, including 0 objects not considered by GC, pre-allocating 0 bytes for permanent pool.
LogInit: Object subsystem initialized
[2017.05.21-08.01.17:415][  0]LogInit: Selected Device Profile: [Windows]
[2017.05.21-08.01.17:415][  0]LogInit: Applying CVar settings loaded from the selected device profile: [Windows]
[2017.05.21-08.01.17:526][  0]LogInit: Computer: DESKTOP-BHBDUN9
[2017.05.21-08.01.17:526][  0]LogInit: User: JamesFarrow
[2017.05.21-08.01.17:526][  0]LogInit: CPU Page size=65536, Cores=2
[2017.05.21-08.01.17:526][  0]LogInit: High frequency timer resolution =2.148438 MHz
[2017.05.21-08.01.17:547][  0]LogMemory: Memory total: Physical=7.9GB (8GB approx)
[2017.05.21-08.01.17:547][  0]LogMemory: Platform Memory Stats for Windows
[2017.05.21-08.01.17:547][  0]LogMemory: Process Physical Memory: 262.69 MB used, 262.69 MB peak
[2017.05.21-08.01.17:547][  0]LogMemory: Process Virtual Memory: 262.16 MB used, 262.16 MB peak
[2017.05.21-08.01.17:547][  0]LogMemory: Physical Memory: 2331.19 MB used,  5763.22 MB free, 8094.41 MB total
[2017.05.21-08.01.17:547][  0]LogMemory: Virtual Memory: 643.08 MB used,  5763.22 MB free, 134217728.00 MB total
[2017.05.21-08.01.19:381][  0]LogTextLocalizationManager: No specific translations for ('en-GB') exist, so ('en') translations will be used.
[2017.05.21-08.01.22:628][  0]LogD3D11RHI: D3D11 adapters:
[2017.05.21-08.01.22:650][  0]LogD3D11RHI:    0. 'Intel(R) HD Graphics 6000' (Feature Level 11_0)
[2017.05.21-08.01.22:650][  0]LogD3D11RHI:       128/0/4047 MB DedicatedVideo/DedicatedSystem/SharedSystem, Outputs:1, VendorId:0x8086
[2017.05.21-08.01.22:711][  0]LogD3D11RHI:    1. 'Microsoft Basic Render Driver' (Feature Level 11_0)
[2017.05.21-08.01.22:711][  0]LogD3D11RHI:       0/0/4047 MB DedicatedVideo/DedicatedSystem/SharedSystem, Outputs:0, VendorId:0x1414
[2017.05.21-08.01.22:711][  0]LogD3D11RHI: Chosen D3D11 Adapter: 0
[2017.05.21-08.01.22:720][  0]LogD3D11RHI: Creating new Direct3DDevice
[2017.05.21-08.01.22:720][  0]LogD3D11RHI:     GPU DeviceId: 0x1626 (for the marketing name, search the web for "GPU Device Id")
[2017.05.21-08.01.22:720][  0]LogWindows: EnumDisplayDevices:
[2017.05.21-08.01.22:720][  0]LogWindows:    0. 'Intel(R) HD Graphics 6000' (P:1 D:1)
[2017.05.21-08.01.22:721][  0]LogWindows:    1. 'Intel(R) HD Graphics 6000' (P:0 D:0)
[2017.05.21-08.01.22:722][  0]LogWindows:    2. 'Intel(R) HD Graphics 6000' (P:0 D:0)
[2017.05.21-08.01.22:722][  0]LogWindows: DebugString: FoundDriverCount:3 
[2017.05.21-08.01.22:722][  0]LogD3D11RHI:     Adapter Name: Intel(R) HD Graphics 6000
[2017.05.21-08.01.22:722][  0]LogD3D11RHI:   Driver Version: 20.19.15.4531 (internal:20.19.15.4531, unified:20.19.15.4531)
[2017.05.21-08.01.22:722][  0]LogD3D11RHI:      Driver Date: 9-29-2016
[2017.05.21-08.01.22:722][  0]LogRHI: Texture pool is 1361 MB (70% of 1945 MB)
[2017.05.21-08.01.22:732][  0]LogD3D11RHI: Async texture creation enabled
[2017.05.21-08.01.23:210][  0]LogD3D11RHI: GPU Timing Frequency: 12.500000 (Debug: 2 0)
[2017.05.21-08.01.23:499][  0]LogShaderCompilers: Guid format shader working directory is -30 characters bigger than the processId version (../../../../../../Users/James Farrow/Documents/MyRepo/BuildingEscape/BuildingEscape/Intermediate/Shaders/WorkingDirectory/6232/).
[2017.05.21-08.01.23:499][  0]LogShaderCompilers: Cleaned the shader compiler working directory 'C:/Users/James Farrow/AppData/Local/Temp/UnrealShaderWorkingDir/F6797D4E4D5B3D7FBF24FCBEA37B9F8B/'.
[2017.05.21-08.01.23:514][  0]LogShaderCompilers:Display: Using Local Shader Compiler.
[2017.05.21-08.01.31:460][  0]LogTemp:Display: Loaded TP AllDesktopTargetPlatform
[2017.05.21-08.01.31:565][  0]LogTemp:Display: Loaded TP MacClientTargetPlatform
[2017.05.21-08.01.31:797][  0]LogTemp:Display: Loaded TP MacNoEditorTargetPlatform
[2017.05.21-08.01.31:968][  0]LogTemp:Display: Loaded TP MacServerTargetPlatform
[2017.05.21-08.01.32:234][  0]LogTemp:Display: Loaded TP MacTargetPlatform
[2017.05.21-08.01.32:397][  0]LogTemp:Display: Loaded TP WindowsClientTargetPlatform
[2017.05.21-08.01.32:562][  0]LogTemp:Display: Loaded TP WindowsNoEditorTargetPlatform
[2017.05.21-08.01.32:683][  0]LogTemp:Display: Loaded TP WindowsServerTargetPlatform
[2017.05.21-08.01.32:844][  0]LogTemp:Display: Loaded TP WindowsTargetPlatform
[2017.05.21-08.01.33:108][  0]LogTemp:Display: Loaded TP AndroidTargetPlatform
[2017.05.21-08.01.33:323][  0]LogTemp:Display: Loaded TP Android_ASTCTargetPlatform
[2017.05.21-08.01.33:434][  0]LogTemp:Display: Loaded TP Android_ATCTargetPlatform
[2017.05.21-08.01.33:544][  0]LogTemp:Display: Loaded TP Android_DXTTargetPlatform
[2017.05.21-08.01.33:659][  0]LogTemp:Display: Loaded TP Android_ETC1TargetPlatform
[2017.05.21-08.01.33:768][  0]LogTemp:Display: Loaded TP Android_ETC2TargetPlatform
[2017.05.21-08.01.34:055][  0]LogTemp:Display: Loaded TP Android_MultiTargetPlatform
[2017.05.21-08.01.34:055][  0]LogTemp:Display: Loaded TP Android_PVRTCTargetPlatform
[2017.05.21-08.01.34:158][  0]LogTemp:Display: Loaded TP HTML5TargetPlatform
[2017.05.21-08.01.34:573][  0]LogTemp:Display: Loaded TP IOSTargetPlatform
[2017.05.21-08.01.34:732][  0]LogTemp:Display: Loaded TP TVOSTargetPlatform
[2017.05.21-08.01.34:860][  0]LogTemp:Display: Loaded TP LinuxClientTargetPlatform
[2017.05.21-08.01.35:024][  0]LogTemp:Display: Loaded TP LinuxNoEditorTargetPlatform
[2017.05.21-08.01.35:234][  0]LogTemp:Display: Loaded TP LinuxServerTargetPlatform
[2017.05.21-08.01.35:415][  0]LogTemp:Display: Loaded TP LinuxTargetPlatform
[2017.05.21-08.01.35:415][  0]LogTargetPlatformManager:Display: Building Assets For Windows
[2017.05.21-08.01.38:421][  0]LogDerivedDataCache:Display: Max Cache Size: 512 MB
[2017.05.21-08.01.39:358][  0]LogDerivedDataCache: Loaded boot cache 0.93s 50MB C:/Users/James Farrow/AppData/Local/UnrealEngine/4.15/DerivedDataCache/Boot.ddc.
[2017.05.21-08.01.39:358][  0]LogDerivedDataCache:Display: Loaded Boot cache: C:/Users/James Farrow/AppData/Local/UnrealEngine/4.15/DerivedDataCache/Boot.ddc
[2017.05.21-08.01.39:358][  0]LogDerivedDataCache: FDerivedDataBackendGraph:  Pak pak cache file ../../../../../../Users/James Farrow/Documents/MyRepo/BuildingEscape/BuildingEscape/DerivedDataCache/DDC.ddp not found, will not use a pak cache.
[2017.05.21-08.01.39:358][  0]LogDerivedDataCache: Unable to find inner node Pak for hierarchical cache Hierarchy.
[2017.05.21-08.01.39:358][  0]LogDerivedDataCache: FDerivedDataBackendGraph:  CompressedPak pak cache file ../../../../../../Users/James Farrow/Documents/MyRepo/BuildingEscape/BuildingEscape/DerivedDataCache/Compressed.ddp not found, will not use a pak cache.
[2017.05.21-08.01.39:358][  0]LogDerivedDataCache: Unable to find inner node CompressedPak for hierarchical cache Hierarchy.
[2017.05.21-08.01.39:505][  0]LogDerivedDataCache:Display: Pak cache opened for reading ../../../Engine/DerivedDataCache/Compressed.ddp.
[2017.05.21-08.01.39:551][  0]LogDerivedDataCache: Using Local data cache path C:/Users/James Farrow/AppData/Local/UnrealEngine/Common/DerivedDataCache: Writable
[2017.05.21-08.01.39:795][  0]LogSlate: Using Freetype 2.6.0
[2017.05.21-08.01.39:847][  0]LogSlate: SlateFontCache - WITH_FREETYPE: 1, WITH_HARFBUZZ: 1
[2017.05.21-08.01.39:847][  0]LogSlate: SlateFontCache - WITH_FREETYPE: 1, WITH_HARFBUZZ: 1
[2017.05.21-08.01.50:712][  0]LogInit: Selected Device Profile: [Windows]
[2017.05.21-08.01.50:890][  0]LogContentStreaming: Texture pool size is 0.00 MB
[2017.05.21-08.01.52:328][  0]LogMeshUtilities: Using QuadricMeshReduction for automatic static mesh reduction
[2017.05.21-08.01.52:544][  0]LogSimplygon: Simplygon DLL not present - disabling.
[2017.05.21-08.01.52:761][  0]LogMeshUtilities: Using SimplygonSwarm for distributed automatic mesh merging
[2017.05.21-08.01.52:761][  0]LogMeshUtilities: No automatic skeletal mesh reduction module available
[2017.05.21-08.01.52:761][  0]LogMeshUtilities: No automatic mesh merging module available
[2017.05.21-08.02.01:976][  0]LogNetVersion: GetLocalNetworkVersion: CL: 3299760, ProjectName: buildingescape, ProjectVersion: , EngineNetworkVersion: 2, GameNetworkVersion: 0, NetworkChecksum: 4140618008
[2017.05.21-08.02.02:292][  0]LogAssetRegistry: FAssetRegistry took 0.0237 seconds to start up
[2017.05.21-08.02.02:596][  0]LogPackageLocalizationCache: Processed 3 localized package path(s) for 2 prioritized culture(s) in 0.214752 seconds
[2017.05.21-08.02.02:627][  0]LogUObjectArray: 32493 objects as part of root set at end of initial load.
[2017.05.21-08.02.02:627][  0]LogUObjectAllocator: 7077032 out of 0 bytes used by permanent object pool.
[2017.05.21-08.02.02:627][  0]LogUObjectArray: CloseDisregardForGC: 0/0 objects in disregard for GC pool
[2017.05.21-08.02.02:747][  0]LogInit: WinSock: version 1.1 (2.2), MaxSocks=32767, MaxUdp=65467
[2017.05.21-08.02.20:568][  0]LogTcpMessaging: Initializing TcpMessaging bridge
[2017.05.21-08.02.20:717][  0]LogUdpMessaging: Initializing bridge on interface 0.0.0.0:0 to multicast group 230.0.0.1:6666.
[2017.05.21-08.02.24:217][  0]LogMaterial: Uniform references updated for custom material expression Custom.
[2017.05.21-08.02.25:942][  0]SourceControl: Info Source control is disabled
[2017.05.21-08.02.26:107][  0]SourceControl: Info Source control is disabled
[2017.05.21-08.02.26:372][  0]SourceControl: Info Source control is disabled
[2017.05.21-08.02.26:600][  0]SourceControl: Info Source control is disabled
[2017.05.21-08.02.33:588][  0]LogEngine: Initializing Engine...
[2017.05.21-08.02.33:593][  0]LogHMD: Failed to initialize OpenVR with code 110
[2017.05.21-08.02.34:324][  0]LogStats: UGameplayTagsManager::ConstructGameplayTagTree: Construct from data asset -  0.000 s
[2017.05.21-08.02.34:324][  0]LogStats: UGameplayTagsManager::ConstructGameplayTagTree: GameplayTagTreeChangedEvent.Broadcast -  0.000 s
[2017.05.21-08.02.35:205][  0]LogAIModule: Creating AISystem for world Untitled
[2017.05.21-08.02.35:398][  0]LogInit: XAudio2 using 'Speakers (Cirrus Logic CS4208 (AB 126))' : 2 channels at 48 kHz using 32 bits per sample (channel mask 0x3)
[2017.05.21-08.02.35:997][  0]LogInit: FAudioDevice initialized.
[2017.05.21-08.02.36:037][  0]LogDerivedDataCache: Saved boot cache 0.04s 50MB C:/Users/James Farrow/AppData/Local/UnrealEngine/4.15/DerivedDataCache/Boot.ddc.
[2017.05.21-08.02.36:041][  0]LogInit: Texture streaming: Enabled
[2017.05.21-08.02.38:350][  0]LogEngineSessionManager: EngineSessionManager initialized
[2017.05.21-08.02.44:030][  0]LogInit: Transaction tracking system initialized
[2017.05.21-08.02.45:778][  0]BlueprintLog: New page: Editor Load
[2017.05.21-08.02.51:219][  0]LocalizationService: Info Localization service is disabled
[2017.05.21-08.02.53:577][  0]LogConsoleResponse:Display: 
[2017.05.21-08.02.55:926][  0]LogFileCache: Scanning file cache for directory 'C:/Users/James Farrow/Documents/MyRepo/BuildingEscape/BuildingEscape/Content/' took 0.02s
[2017.05.21-08.02.55:926][  0]LogCook:Display: Max memory allowance for cook 16384mb min free memory 0mb
[2017.05.21-08.02.55:926][  0]LogCook:Display: Mobile HDR setting 1
[2017.05.21-08.03.00:407][  0]SourceControl: Info Source control is disabled
[2017.05.21-08.03.00:452][  0]Cmd: MAP LOAD FILE="../../../../../../Users/James Farrow/Documents/MyRepo/BuildingEscape/BuildingEscape/Content/NewMap.umap" TEMPLATE=0 SHOWPROGRESS=1 FEATURELEVEL=3
[2017.05.21-08.03.00:461][  0]LightingResults: New page: Lighting Build
[2017.05.21-08.03.00:826][  0]MapCheck: New page: Map Check
[2017.05.21-08.03.00:826][  0]LightingResults: New page: Lighting Build
[2017.05.21-08.03.05:353][  0]LogAIModule: Creating AISystem for world NewMap
[2017.05.21-08.03.05:711][  0]LogEditorServer: Finished looking for orphan Actors (0.000 secs)
[2017.05.21-08.03.05:722][  0]Cmd: MAP CHECKDEP NOCLEARLOG
[2017.05.21-08.03.05:867][  0]MapCheck: Info Map check complete: 0 Error(s), 0 Warning(s), took 144.68ms to complete.
[2017.05.21-08.03.05:867][  0]LogFileHelpers: Loading map 'NewMap' took 5.434
[2017.05.21-08.03.07:037][  0]LogCollectionManager: Loaded 0 collections in 0.002897 seconds
[2017.05.21-08.03.07:327][  0]LogFileCache: Scanning file cache for directory 'C:/Users/James Farrow/Documents/MyRepo/BuildingEscape/BuildingEscape/Saved/Collections/' took 0.01s
[2017.05.21-08.03.07:327][  0]LogFileCache: Scanning file cache for directory 'C:/Users/James Farrow/Documents/MyRepo/BuildingEscape/BuildingEscape/Content/Developers/JamesFarrow/Collections/' took 0.01s
[2017.05.21-08.03.07:327][  0]LogFileCache: Scanning file cache for directory 'C:/Users/James Farrow/Documents/MyRepo/BuildingEscape/BuildingEscape/Content/Collections/' took 0.01s
[2017.05.21-08.03.07:327][  0]LogCollectionManager: Rebuilt the GUID cache for 0 collections in 0.000014 seconds
[2017.05.21-08.03.07:397][  0]LogContentBrowser: Native class hierarchy populated in 0.0450 seconds. Added 2249 classes and 455 folders.
[2017.05.21-08.03.07:564][  0]LogContentBrowser: Native class hierarchy updated for 'WidgetCarousel' in 0.0028 seconds. Added 0 classes and 0 folders.
[2017.05.21-08.03.08:608][  0]LogContentBrowser: Native class hierarchy updated for 'AddContentDialog' in 0.0103 seconds. Added 0 classes and 0 folders.
[2017.05.21-08.03.08:919][  0]LogContentBrowser: Native class hierarchy updated for 'SceneOutliner' in 0.0064 seconds. Added 1 classes and 2 folders.
[2017.05.21-08.03.09:894][  0]LogCrashTracker: Crashtracker disabled due to settings.
[2017.05.21-08.03.09:996][  0]LogUObjectGlobals:Warning: Failed to find object 'Class None.'
[2017.05.21-08.03.10:232][  0]LogContentBrowser: Native class hierarchy updated for 'HierarchicalLODOutliner' in 0.0114 seconds. Added 1 classes and 2 folders.
[2017.05.21-08.03.10:232][  0]LogLoad: (Engine Initialization) Total time: 126.93 seconds
[2017.05.21-08.03.10:232][  0]LogLoad: (Engine Initialization) Total Blueprint compile time: 0.66 seconds
[2017.05.21-08.03.10:232][  0]LogExternalProfiler: No external profilers were discovered.  External profiling features will not be available.
[2017.05.21-08.03.10:270][  0]LogOcInput: OculusInput pre-init called
[2017.05.21-08.03.10:417][  0]LogContentStreaming: Texture pool size now 1000 MB
[2017.05.21-08.03.10:462][  0]LogSlate: Took 0.008727 seconds to synchronously load lazily loaded font '../../../Engine/Content/Slate/Fonts/Roboto-Regular.ttf' (155K)
[2017.05.21-08.03.10:491][  0]LogSlate: Took 0.013812 seconds to synchronously load lazily loaded font '../../../Engine/Content/Slate/Fonts/Roboto-Bold.ttf' (160K)
[2017.05.21-08.03.10:541][  0]LogSlate: Took 0.027618 seconds to synchronously load lazily loaded font '../../../Engine/Content/Editor/Slate/Fonts/FontAwesome.ttf' (139K)
[2017.05.21-08.03.10:562][  0]LogSlate: Took 0.007928 seconds to synchronously load lazily loaded font '../../../Engine/Content/Editor/Slate/Fonts/DroidSansMono.ttf' (77K)
[2017.05.21-08.03.11:443][  0]LogRenderer: Reallocating scene render targets to support 872x436 NumSamples 1 (Frame:2).
[2017.05.21-08.03.13:615][  4]LogAssetRegistry: Asset discovery search completed in 71.3464 seconds
[2017.05.21-08.03.13:616][  4]LogCollectionManager: Rebuilt the object cache for 0 collections in 0.000074 seconds (found 0 objects)
[2017.05.21-08.03.13:617][  4]LogCollectionManager: Fixed up redirectors for 0 collections in 0.000641 seconds (updated 0 objects)
[2017.05.21-08.03.22:197][329]LogEditorViewport: Clicking on Actor (LMB): PlayerStart (Player Start)
[2017.05.21-08.03.27:754][511]LogEditorViewport: Clicking on Actor (LMB): StaticMeshActor (Wall_400x403)
[2017.05.21-08.03.29:673][549]LogEditorViewport: Clicking on Actor (LMB): StaticMeshActor (SM_Chair)
[2017.05.21-08.03.36:334][935]LogSlate: Took 0.056734 seconds to synchronously load lazily loaded font '../../../Engine/Content/Editor/Slate/Fonts/Roboto-Italic.ttf' (157K)
[2017.05.21-08.07.51:047][263]LogTemp: Repeting last play command: Selected Viewport
[2017.05.21-08.07.51:066][263]LogPlayLevel: PlayLevel: No blueprints needed recompiling
[2017.05.21-08.07.51:067][263]PIE: New page: PIE session: NewMap (21 May 2017 10:07:51)
[2017.05.21-08.07.51:075][263]LogPlayLevel: Creating play world package: /Game/UEDPIE_0_NewMap
[2017.05.21-08.07.51:082][263]LogPlayLevel: PIE: StaticDuplicateObject took: (0.006582s)
[2017.05.21-08.07.51:083][263]LogAIModule: Creating AISystem for world NewMap
[2017.05.21-08.07.51:083][263]LogPlayLevel: PIE: World Init took: (0.001320s)
[2017.05.21-08.07.51:084][263]LogPlayLevel: PIE: Created PIE world by copying editor world from /Game/NewMap.NewMap to /Game/UEDPIE_0_NewMap.NewMap (0.016341s)
[2017.05.21-08.07.51:137][263]LogInit: XAudio2 using 'Speakers (Cirrus Logic CS4208 (AB 126))' : 2 channels at 48 kHz using 32 bits per sample (channel mask 0x3)
[2017.05.21-08.07.51:146][263]LogInit: FAudioDevice initialized.
[2017.05.21-08.07.51:551][263]LogLoad: Game class is 'MyBuildingEscapeGameModeBase_BP_C'
[2017.05.21-08.07.51:658][263]LogWorld: Bringing World /Game/UEDPIE_0_NewMap.NewMap up for play (max tick rate 0) at 2017.05.21-09.07.51
[2017.05.21-08.07.51:681][263]LogWorld: Bringing up level for play took: 0.025930
[2017.05.21-08.07.51:911][263]LogContentBrowser: Native class hierarchy updated for 'MovieSceneCapture' in 0.0027 seconds. Added 11 classes and 0 folders.
[2017.05.21-08.07.51:926][263]LogTemp:Warning: DefaultPawn_BP_C_0 input component found
[2017.05.21-08.07.51:926][263]LogTemp:Warning: SM_Chair_2 is at X=439.364 Y=-0.691 Z=19.012
[2017.05.21-08.07.51:954][263]PIE: Info Play in editor start time for /Game/UEDPIE_0_NewMap 0.915
[2017.05.21-08.08.05:945][823]LogTemp:Warning: grab key pressed
[2017.05.21-08.08.05:946][823]LogTemp:Warning: Line trace hit: SM_Chair_2
[2017.05.21-08.08.21:103][439]LogTemp:Warning: grab key released
[2017.05.21-08.08.36:785][ 91]LogTemp:Warning: grab key pressed
[2017.05.21-08.08.37:444][116]LogTemp:Warning: grab key released
[2017.05.21-08.08.39:662][202]LogTemp:Warning: grab key pressed
[2017.05.21-08.08.39:662][202]LogTemp:Warning: Line trace hit: SM_Chair_2
[2017.05.21-08.08.41:005][255]LogTemp:Warning: grab key released
[2017.05.21-08.08.41:209][263]LogTemp:Warning: grab key pressed
[2017.05.21-08.08.41:209][263]LogTemp:Warning: Line trace hit: SM_Chair_2
[2017.05.21-08.08.54:732][815]LogTemp:Warning: grab key released
[2017.05.21-08.08.58:493][974]LogTemp:Warning: grab key pressed
[2017.05.21-08.08.58:655][981]LogTemp:Warning: grab key released
[2017.05.21-08.09.00:021][ 40]LogTemp:Warning: grab key pressed
[2017.05.21-08.09.00:022][ 40]LogTemp:Warning: Line trace hit: SM_Chair_2
[2017.05.21-08.09.04:219][215]LogTemp:Warning: grab key released
[2017.05.21-08.10.18:306][970]LogTemp: Repeting last play command: Selected Viewport
[2017.05.21-08.10.18:338][970]LogPlayLevel: PlayLevel: No blueprints needed recompiling
[2017.05.21-08.10.18:338][970]PIE: New page: PIE session: NewMap (21 May 2017 10:10:18)
[2017.05.21-08.10.18:339][970]LogPlayLevel: Creating play world package: /Game/UEDPIE_0_NewMap
[2017.05.21-08.10.18:349][970]LogPlayLevel: PIE: StaticDuplicateObject took: (0.009630s)
[2017.05.21-08.10.18:351][970]LogAIModule: Creating AISystem for world NewMap
[2017.05.21-08.10.18:351][970]LogPlayLevel: PIE: World Init took: (0.002649s)
[2017.05.21-08.10.18:352][970]LogPlayLevel: PIE: Created PIE world by copying editor world from /Game/NewMap.NewMap to /Game/UEDPIE_0_NewMap.NewMap (0.013444s)
[2017.05.21-08.10.18:417][970]LogInit: XAudio2 using 'Speakers (Cirrus Logic CS4208 (AB 126))' : 2 channels at 48 kHz using 32 bits per sample (channel mask 0x3)
[2017.05.21-08.10.18:436][970]LogInit: FAudioDevice initialized.
[2017.05.21-08.10.18:475][970]LogLoad: Game class is 'MyBuildingEscapeGameModeBase_BP_C'
[2017.05.21-08.10.18:479][970]LogWorld: Bringing World /Game/UEDPIE_0_NewMap.NewMap up for play (max tick rate 0) at 2017.05.21-09.10.18
[2017.05.21-08.10.18:480][970]LogWorld: Bringing up level for play took: 0.003499
[2017.05.21-08.10.18:483][970]LogTemp:Warning: DefaultPawn_BP_C_0 input component found
[2017.05.21-08.10.18:483][970]LogTemp:Warning: SM_Chair_2 is at X=439.364 Y=-0.691 Z=19.012
[2017.05.21-08.10.18:483][970]PIE: Info Play in editor start time for /Game/UEDPIE_0_NewMap -0.555
[2017.05.21-08.26.52:544][246]LogTemp: Repeting last play command: Selected Viewport
[2017.05.21-08.26.52:559][246]LogPlayLevel: PlayLevel: No blueprints needed recompiling
[2017.05.21-08.26.52:560][246]PIE: New page: PIE session: NewMap (21 May 2017 10:26:52)
[2017.05.21-08.26.52:560][246]LogPlayLevel: Creating play world package: /Game/UEDPIE_0_NewMap
[2017.05.21-08.26.52:565][246]LogPlayLevel: PIE: StaticDuplicateObject took: (0.005276s)
[2017.05.21-08.26.52:566][246]LogAIModule: Creating AISystem for world NewMap
[2017.05.21-08.26.52:567][246]LogPlayLevel: PIE: World Init took: (0.001304s)
[2017.05.21-08.26.52:567][246]LogPlayLevel: PIE: Created PIE world by copying editor world from /Game/NewMap.NewMap to /Game/UEDPIE_0_NewMap.NewMap (0.007377s)
[2017.05.21-08.26.52:602][246]LogInit: XAudio2 using 'Speakers (Cirrus Logic CS4208 (AB 126))' : 2 channels at 48 kHz using 32 bits per sample (channel mask 0x3)
[2017.05.21-08.26.52:610][246]LogInit: FAudioDevice initialized.
[2017.05.21-08.26.52:646][246]LogLoad: Game class is 'MyBuildingEscapeGameModeBase_BP_C'
[2017.05.21-08.26.52:648][246]LogWorld: Bringing World /Game/UEDPIE_0_NewMap.NewMap up for play (max tick rate 0) at 2017.05.21-09.26.52
[2017.05.21-08.26.52:649][246]LogWorld: Bringing up level for play took: 0.002174
[2017.05.21-08.26.52:650][246]LogTemp:Warning: DefaultPawn_BP_C_0 input component found
[2017.05.21-08.26.52:651][246]LogTemp:Warning: SM_Chair_2 is at X=439.364 Y=-0.691 Z=19.012
[2017.05.21-08.26.52:651][246]PIE: Info Play in editor start time for /Game/UEDPIE_0_NewMap -0.388
[2017.05.21-08.27.04:230][779]LogTemp:Warning: grab key pressed
[2017.05.21-08.27.04:232][779]LogTemp:Warning: Line trace hit: SM_Chair_2
[2017.05.21-08.27.16:724][322]LogTemp:Warning: grab key released
[2017.05.21-08.27.25:166][689]LogTemp:Warning: grab key pressed
[2017.05.21-08.27.25:664][711]LogTemp:Warning: grab key released
[2017.05.21-08.27.26:374][742]LogTemp:Warning: grab key pressed
[2017.05.21-08.27.26:848][763]LogTemp:Warning: grab key released
[2017.05.21-08.27.27:576][795]LogTemp:Warning: grab key pressed
[2017.05.21-08.27.28:558][839]LogTemp:Warning: grab key released
[2017.05.21-08.27.30:482][925]LogTemp:Warning: grab key pressed
[2017.05.21-08.27.30:483][925]LogTemp:Warning: Line trace hit: SM_TableRound_4
[2017.05.21-08.27.42:240][431]LogTemp:Warning: grab key released
[2017.05.21-08.53.50:446][724]LogHotReload: New module detected: UE4Editor-BuildingEscape-2091.dll
[2017.05.21-08.53.54:117][736]LogHotReload: Starting Hot-Reload from IDE
[2017.05.21-08.53.54:177][736]LogSlate: Took 0.008791 seconds to synchronously load lazily loaded font '../../../Engine/Content/Slate/Fonts/Roboto-Light.ttf' (159K)
[2017.05.21-08.53.54:332][736]LogClass: Could not find existing class Grabber in package /Script/BuildingEscape for HotReload, assuming new class
[2017.05.21-08.53.54:336][736]LogHotReload: Re-instancing Grabber after hot-reload.
[2017.05.21-08.53.54:468][736]LogContentBrowser: Native class hierarchy updated for 'BuildingEscape' in 0.0060 seconds. Added 4 classes and 2 folders.
[2017.05.21-08.53.54:470][736]Display: HotReload successful (0 functions remapped  0 scriptstructs remapped)
[2017.05.21-08.53.54:704][736]LogContentBrowser: Native class hierarchy populated in 0.0515 seconds. Added 2251 classes and 459 folders.
[2017.05.21-08.53.54:747][736]Display: HotReload took  0.6s.
[2017.05.21-13.20.32:599][853]LogD3D11RHI: Timed out while waiting for GPU to catch up. (500 ms)
[2017.05.21-13.20.32:939][855]LogHttp:Warning: 0000028DC3CBE380: request failed, libcurl error: 6 (Couldn't resolve host name)
[2017.05.21-13.20.32:939][855]LogHttp:Warning: 0000028DC3CBE380: libcurl info message cache 0 (Connection 10 seems to be dead!)
[2017.05.21-13.20.32:939][855]LogHttp:Warning: 0000028DC3CBE380: libcurl info message cache 1 (Closing connection 10)
[2017.05.21-13.20.32:939][855]LogHttp:Warning: 0000028DC3CBE380: libcurl info message cache 2 (Could not resolve host: datarouter.ol.epicgames.com)
[2017.05.21-13.20.32:940][855]LogHttp:Warning: 0000028DC3CBE380: libcurl info message cache 3 (Closing connection 11)
[2017.05.21-13.24.52:459][671]LogTemp: Repeting last play command: Selected Viewport
[2017.05.21-13.24.52:494][671]LogPlayLevel: PlayLevel: No blueprints needed recompiling
[2017.05.21-13.24.52:496][671]PIE: New page: PIE session: NewMap (21 May 2017 15:24:52)
[2017.05.21-13.24.52:498][671]LogPlayLevel: Creating play world package: /Game/UEDPIE_0_NewMap
[2017.05.21-13.24.52:517][671]LogPlayLevel: PIE: StaticDuplicateObject took: (0.017594s)
[2017.05.21-13.24.52:519][671]LogAIModule: Creating AISystem for world NewMap
[2017.05.21-13.24.52:520][671]LogPlayLevel: PIE: World Init took: (0.002659s)
[2017.05.21-13.24.52:520][671]LogPlayLevel: PIE: Created PIE world by copying editor world from /Game/NewMap.NewMap to /Game/UEDPIE_0_NewMap.NewMap (0.022164s)
[2017.05.21-13.24.52:560][671]LogInit: XAudio2 using 'Speakers (Cirrus Logic CS4208 (AB 126))' : 2 channels at 48 kHz using 32 bits per sample (channel mask 0x3)
[2017.05.21-13.24.52:571][671]LogInit: FAudioDevice initialized.
[2017.05.21-13.24.52:604][671]LogLoad: Game class is 'MyBuildingEscapeGameModeBase_BP_C'
[2017.05.21-13.24.52:607][671]LogWorld: Bringing World /Game/UEDPIE_0_NewMap.NewMap up for play (max tick rate 60) at 2017.05.21-14.24.52
[2017.05.21-13.24.52:607][671]LogWorld: Bringing up level for play took: 0.002750
[2017.05.21-13.24.52:609][671]LogTemp:Warning: DefaultPawn_BP_C_0 input component found
[2017.05.21-13.24.52:609][671]LogTemp:Warning: SM_Chair_2 is at X=439.364 Y=-0.691 Z=19.012
[2017.05.21-13.24.52:609][671]PIE: Info Play in editor start time for /Game/UEDPIE_0_NewMap -0.423
[2017.05.21-13.25.03:275][ 89]LogTemp:Warning: grab key pressed
[2017.05.21-13.25.03:276][ 89]LogTemp:Warning: Line trace hit: SM_Chair_2
[2017.05.21-13.25.09:408][329]LogTemp:Warning: grab key released
