Log file open, 05/12/17 20:02:47
LogInit:Display: Running engine for game: BuildingEscape
LogPlatformFile: Not using cached read wrapper
LogInit:Display: RandInit(658563924) SRandInit(658563924).
LogTaskGraph: Started task graph with 5 named threads and 6 total threads with 1 sets of task threads.
LogStats: Stats thread started at 0.061574
LogInit: Using libcurl 7.47.1
LogInit:  - built for x86_64-pc-win32
LogInit:  - supports SSL with OpenSSL/1.0.2g
LogInit:  - supports HTTP deflate (compression) using libz 1.2.8
LogInit:  - other features:
LogInit:      CURL_VERSION_SSL
LogInit:      CURL_VERSION_LIBZ
LogInit:      CURL_VERSION_IPV6
LogInit:      CURL_VERSION_ASYNCHDNS
LogInit:      CURL_VERSION_LARGEFILE
LogInit:      CURL_VERSION_IDN
LogInit:  CurlRequestOptions (configurable via config and command line):
LogInit:  - bVerifyPeer = false  - Libcurl will NOT verify peer certificate
LogInit:  - bUseHttpProxy = false  - Libcurl will NOT use HTTP proxy
LogInit:  - bDontReuseConnections = false  - Libcurl will reuse connections
LogInit:  - CertBundlePath = nullptr  - Libcurl will use whatever was configured at build time.
LogInit: Build: ++UE4+Release-4.15-CL-3416026
LogInit: Engine Version: 4.15.2-3416026+++UE4+Release-4.15
LogInit: Compatible Engine Version: 4.15.0-3299760+++UE4+Release-4.15
LogInit: Net CL: 3299760
LogDevObjectVersion: Number of dev versions registered: 14
LogDevObjectVersion:   Dev-Blueprints (B0D832E4-1F89-4F0D-ACCF-7EB736FD4AA2): 8
LogDevObjectVersion:   Dev-Build (E1C64328-A22C-4D53-A36C-8E866417BD8C): 0
LogDevObjectVersion:   Dev-Core (375EC13C-06E4-48FB-B500-84F0262A717E): 2
LogDevObjectVersion:   Dev-Editor (E4B068ED-F494-42E9-A231-DA0B2E46BB41): 14
LogDevObjectVersion:   Dev-Framework (CFFC743F-43B0-4480-9391-14DF171D2073): 22
LogDevObjectVersion:   Dev-Mobile (B02B49B5-BB20-44E9-A304-32B752E40360): 0
LogDevObjectVersion:   Dev-Networking (A4E4105C-59A1-49B5-A7C5-40C4547EDFEE): 0
LogDevObjectVersion:   Dev-Online (39C831C9-5AE6-47DC-9A44-9C173E1C8E7C): 0
LogDevObjectVersion:   Dev-Physics (78F01B33-EBEA-4F98-B9B4-84EACCB95AA2): 0
LogDevObjectVersion:   Dev-Platform (6631380F-2D4D-43E0-8009-CF276956A95A): 0
LogDevObjectVersion:   Dev-Rendering (12F88B9F-8875-4AFC-A67C-D90C383ABD29): 12
LogDevObjectVersion:   Dev-Sequencer (7B5AE74C-D270-4C10-A958-57980B212A5A): 3
LogDevObjectVersion:   Dev-VR (D7296918-1DD6-4BDD-9DE2-64A83CC13884): 0
LogDevObjectVersion:   Dev-LoadTimes (C2A15278-BFE7-4AFE-6C17-90FF531DF755): 1
LogInit: Compiled (64-bit): May  1 2017 13:11:28
LogInit: Compiled with Visual C++: 19.00.23026.00
LogInit: Build Configuration: Development
LogInit: Branch Name: ++UE4+Release-4.15
LogInit: Command line:  
LogInit: Base directory: C:/Program Files/Epic Games/UE_4.15/Engine/Binaries/Win64/
LogInit: Installed Engine Build: 1
LogInit: Presizing for max 8388607 objects, including 0 objects not considered by GC, pre-allocating 0 bytes for permanent pool.
LogInit: Object subsystem initialized
[2017.05.12-19.02.48:642][  0]LogInit: Selected Device Profile: [Windows]
[2017.05.12-19.02.48:642][  0]LogInit: Applying CVar settings loaded from the selected device profile: [Windows]
[2017.05.12-19.02.48:653][  0]LogInit: Computer: DESKTOP-BHBDUN9
[2017.05.12-19.02.48:653][  0]LogInit: User: JamesFarrow
[2017.05.12-19.02.48:653][  0]LogInit: CPU Page size=65536, Cores=2
[2017.05.12-19.02.48:653][  0]LogInit: High frequency timer resolution =2.148438 MHz
[2017.05.12-19.02.48:653][  0]LogMemory: Memory total: Physical=7.9GB (8GB approx)
[2017.05.12-19.02.48:653][  0]LogMemory: Platform Memory Stats for Windows
[2017.05.12-19.02.48:653][  0]LogMemory: Process Physical Memory: 262.00 MB used, 262.00 MB peak
[2017.05.12-19.02.48:653][  0]LogMemory: Process Virtual Memory: 262.04 MB used, 262.04 MB peak
[2017.05.12-19.02.48:654][  0]LogMemory: Physical Memory: 2598.70 MB used,  5495.71 MB free, 8094.41 MB total
[2017.05.12-19.02.48:654][  0]LogMemory: Virtual Memory: 621.97 MB used,  5495.71 MB free, 134217728.00 MB total
[2017.05.12-19.02.48:765][  0]LogTextLocalizationManager: No specific translations for ('en-GB') exist, so ('en') translations will be used.
[2017.05.12-19.02.49:504][  0]LogD3D11RHI: D3D11 adapters:
[2017.05.12-19.02.49:511][  0]LogD3D11RHI:    0. 'Intel(R) HD Graphics 6000' (Feature Level 11_0)
[2017.05.12-19.02.49:511][  0]LogD3D11RHI:       128/0/4047 MB DedicatedVideo/DedicatedSystem/SharedSystem, Outputs:1, VendorId:0x8086
[2017.05.12-19.02.49:514][  0]LogD3D11RHI:    1. 'Microsoft Basic Render Driver' (Feature Level 11_0)
[2017.05.12-19.02.49:514][  0]LogD3D11RHI:       0/0/4047 MB DedicatedVideo/DedicatedSystem/SharedSystem, Outputs:0, VendorId:0x1414
[2017.05.12-19.02.49:514][  0]LogD3D11RHI: Chosen D3D11 Adapter: 0
[2017.05.12-19.02.49:517][  0]LogD3D11RHI: Creating new Direct3DDevice
[2017.05.12-19.02.49:517][  0]LogD3D11RHI:     GPU DeviceId: 0x1626 (for the marketing name, search the web for "GPU Device Id")
[2017.05.12-19.02.49:517][  0]LogWindows: EnumDisplayDevices:
[2017.05.12-19.02.49:517][  0]LogWindows:    0. 'Intel(R) HD Graphics 6000' (P:1 D:1)
[2017.05.12-19.02.49:518][  0]LogWindows:    1. 'Intel(R) HD Graphics 6000' (P:0 D:0)
[2017.05.12-19.02.49:518][  0]LogWindows:    2. 'Intel(R) HD Graphics 6000' (P:0 D:0)
[2017.05.12-19.02.49:518][  0]LogWindows: DebugString: FoundDriverCount:3 
[2017.05.12-19.02.49:518][  0]LogD3D11RHI:     Adapter Name: Intel(R) HD Graphics 6000
[2017.05.12-19.02.49:518][  0]LogD3D11RHI:   Driver Version: 20.19.15.4531 (internal:20.19.15.4531, unified:20.19.15.4531)
[2017.05.12-19.02.49:518][  0]LogD3D11RHI:      Driver Date: 9-29-2016
[2017.05.12-19.02.49:518][  0]LogRHI: Texture pool is 1361 MB (70% of 1945 MB)
[2017.05.12-19.02.49:522][  0]LogD3D11RHI: Async texture creation enabled
[2017.05.12-19.02.49:527][  0]LogD3D11RHI: GPU Timing Frequency: 12.500000 (Debug: 2 0)
[2017.05.12-19.02.49:528][  0]LogShaderCompilers: Guid format shader working directory is -30 characters bigger than the processId version (../../../../../../Users/James Farrow/Documents/MyRepo/BuildingEscape/BuildingEscape/Intermediate/Shaders/WorkingDirectory/4668/).
[2017.05.12-19.02.49:528][  0]LogShaderCompilers: Cleaned the shader compiler working directory 'C:/Users/James Farrow/AppData/Local/Temp/UnrealShaderWorkingDir/B14B48F64DC4C54009D5EA888E52B012/'.
[2017.05.12-19.02.49:528][  0]LogShaderCompilers:Display: Using Local Shader Compiler.
[2017.05.12-19.02.59:349][  0]LogTemp:Display: Loaded TP AllDesktopTargetPlatform
[2017.05.12-19.02.59:552][  0]LogTemp:Display: Loaded TP MacClientTargetPlatform
[2017.05.12-19.02.59:688][  0]LogTemp:Display: Loaded TP MacNoEditorTargetPlatform
[2017.05.12-19.02.59:829][  0]LogTemp:Display: Loaded TP MacServerTargetPlatform
[2017.05.12-19.03.00:037][  0]LogTemp:Display: Loaded TP MacTargetPlatform
[2017.05.12-19.03.00:272][  0]LogTemp:Display: Loaded TP WindowsClientTargetPlatform
[2017.05.12-19.03.00:390][  0]LogTemp:Display: Loaded TP WindowsNoEditorTargetPlatform
[2017.05.12-19.03.00:618][  0]LogTemp:Display: Loaded TP WindowsServerTargetPlatform
[2017.05.12-19.03.00:782][  0]LogTemp:Display: Loaded TP WindowsTargetPlatform
[2017.05.12-19.03.01:014][  0]LogTemp:Display: Loaded TP AndroidTargetPlatform
[2017.05.12-19.03.01:260][  0]LogTemp:Display: Loaded TP Android_ASTCTargetPlatform
[2017.05.12-19.03.01:419][  0]LogTemp:Display: Loaded TP Android_ATCTargetPlatform
[2017.05.12-19.03.01:519][  0]LogTemp:Display: Loaded TP Android_DXTTargetPlatform
[2017.05.12-19.03.01:636][  0]LogTemp:Display: Loaded TP Android_ETC1TargetPlatform
[2017.05.12-19.03.01:825][  0]LogTemp:Display: Loaded TP Android_ETC2TargetPlatform
[2017.05.12-19.03.02:084][  0]LogTemp:Display: Loaded TP Android_MultiTargetPlatform
[2017.05.12-19.03.02:084][  0]LogTemp:Display: Loaded TP Android_PVRTCTargetPlatform
[2017.05.12-19.03.02:195][  0]LogTemp:Display: Loaded TP HTML5TargetPlatform
[2017.05.12-19.03.02:714][  0]LogTemp:Display: Loaded TP IOSTargetPlatform
[2017.05.12-19.03.02:848][  0]LogTemp:Display: Loaded TP TVOSTargetPlatform
[2017.05.12-19.03.03:012][  0]LogTemp:Display: Loaded TP LinuxClientTargetPlatform
[2017.05.12-19.03.03:143][  0]LogTemp:Display: Loaded TP LinuxNoEditorTargetPlatform
[2017.05.12-19.03.03:264][  0]LogTemp:Display: Loaded TP LinuxServerTargetPlatform
[2017.05.12-19.03.03:472][  0]LogTemp:Display: Loaded TP LinuxTargetPlatform
[2017.05.12-19.03.03:472][  0]LogTargetPlatformManager:Display: Building Assets For Windows
[2017.05.12-19.03.08:266][  0]LogDerivedDataCache:Display: Max Cache Size: 512 MB
[2017.05.12-19.03.12:329][  0]LogDerivedDataCache: Loaded boot cache 4.05s 50MB C:/Users/James Farrow/AppData/Local/UnrealEngine/4.15/DerivedDataCache/Boot.ddc.
[2017.05.12-19.03.12:329][  0]LogDerivedDataCache:Display: Loaded Boot cache: C:/Users/James Farrow/AppData/Local/UnrealEngine/4.15/DerivedDataCache/Boot.ddc
[2017.05.12-19.03.12:330][  0]LogDerivedDataCache: FDerivedDataBackendGraph:  Pak pak cache file ../../../../../../Users/James Farrow/Documents/MyRepo/BuildingEscape/BuildingEscape/DerivedDataCache/DDC.ddp not found, will not use a pak cache.
[2017.05.12-19.03.12:330][  0]LogDerivedDataCache: Unable to find inner node Pak for hierarchical cache Hierarchy.
[2017.05.12-19.03.12:330][  0]LogDerivedDataCache: FDerivedDataBackendGraph:  CompressedPak pak cache file ../../../../../../Users/James Farrow/Documents/MyRepo/BuildingEscape/BuildingEscape/DerivedDataCache/Compressed.ddp not found, will not use a pak cache.
[2017.05.12-19.03.12:330][  0]LogDerivedDataCache: Unable to find inner node CompressedPak for hierarchical cache Hierarchy.
[2017.05.12-19.03.12:489][  0]LogDerivedDataCache:Display: Pak cache opened for reading ../../../Engine/DerivedDataCache/Compressed.ddp.
[2017.05.12-19.03.12:537][  0]LogDerivedDataCache: Using Local data cache path C:/Users/James Farrow/AppData/Local/UnrealEngine/Common/DerivedDataCache: Writable
[2017.05.12-19.03.13:333][  0]LogSlate: Using Freetype 2.6.0
[2017.05.12-19.03.13:543][  0]LogSlate: SlateFontCache - WITH_FREETYPE: 1, WITH_HARFBUZZ: 1
[2017.05.12-19.03.13:543][  0]LogSlate: SlateFontCache - WITH_FREETYPE: 1, WITH_HARFBUZZ: 1
[2017.05.12-19.03.33:663][  0]LogInit: Selected Device Profile: [Windows]
[2017.05.12-19.03.33:954][  0]LogContentStreaming: Texture pool size is 0.00 MB
[2017.05.12-19.03.36:063][  0]LogMeshUtilities: Using QuadricMeshReduction for automatic static mesh reduction
[2017.05.12-19.03.36:236][  0]LogSimplygon: Simplygon DLL not present - disabling.
[2017.05.12-19.03.36:575][  0]LogMeshUtilities: Using SimplygonSwarm for distributed automatic mesh merging
[2017.05.12-19.03.36:575][  0]LogMeshUtilities: No automatic skeletal mesh reduction module available
[2017.05.12-19.03.36:575][  0]LogMeshUtilities: No automatic mesh merging module available
[2017.05.12-19.03.39:863][  0]LogConfig:Warning: Failed to saved backup for config[GameplayTagsList]
[2017.05.12-19.03.47:264][  0]LogNetVersion: GetLocalNetworkVersion: CL: 3299760, ProjectName: buildingescape, ProjectVersion: , EngineNetworkVersion: 2, GameNetworkVersion: 0, NetworkChecksum: 4140618008
[2017.05.12-19.03.47:436][  0]LogAssetRegistry: FAssetRegistry took 0.0221 seconds to start up
[2017.05.12-19.03.47:648][  0]LogAssetRegistry:Error: Failed to open file for write ../../../../../../Users/James Farrow/Documents/MyRepo/BuildingEscape/BuildingEscape/Intermediate/AssetRegistryCache/866581fd.bin
[2017.05.12-19.03.47:668][  0]LogAssetRegistry:Error: Failed to open file for write ../../../../../../Users/James Farrow/Documents/MyRepo/BuildingEscape/BuildingEscape/Intermediate/AssetRegistryCache/266574c4.bin
[2017.05.12-19.03.47:685][  0]LogPackageLocalizationCache: Processed 3 localized package path(s) for 2 prioritized culture(s) in 0.180496 seconds
[2017.05.12-19.03.47:727][  0]LogUObjectArray: 32493 objects as part of root set at end of initial load.
[2017.05.12-19.03.47:727][  0]LogUObjectAllocator: 7077032 out of 0 bytes used by permanent object pool.
[2017.05.12-19.03.47:727][  0]LogUObjectArray: CloseDisregardForGC: 0/0 objects in disregard for GC pool
[2017.05.12-19.03.47:894][  0]LogInit: WinSock: version 1.1 (2.2), MaxSocks=32767, MaxUdp=65467
[2017.05.12-19.04.05:841][  0]LogTcpMessaging: Initializing TcpMessaging bridge
[2017.05.12-19.04.06:056][  0]LogUdpMessaging: Initializing bridge on interface 0.0.0.0:0 to multicast group 230.0.0.1:6666.
[2017.05.12-19.04.08:653][  0]LogConfig:Warning: Failed to saved backup for config[TranslationPickerSettings]
[2017.05.12-19.04.09:225][  0]LogMaterial: Uniform references updated for custom material expression Custom.
[2017.05.12-19.04.11:136][  0]LogConfig:Warning: Failed to saved backup for config[SourceControlSettings]
[2017.05.12-19.04.11:137][  0]SourceControl: Info Source control is disabled
[2017.05.12-19.04.13:012][  0]SourceControl: Info Source control is disabled
[2017.05.12-19.04.13:275][  0]SourceControl: Info Source control is disabled
[2017.05.12-19.04.13:665][  0]SourceControl: Info Source control is disabled
[2017.05.12-19.04.21:713][  0]LogEngine: Initializing Engine...
[2017.05.12-19.04.21:717][  0]LogHMD: Failed to initialize OpenVR with code 110
[2017.05.12-19.04.22:291][  0]LogStats: UGameplayTagsManager::ConstructGameplayTagTree: Construct from data asset -  0.000 s
[2017.05.12-19.04.22:291][  0]LogStats: UGameplayTagsManager::ConstructGameplayTagTree: GameplayTagTreeChangedEvent.Broadcast -  0.000 s
[2017.05.12-19.04.23:071][  0]LogAIModule: Creating AISystem for world Untitled
[2017.05.12-19.04.23:275][  0]LogInit: XAudio2 using 'Speakers (Cirrus Logic CS4208 (AB 126))' : 2 channels at 48 kHz using 32 bits per sample (channel mask 0x3)
[2017.05.12-19.04.24:349][  0]LogInit: FAudioDevice initialized.
[2017.05.12-19.04.24:366][  0]LogDerivedDataCache:Error: Could not save memory cache C:/Users/James Farrow/AppData/Local/UnrealEngine/4.15/DerivedDataCache/Boot.ddc.
[2017.05.12-19.04.24:396][  0]LogInit: Texture streaming: Enabled
[2017.05.12-19.04.25:886][  0]LogEngineSessionManager: EngineSessionManager initialized
[2017.05.12-19.04.27:899][  0]LogInit: Transaction tracking system initialized
[2017.05.12-19.04.29:253][  0]BlueprintLog: New page: Editor Load
[2017.05.12-19.04.34:090][  0]LogConfig:Warning: Failed to saved backup for config[LocalizationServiceSettings]
[2017.05.12-19.04.34:098][  0]LocalizationService: Info Localization service is disabled
[2017.05.12-19.04.36:830][  0]LogConsoleResponse:Display: 
[2017.05.12-19.04.38:836][  0]LogCook:Display: Max memory allowance for cook 16384mb min free memory 0mb
[2017.05.12-19.04.38:836][  0]LogCook:Display: Mobile HDR setting 1
[2017.05.12-19.04.39:621][  0]LogFileCache: Scanning file cache for directory 'C:/Users/James Farrow/Documents/MyRepo/BuildingEscape/BuildingEscape/Content/' took 0.03s
[2017.05.12-19.04.43:767][  0]SourceControl: Info Source control is disabled
[2017.05.12-19.04.43:814][  0]Cmd: MAP LOAD FILE="../../../../../../Users/James Farrow/Documents/MyRepo/BuildingEscape/BuildingEscape/Content/NewMap.umap" TEMPLATE=0 SHOWPROGRESS=1 FEATURELEVEL=3
[2017.05.12-19.04.43:824][  0]LightingResults: New page: Lighting Build
[2017.05.12-19.04.44:094][  0]MapCheck: New page: Map Check
[2017.05.12-19.04.44:094][  0]LightingResults: New page: Lighting Build
[2017.05.12-19.04.45:959][  0]LogAIModule: Creating AISystem for world NewMap
[2017.05.12-19.04.46:229][  0]LogEditorServer: Finished looking for orphan Actors (0.000 secs)
[2017.05.12-19.04.46:240][  0]Cmd: MAP CHECKDEP NOCLEARLOG
[2017.05.12-19.04.46:376][  0]MapCheck: Info Map check complete: 0 Error(s), 0 Warning(s), took 135.338ms to complete.
[2017.05.12-19.04.46:376][  0]LogFileHelpers: Loading map 'NewMap' took 2.589
[2017.05.12-19.04.47:620][  0]LogCollectionManager: Loaded 0 collections in 0.004258 seconds
[2017.05.12-19.04.47:888][  0]LogFileCache: Scanning file cache for directory 'C:/Users/James Farrow/Documents/MyRepo/BuildingEscape/BuildingEscape/Saved/Collections/' took 0.01s
[2017.05.12-19.04.47:888][  0]LogFileCache: Scanning file cache for directory 'C:/Users/James Farrow/Documents/MyRepo/BuildingEscape/BuildingEscape/Content/Developers/JamesFarrow/Collections/' took 0.01s
[2017.05.12-19.04.47:888][  0]LogFileCache: Scanning file cache for directory 'C:/Users/James Farrow/Documents/MyRepo/BuildingEscape/BuildingEscape/Content/Collections/' took 0.01s
[2017.05.12-19.04.47:888][  0]LogCollectionManager: Rebuilt the GUID cache for 0 collections in 0.000009 seconds
[2017.05.12-19.04.47:922][  0]LogContentBrowser: Native class hierarchy populated in 0.0209 seconds. Added 2246 classes and 455 folders.
[2017.05.12-19.04.48:037][  0]LogContentBrowser: Native class hierarchy updated for 'WidgetCarousel' in 0.0018 seconds. Added 0 classes and 0 folders.
[2017.05.12-19.04.48:982][  0]LogContentBrowser: Native class hierarchy updated for 'AddContentDialog' in 0.0095 seconds. Added 0 classes and 0 folders.
[2017.05.12-19.04.49:291][  0]LogContentBrowser: Native class hierarchy updated for 'SceneOutliner' in 0.0092 seconds. Added 1 classes and 2 folders.
[2017.05.12-19.04.49:917][  0]LogCrashTracker: Crashtracker disabled due to settings.
[2017.05.12-19.04.50:005][  0]LogUObjectGlobals:Warning: Failed to find object 'Class None.'
[2017.05.12-19.04.50:232][  0]LogContentBrowser: Native class hierarchy updated for 'HierarchicalLODOutliner' in 0.0035 seconds. Added 1 classes and 2 folders.
[2017.05.12-19.04.50:232][  0]LogLoad: (Engine Initialization) Total time: 124.69 seconds
[2017.05.12-19.04.50:232][  0]LogLoad: (Engine Initialization) Total Blueprint compile time: 0.86 seconds
[2017.05.12-19.04.50:232][  0]LogExternalProfiler: No external profilers were discovered.  External profiling features will not be available.
[2017.05.12-19.04.50:263][  0]LogOcInput: OculusInput pre-init called
[2017.05.12-19.04.50:390][  0]LogContentStreaming: Texture pool size now 1000 MB
[2017.05.12-19.04.50:461][  0]LogSlate: Took 0.018542 seconds to synchronously load lazily loaded font '../../../Engine/Content/Slate/Fonts/Roboto-Regular.ttf' (155K)
[2017.05.12-19.04.50:489][  0]LogSlate: Took 0.013858 seconds to synchronously load lazily loaded font '../../../Engine/Content/Slate/Fonts/Roboto-Bold.ttf' (160K)
[2017.05.12-19.04.50:550][  0]LogSlate: Took 0.013092 seconds to synchronously load lazily loaded font '../../../Engine/Content/Editor/Slate/Fonts/FontAwesome.ttf' (139K)
[2017.05.12-19.04.51:310][  0]LogSlate: Took 0.019493 seconds to synchronously load lazily loaded font '../../../Engine/Content/Slate/Fonts/Roboto-Light.ttf' (159K)
[2017.05.12-19.04.51:398][  0]LogRenderer: Reallocating scene render targets to support 904x456 NumSamples 1 (Frame:2).
[2017.05.12-19.04.53:170][  4]LogAssetRegistry: Asset discovery search completed in 65.7558 seconds
[2017.05.12-19.04.53:170][  4]LogCollectionManager: Rebuilt the object cache for 0 collections in 0.000028 seconds (found 0 objects)
[2017.05.12-19.04.53:170][  4]LogCollectionManager: Fixed up redirectors for 0 collections in 0.000064 seconds (updated 0 objects)
[2017.05.12-19.05.05:225][314]LogSlate: Took 0.000655 seconds to synchronously load lazily loaded font '../../../Engine/Content/Slate/Fonts/Roboto-Light.ttf' (159K)
[2017.05.12-19.06.30:488][847]LogEditorViewport: Clicking on Actor (LMB): StaticMeshActor (SM_Chair)
[2017.05.12-19.06.38:025][ 58]LogSlate: Took 0.013668 seconds to synchronously load lazily loaded font '../../../Engine/Content/Editor/Slate/Fonts/Roboto-Italic.ttf' (157K)
[2017.05.12-19.07.07:465][ 32]LogSlate: Took 0.012381 seconds to synchronously load lazily loaded font '../../../Engine/Content/Editor/Slate/Fonts/Roboto-BoldCondensed.ttf' (158K)
[2017.05.12-19.07.35:880][ 32]Running C:/Program Files/Epic Games/UE_4.15/Engine/Binaries/DotNET/UnrealBuildTool.exe  -projectfiles -project="C:/Users/James Farrow/Documents/MyRepo/BuildingEscape/BuildingEscape/BuildingEscape.uproject" -game -rocket -progress
[2017.05.12-19.07.36:491][ 32]Discovering modules, targets and source code for project...
[2017.05.12-19.07.46:505][ 32]LogSlate: Took 0.000312 seconds to synchronously load lazily loaded font '../../../Engine/Content/Slate/Fonts/Roboto-Regular.ttf' (155K)
[2017.05.12-19.07.50:245][ 32]LogVSAccessor:Warning: Couldn't access Visual Studio
[2017.05.12-19.07.50:283][ 32]Recompiling BuildingEscape...
[2017.05.12-19.07.50:284][ 32]Launching UnrealBuildTool... [C:/Program Files/Epic Games/UE_4.15/Engine/Binaries/DotNET/UnrealBuildTool.exe BuildingEscape -ModuleWithSuffix BuildingEscape 8974 Win64 Development -editorrecompile -canskiplink "C:/Users/James Farrow/Documents/MyRepo/BuildingEscape/BuildingEscape/BuildingEscape.uproject" ]
[2017.05.12-19.10.10:522][ 32]CompilerResultsLog: New page: Compilation - 12 May 2017 21:10:10
[2017.05.12-19.10.10:522][ 32]CompilerResultsLog: Info Compiling game modules for hot reload
[2017.05.12-19.10.10:522][ 32]CompilerResultsLog: Info Parsing headers for BuildingEscapeEditor
[2017.05.12-19.10.10:522][ 32]CompilerResultsLog: Info   Running UnrealHeaderTool "C:\Users\James Farrow\Documents\MyRepo\BuildingEscape\BuildingEscape\BuildingEscape.uproject" "C:\Users\James Farrow\Documents\MyRepo\BuildingEscape\BuildingEscape\Intermediate\Build\Win64\BuildingEscapeEditor\Development\BuildingEscapeEditor.uhtmanifest" -LogCmds="loginit warning, logexit warning, logdatabase error" -Unattended -WarningsAsErrors -installed
[2017.05.12-19.10.10:522][ 32]CompilerResultsLog: Info Reflection code generated for BuildingEscapeEditor in 6.5609903 seconds
[2017.05.12-19.10.10:522][ 32]CompilerResultsLog: Info Performing 4 actions (2 in parallel)
[2017.05.12-19.10.10:522][ 32]CompilerResultsLog: Info BuildingEscape.generated.cpp
[2017.05.12-19.10.10:522][ 32]CompilerResultsLog: Info PositionReport.cpp
[2017.05.12-19.10.10:522][ 32]CompilerResultsLog: Info [3/4] Link UE4Editor-BuildingEscape-8974.dll
[2017.05.12-19.10.10:522][ 32]CompilerResultsLog: Info [4/4] Link UE4Editor-BuildingEscape-8974.lib
[2017.05.12-19.10.10:522][ 32]CompilerResultsLog: Info    Creating library C:\Users\James Farrow\Documents\MyRepo\BuildingEscape\BuildingEscape\Intermediate\Build\Win64\UE4Editor\Development\UE4Editor-BuildingEscape-8974.lib and object C:\Users\James Farrow\Documents\MyRepo\BuildingEscape\BuildingEscape\Intermediate\Build\Win64\UE4Editor\Development\UE4Editor-BuildingEscape-8974.exp
[2017.05.12-19.10.10:522][ 32]CompilerResultsLog: Info    Creating library C:\Users\James Farrow\Documents\MyRepo\BuildingEscape\BuildingEscape\Intermediate\Build\Win64\UE4Editor\Development\UE4Editor-BuildingEscape-8974.suppressed.lib and object C:\Users\James Farrow\Documents\MyRepo\BuildingEscape\BuildingEscape\Intermediate\Build\Win64\UE4Editor\Development\UE4Editor-BuildingEscape-8974.suppressed.exp
[2017.05.12-19.10.10:522][ 32]CompilerResultsLog: Info Total build time: 139.74 seconds (Local executor: 123.90 seconds)
[2017.05.12-19.10.10:522][ 32]LogMainFrame: MainFrame: Module compiling took 140.276 seconds
[2017.05.12-19.10.10:625][ 32]LogClass: Could not find existing class PositionReport in package /Script/BuildingEscape for HotReload, assuming new class
[2017.05.12-19.10.10:628][ 32]LogContentBrowser: Native class hierarchy updated for 'BuildingEscape' in 0.0020 seconds. Added 2 classes and 2 folders.
[2017.05.12-19.10.10:630][ 32]Display: HotReload successful (0 functions remapped  0 scriptstructs remapped)
[2017.05.12-19.10.10:777][ 32]LogContentBrowser: Native class hierarchy populated in 0.0280 seconds. Added 2249 classes and 459 folders.
[2017.05.12-19.10.10:821][ 32]Display: HotReload took 140.6s.
[2017.05.12-19.10.10:825][ 32]Warning: HotReload operation took 140.6s.
[2017.05.12-19.10.11:057][ 32]LogHotReload: New module detected: UE4Editor-BuildingEscape-8974.dll
[2017.05.12-19.10.11:195][ 33]LogHotReload: Starting Hot-Reload from IDE
[2017.05.12-19.10.11:419][ 33]LogContentBrowser: Native class hierarchy updated for 'BuildingEscape' in 0.0020 seconds. Added 2 classes and 2 folders.
[2017.05.12-19.10.11:421][ 33]Display: HotReload successful (0 functions remapped  0 scriptstructs remapped)
[2017.05.12-19.10.11:436][ 33]LogContentBrowser: Native class hierarchy populated in 0.0126 seconds. Added 2249 classes and 459 folders.
[2017.05.12-19.10.11:438][ 33]Display: HotReload took  0.2s.
[2017.05.12-19.10.28:757][125]LogVSAccessor:Warning: Couldn't goto line number '0' in 'C:/Users/James Farrow/Documents/MyRepo/BuildingEscape/BuildingEscape/Source/BuildingEscape/PositionReport.h'
[2017.05.12-19.10.29:001][125]LogVSAccessor:Warning: Couldn't goto line number '0' in 'C:/Users/James Farrow/Documents/MyRepo/BuildingEscape/BuildingEscape/Source/BuildingEscape/PositionReport.cpp'
[2017.05.12-19.13.16:394][752]LogSlate: Only BGRA pngs, bmps or icos are supported in by External Image Picker
[2017.05.12-19.13.16:777][757]LogTemp:Display: Executing iPhonePackager certificates Engine -bundlename com.YourCompany.BuildingEscape

[2017.05.12-19.13.16:777][757]LogTemp:Display: CWD: C:\Program Files\Epic Games\UE_4.15\Engine\Binaries\DotNET\IOS

[2017.05.12-19.13.16:777][757]LogTemp:Display: Initial Dir: C:\Program Files\Epic Games\UE_4.15

[2017.05.12-19.13.16:777][757]LogTemp:Display: Env CWD: C:\Program Files\Epic Games\UE_4.15\Engine\Binaries\DotNET\IOS

[2017.05.12-19.13.16:777][757]LogTemp:Display: BranchPath = DESKTOP-BHBDUN9/C/Program Files/Epic Games/UE_4.15/Engine/Binaries --- GameBranchPath = DESKTOP-BHBDUN9/C/Program Files/Epic Games/UE_4.15/Engine/Binaries

[2017.05.12-19.13.16:814][759]LogTemp:Display: IPP ERROR: Application exception: System.IO.DirectoryNotFoundException: Could not find a part of the path 'C:\Users\James Farrow\AppData\Local\Apple Computer\MobileDevice\Provisioning Profiles'.

[2017.05.12-19.13.16:814][759]LogTemp:Display:    at System.IO.__Error.WinIOError(Int32 errorCode, String maybeFullPath)

[2017.05.12-19.13.16:814][759]LogTemp:Display:    at System.IO.FileSystemEnumerableIterator`1.CommonInit()

[2017.05.12-19.13.16:814][759]LogTemp:Display:    at System.IO.FileSystemEnumerableIterator`1..ctor(String path, String originalUserPath, String searchPattern, SearchOption searchOption, SearchResultHandler`1 resultHandler, Boolean checkHost)

[2017.05.12-19.13.16:814][759]LogTemp:Display:    at System.IO.Directory.EnumerateFiles(String path, String searchPattern)

[2017.05.12-19.13.16:814][759]LogTemp:Display:    at iPhonePackager.CodeSignatureBuilder.FindProvisions(String CFBundleIdentifier)

[2017.05.12-19.13.16:814][759]LogTemp:Display:    at iPhonePackager.Program.Main(String[] args)

[2017.05.12-19.17.06:385][378]Cmd: CLOSE_SLATE_MAINFRAME
[2017.05.12-19.17.09:981][378]Cmd: OBJ SAVEPACKAGE PACKAGE="/Game/NewMap" FILE="../../../../../../Users/James Farrow/Documents/MyRepo/BuildingEscape/BuildingEscape/Content/NewMap.umap" SILENT=true AUTOSAVING=false KEEPDIRTY=false
[2017.05.12-19.17.10:141][378]LogSavePackage: Save=113.16ms
[2017.05.12-19.17.10:141][378]LogSavePackage: Moving '../../../../../../Users/James Farrow/Documents/MyRepo/BuildingEscape/BuildingEscape/Saved/NewMap9770BB2D4EA590BC8A3F34B479F0E84C.tmp' to '../../../../../../Users/James Farrow/Documents/MyRepo/BuildingEscape/BuildingEscape/Content/NewMap.umap'
[2017.05.12-19.17.10:146][378]LogSavePackage:Display: Finished SavePackage ../../../../../../Users/James Farrow/Documents/MyRepo/BuildingEscape/BuildingEscape/Content/NewMap.umap
[2017.05.12-19.17.10:166][378]LogFileHelpers: Saving map 'NewMap' took 0.366
[2017.05.12-19.17.10:403][379]Cmd: QUIT_EDITOR
[2017.05.12-19.17.10:434][379]LogWindowsTextInputMethodSystem:Display: IME system now deactivated.
[2017.05.12-19.17.10:437][379]LogExit: Preparing to exit.
[2017.05.12-19.17.11:458][379]LogDirectoryWatcher: A directory notification for 'C:/Users/James Farrow/Documents/MyRepo/BuildingEscape/BuildingEscape/Content/' was aborted.
[2017.05.12-19.17.11:479][379]LogExit: Editor shut down
[2017.05.12-19.17.11:480][379]LogExit: Transaction tracking system shut down
[2017.05.12-19.17.11:552][379]LogObj: Freed 0b from 0 cluster array pools.
[2017.05.12-19.17.11:553][379]LogExit: Object subsystem successfully closed.
[2017.05.12-19.17.11:588][379]LogD3D11RHI: Shutdown
[2017.05.12-19.17.11:588][379]LogD3D11RHI: CleanupD3DDevice
[2017.05.12-19.17.12:544][379]LogD3D11RHI: ~FD3D11DynamicRHI
[2017.05.12-19.17.12:575][379]LogModuleManager: Shutting down and abandoning module ExternalImagePicker (504)
[2017.05.12-19.17.12:575][379]LogModuleManager: Shutting down and abandoning module BuildingEscape (502)
[2017.05.12-19.17.12:575][379]LogModuleManager: Shutting down and abandoning module HierarchicalLODOutliner (500)
[2017.05.12-19.17.12:575][379]LogModuleManager: Shutting down and abandoning module CrashTracker (498)
[2017.05.12-19.17.12:575][379]LogModuleManager: Shutting down and abandoning module SceneOutliner (496)
[2017.05.12-19.17.12:575][379]LogModuleManager: Shutting down and abandoning module AddContentDialog (494)
[2017.05.12-19.17.12:575][379]LogDirectoryWatcher: A directory notification for 'C:/Program Files/Epic Games/UE_4.15/FeaturePacks/' was aborted.
[2017.05.12-19.17.12:576][379]LogModuleManager: Shutting down and abandoning module WidgetCarousel (493)
[2017.05.12-19.17.12:576][379]LogModuleManager: Shutting down and abandoning module EditorWidgets (490)
[2017.05.12-19.17.12:576][379]LogModuleManager: Shutting down and abandoning module CollectionManager (488)
[2017.05.12-19.17.12:576][379]LogDirectoryWatcher: A directory notification for 'C:/Users/James Farrow/Documents/MyRepo/BuildingEscape/BuildingEscape/Content/Collections/' was aborted.
[2017.05.12-19.17.12:576][379]LogDirectoryWatcher: A directory notification for 'C:/Users/James Farrow/Documents/MyRepo/BuildingEscape/BuildingEscape/Content/Developers/JamesFarrow/Collections/' was aborted.
[2017.05.12-19.17.12:576][379]LogDirectoryWatcher: A directory notification for 'C:/Users/James Farrow/Documents/MyRepo/BuildingEscape/BuildingEscape/Saved/Collections/' was aborted.
[2017.05.12-19.17.12:576][379]LogModuleManager: Shutting down and abandoning module StatsViewer (486)
[2017.05.12-19.17.12:576][379]LogModuleManager: Shutting down and abandoning module FoliageEdit (484)
[2017.05.12-19.17.12:576][379]LogModuleManager: Shutting down and abandoning module LandscapeEditor (482)
[2017.05.12-19.17.12:576][379]LogModuleManager: Shutting down and abandoning module SceneDepthPickerMode (480)
[2017.05.12-19.17.12:576][379]LogModuleManager: Shutting down and abandoning module ActorPickerMode (478)
[2017.05.12-19.17.12:576][379]LogModuleManager: Shutting down and abandoning module GeometryMode (476)
[2017.05.12-19.17.12:576][379]LogModuleManager: Shutting down and abandoning module TextureAlignMode (474)
[2017.05.12-19.17.12:576][379]LogModuleManager: Shutting down and abandoning module BspMode (472)
[2017.05.12-19.17.12:576][379]LogModuleManager: Shutting down and abandoning module HardwareSurvey (470)
[2017.05.12-19.17.12:576][379]LogModuleManager: Shutting down and abandoning module SequenceRecorderSections (468)
[2017.05.12-19.17.12:576][379]LogModuleManager: Shutting down and abandoning module AutomationWorker (466)
[2017.05.12-19.17.12:576][379]LogModuleManager: Shutting down and abandoning module MatineeToLevelSequence (464)
[2017.05.12-19.17.12:576][379]LogModuleManager: Shutting down and abandoning module LevelSequenceEditor (462)
[2017.05.12-19.17.12:577][379]LogModuleManager: Shutting down and abandoning module PlacementMode (461)
[2017.05.12-19.17.12:577][379]LogModuleManager: Shutting down and abandoning module WmfMediaFactory (458)
[2017.05.12-19.17.12:577][379]LogModuleManager: Shutting down and abandoning module WmfMediaEditor (456)
[2017.05.12-19.17.12:577][379]LogModuleManager: Shutting down and abandoning module MfMediaFactory (454)
[2017.05.12-19.17.12:577][379]LogModuleManager: Shutting down and abandoning module MfMediaEditor (452)
[2017.05.12-19.17.12:577][379]LogModuleManager: Shutting down and abandoning module AvfMediaFactory (450)
[2017.05.12-19.17.12:577][379]LogModuleManager: Shutting down and abandoning module AvfMediaEditor (448)
[2017.05.12-19.17.12:577][379]LogModuleManager: Shutting down and abandoning module AndroidMediaFactory (446)
[2017.05.12-19.17.12:577][379]LogModuleManager: Shutting down and abandoning module Media (445)
[2017.05.12-19.17.12:577][379]LogModuleManager: Shutting down and abandoning module AndroidMediaEditor (442)
[2017.05.12-19.17.12:577][379]LogModuleManager: Shutting down and abandoning module CharacterAI (440)
[2017.05.12-19.17.12:577][379]LogModuleManager: Shutting down and abandoning module AudioCapture (438)
[2017.05.12-19.17.12:577][379]LogModuleManager: Shutting down and abandoning module SequenceRecorder (437)
[2017.05.12-19.17.12:577][379]LogModuleManager: Shutting down and abandoning module SmartSnapping (434)
[2017.05.12-19.17.12:577][379]LogModuleManager: Shutting down and abandoning module SessionServices (432)
[2017.05.12-19.17.12:577][379]LogModuleManager: Shutting down and abandoning module ViewportSnapping (430)
[2017.05.12-19.17.12:577][379]LogModuleManager: Shutting down and abandoning module ViewportInteraction (428)
[2017.05.12-19.17.12:577][379]LogModuleManager: Shutting down and abandoning module LogVisualizer (426)
[2017.05.12-19.17.12:577][379]LogModuleManager: Shutting down and abandoning module IntroTutorials (424)
[2017.05.12-19.17.12:577][379]LogModuleManager: Shutting down and abandoning module GameProjectGeneration (423)
[2017.05.12-19.17.12:577][379]LogModuleManager: Shutting down and abandoning module EditorLiveStreaming (420)
[2017.05.12-19.17.12:577][379]LogModuleManager: Shutting down and abandoning module IOSPlatformEditor (418)
[2017.05.12-19.17.12:577][379]LogModuleManager: Shutting down and abandoning module HTML5PlatformEditor (416)
[2017.05.12-19.17.12:577][379]LogModuleManager: Shutting down and abandoning module AndroidPlatformEditor (414)
[2017.05.12-19.17.12:577][379]LogModuleManager: Shutting down and abandoning module AndroidDeviceDetection (413)
[2017.05.12-19.17.13:059][379]LogModuleManager: Shutting down and abandoning module IOSRuntimeSettings (410)
[2017.05.12-19.17.13:059][379]LogModuleManager: Shutting down and abandoning module AndroidRuntimeSettings (408)
[2017.05.12-19.17.13:059][379]LogModuleManager: Shutting down and abandoning module InputBindingEditor (406)
[2017.05.12-19.17.13:059][379]LogModuleManager: Shutting down and abandoning module NiagaraEditor (404)
[2017.05.12-19.17.13:059][379]LogModuleManager: Shutting down and abandoning module MergeActors (402)
[2017.05.12-19.17.13:059][379]LogModuleManager: Shutting down and abandoning module SizeMap (400)
[2017.05.12-19.17.13:059][379]LogModuleManager: Shutting down and abandoning module TreeMap (398)
[2017.05.12-19.17.13:059][379]LogModuleManager: Shutting down and abandoning module ReferenceViewer (396)
[2017.05.12-19.17.13:059][379]LogModuleManager: Shutting down and abandoning module LocalizationDashboard (394)
[2017.05.12-19.17.13:059][379]LogModuleManager: Shutting down and abandoning module LocalizationService (393)
[2017.05.12-19.17.13:059][379]LogModuleManager: Shutting down and abandoning module HardwareTargeting (390)
[2017.05.12-19.17.13:059][379]LogModuleManager: Shutting down and abandoning module DeviceProfileEditor (388)
[2017.05.12-19.17.13:059][379]LogModuleManager: Shutting down and abandoning module UndoHistory (386)
[2017.05.12-19.17.13:059][379]LogModuleManager: Shutting down and abandoning module UserFeedback (384)
[2017.05.12-19.17.13:059][379]LogModuleManager: Shutting down and abandoning module XmlParser (382)
[2017.05.12-19.17.13:059][379]LogModuleManager: Shutting down and abandoning module Blutility (380)
[2017.05.12-19.17.13:060][379]LogModuleManager: Shutting down and abandoning module ProjectSettingsViewer (378)
[2017.05.12-19.17.13:060][379]LogModuleManager: Shutting down and abandoning module ProjectTargetPlatformEditor (377)
[2017.05.12-19.17.13:060][379]LogModuleManager: Shutting down and abandoning module EditorSettingsViewer (374)
[2017.05.12-19.17.13:060][379]LogModuleManager: Shutting down and abandoning module SettingsEditor (372)
[2017.05.12-19.17.13:060][379]LogModuleManager: Shutting down and abandoning module ProjectLauncher (370)
[2017.05.12-19.17.13:060][379]LogModuleManager: Shutting down and abandoning module SessionFrontend (368)
[2017.05.12-19.17.13:060][379]LogModuleManager: Shutting down and abandoning module ProfilerClient (366)
[2017.05.12-19.17.13:060][379]LogModuleManager: Shutting down and abandoning module DeviceManager (364)
[2017.05.12-19.17.13:060][379]LogModuleManager: Shutting down and abandoning module TargetDeviceServices (363)
[2017.05.12-19.17.13:103][379]LogModuleManager: Shutting down and abandoning module AutomationController (360)
[2017.05.12-19.17.13:103][379]LogModuleManager: Shutting down and abandoning module AutomationWindow (358)
[2017.05.12-19.17.13:103][379]LogModuleManager: Shutting down and abandoning module Layers (356)
[2017.05.12-19.17.13:103][379]LogModuleManager: Shutting down and abandoning module ComponentVisualizers (354)
[2017.05.12-19.17.13:103][379]LogModuleManager: Shutting down and abandoning module DetailCustomizations (352)
[2017.05.12-19.17.13:103][379]LogModuleManager: Shutting down and abandoning module PackagesDialog (350)
[2017.05.12-19.17.13:104][379]LogModuleManager: Shutting down and abandoning module Persona (348)
[2017.05.12-19.17.13:104][379]LogModuleManager: Shutting down and abandoning module AnimGraph (347)
[2017.05.12-19.17.13:104][379]LogModuleManager: Shutting down and abandoning module Kismet (344)
[2017.05.12-19.17.13:105][379]LogModuleManager: Shutting down and abandoning module GraphEditor (342)
[2017.05.12-19.17.13:105][379]LogModuleManager: Shutting down and abandoning module ClassViewer (340)
[2017.05.12-19.17.13:108][379]LogModuleManager: Shutting down and abandoning module Toolbox (338)
[2017.05.12-19.17.13:108][379]LogModuleManager: Shutting down and abandoning module ModuleUI (336)
[2017.05.12-19.17.13:108][379]LogModuleManager: Shutting down and abandoning module MovieSceneTools (334)
[2017.05.12-19.17.13:108][379]LogModuleManager: Shutting down and abandoning module OutputLog (332)
[2017.05.12-19.17.13:108][379]LogModuleManager: Shutting down and abandoning module GammaUI (330)
[2017.05.12-19.17.13:108][379]LogModuleManager: Shutting down and abandoning module Documentation (328)
[2017.05.12-19.17.13:109][379]LogModuleManager: Shutting down and abandoning module Niagara (326)
[2017.05.12-19.17.13:109][379]LogModuleManager: Shutting down and abandoning module StreamingPauseRendering (324)
[2017.05.12-19.17.13:109][379]LogModuleManager: Shutting down and abandoning module AnalyticsET (322)
[2017.05.12-19.17.13:109][379]LogModuleManager: Shutting down and abandoning module PortalServices (320)
[2017.05.12-19.17.13:109][379]LogModuleManager: Shutting down and abandoning module PortalRpc (318)
[2017.05.12-19.17.13:109][379]LogModuleManager: Shutting down and abandoning module MessagingRpc (316)
[2017.05.12-19.17.13:109][379]LogModuleManager: Shutting down and abandoning module AIModule (314)
[2017.05.12-19.17.13:109][379]LogModuleManager: Shutting down and abandoning module GameplayDebugger (313)
[2017.05.12-19.17.13:109][379]LogModuleManager: Shutting down and abandoning module AITestSuite (311)
[2017.05.12-19.17.13:109][379]LogModuleManager: Shutting down and abandoning module ProfilerService (308)
[2017.05.12-19.17.13:318][379]LogModuleManager: Shutting down and abandoning module TaskGraph (306)
[2017.05.12-19.17.13:319][379]LogModuleManager: Shutting down and abandoning module SteamVRController (304)
[2017.05.12-19.17.13:319][379]LogModuleManager: Shutting down and abandoning module SteamVR (302)
[2017.05.12-19.17.13:319][379]LogModuleManager: Shutting down and abandoning module ProceduralMeshComponentEditor (300)
[2017.05.12-19.17.13:319][379]LogModuleManager: Shutting down and abandoning module ProceduralMeshComponent (298)
[2017.05.12-19.17.13:319][379]LogModuleManager: Shutting down and abandoning module OculusLibrary (296)
[2017.05.12-19.17.13:319][379]LogModuleManager: Shutting down and abandoning module OculusInput (294)
[2017.05.12-19.17.13:319][379]LogModuleManager: Shutting down and abandoning module MobilePatchingUtils (292)
[2017.05.12-19.17.13:319][379]LogModuleManager: Shutting down and abandoning module CustomMeshComponent (290)
[2017.05.12-19.17.13:319][379]LogModuleManager: Shutting down and abandoning module CableComponent (288)
[2017.05.12-19.17.13:319][379]LogModuleManager: Shutting down and abandoning module ArchVisCharacter (286)
[2017.05.12-19.17.13:319][379]LogModuleManager: Shutting down and abandoning module MediaPlayerEditor (282)
[2017.05.12-19.17.13:319][379]LogModuleManager: Shutting down and abandoning module HTML5Networking (280)
[2017.05.12-19.17.13:319][379]LogModuleManager: Shutting down and abandoning module AlembicImporter (278)
[2017.05.12-19.17.13:319][379]LogModuleManager: Shutting down and abandoning module AlembicLibrary (277)
[2017.05.12-19.17.13:319][379]LogModuleManager: Shutting down and abandoning module GeometryCache (276)
[2017.05.12-19.17.13:319][379]LogModuleManager: Shutting down and abandoning module GeometryCacheEd (275)
[2017.05.12-19.17.13:319][379]LogModuleManager: Shutting down and abandoning module SuperSearchEditor (270)
[2017.05.12-19.17.13:319][379]LogModuleManager: Shutting down and abandoning module SuperSearch (269)
[2017.05.12-19.17.13:319][379]LogModuleManager: Shutting down and abandoning module SpeedTreeImporter (266)
[2017.05.12-19.17.13:319][379]LogModuleManager: Shutting down and abandoning module PluginBrowser (264)
[2017.05.12-19.17.13:319][379]LogModuleManager: Shutting down and abandoning module MobileLauncherProfileWizard (262)
[2017.05.12-19.17.13:319][379]LogModuleManager: Shutting down and abandoning module EpicSurvey (260)
[2017.05.12-19.17.13:319][379]LogModuleManager: Shutting down and abandoning module VisualStudioSourceCodeAccess (258)
[2017.05.12-19.17.13:320][379]LogModuleManager: Shutting down and abandoning module DesktopPlatform (257)
[2017.05.12-19.17.13:320][379]LogModuleManager: Shutting down and abandoning module UObjectPlugin (254)
[2017.05.12-19.17.13:320][379]LogModuleManager: Shutting down and abandoning module SubversionSourceControl (252)
[2017.05.12-19.17.13:320][379]LogModuleManager: Shutting down and abandoning module PerforceSourceControl (250)
[2017.05.12-19.17.13:320][379]LogModuleManager: Shutting down and abandoning module GitSourceControl (248)
[2017.05.12-19.17.13:320][379]LogModuleManager: Shutting down and abandoning module SourceControl (247)
[2017.05.12-19.17.13:320][379]LogModuleManager: Shutting down and abandoning module LightPropagationVolumeEditor (244)
[2017.05.12-19.17.13:320][379]LogModuleManager: Shutting down and abandoning module PaperTiledImporter (242)
[2017.05.12-19.17.13:320][379]LogModuleManager: Shutting down and abandoning module PaperSpriteSheetImporter (240)
[2017.05.12-19.17.13:320][379]LogModuleManager: Shutting down and abandoning module Paper2DEditor (238)
[2017.05.12-19.17.13:320][379]LogModuleManager: Shutting down and abandoning module MeshPaint (237)
[2017.05.12-19.17.13:320][379]LogModuleManager: Shutting down and abandoning module LevelEditor (235)
[2017.05.12-19.17.13:322][379]LogModuleManager: Shutting down and abandoning module PixelInspectorModule (234)
[2017.05.12-19.17.13:322][379]LogModuleManager: Shutting down and abandoning module MainFrame (232)
[2017.05.12-19.17.13:322][379]LogModuleManager: Shutting down and abandoning module HotReload (231)
[2017.05.12-19.17.13:322][379]LogDirectoryWatcher: A directory notification for 'C:/Users/James Farrow/Documents/MyRepo/BuildingEscape/BuildingEscape/Binaries/Win64' was aborted.
[2017.05.12-19.17.13:324][379]LogModuleManager: Shutting down and abandoning module ContentBrowser (227)
[2017.05.12-19.17.13:326][379]LogModuleManager: Shutting down and abandoning module PhysXVehiclesEditor (222)
[2017.05.12-19.17.13:326][379]LogModuleManager: Shutting down and abandoning module PhysXVehicles (220)
[2017.05.12-19.17.13:326][379]LogModuleManager: Shutting down and abandoning module LocationServicesBPLibrary (218)
[2017.05.12-19.17.13:326][379]LogModuleManager: Shutting down and abandoning module UdpMessaging (216)
[2017.05.12-19.17.13:427][379]LogModuleManager: Shutting down and abandoning module TcpMessaging (214)
[2017.05.12-19.17.13:527][379]LogModuleManager: Shutting down and abandoning module GameplayTagsEditor (212)
[2017.05.12-19.17.13:527][379]LogModuleManager: Shutting down and abandoning module FacialAnimationEditor (210)
[2017.05.12-19.17.13:527][379]LogModuleManager: Shutting down and abandoning module FacialAnimation (208)
[2017.05.12-19.17.13:527][379]LogModuleManager: Shutting down and abandoning module LightPropagationVolumeRuntime (206)
[2017.05.12-19.17.13:527][379]LogModuleManager: Shutting down and abandoning module Paper2D (204)
[2017.05.12-19.17.13:528][379]LogModuleManager: Shutting down and abandoning module WindowsMoviePlayer (202)
[2017.05.12-19.17.13:528][379]LogModuleManager: Shutting down and abandoning module WmfMedia (200)
[2017.05.12-19.17.13:528][379]LogModuleManager: Shutting down and abandoning module MfMedia (198)
[2017.05.12-19.17.13:528][379]LogModuleManager: Shutting down and abandoning module MediaAssets (196)
[2017.05.12-19.17.13:528][379]LogModuleManager: Shutting down and abandoning module GameLiveStreaming (194)
[2017.05.12-19.17.13:528][379]LogModuleManager: Shutting down and abandoning module VREditor (192)
[2017.05.12-19.17.13:528][379]LogModuleManager: Shutting down and abandoning module GameplayTasksEditor (190)
[2017.05.12-19.17.13:528][379]LogModuleManager: Shutting down and abandoning module BehaviorTreeEditor (188)
[2017.05.12-19.17.13:529][379]LogModuleManager: Shutting down and abandoning module FunctionalTesting (186)
[2017.05.12-19.17.13:529][379]LogModuleManager: Shutting down and abandoning module CollisionAnalyzer (184)
[2017.05.12-19.17.13:529][379]LogModuleManager: Shutting down and abandoning module UMG (182)
[2017.05.12-19.17.13:529][379]LogModuleManager: Shutting down and abandoning module UMGEditor (181)
[2017.05.12-19.17.13:529][379]LogModuleManager: Shutting down and abandoning module Sequencer (180)
[2017.05.12-19.17.13:529][379]LogModuleManager: Shutting down and abandoning module AssetTools (178)
[2017.05.12-19.17.13:529][379]LogModuleManager: Shutting down and abandoning module MessageLog (177)
[2017.05.12-19.17.13:529][379]LogModuleManager: Shutting down and abandoning module WorkspaceMenuStructure (176)
[2017.05.12-19.17.13:529][379]LogModuleManager: Shutting down and abandoning module SlateReflector (170)
[2017.05.12-19.17.13:529][379]LogModuleManager: Shutting down and abandoning module Slate (168)
[2017.05.12-19.17.13:529][379]LogModuleManager: Shutting down and abandoning module EditorStyle (166)
[2017.05.12-19.17.13:541][379]LogModuleManager: Shutting down and abandoning module SourceCodeAccess (164)
[2017.05.12-19.17.13:541][379]LogModuleManager: Shutting down and abandoning module HeadMountedDisplay (162)
[2017.05.12-19.17.13:541][379]LogModuleManager: Shutting down and abandoning module XAudio2 (160)
[2017.05.12-19.17.13:541][379]LogModuleManager: Shutting down and abandoning module Networking (158)
[2017.05.12-19.17.13:541][379]LogModuleManager: Shutting down and abandoning module Core (154)
[2017.05.12-19.17.13:541][379]LogModuleManager: Shutting down and abandoning module AssetRegistry (152)
[2017.05.12-19.17.13:756][379]LogDirectoryWatcher: A directory notification for '../../../Engine/Content/' was aborted.
[2017.05.12-19.17.13:756][379]LogDirectoryWatcher: A directory notification for '../../../../../../Users/James Farrow/Documents/MyRepo/BuildingEscape/BuildingEscape/Content/' was aborted.
[2017.05.12-19.17.13:756][379]LogDirectoryWatcher: A directory notification for '../../../Engine/Plugins/2D/Paper2D/Content/' was aborted.
[2017.05.12-19.17.13:757][379]LogModuleManager: Shutting down and abandoning module DirectoryWatcher (151)
[2017.05.12-19.17.13:759][379]LogModuleManager: Shutting down and abandoning module KismetCompiler (148)
[2017.05.12-19.17.13:759][379]LogModuleManager: Shutting down and abandoning module PhysXFormats (146)
[2017.05.12-19.17.13:759][379]LogModuleManager: Shutting down and abandoning module MeshUtilities (144)
[2017.05.12-19.17.13:759][379]LogModuleManager: Shutting down and abandoning module SimplygonSwarm (143)
[2017.05.12-19.17.13:759][379]LogModuleManager: Shutting down and abandoning module SimplygonMeshReduction (141)
[2017.05.12-19.17.13:759][379]LogModuleManager: Shutting down and abandoning module QuadricMeshReduction (139)
[2017.05.12-19.17.13:759][379]LogModuleManager: Shutting down and abandoning module PropertyEditor (137)
[2017.05.12-19.17.13:759][379]LogModuleManager: Shutting down and abandoning module DerivedDataCache (134)
[2017.05.12-19.17.13:803][379]LogDerivedDataCache: Shutdown
[2017.05.12-19.17.13:803][379]LogModuleManager: Shutting down and abandoning module TargetPlatform (132)
[2017.05.12-19.17.13:803][379]LogModuleManager: Shutting down and abandoning module VulkanShaderFormat (131)
[2017.05.12-19.17.13:803][379]LogModuleManager: Shutting down and abandoning module ShaderFormatOpenGL (129)
[2017.05.12-19.17.13:803][379]LogModuleManager: Shutting down and abandoning module ShaderFormatD3D (127)
[2017.05.12-19.17.13:803][379]LogModuleManager: Shutting down and abandoning module MetalShaderFormat (125)
[2017.05.12-19.17.13:803][379]LogModuleManager: Shutting down and abandoning module TextureFormatUncompressed (123)
[2017.05.12-19.17.13:803][379]LogModuleManager: Shutting down and abandoning module TextureFormatPVR (121)
[2017.05.12-19.17.13:803][379]LogModuleManager: Shutting down and abandoning module TextureFormatDXT (119)
[2017.05.12-19.17.13:803][379]LogModuleManager: Shutting down and abandoning module TextureFormatIntelISPCTexComp (117)
[2017.05.12-19.17.13:803][379]LogModuleManager: Shutting down and abandoning module TextureFormatASTC (115)
[2017.05.12-19.17.13:803][379]LogModuleManager: Shutting down and abandoning module ImageWrapper (114)
[2017.05.12-19.17.13:803][379]LogModuleManager: Shutting down and abandoning module TextureFormatAndroid (111)
[2017.05.12-19.17.13:803][379]LogModuleManager: Shutting down and abandoning module AudioFormatOpus (109)
[2017.05.12-19.17.13:803][379]LogModuleManager: Shutting down and abandoning module AudioFormatOgg (107)
[2017.05.12-19.17.13:803][379]LogModuleManager: Shutting down and abandoning module AudioFormatADPCM (105)
[2017.05.12-19.17.13:803][379]LogModuleManager: Shutting down and abandoning module LinuxTargetPlatform (103)
[2017.05.12-19.17.13:803][379]LogModuleManager: Shutting down and abandoning module LinuxServerTargetPlatform (101)
[2017.05.12-19.17.13:803][379]LogModuleManager: Shutting down and abandoning module LinuxNoEditorTargetPlatform (99)
[2017.05.12-19.17.13:803][379]LogModuleManager: Shutting down and abandoning module LinuxClientTargetPlatform (97)
[2017.05.12-19.17.13:803][379]LogModuleManager: Shutting down and abandoning module TVOSTargetPlatform (95)
[2017.05.12-19.17.13:803][379]LogModuleManager: Shutting down and abandoning module Messaging (93)
[2017.05.12-19.17.13:803][379]LogModuleManager: Shutting down and abandoning module IOSTargetPlatform (91)
[2017.05.12-19.17.13:803][379]LogModuleManager: Shutting down and abandoning module HTML5TargetPlatform (89)
[2017.05.12-19.17.13:803][379]LogModuleManager: Shutting down and abandoning module Android_PVRTCTargetPlatform (87)
[2017.05.12-19.17.13:803][379]LogModuleManager: Shutting down and abandoning module Android_MultiTargetPlatform (85)
[2017.05.12-19.17.13:803][379]LogModuleManager: Shutting down and abandoning module Android_ETC2TargetPlatform (83)
[2017.05.12-19.17.13:803][379]LogModuleManager: Shutting down and abandoning module Android_ETC1TargetPlatform (81)
[2017.05.12-19.17.13:803][379]LogModuleManager: Shutting down and abandoning module Android_DXTTargetPlatform (79)
[2017.05.12-19.17.13:803][379]LogModuleManager: Shutting down and abandoning module Android_ATCTargetPlatform (77)
[2017.05.12-19.17.13:803][379]LogModuleManager: Shutting down and abandoning module Android_ASTCTargetPlatform (75)
[2017.05.12-19.17.13:803][379]LogModuleManager: Shutting down and abandoning module AndroidTargetPlatform (73)
[2017.05.12-19.17.13:804][379]LogModuleManager: Shutting down and abandoning module WindowsTargetPlatform (71)
[2017.05.12-19.17.13:804][379]LogModuleManager: Shutting down and abandoning module WindowsServerTargetPlatform (69)
[2017.05.12-19.17.13:804][379]LogModuleManager: Shutting down and abandoning module WindowsNoEditorTargetPlatform (67)
[2017.05.12-19.17.13:804][379]LogModuleManager: Shutting down and abandoning module WindowsClientTargetPlatform (65)
[2017.05.12-19.17.13:804][379]LogModuleManager: Shutting down and abandoning module MacTargetPlatform (63)
[2017.05.12-19.17.13:804][379]LogModuleManager: Shutting down and abandoning module MacServerTargetPlatform (61)
[2017.05.12-19.17.13:804][379]LogModuleManager: Shutting down and abandoning module MacNoEditorTargetPlatform (59)
[2017.05.12-19.17.13:804][379]LogModuleManager: Shutting down and abandoning module MacClientTargetPlatform (57)
[2017.05.12-19.17.13:804][379]LogModuleManager: Shutting down and abandoning module AllDesktopTargetPlatform (55)
[2017.05.12-19.17.13:804][379]LogModuleManager: Shutting down and abandoning module InputCore (52)
[2017.05.12-19.17.13:804][379]LogModuleManager: Shutting down and abandoning module Settings (50)
[2017.05.12-19.17.13:804][379]LogModuleManager: Shutting down and abandoning module OculusRift (48)
[2017.05.12-19.17.13:804][379]LogModuleManager: Shutting down and abandoning module GearVR (46)
[2017.05.12-19.17.13:804][379]LogModuleManager: Shutting down and abandoning module ExampleDeviceProfileSelector (44)
[2017.05.12-19.17.13:804][379]LogModuleManager: Shutting down and abandoning module OnlineBlueprintSupport (42)
[2017.05.12-19.17.13:804][379]LogModuleManager: Shutting down and abandoning module OnlineSubsystem (38)
[2017.05.12-19.17.13:804][379]LogOnline:Display: Unloading online subsystem: NULL
[2017.05.12-19.17.13:804][379]LogModuleManager: Shutting down and abandoning module XMPP (37)
[2017.05.12-19.17.13:804][379]LogModuleManager: Shutting down and abandoning module HTTP (35)
[2017.05.12-19.17.13:804][379]LogHttp:Display: Http module shutting down, but needs to wait on 1 outstanding Http requests:
[2017.05.12-19.17.13:804][379]LogHttp:Display: 	verb=[POST] url=[https://datarouter.ol.epicgames.com/datarouter/api/v1/public/data?SessionID=%7B3BA9CEA1-4DFF-B16E-9502-49869F60FC0A%7D&AppID=UEEditor.Rocket.Release&AppVersion=4.15.2-3416026%2B%2B%2BUE4%2BRelease-4.15&UserID=929c5a0742a4cf2dc269d3b5485dc234%7C7badd898d52649aa9279896153bc72c1%7Cee6c34be-6ad8-49c7-abe6-45b6d289167e&AppEnvironment=datacollector-binary&UploadType=eteventstream] status=Processing
[2017.05.12-19.17.13:836][379]LogModuleManager: Shutting down and abandoning module SSL (34)
[2017.05.12-19.17.13:839][379]LogModuleManager: Shutting down and abandoning module AudioEditor (30)
[2017.05.12-19.17.13:839][379]LogModuleManager: Shutting down and abandoning module TextureCompressor (28)
[2017.05.12-19.17.13:840][379]LogModuleManager: Shutting down and abandoning module ShaderCore (26)
[2017.05.12-19.17.13:840][379]LogModuleManager: Shutting down and abandoning module Landscape (24)
[2017.05.12-19.17.13:840][379]LogModuleManager: Shutting down and abandoning module SlateRHIRenderer (22)
[2017.05.12-19.17.13:843][379]LogModuleManager: Shutting down and abandoning module OpenGLDrv (20)
[2017.05.12-19.17.13:843][379]LogModuleManager: Shutting down and abandoning module D3D11RHI (18)
[2017.05.12-19.17.13:843][379]LogModuleManager: Shutting down and abandoning module AnimGraphRuntime (16)
[2017.05.12-19.17.13:843][379]LogModuleManager: Shutting down and abandoning module Renderer (14)
[2017.05.12-19.17.13:843][379]LogModuleManager: Shutting down and abandoning module Engine (12)
[2017.05.12-19.17.13:843][379]LogModuleManager: Shutting down and abandoning module CoreUObject (10)
[2017.05.12-19.17.13:843][379]LogModuleManager: Shutting down and abandoning module NetworkFile (8)
[2017.05.12-19.17.13:843][379]LogModuleManager: Shutting down and abandoning module StreamingFile (6)
[2017.05.12-19.17.13:843][379]LogModuleManager: Shutting down and abandoning module SandboxFile (4)
[2017.05.12-19.17.13:843][379]LogModuleManager: Shutting down and abandoning module PakFile (2)
[2017.05.12-19.17.13:846][379]LogExit: Exiting.
[2017.05.12-19.17.13:850][379]Log file closed, 05/12/17 20:17:13
