Log file open, 05/21/17 15:04:45
LogInit:Display: Running engine for game: BuildingEscape
LogPlatformFile: Not using cached read wrapper
LogInit:Display: RandInit(219080873) SRandInit(219080873).
LogTaskGraph: Started task graph with 5 named threads and 6 total threads with 1 sets of task threads.
LogStats: Stats thread started at 0.125704
LogInit: Using libcurl 7.47.1
LogInit:  - built for x86_64-pc-win32
LogInit:  - supports SSL with OpenSSL/1.0.2g
LogInit:  - supports HTTP deflate (compression) using libz 1.2.8
LogInit:  - other features:
LogInit:      CURL_VERSION_SSL
LogInit:      CURL_VERSION_LIBZ
LogInit:      CURL_VERSION_IPV6
LogInit:      CURL_VERSION_ASYNCHDNS
LogInit:      CURL_VERSION_LARGEFILE
LogInit:      CURL_VERSION_IDN
LogInit:  CurlRequestOptions (configurable via config and command line):
LogInit:  - bVerifyPeer = false  - Libcurl will NOT verify peer certificate
LogInit:  - bUseHttpProxy = false  - Libcurl will NOT use HTTP proxy
LogInit:  - bDontReuseConnections = false  - Libcurl will reuse connections
LogInit:  - CertBundlePath = nullptr  - Libcurl will use whatever was configured at build time.
LogInit: Build: ++UE4+Release-4.15-CL-3416026
LogInit: Engine Version: 4.15.2-3416026+++UE4+Release-4.15
LogInit: Compatible Engine Version: 4.15.0-3299760+++UE4+Release-4.15
LogInit: Net CL: 3299760
LogDevObjectVersion: Number of dev versions registered: 14
LogDevObjectVersion:   Dev-Blueprints (B0D832E4-1F89-4F0D-ACCF-7EB736FD4AA2): 8
LogDevObjectVersion:   Dev-Build (E1C64328-A22C-4D53-A36C-8E866417BD8C): 0
LogDevObjectVersion:   Dev-Core (375EC13C-06E4-48FB-B500-84F0262A717E): 2
LogDevObjectVersion:   Dev-Editor (E4B068ED-F494-42E9-A231-DA0B2E46BB41): 14
LogDevObjectVersion:   Dev-Framework (CFFC743F-43B0-4480-9391-14DF171D2073): 22
LogDevObjectVersion:   Dev-Mobile (B02B49B5-BB20-44E9-A304-32B752E40360): 0
LogDevObjectVersion:   Dev-Networking (A4E4105C-59A1-49B5-A7C5-40C4547EDFEE): 0
LogDevObjectVersion:   Dev-Online (39C831C9-5AE6-47DC-9A44-9C173E1C8E7C): 0
LogDevObjectVersion:   Dev-Physics (78F01B33-EBEA-4F98-B9B4-84EACCB95AA2): 0
LogDevObjectVersion:   Dev-Platform (6631380F-2D4D-43E0-8009-CF276956A95A): 0
LogDevObjectVersion:   Dev-Rendering (12F88B9F-8875-4AFC-A67C-D90C383ABD29): 12
LogDevObjectVersion:   Dev-Sequencer (7B5AE74C-D270-4C10-A958-57980B212A5A): 3
LogDevObjectVersion:   Dev-VR (D7296918-1DD6-4BDD-9DE2-64A83CC13884): 0
LogDevObjectVersion:   Dev-LoadTimes (C2A15278-BFE7-4AFE-6C17-90FF531DF755): 1
LogInit: Compiled (64-bit): May  1 2017 13:11:28
LogInit: Compiled with Visual C++: 19.00.23026.00
LogInit: Build Configuration: Development
LogInit: Branch Name: ++UE4+Release-4.15
LogInit: Command line:  
LogInit: Base directory: C:/Program Files/Epic Games/UE_4.15/Engine/Binaries/Win64/
LogInit: Installed Engine Build: 1
LogInit: Presizing for max 8388607 objects, including 0 objects not considered by GC, pre-allocating 0 bytes for permanent pool.
LogInit: Object subsystem initialized
[2017.05.21-14.04.46:856][  0]LogInit: Selected Device Profile: [Windows]
[2017.05.21-14.04.46:856][  0]LogInit: Applying CVar settings loaded from the selected device profile: [Windows]
[2017.05.21-14.04.46:893][  0]LogInit: Computer: DESKTOP-BHBDUN9
[2017.05.21-14.04.46:893][  0]LogInit: User: JamesFarrow
[2017.05.21-14.04.46:893][  0]LogInit: CPU Page size=65536, Cores=2
[2017.05.21-14.04.46:893][  0]LogInit: High frequency timer resolution =2.148436 MHz
[2017.05.21-14.04.46:893][  0]LogMemory: Memory total: Physical=7.9GB (8GB approx)
[2017.05.21-14.04.46:893][  0]LogMemory: Platform Memory Stats for Windows
[2017.05.21-14.04.46:893][  0]LogMemory: Process Physical Memory: 262.70 MB used, 262.70 MB peak
[2017.05.21-14.04.46:893][  0]LogMemory: Process Virtual Memory: 262.21 MB used, 262.21 MB peak
[2017.05.21-14.04.46:893][  0]LogMemory: Physical Memory: 2677.57 MB used,  5416.84 MB free, 8094.41 MB total
[2017.05.21-14.04.46:893][  0]LogMemory: Virtual Memory: 643.08 MB used,  5416.84 MB free, 134217728.00 MB total
[2017.05.21-14.04.47:944][  0]LogTextLocalizationManager: No specific translations for ('en-GB') exist, so ('en') translations will be used.
[2017.05.21-14.04.49:322][  0]LogD3D11RHI: D3D11 adapters:
[2017.05.21-14.04.49:328][  0]LogD3D11RHI:    0. 'Intel(R) HD Graphics 6000' (Feature Level 11_0)
[2017.05.21-14.04.49:328][  0]LogD3D11RHI:       128/0/4047 MB DedicatedVideo/DedicatedSystem/SharedSystem, Outputs:1, VendorId:0x8086
[2017.05.21-14.04.49:330][  0]LogD3D11RHI:    1. 'Microsoft Basic Render Driver' (Feature Level 11_0)
[2017.05.21-14.04.49:330][  0]LogD3D11RHI:       0/0/4047 MB DedicatedVideo/DedicatedSystem/SharedSystem, Outputs:0, VendorId:0x1414
[2017.05.21-14.04.49:330][  0]LogD3D11RHI: Chosen D3D11 Adapter: 0
[2017.05.21-14.04.49:333][  0]LogD3D11RHI: Creating new Direct3DDevice
[2017.05.21-14.04.49:333][  0]LogD3D11RHI:     GPU DeviceId: 0x1626 (for the marketing name, search the web for "GPU Device Id")
[2017.05.21-14.04.49:333][  0]LogWindows: EnumDisplayDevices:
[2017.05.21-14.04.49:333][  0]LogWindows:    0. 'Intel(R) HD Graphics 6000' (P:1 D:1)
[2017.05.21-14.04.49:334][  0]LogWindows:    1. 'Intel(R) HD Graphics 6000' (P:0 D:0)
[2017.05.21-14.04.49:334][  0]LogWindows:    2. 'Intel(R) HD Graphics 6000' (P:0 D:0)
[2017.05.21-14.04.49:334][  0]LogWindows: DebugString: FoundDriverCount:3 
[2017.05.21-14.04.49:334][  0]LogD3D11RHI:     Adapter Name: Intel(R) HD Graphics 6000
[2017.05.21-14.04.49:334][  0]LogD3D11RHI:   Driver Version: 20.19.15.4531 (internal:20.19.15.4531, unified:20.19.15.4531)
[2017.05.21-14.04.49:334][  0]LogD3D11RHI:      Driver Date: 9-29-2016
[2017.05.21-14.04.49:334][  0]LogRHI: Texture pool is 1361 MB (70% of 1945 MB)
[2017.05.21-14.04.49:339][  0]LogD3D11RHI: Async texture creation enabled
[2017.05.21-14.04.49:344][  0]LogD3D11RHI: GPU Timing Frequency: 12.500000 (Debug: 2 0)
[2017.05.21-14.04.49:345][  0]LogShaderCompilers: Guid format shader working directory is -30 characters bigger than the processId version (../../../../../../Users/James Farrow/Documents/MyRepo/BuildingEscape/BuildingEscape/Intermediate/Shaders/WorkingDirectory/6148/).
[2017.05.21-14.04.49:345][  0]LogShaderCompilers: Cleaned the shader compiler working directory 'C:/Users/James Farrow/AppData/Local/Temp/UnrealShaderWorkingDir/0BDAF8CB40EAFC79956F619376B9CC29/'.
[2017.05.21-14.04.49:345][  0]LogShaderCompilers:Display: Using Local Shader Compiler.
[2017.05.21-14.04.51:333][  0]LogTemp:Display: Loaded TP AllDesktopTargetPlatform
[2017.05.21-14.04.51:429][  0]LogTemp:Display: Loaded TP MacClientTargetPlatform
[2017.05.21-14.04.51:523][  0]LogTemp:Display: Loaded TP MacNoEditorTargetPlatform
[2017.05.21-14.04.51:636][  0]LogTemp:Display: Loaded TP MacServerTargetPlatform
[2017.05.21-14.04.51:762][  0]LogTemp:Display: Loaded TP MacTargetPlatform
[2017.05.21-14.04.51:869][  0]LogTemp:Display: Loaded TP WindowsClientTargetPlatform
[2017.05.21-14.04.51:965][  0]LogTemp:Display: Loaded TP WindowsNoEditorTargetPlatform
[2017.05.21-14.04.52:067][  0]LogTemp:Display: Loaded TP WindowsServerTargetPlatform
[2017.05.21-14.04.52:151][  0]LogTemp:Display: Loaded TP WindowsTargetPlatform
[2017.05.21-14.04.52:251][  0]LogTemp:Display: Loaded TP AndroidTargetPlatform
[2017.05.21-14.04.52:358][  0]LogTemp:Display: Loaded TP Android_ASTCTargetPlatform
[2017.05.21-14.04.52:456][  0]LogTemp:Display: Loaded TP Android_ATCTargetPlatform
[2017.05.21-14.04.52:550][  0]LogTemp:Display: Loaded TP Android_DXTTargetPlatform
[2017.05.21-14.04.52:647][  0]LogTemp:Display: Loaded TP Android_ETC1TargetPlatform
[2017.05.21-14.04.52:752][  0]LogTemp:Display: Loaded TP Android_ETC2TargetPlatform
[2017.05.21-14.04.52:948][  0]LogTemp:Display: Loaded TP Android_MultiTargetPlatform
[2017.05.21-14.04.52:948][  0]LogTemp:Display: Loaded TP Android_PVRTCTargetPlatform
[2017.05.21-14.04.53:063][  0]LogTemp:Display: Loaded TP HTML5TargetPlatform
[2017.05.21-14.04.53:281][  0]LogTemp:Display: Loaded TP IOSTargetPlatform
[2017.05.21-14.04.53:336][  0]LogTemp:Display: Loaded TP TVOSTargetPlatform
[2017.05.21-14.04.53:424][  0]LogTemp:Display: Loaded TP LinuxClientTargetPlatform
[2017.05.21-14.04.53:516][  0]LogTemp:Display: Loaded TP LinuxNoEditorTargetPlatform
[2017.05.21-14.04.53:607][  0]LogTemp:Display: Loaded TP LinuxServerTargetPlatform
[2017.05.21-14.04.53:709][  0]LogTemp:Display: Loaded TP LinuxTargetPlatform
[2017.05.21-14.04.53:709][  0]LogTargetPlatformManager:Display: Building Assets For Windows
[2017.05.21-14.04.55:105][  0]LogDerivedDataCache:Display: Max Cache Size: 512 MB
[2017.05.21-14.04.55:927][  0]LogDerivedDataCache: Loaded boot cache 0.82s 50MB C:/Users/James Farrow/AppData/Local/UnrealEngine/4.15/DerivedDataCache/Boot.ddc.
[2017.05.21-14.04.55:927][  0]LogDerivedDataCache:Display: Loaded Boot cache: C:/Users/James Farrow/AppData/Local/UnrealEngine/4.15/DerivedDataCache/Boot.ddc
[2017.05.21-14.04.55:927][  0]LogDerivedDataCache: FDerivedDataBackendGraph:  Pak pak cache file ../../../../../../Users/James Farrow/Documents/MyRepo/BuildingEscape/BuildingEscape/DerivedDataCache/DDC.ddp not found, will not use a pak cache.
[2017.05.21-14.04.55:927][  0]LogDerivedDataCache: Unable to find inner node Pak for hierarchical cache Hierarchy.
[2017.05.21-14.04.55:927][  0]LogDerivedDataCache: FDerivedDataBackendGraph:  CompressedPak pak cache file ../../../../../../Users/James Farrow/Documents/MyRepo/BuildingEscape/BuildingEscape/DerivedDataCache/Compressed.ddp not found, will not use a pak cache.
[2017.05.21-14.04.55:927][  0]LogDerivedDataCache: Unable to find inner node CompressedPak for hierarchical cache Hierarchy.
[2017.05.21-14.04.55:983][  0]LogDerivedDataCache:Display: Pak cache opened for reading ../../../Engine/DerivedDataCache/Compressed.ddp.
[2017.05.21-14.04.56:006][  0]LogDerivedDataCache: Using Local data cache path C:/Users/James Farrow/AppData/Local/UnrealEngine/Common/DerivedDataCache: Writable
[2017.05.21-14.04.56:016][  0]LogSlate: Using Freetype 2.6.0
[2017.05.21-14.04.56:094][  0]LogSlate: SlateFontCache - WITH_FREETYPE: 1, WITH_HARFBUZZ: 1
[2017.05.21-14.04.56:094][  0]LogSlate: SlateFontCache - WITH_FREETYPE: 1, WITH_HARFBUZZ: 1
[2017.05.21-14.04.59:696][  0]LogInit: Selected Device Profile: [Windows]
[2017.05.21-14.04.59:702][  0]LogContentStreaming: Texture pool size is 0.00 MB
[2017.05.21-14.05.00:047][  0]LogMeshUtilities: Using QuadricMeshReduction for automatic static mesh reduction
[2017.05.21-14.05.00:155][  0]LogSimplygon: Simplygon DLL not present - disabling.
[2017.05.21-14.05.00:277][  0]LogMeshUtilities: Using SimplygonSwarm for distributed automatic mesh merging
[2017.05.21-14.05.00:277][  0]LogMeshUtilities: No automatic skeletal mesh reduction module available
[2017.05.21-14.05.00:277][  0]LogMeshUtilities: No automatic mesh merging module available
[2017.05.21-14.05.01:460][  0]LogNetVersion: GetLocalNetworkVersion: CL: 3299760, ProjectName: buildingescape, ProjectVersion: , EngineNetworkVersion: 2, GameNetworkVersion: 0, NetworkChecksum: 4140618008
[2017.05.21-14.05.01:546][  0]LogAssetRegistry: FAssetRegistry took 0.0220 seconds to start up
[2017.05.21-14.05.01:649][  0]LogPackageLocalizationCache: Processed 3 localized package path(s) for 2 prioritized culture(s) in 0.073578 seconds
[2017.05.21-14.05.01:656][  0]LogUObjectArray: 32493 objects as part of root set at end of initial load.
[2017.05.21-14.05.01:656][  0]LogUObjectAllocator: 7077032 out of 0 bytes used by permanent object pool.
[2017.05.21-14.05.01:656][  0]LogUObjectArray: CloseDisregardForGC: 0/0 objects in disregard for GC pool
[2017.05.21-14.05.01:854][  0]LogInit: WinSock: version 1.1 (2.2), MaxSocks=32767, MaxUdp=65467
[2017.05.21-14.05.12:695][  0]LogTcpMessaging: Initializing TcpMessaging bridge
[2017.05.21-14.05.12:766][  0]LogUdpMessaging: Initializing bridge on interface 0.0.0.0:0 to multicast group 230.0.0.1:6666.
[2017.05.21-14.05.14:056][  0]LogMaterial: Uniform references updated for custom material expression Custom.
[2017.05.21-14.05.14:774][  0]SourceControl: Info Source control is disabled
[2017.05.21-14.05.15:842][  0]SourceControl: Info Source control is disabled
[2017.05.21-14.05.16:077][  0]SourceControl: Info Source control is disabled
[2017.05.21-14.05.16:223][  0]SourceControl: Info Source control is disabled
[2017.05.21-14.05.19:493][  0]LogEngine: Initializing Engine...
[2017.05.21-14.05.19:494][  0]LogHMD: Failed to initialize OpenVR with code 110
[2017.05.21-14.05.19:663][  0]LogStats: UGameplayTagsManager::ConstructGameplayTagTree: Construct from data asset -  0.000 s
[2017.05.21-14.05.19:663][  0]LogStats: UGameplayTagsManager::ConstructGameplayTagTree: GameplayTagTreeChangedEvent.Broadcast -  0.000 s
[2017.05.21-14.05.19:896][  0]LogAIModule: Creating AISystem for world Untitled
[2017.05.21-14.05.19:903][  0]LogInit: XAudio2 using 'Speakers (Cirrus Logic CS4208 (AB 126))' : 2 channels at 48 kHz using 32 bits per sample (channel mask 0x3)
[2017.05.21-14.05.20:084][  0]LogInit: FAudioDevice initialized.
[2017.05.21-14.05.20:112][  0]LogDerivedDataCache: Saved boot cache 0.03s 50MB C:/Users/James Farrow/AppData/Local/UnrealEngine/4.15/DerivedDataCache/Boot.ddc.
[2017.05.21-14.05.20:116][  0]LogInit: Texture streaming: Enabled
[2017.05.21-14.05.20:412][  0]LogEngineSessionManager: EngineSessionManager initialized
[2017.05.21-14.05.20:427][  0]LogEngineSessionManager: EngineSessionManager sent abnormal shutdown report. Type=AbnormalShutdown, SessionId={EFF0F7BD-4EE3-8C8E-BDBA-049952C2FF22}
[2017.05.21-14.05.20:755][  0]LogInit: Transaction tracking system initialized
[2017.05.21-14.05.21:551][  0]BlueprintLog: New page: Editor Load
[2017.05.21-14.05.24:052][  0]LocalizationService: Info Localization service is disabled
[2017.05.21-14.05.25:883][  0]LogConsoleResponse:Display: 
[2017.05.21-14.05.26:792][  0]LogCook:Display: Max memory allowance for cook 16384mb min free memory 0mb
[2017.05.21-14.05.26:793][  0]LogCook:Display: Mobile HDR setting 1
[2017.05.21-14.05.27:761][  0]LogFileCache: Scanning file cache for directory 'C:/Users/James Farrow/Documents/MyRepo/BuildingEscape/BuildingEscape/Content/' took 0.02s
[2017.05.21-14.05.29:700][  0]SourceControl: Info Source control is disabled
[2017.05.21-14.05.29:700][  0]Cmd: MAP LOAD FILE="../../../../../../Users/James Farrow/Documents/MyRepo/BuildingEscape/BuildingEscape/Content/NewMap.umap" TEMPLATE=0 SHOWPROGRESS=1 FEATURELEVEL=3
[2017.05.21-14.05.29:702][  0]LightingResults: New page: Lighting Build
[2017.05.21-14.05.29:788][  0]MapCheck: New page: Map Check
[2017.05.21-14.05.29:788][  0]LightingResults: New page: Lighting Build
[2017.05.21-14.05.32:142][  0]LogAIModule: Creating AISystem for world NewMap
[2017.05.21-14.05.32:187][  0]LogEditorServer: Finished looking for orphan Actors (0.000 secs)
[2017.05.21-14.05.32:188][  0]Cmd: MAP CHECKDEP NOCLEARLOG
[2017.05.21-14.05.32:302][  0]MapCheck: Info Map check complete: 0 Error(s), 0 Warning(s), took 113.963ms to complete.
[2017.05.21-14.05.32:302][  0]LogFileHelpers: Loading map 'NewMap' took 2.602
[2017.05.21-14.05.32:644][  0]LogCollectionManager: Loaded 0 collections in 0.002420 seconds
[2017.05.21-14.05.32:787][  0]LogFileCache: Scanning file cache for directory 'C:/Users/James Farrow/Documents/MyRepo/BuildingEscape/BuildingEscape/Saved/Collections/' took 0.01s
[2017.05.21-14.05.32:787][  0]LogFileCache: Scanning file cache for directory 'C:/Users/James Farrow/Documents/MyRepo/BuildingEscape/BuildingEscape/Content/Developers/JamesFarrow/Collections/' took 0.01s
[2017.05.21-14.05.32:787][  0]LogFileCache: Scanning file cache for directory 'C:/Users/James Farrow/Documents/MyRepo/BuildingEscape/BuildingEscape/Content/Collections/' took 0.01s
[2017.05.21-14.05.32:787][  0]LogCollectionManager: Rebuilt the GUID cache for 0 collections in 0.000001 seconds
[2017.05.21-14.05.32:798][  0]LogContentBrowser: Native class hierarchy populated in 0.0107 seconds. Added 2249 classes and 455 folders.
[2017.05.21-14.05.32:892][  0]LogContentBrowser: Native class hierarchy updated for 'WidgetCarousel' in 0.0025 seconds. Added 0 classes and 0 folders.
[2017.05.21-14.05.33:621][  0]LogContentBrowser: Native class hierarchy updated for 'AddContentDialog' in 0.0085 seconds. Added 0 classes and 0 folders.
[2017.05.21-14.05.33:749][  0]LogContentBrowser: Native class hierarchy updated for 'SceneOutliner' in 0.0027 seconds. Added 1 classes and 2 folders.
[2017.05.21-14.05.33:818][  0]LogCrashTracker: Crashtracker disabled due to settings.
[2017.05.21-14.05.33:824][  0]LogUObjectGlobals:Warning: Failed to find object 'Class None.'
[2017.05.21-14.05.33:975][  0]LogContentBrowser: Native class hierarchy updated for 'HierarchicalLODOutliner' in 0.0027 seconds. Added 1 classes and 2 folders.
[2017.05.21-14.05.33:975][  0]LogLoad: (Engine Initialization) Total time: 51.95 seconds
[2017.05.21-14.05.33:976][  0]LogLoad: (Engine Initialization) Total Blueprint compile time: 0.19 seconds
[2017.05.21-14.05.33:976][  0]LogExternalProfiler: No external profilers were discovered.  External profiling features will not be available.
[2017.05.21-14.05.34:317][  0]LogOcInput: OculusInput pre-init called
[2017.05.21-14.05.34:344][  0]LogContentStreaming: Texture pool size now 1000 MB
[2017.05.21-14.05.34:360][  0]LogSlate: Took 0.015264 seconds to synchronously load lazily loaded font '../../../Engine/Content/Slate/Fonts/Roboto-Regular.ttf' (155K)
[2017.05.21-14.05.34:378][  0]LogSlate: Took 0.011034 seconds to synchronously load lazily loaded font '../../../Engine/Content/Slate/Fonts/Roboto-Bold.ttf' (160K)
[2017.05.21-14.05.34:395][  0]LogSlate: Took 0.008432 seconds to synchronously load lazily loaded font '../../../Engine/Content/Editor/Slate/Fonts/FontAwesome.ttf' (139K)
[2017.05.21-14.05.34:397][  0]LogSlate: Took 0.001505 seconds to synchronously load lazily loaded font '../../../Engine/Content/Editor/Slate/Fonts/DroidSansMono.ttf' (77K)
[2017.05.21-14.05.34:591][  0]LogRenderer: Reallocating scene render targets to support 872x436 NumSamples 1 (Frame:2).
[2017.05.21-14.05.35:460][  2]LogAssetRegistry: Asset discovery search completed in 33.9365 seconds
[2017.05.21-14.05.35:461][  2]LogCollectionManager: Rebuilt the object cache for 0 collections in 0.000017 seconds (found 0 objects)
[2017.05.21-14.05.35:461][  2]LogCollectionManager: Fixed up redirectors for 0 collections in 0.000452 seconds (updated 0 objects)
[2017.05.21-14.29.16:955][633]LogEditorViewport: Clicking on Actor (LMB): StaticMeshActor (SM_Chair)
[2017.05.21-14.29.19:583][750]LogSlate: Took 0.044925 seconds to synchronously load lazily loaded font '../../../Engine/Content/Editor/Slate/Fonts/Roboto-Italic.ttf' (157K)
[2017.05.21-14.39.52:817][171]LogHotReload: New module detected: UE4Editor-BuildingEscape-4439.dll
[2017.05.21-14.39.56:499][183]LogHotReload: Starting Hot-Reload from IDE
[2017.05.21-14.39.56:728][183]LogSlate: Took 0.011081 seconds to synchronously load lazily loaded font '../../../Engine/Content/Slate/Fonts/Roboto-Light.ttf' (159K)
[2017.05.21-14.39.56:980][183]LogContentBrowser: Native class hierarchy updated for 'BuildingEscape' in 0.0029 seconds. Added 4 classes and 2 folders.
[2017.05.21-14.39.56:982][183]Display: HotReload successful (0 functions remapped  0 scriptstructs remapped)
[2017.05.21-14.39.57:076][183]LogContentBrowser: Native class hierarchy populated in 0.0114 seconds. Added 2251 classes and 459 folders.
[2017.05.21-14.39.57:132][183]Display: HotReload took  0.6s.
[2017.05.21-14.48.04:290][696]Recompiling BuildingEscape...
[2017.05.21-14.48.04:291][696]Launching UnrealBuildTool... [C:/Program Files/Epic Games/UE_4.15/Engine/Binaries/DotNET/UnrealBuildTool.exe BuildingEscape -ModuleWithSuffix BuildingEscape 6248 Win64 Development -editorrecompile -canskiplink "C:/Users/James Farrow/Documents/MyRepo/BuildingEscape/BuildingEscape/BuildingEscape.uproject" ]
[2017.05.21-14.48.04:296][696]Warning: Starting HotReload took  0.2s.
[2017.05.21-14.48.38:205][618]CompilerResultsLog: New page: Compilation - 21 May 2017 16:48:38
[2017.05.21-14.48.38:205][618]CompilerResultsLog: Info Compiling game modules for hot reload
[2017.05.21-14.48.38:205][618]CompilerResultsLog: Info Parsing headers for BuildingEscapeEditor
[2017.05.21-14.48.38:206][618]CompilerResultsLog: Info   Running UnrealHeaderTool "C:\Users\James Farrow\Documents\MyRepo\BuildingEscape\BuildingEscape\BuildingEscape.uproject" "C:\Users\James Farrow\Documents\MyRepo\BuildingEscape\BuildingEscape\Intermediate\Build\Win64\BuildingEscapeEditor\Development\BuildingEscapeEditor.uhtmanifest" -LogCmds="loginit warning, logexit warning, logdatabase error" -Unattended -WarningsAsErrors -installed
[2017.05.21-14.48.38:206][618]CompilerResultsLog: Info Reflection code generated for BuildingEscapeEditor in 12.9091259 seconds
[2017.05.21-14.48.38:206][618]CompilerResultsLog: Info Performing 4 actions (2 in parallel)
[2017.05.21-14.48.38:207][618]CompilerResultsLog: Info Grabber.cpp
[2017.05.21-14.48.38:207][618]CompilerResultsLog: Info BuildingEscape.generated.cpp
[2017.05.21-14.48.38:207][618]CompilerResultsLog:Error: Error C:\Users\James Farrow\Documents\MyRepo\BuildingEscape\BuildingEscape\Source\BuildingEscape\Grabber.cpp(68) : warning C4996: 'UPhysicsHandleComponent::GrabComponent': Please use GrabComponentAtLocation or GrabComponentAtLocationWithRotation Please update your code to the new API before upgrading to the next release, otherwise your project will no longer compile.
[2017.05.21-14.48.38:207][618]CompilerResultsLog:Error: Error C:\Program Files\Epic Games\UE_4.15\Engine\Source\Runtime\Engine\Classes\PhysicsEngine/PhysicsHandleComponent.h(89) : note: see declaration of 'UPhysicsHandleComponent::GrabComponent'
[2017.05.21-14.48.38:207][618]CompilerResultsLog: Info [3/4] Link UE4Editor-BuildingEscape-6248.dll
[2017.05.21-14.48.38:208][618]CompilerResultsLog: Info [4/4] Link UE4Editor-BuildingEscape-6248.lib
[2017.05.21-14.48.38:208][618]CompilerResultsLog: Info    Creating library C:\Users\James Farrow\Documents\MyRepo\BuildingEscape\BuildingEscape\Intermediate\Build\Win64\UE4Editor\Development\UE4Editor-BuildingEscape-6248.lib and object C:\Users\James Farrow\Documents\MyRepo\BuildingEscape\BuildingEscape\Intermediate\Build\Win64\UE4Editor\Development\UE4Editor-BuildingEscape-6248.exp
[2017.05.21-14.48.38:208][618]CompilerResultsLog: Info    Creating library C:\Users\James Farrow\Documents\MyRepo\BuildingEscape\BuildingEscape\Intermediate\Build\Win64\UE4Editor\Development\UE4Editor-BuildingEscape-6248.suppressed.lib and object C:\Users\James Farrow\Documents\MyRepo\BuildingEscape\BuildingEscape\Intermediate\Build\Win64\UE4Editor\Development\UE4Editor-BuildingEscape-6248.suppressed.exp
[2017.05.21-14.48.38:209][618]CompilerResultsLog: Info Total build time: 33.07 seconds (Local executor: 9.00 seconds)
[2017.05.21-14.48.38:209][618]LogMainFrame: MainFrame: Module compiling took 33.924 seconds
[2017.05.21-14.48.38:306][618]LogContentBrowser: Native class hierarchy updated for 'BuildingEscape' in 0.0027 seconds. Added 4 classes and 2 folders.
[2017.05.21-14.48.38:307][618]Display: HotReload successful (0 functions remapped  0 scriptstructs remapped)
[2017.05.21-14.48.38:351][618]LogContentBrowser: Native class hierarchy populated in 0.0110 seconds. Added 2251 classes and 459 folders.
[2017.05.21-14.48.38:351][618]Display: HotReload took 34.2s.
[2017.05.21-14.48.47:548][865]LogTemp: Repeting last play command: Selected Viewport
[2017.05.21-14.48.47:577][865]LogPlayLevel: PlayLevel: No blueprints needed recompiling
[2017.05.21-14.48.47:578][865]PIE: New page: PIE session: NewMap (21 May 2017 16:48:47)
[2017.05.21-14.48.47:578][865]LogPlayLevel: Creating play world package: /Game/UEDPIE_0_NewMap
[2017.05.21-14.48.47:590][865]LogPlayLevel: PIE: StaticDuplicateObject took: (0.011539s)
[2017.05.21-14.48.47:592][865]LogAIModule: Creating AISystem for world NewMap
[2017.05.21-14.48.47:593][865]LogPlayLevel: PIE: World Init took: (0.002649s)
[2017.05.21-14.48.47:637][865]LogPlayLevel: PIE: Created PIE world by copying editor world from /Game/NewMap.NewMap to /Game/UEDPIE_0_NewMap.NewMap (0.058609s)
[2017.05.21-14.48.47:671][865]LogInit: XAudio2 using 'Speakers (Cirrus Logic CS4208 (AB 126))' : 2 channels at 48 kHz using 32 bits per sample (channel mask 0x3)
[2017.05.21-14.48.47:677][865]LogInit: FAudioDevice initialized.
[2017.05.21-14.48.47:966][865]LogLoad: Game class is 'MyBuildingEscapeGameModeBase_BP_C'
[2017.05.21-14.48.47:968][865]LogWorld: Bringing World /Game/UEDPIE_0_NewMap.NewMap up for play (max tick rate 0) at 2017.05.21-15.48.47
[2017.05.21-14.48.47:969][865]LogWorld: Bringing up level for play took: 0.001871
[2017.05.21-14.48.48:060][865]LogContentBrowser: Native class hierarchy updated for 'MovieSceneCapture' in 0.0025 seconds. Added 11 classes and 0 folders.
[2017.05.21-14.48.48:062][865]LogTemp:Warning: SM_Chair_2 is at X=439.364 Y=-0.691 Z=19.012
[2017.05.21-14.48.48:062][865]PIE: Info Play in editor start time for /Game/UEDPIE_0_NewMap 1.026
[2017.05.21-14.48.55:961][192]LogTemp:Warning: grab key pressed
[2017.05.21-14.48.55:961][192]LogTemp:Warning: Line trace hit: SM_Chair_2
[2017.05.21-14.48.56:293][204]LogTemp:Warning: grab key released
[2017.05.21-14.48.56:423][209]LogTemp:Warning: grab key pressed
[2017.05.21-14.48.56:423][209]LogTemp:Warning: Line trace hit: SM_Chair_2
[2017.05.21-14.49.00:187][363]LogTemp:Warning: grab key released
[2017.05.21-15.10.59:495][484]Recompiling BuildingEscape...
[2017.05.21-15.10.59:495][484]Launching UnrealBuildTool... [C:/Program Files/Epic Games/UE_4.15/Engine/Binaries/DotNET/UnrealBuildTool.exe BuildingEscape -ModuleWithSuffix BuildingEscape 7084 Win64 Development -editorrecompile -canskiplink "C:/Users/James Farrow/Documents/MyRepo/BuildingEscape/BuildingEscape/BuildingEscape.uproject" ]
[2017.05.21-15.10.59:501][484]Warning: Starting HotReload took  0.1s.
[2017.05.21-15.11.20:193][729]CompilerResultsLog: New page: Compilation - 21 May 2017 17:11:20
[2017.05.21-15.11.20:194][729]CompilerResultsLog: Info Compiling game modules for hot reload
[2017.05.21-15.11.20:194][729]CompilerResultsLog: Info Parsing headers for BuildingEscapeEditor
[2017.05.21-15.11.20:194][729]CompilerResultsLog: Info   Running UnrealHeaderTool "C:\Users\James Farrow\Documents\MyRepo\BuildingEscape\BuildingEscape\BuildingEscape.uproject" "C:\Users\James Farrow\Documents\MyRepo\BuildingEscape\BuildingEscape\Intermediate\Build\Win64\BuildingEscapeEditor\Development\BuildingEscapeEditor.uhtmanifest" -LogCmds="loginit warning, logexit warning, logdatabase error" -Unattended -WarningsAsErrors -installed
[2017.05.21-15.11.20:196][729]CompilerResultsLog: Info Reflection code generated for BuildingEscapeEditor in 3.1688134 seconds
[2017.05.21-15.11.20:196][729]CompilerResultsLog: Info Performing 4 actions (2 in parallel)
[2017.05.21-15.11.20:197][729]CompilerResultsLog: Info BuildingEscape.generated.cpp
[2017.05.21-15.11.20:197][729]CompilerResultsLog: Info Grabber.cpp
[2017.05.21-15.11.20:197][729]CompilerResultsLog:Error: Error C:\Users\James Farrow\Documents\MyRepo\BuildingEscape\BuildingEscape\Source\BuildingEscape\Grabber.cpp(77) : warning C4996: 'UPhysicsHandleComponent::GrabComponent': Please use GrabComponentAtLocation or GrabComponentAtLocationWithRotation Please update your code to the new API before upgrading to the next release, otherwise your project will no longer compile.
[2017.05.21-15.11.20:199][729]CompilerResultsLog:Error: Error C:\Program Files\Epic Games\UE_4.15\Engine\Source\Runtime\Engine\Classes\PhysicsEngine/PhysicsHandleComponent.h(89) : note: see declaration of 'UPhysicsHandleComponent::GrabComponent'
[2017.05.21-15.11.20:199][729]CompilerResultsLog: Info [3/4] Link UE4Editor-BuildingEscape-7084.dll
[2017.05.21-15.11.20:200][729]CompilerResultsLog: Info [4/4] Link UE4Editor-BuildingEscape-7084.lib
[2017.05.21-15.11.20:200][729]CompilerResultsLog: Info    Creating library C:\Users\James Farrow\Documents\MyRepo\BuildingEscape\BuildingEscape\Intermediate\Build\Win64\UE4Editor\Development\UE4Editor-BuildingEscape-7084.lib and object C:\Users\James Farrow\Documents\MyRepo\BuildingEscape\BuildingEscape\Intermediate\Build\Win64\UE4Editor\Development\UE4Editor-BuildingEscape-7084.exp
[2017.05.21-15.11.20:201][729]CompilerResultsLog: Info    Creating library C:\Users\James Farrow\Documents\MyRepo\BuildingEscape\BuildingEscape\Intermediate\Build\Win64\UE4Editor\Development\UE4Editor-BuildingEscape-7084.suppressed.lib and object C:\Users\James Farrow\Documents\MyRepo\BuildingEscape\BuildingEscape\Intermediate\Build\Win64\UE4Editor\Development\UE4Editor-BuildingEscape-7084.suppressed.exp
[2017.05.21-15.11.20:203][729]CompilerResultsLog: Info Total build time: 19.27 seconds (Local executor: 9.45 seconds)
[2017.05.21-15.11.20:203][729]LogMainFrame: MainFrame: Module compiling took 20.712 seconds
[2017.05.21-15.11.20:326][729]LogClass: Could not find existing class Grabber in package /Script/BuildingEscape for HotReload, assuming new class
[2017.05.21-15.11.20:330][729]LogHotReload: Re-instancing Grabber after hot-reload.
[2017.05.21-15.11.20:465][729]LogContentBrowser: Native class hierarchy updated for 'BuildingEscape' in 0.0037 seconds. Added 4 classes and 2 folders.
[2017.05.21-15.11.20:468][729]Display: HotReload successful (0 functions remapped  0 scriptstructs remapped)
[2017.05.21-15.11.20:516][729]LogContentBrowser: Native class hierarchy populated in 0.0138 seconds. Added 2251 classes and 459 folders.
[2017.05.21-15.11.20:516][729]Display: HotReload took 21.1s.
[2017.05.21-15.12.13:642][444]LogTemp: Repeting last play command: Selected Viewport
[2017.05.21-15.12.13:673][444]LogPlayLevel: PlayLevel: No blueprints needed recompiling
[2017.05.21-15.12.13:674][444]PIE: New page: PIE session: NewMap (21 May 2017 17:12:13)
[2017.05.21-15.12.13:674][444]LogPlayLevel: Creating play world package: /Game/UEDPIE_0_NewMap
[2017.05.21-15.12.13:695][444]LogPlayLevel: PIE: StaticDuplicateObject took: (0.020681s)
[2017.05.21-15.12.13:698][444]LogAIModule: Creating AISystem for world NewMap
[2017.05.21-15.12.13:699][444]LogPlayLevel: PIE: World Init took: (0.003045s)
[2017.05.21-15.12.13:700][444]LogPlayLevel: PIE: Created PIE world by copying editor world from /Game/NewMap.NewMap to /Game/UEDPIE_0_NewMap.NewMap (0.025273s)
[2017.05.21-15.12.13:748][444]LogInit: XAudio2 using 'Speakers (Cirrus Logic CS4208 (AB 126))' : 2 channels at 48 kHz using 32 bits per sample (channel mask 0x3)
[2017.05.21-15.12.13:762][444]LogInit: FAudioDevice initialized.
[2017.05.21-15.12.13:802][444]LogLoad: Game class is 'MyBuildingEscapeGameModeBase_BP_C'
[2017.05.21-15.12.13:806][444]LogWorld: Bringing World /Game/UEDPIE_0_NewMap.NewMap up for play (max tick rate 0) at 2017.05.21-16.12.13
[2017.05.21-15.12.13:806][444]LogWorld: Bringing up level for play took: 0.003498
[2017.05.21-15.12.13:809][444]LogTemp:Warning: SM_Chair_2 is at X=439.364 Y=-0.691 Z=19.012
[2017.05.21-15.12.13:809][444]PIE: Info Play in editor start time for /Game/UEDPIE_0_NewMap 0.773
[2017.05.21-15.13.18:305][607]LogWindowsTextInputMethodSystem:Display: IME system now deactivated.
[2017.05.21-15.13.18:809][608]Cmd: QUIT_EDITOR
[2017.05.21-15.13.19:190][608]LogExit: Preparing to exit.
[2017.05.21-15.13.20:561][608]LogDirectoryWatcher: A directory notification for 'C:/Users/James Farrow/Documents/MyRepo/BuildingEscape/BuildingEscape/Content/' was aborted.
[2017.05.21-15.13.21:214][608]LogExit: Editor shut down
[2017.05.21-15.13.21:215][608]LogExit: Transaction tracking system shut down
[2017.05.21-15.13.23:966][608]LogObj: Freed 0b from 0 cluster array pools.
[2017.05.21-15.13.23:968][608]LogExit: Object subsystem successfully closed.
[2017.05.21-15.13.24:216][608]LogD3D11RHI: Shutdown
[2017.05.21-15.13.24:216][608]LogD3D11RHI: CleanupD3DDevice
[2017.05.21-15.13.24:615][608]LogD3D11RHI: ~FD3D11DynamicRHI
[2017.05.21-15.13.24:693][608]LogModuleManager: Shutting down and abandoning module BuildingEscape (505)
[2017.05.21-15.13.24:693][608]LogModuleManager: Shutting down and abandoning module MovieSceneCapture (504)
[2017.05.21-15.13.24:693][608]LogModuleManager: Shutting down and abandoning module HierarchicalLODOutliner (500)
[2017.05.21-15.13.24:693][608]LogModuleManager: Shutting down and abandoning module CrashTracker (498)
[2017.05.21-15.13.24:693][608]LogModuleManager: Shutting down and abandoning module SceneOutliner (496)
[2017.05.21-15.13.24:693][608]LogModuleManager: Shutting down and abandoning module AddContentDialog (494)
[2017.05.21-15.13.24:693][608]LogDirectoryWatcher: A directory notification for 'C:/Program Files/Epic Games/UE_4.15/FeaturePacks/' was aborted.
[2017.05.21-15.13.24:700][608]LogModuleManager: Shutting down and abandoning module WidgetCarousel (493)
[2017.05.21-15.13.24:700][608]LogModuleManager: Shutting down and abandoning module EditorWidgets (490)
[2017.05.21-15.13.24:700][608]LogModuleManager: Shutting down and abandoning module CollectionManager (488)
[2017.05.21-15.13.24:700][608]LogDirectoryWatcher: A directory notification for 'C:/Users/James Farrow/Documents/MyRepo/BuildingEscape/BuildingEscape/Content/Collections/' was aborted.
[2017.05.21-15.13.24:700][608]LogDirectoryWatcher: A directory notification for 'C:/Users/James Farrow/Documents/MyRepo/BuildingEscape/BuildingEscape/Content/Developers/JamesFarrow/Collections/' was aborted.
[2017.05.21-15.13.24:700][608]LogDirectoryWatcher: A directory notification for 'C:/Users/James Farrow/Documents/MyRepo/BuildingEscape/BuildingEscape/Saved/Collections/' was aborted.
[2017.05.21-15.13.24:700][608]LogModuleManager: Shutting down and abandoning module StatsViewer (486)
[2017.05.21-15.13.24:700][608]LogModuleManager: Shutting down and abandoning module FoliageEdit (484)
[2017.05.21-15.13.24:700][608]LogModuleManager: Shutting down and abandoning module LandscapeEditor (482)
[2017.05.21-15.13.24:700][608]LogModuleManager: Shutting down and abandoning module SceneDepthPickerMode (480)
[2017.05.21-15.13.24:700][608]LogModuleManager: Shutting down and abandoning module ActorPickerMode (478)
[2017.05.21-15.13.24:700][608]LogModuleManager: Shutting down and abandoning module GeometryMode (476)
[2017.05.21-15.13.24:700][608]LogModuleManager: Shutting down and abandoning module TextureAlignMode (474)
[2017.05.21-15.13.24:700][608]LogModuleManager: Shutting down and abandoning module BspMode (472)
[2017.05.21-15.13.24:700][608]LogModuleManager: Shutting down and abandoning module HardwareSurvey (470)
[2017.05.21-15.13.24:700][608]LogModuleManager: Shutting down and abandoning module SequenceRecorderSections (468)
[2017.05.21-15.13.24:700][608]LogModuleManager: Shutting down and abandoning module AutomationWorker (466)
[2017.05.21-15.13.24:700][608]LogModuleManager: Shutting down and abandoning module MatineeToLevelSequence (464)
[2017.05.21-15.13.24:700][608]LogModuleManager: Shutting down and abandoning module LevelSequenceEditor (462)
[2017.05.21-15.13.24:701][608]LogModuleManager: Shutting down and abandoning module PlacementMode (461)
[2017.05.21-15.13.24:701][608]LogModuleManager: Shutting down and abandoning module WmfMediaFactory (458)
[2017.05.21-15.13.24:701][608]LogModuleManager: Shutting down and abandoning module WmfMediaEditor (456)
[2017.05.21-15.13.24:701][608]LogModuleManager: Shutting down and abandoning module MfMediaFactory (454)
[2017.05.21-15.13.24:701][608]LogModuleManager: Shutting down and abandoning module MfMediaEditor (452)
[2017.05.21-15.13.24:701][608]LogModuleManager: Shutting down and abandoning module AvfMediaFactory (450)
[2017.05.21-15.13.24:701][608]LogModuleManager: Shutting down and abandoning module AvfMediaEditor (448)
[2017.05.21-15.13.24:701][608]LogModuleManager: Shutting down and abandoning module AndroidMediaFactory (446)
[2017.05.21-15.13.24:701][608]LogModuleManager: Shutting down and abandoning module Media (445)
[2017.05.21-15.13.24:701][608]LogModuleManager: Shutting down and abandoning module AndroidMediaEditor (442)
[2017.05.21-15.13.24:701][608]LogModuleManager: Shutting down and abandoning module CharacterAI (440)
[2017.05.21-15.13.24:701][608]LogModuleManager: Shutting down and abandoning module AudioCapture (438)
[2017.05.21-15.13.24:701][608]LogModuleManager: Shutting down and abandoning module SequenceRecorder (437)
[2017.05.21-15.13.24:719][608]LogModuleManager: Shutting down and abandoning module SmartSnapping (434)
[2017.05.21-15.13.24:719][608]LogModuleManager: Shutting down and abandoning module SessionServices (432)
[2017.05.21-15.13.24:719][608]LogModuleManager: Shutting down and abandoning module ViewportSnapping (430)
[2017.05.21-15.13.24:719][608]LogModuleManager: Shutting down and abandoning module ViewportInteraction (428)
[2017.05.21-15.13.24:719][608]LogModuleManager: Shutting down and abandoning module LogVisualizer (426)
[2017.05.21-15.13.24:719][608]LogModuleManager: Shutting down and abandoning module IntroTutorials (424)
[2017.05.21-15.13.24:719][608]LogModuleManager: Shutting down and abandoning module GameProjectGeneration (423)
[2017.05.21-15.13.24:719][608]LogModuleManager: Shutting down and abandoning module EditorLiveStreaming (420)
[2017.05.21-15.13.24:719][608]LogModuleManager: Shutting down and abandoning module IOSPlatformEditor (418)
[2017.05.21-15.13.24:719][608]LogModuleManager: Shutting down and abandoning module HTML5PlatformEditor (416)
[2017.05.21-15.13.24:720][608]LogModuleManager: Shutting down and abandoning module AndroidPlatformEditor (414)
[2017.05.21-15.13.24:720][608]LogModuleManager: Shutting down and abandoning module AndroidDeviceDetection (413)
[2017.05.21-15.13.25:687][608]LogModuleManager: Shutting down and abandoning module IOSRuntimeSettings (410)
[2017.05.21-15.13.25:687][608]LogModuleManager: Shutting down and abandoning module AndroidRuntimeSettings (408)
[2017.05.21-15.13.25:687][608]LogModuleManager: Shutting down and abandoning module InputBindingEditor (406)
[2017.05.21-15.13.25:687][608]LogModuleManager: Shutting down and abandoning module NiagaraEditor (404)
[2017.05.21-15.13.25:713][608]LogModuleManager: Shutting down and abandoning module MergeActors (402)
[2017.05.21-15.13.25:713][608]LogModuleManager: Shutting down and abandoning module SizeMap (400)
[2017.05.21-15.13.25:713][608]LogModuleManager: Shutting down and abandoning module TreeMap (398)
[2017.05.21-15.13.25:713][608]LogModuleManager: Shutting down and abandoning module ReferenceViewer (396)
[2017.05.21-15.13.25:713][608]LogModuleManager: Shutting down and abandoning module LocalizationDashboard (394)
[2017.05.21-15.13.25:713][608]LogModuleManager: Shutting down and abandoning module LocalizationService (393)
[2017.05.21-15.13.25:713][608]LogModuleManager: Shutting down and abandoning module HardwareTargeting (390)
[2017.05.21-15.13.25:713][608]LogModuleManager: Shutting down and abandoning module DeviceProfileEditor (388)
[2017.05.21-15.13.25:713][608]LogModuleManager: Shutting down and abandoning module UndoHistory (386)
[2017.05.21-15.13.25:713][608]LogModuleManager: Shutting down and abandoning module UserFeedback (384)
[2017.05.21-15.13.25:713][608]LogModuleManager: Shutting down and abandoning module XmlParser (382)
[2017.05.21-15.13.25:713][608]LogModuleManager: Shutting down and abandoning module Blutility (380)
[2017.05.21-15.13.25:713][608]LogModuleManager: Shutting down and abandoning module ProjectSettingsViewer (378)
[2017.05.21-15.13.25:713][608]LogModuleManager: Shutting down and abandoning module ProjectTargetPlatformEditor (377)
[2017.05.21-15.13.25:714][608]LogModuleManager: Shutting down and abandoning module EditorSettingsViewer (374)
[2017.05.21-15.13.25:714][608]LogModuleManager: Shutting down and abandoning module SettingsEditor (372)
[2017.05.21-15.13.25:714][608]LogModuleManager: Shutting down and abandoning module ProjectLauncher (370)
[2017.05.21-15.13.25:714][608]LogModuleManager: Shutting down and abandoning module SessionFrontend (368)
[2017.05.21-15.13.25:714][608]LogModuleManager: Shutting down and abandoning module ProfilerClient (366)
[2017.05.21-15.13.25:714][608]LogModuleManager: Shutting down and abandoning module DeviceManager (364)
[2017.05.21-15.13.25:714][608]LogModuleManager: Shutting down and abandoning module TargetDeviceServices (363)
[2017.05.21-15.13.25:758][608]LogModuleManager: Shutting down and abandoning module AutomationController (360)
[2017.05.21-15.13.25:758][608]LogModuleManager: Shutting down and abandoning module AutomationWindow (358)
[2017.05.21-15.13.25:758][608]LogModuleManager: Shutting down and abandoning module Layers (356)
[2017.05.21-15.13.25:758][608]LogModuleManager: Shutting down and abandoning module ComponentVisualizers (354)
[2017.05.21-15.13.25:758][608]LogModuleManager: Shutting down and abandoning module DetailCustomizations (352)
[2017.05.21-15.13.25:805][608]LogModuleManager: Shutting down and abandoning module PackagesDialog (350)
[2017.05.21-15.13.25:805][608]LogModuleManager: Shutting down and abandoning module Persona (348)
[2017.05.21-15.13.25:838][608]LogModuleManager: Shutting down and abandoning module AnimGraph (347)
[2017.05.21-15.13.25:838][608]LogModuleManager: Shutting down and abandoning module Kismet (344)
[2017.05.21-15.13.25:865][608]LogModuleManager: Shutting down and abandoning module GraphEditor (342)
[2017.05.21-15.13.25:907][608]LogModuleManager: Shutting down and abandoning module ClassViewer (340)
[2017.05.21-15.13.25:907][608]LogModuleManager: Shutting down and abandoning module Toolbox (338)
[2017.05.21-15.13.25:907][608]LogModuleManager: Shutting down and abandoning module ModuleUI (336)
[2017.05.21-15.13.25:907][608]LogModuleManager: Shutting down and abandoning module MovieSceneTools (334)
[2017.05.21-15.13.25:907][608]LogModuleManager: Shutting down and abandoning module OutputLog (332)
[2017.05.21-15.13.25:907][608]LogModuleManager: Shutting down and abandoning module GammaUI (330)
[2017.05.21-15.13.25:907][608]LogModuleManager: Shutting down and abandoning module Documentation (328)
[2017.05.21-15.13.25:907][608]LogModuleManager: Shutting down and abandoning module Niagara (326)
[2017.05.21-15.13.25:907][608]LogModuleManager: Shutting down and abandoning module StreamingPauseRendering (324)
[2017.05.21-15.13.25:907][608]LogModuleManager: Shutting down and abandoning module AnalyticsET (322)
[2017.05.21-15.13.25:908][608]LogModuleManager: Shutting down and abandoning module PortalServices (320)
[2017.05.21-15.13.25:908][608]LogModuleManager: Shutting down and abandoning module PortalRpc (318)
[2017.05.21-15.13.25:908][608]LogModuleManager: Shutting down and abandoning module MessagingRpc (316)
[2017.05.21-15.13.25:908][608]LogModuleManager: Shutting down and abandoning module AIModule (314)
[2017.05.21-15.13.25:908][608]LogModuleManager: Shutting down and abandoning module GameplayDebugger (313)
[2017.05.21-15.13.25:908][608]LogModuleManager: Shutting down and abandoning module AITestSuite (311)
[2017.05.21-15.13.25:908][608]LogModuleManager: Shutting down and abandoning module ProfilerService (308)
[2017.05.21-15.13.26:042][608]LogModuleManager: Shutting down and abandoning module TaskGraph (306)
[2017.05.21-15.13.26:042][608]LogModuleManager: Shutting down and abandoning module SteamVRController (304)
[2017.05.21-15.13.26:042][608]LogModuleManager: Shutting down and abandoning module SteamVR (302)
[2017.05.21-15.13.26:042][608]LogModuleManager: Shutting down and abandoning module ProceduralMeshComponentEditor (300)
[2017.05.21-15.13.26:042][608]LogModuleManager: Shutting down and abandoning module ProceduralMeshComponent (298)
[2017.05.21-15.13.26:042][608]LogModuleManager: Shutting down and abandoning module OculusLibrary (296)
[2017.05.21-15.13.26:042][608]LogModuleManager: Shutting down and abandoning module OculusInput (294)
[2017.05.21-15.13.26:042][608]LogModuleManager: Shutting down and abandoning module MobilePatchingUtils (292)
[2017.05.21-15.13.26:042][608]LogModuleManager: Shutting down and abandoning module CustomMeshComponent (290)
[2017.05.21-15.13.26:042][608]LogModuleManager: Shutting down and abandoning module CableComponent (288)
[2017.05.21-15.13.26:042][608]LogModuleManager: Shutting down and abandoning module ArchVisCharacter (286)
[2017.05.21-15.13.26:042][608]LogModuleManager: Shutting down and abandoning module MediaPlayerEditor (282)
[2017.05.21-15.13.26:056][608]LogModuleManager: Shutting down and abandoning module HTML5Networking (280)
[2017.05.21-15.13.26:056][608]LogModuleManager: Shutting down and abandoning module AlembicImporter (278)
[2017.05.21-15.13.26:056][608]LogModuleManager: Shutting down and abandoning module AlembicLibrary (277)
[2017.05.21-15.13.26:056][608]LogModuleManager: Shutting down and abandoning module GeometryCache (276)
[2017.05.21-15.13.26:056][608]LogModuleManager: Shutting down and abandoning module GeometryCacheEd (275)
[2017.05.21-15.13.26:056][608]LogModuleManager: Shutting down and abandoning module SuperSearchEditor (270)
[2017.05.21-15.13.26:056][608]LogModuleManager: Shutting down and abandoning module SuperSearch (269)
[2017.05.21-15.13.26:056][608]LogModuleManager: Shutting down and abandoning module SpeedTreeImporter (266)
[2017.05.21-15.13.26:056][608]LogModuleManager: Shutting down and abandoning module PluginBrowser (264)
[2017.05.21-15.13.26:056][608]LogModuleManager: Shutting down and abandoning module MobileLauncherProfileWizard (262)
[2017.05.21-15.13.26:056][608]LogModuleManager: Shutting down and abandoning module EpicSurvey (260)
[2017.05.21-15.13.26:056][608]LogModuleManager: Shutting down and abandoning module VisualStudioSourceCodeAccess (258)
[2017.05.21-15.13.26:056][608]LogModuleManager: Shutting down and abandoning module DesktopPlatform (257)
[2017.05.21-15.13.26:056][608]LogModuleManager: Shutting down and abandoning module UObjectPlugin (254)
[2017.05.21-15.13.26:056][608]LogModuleManager: Shutting down and abandoning module SubversionSourceControl (252)
[2017.05.21-15.13.26:056][608]LogModuleManager: Shutting down and abandoning module PerforceSourceControl (250)
[2017.05.21-15.13.26:056][608]LogModuleManager: Shutting down and abandoning module GitSourceControl (248)
[2017.05.21-15.13.26:056][608]LogModuleManager: Shutting down and abandoning module SourceControl (247)
[2017.05.21-15.13.26:056][608]LogModuleManager: Shutting down and abandoning module LightPropagationVolumeEditor (244)
[2017.05.21-15.13.26:056][608]LogModuleManager: Shutting down and abandoning module PaperTiledImporter (242)
[2017.05.21-15.13.26:056][608]LogModuleManager: Shutting down and abandoning module PaperSpriteSheetImporter (240)
[2017.05.21-15.13.26:056][608]LogModuleManager: Shutting down and abandoning module Paper2DEditor (238)
[2017.05.21-15.13.26:056][608]LogModuleManager: Shutting down and abandoning module MeshPaint (237)
[2017.05.21-15.13.26:056][608]LogModuleManager: Shutting down and abandoning module LevelEditor (235)
[2017.05.21-15.13.26:070][608]LogModuleManager: Shutting down and abandoning module PixelInspectorModule (234)
[2017.05.21-15.13.26:070][608]LogModuleManager: Shutting down and abandoning module MainFrame (232)
[2017.05.21-15.13.26:070][608]LogModuleManager: Shutting down and abandoning module HotReload (231)
[2017.05.21-15.13.26:070][608]LogDirectoryWatcher: A directory notification for 'C:/Users/James Farrow/Documents/MyRepo/BuildingEscape/BuildingEscape/Binaries/Win64' was aborted.
[2017.05.21-15.13.26:071][608]LogModuleManager: Shutting down and abandoning module ContentBrowser (227)
[2017.05.21-15.13.26:071][608]LogModuleManager: Shutting down and abandoning module PhysXVehiclesEditor (222)
[2017.05.21-15.13.26:071][608]LogModuleManager: Shutting down and abandoning module PhysXVehicles (220)
[2017.05.21-15.13.26:071][608]LogModuleManager: Shutting down and abandoning module LocationServicesBPLibrary (218)
[2017.05.21-15.13.26:071][608]LogModuleManager: Shutting down and abandoning module UdpMessaging (216)
[2017.05.21-15.13.26:172][608]LogModuleManager: Shutting down and abandoning module TcpMessaging (214)
[2017.05.21-15.13.26:273][608]LogModuleManager: Shutting down and abandoning module GameplayTagsEditor (212)
[2017.05.21-15.13.26:273][608]LogModuleManager: Shutting down and abandoning module FacialAnimationEditor (210)
[2017.05.21-15.13.26:273][608]LogModuleManager: Shutting down and abandoning module FacialAnimation (208)
[2017.05.21-15.13.26:273][608]LogModuleManager: Shutting down and abandoning module LightPropagationVolumeRuntime (206)
[2017.05.21-15.13.26:273][608]LogModuleManager: Shutting down and abandoning module Paper2D (204)
[2017.05.21-15.13.26:273][608]LogModuleManager: Shutting down and abandoning module WindowsMoviePlayer (202)
[2017.05.21-15.13.26:273][608]LogModuleManager: Shutting down and abandoning module WmfMedia (200)
[2017.05.21-15.13.26:274][608]LogModuleManager: Shutting down and abandoning module MfMedia (198)
[2017.05.21-15.13.26:274][608]LogModuleManager: Shutting down and abandoning module MediaAssets (196)
[2017.05.21-15.13.26:274][608]LogModuleManager: Shutting down and abandoning module GameLiveStreaming (194)
[2017.05.21-15.13.26:274][608]LogModuleManager: Shutting down and abandoning module VREditor (192)
[2017.05.21-15.13.26:274][608]LogModuleManager: Shutting down and abandoning module GameplayTasksEditor (190)
[2017.05.21-15.13.26:274][608]LogModuleManager: Shutting down and abandoning module BehaviorTreeEditor (188)
[2017.05.21-15.13.26:296][608]LogModuleManager: Shutting down and abandoning module FunctionalTesting (186)
[2017.05.21-15.13.26:297][608]LogModuleManager: Shutting down and abandoning module CollisionAnalyzer (184)
[2017.05.21-15.13.26:297][608]LogModuleManager: Shutting down and abandoning module UMG (182)
[2017.05.21-15.13.26:319][608]LogModuleManager: Shutting down and abandoning module UMGEditor (181)
[2017.05.21-15.13.26:379][608]LogModuleManager: Shutting down and abandoning module Sequencer (180)
[2017.05.21-15.13.26:427][608]LogModuleManager: Shutting down and abandoning module AssetTools (178)
[2017.05.21-15.13.26:428][608]LogModuleManager: Shutting down and abandoning module MessageLog (177)
[2017.05.21-15.13.26:428][608]LogModuleManager: Shutting down and abandoning module WorkspaceMenuStructure (176)
[2017.05.21-15.13.26:428][608]LogModuleManager: Shutting down and abandoning module SlateReflector (170)
[2017.05.21-15.13.26:441][608]LogModuleManager: Shutting down and abandoning module Slate (168)
[2017.05.21-15.13.26:441][608]LogModuleManager: Shutting down and abandoning module EditorStyle (166)
[2017.05.21-15.13.26:452][608]LogModuleManager: Shutting down and abandoning module SourceCodeAccess (164)
[2017.05.21-15.13.26:452][608]LogModuleManager: Shutting down and abandoning module HeadMountedDisplay (162)
[2017.05.21-15.13.26:452][608]LogModuleManager: Shutting down and abandoning module XAudio2 (160)
[2017.05.21-15.13.26:452][608]LogModuleManager: Shutting down and abandoning module Networking (158)
[2017.05.21-15.13.26:452][608]LogModuleManager: Shutting down and abandoning module Core (154)
[2017.05.21-15.13.26:452][608]LogModuleManager: Shutting down and abandoning module AssetRegistry (152)
[2017.05.21-15.13.26:690][608]LogDirectoryWatcher: A directory notification for '../../../Engine/Content/' was aborted.
[2017.05.21-15.13.26:690][608]LogDirectoryWatcher: A directory notification for '../../../../../../Users/James Farrow/Documents/MyRepo/BuildingEscape/BuildingEscape/Content/' was aborted.
[2017.05.21-15.13.26:690][608]LogDirectoryWatcher: A directory notification for '../../../Engine/Plugins/2D/Paper2D/Content/' was aborted.
[2017.05.21-15.13.26:690][608]LogModuleManager: Shutting down and abandoning module DirectoryWatcher (151)
[2017.05.21-15.13.26:695][608]LogModuleManager: Shutting down and abandoning module KismetCompiler (148)
[2017.05.21-15.13.26:695][608]LogModuleManager: Shutting down and abandoning module PhysXFormats (146)
[2017.05.21-15.13.26:695][608]LogModuleManager: Shutting down and abandoning module MeshUtilities (144)
[2017.05.21-15.13.26:695][608]LogModuleManager: Shutting down and abandoning module SimplygonSwarm (143)
[2017.05.21-15.13.26:696][608]LogModuleManager: Shutting down and abandoning module SimplygonMeshReduction (141)
[2017.05.21-15.13.26:696][608]LogModuleManager: Shutting down and abandoning module QuadricMeshReduction (139)
[2017.05.21-15.13.26:696][608]LogModuleManager: Shutting down and abandoning module PropertyEditor (137)
[2017.05.21-15.13.26:696][608]LogModuleManager: Shutting down and abandoning module DerivedDataCache (134)
[2017.05.21-15.13.26:704][608]LogDerivedDataCache: Shutdown
[2017.05.21-15.13.26:704][608]LogModuleManager: Shutting down and abandoning module TargetPlatform (132)
[2017.05.21-15.13.26:705][608]LogModuleManager: Shutting down and abandoning module VulkanShaderFormat (131)
[2017.05.21-15.13.26:705][608]LogModuleManager: Shutting down and abandoning module ShaderFormatOpenGL (129)
[2017.05.21-15.13.26:705][608]LogModuleManager: Shutting down and abandoning module ShaderFormatD3D (127)
[2017.05.21-15.13.26:705][608]LogModuleManager: Shutting down and abandoning module MetalShaderFormat (125)
[2017.05.21-15.13.26:705][608]LogModuleManager: Shutting down and abandoning module TextureFormatUncompressed (123)
[2017.05.21-15.13.26:705][608]LogModuleManager: Shutting down and abandoning module TextureFormatPVR (121)
[2017.05.21-15.13.26:705][608]LogModuleManager: Shutting down and abandoning module TextureFormatDXT (119)
[2017.05.21-15.13.26:705][608]LogModuleManager: Shutting down and abandoning module TextureFormatIntelISPCTexComp (117)
[2017.05.21-15.13.26:735][608]LogModuleManager: Shutting down and abandoning module TextureFormatASTC (115)
[2017.05.21-15.13.26:735][608]LogModuleManager: Shutting down and abandoning module ImageWrapper (114)
[2017.05.21-15.13.26:735][608]LogModuleManager: Shutting down and abandoning module TextureFormatAndroid (111)
[2017.05.21-15.13.26:735][608]LogModuleManager: Shutting down and abandoning module AudioFormatOpus (109)
[2017.05.21-15.13.26:735][608]LogModuleManager: Shutting down and abandoning module AudioFormatOgg (107)
[2017.05.21-15.13.26:735][608]LogModuleManager: Shutting down and abandoning module AudioFormatADPCM (105)
[2017.05.21-15.13.26:735][608]LogModuleManager: Shutting down and abandoning module LinuxTargetPlatform (103)
[2017.05.21-15.13.26:735][608]LogModuleManager: Shutting down and abandoning module LinuxServerTargetPlatform (101)
[2017.05.21-15.13.26:735][608]LogModuleManager: Shutting down and abandoning module LinuxNoEditorTargetPlatform (99)
[2017.05.21-15.13.26:735][608]LogModuleManager: Shutting down and abandoning module LinuxClientTargetPlatform (97)
[2017.05.21-15.13.26:735][608]LogModuleManager: Shutting down and abandoning module TVOSTargetPlatform (95)
[2017.05.21-15.13.26:735][608]LogModuleManager: Shutting down and abandoning module Messaging (93)
[2017.05.21-15.13.26:735][608]LogModuleManager: Shutting down and abandoning module IOSTargetPlatform (91)
[2017.05.21-15.13.26:735][608]LogModuleManager: Shutting down and abandoning module HTML5TargetPlatform (89)
[2017.05.21-15.13.26:735][608]LogModuleManager: Shutting down and abandoning module Android_PVRTCTargetPlatform (87)
[2017.05.21-15.13.26:735][608]LogModuleManager: Shutting down and abandoning module Android_MultiTargetPlatform (85)
[2017.05.21-15.13.26:735][608]LogModuleManager: Shutting down and abandoning module Android_ETC2TargetPlatform (83)
[2017.05.21-15.13.26:735][608]LogModuleManager: Shutting down and abandoning module Android_ETC1TargetPlatform (81)
[2017.05.21-15.13.26:735][608]LogModuleManager: Shutting down and abandoning module Android_DXTTargetPlatform (79)
[2017.05.21-15.13.26:735][608]LogModuleManager: Shutting down and abandoning module Android_ATCTargetPlatform (77)
[2017.05.21-15.13.26:735][608]LogModuleManager: Shutting down and abandoning module Android_ASTCTargetPlatform (75)
[2017.05.21-15.13.26:735][608]LogModuleManager: Shutting down and abandoning module AndroidTargetPlatform (73)
[2017.05.21-15.13.26:735][608]LogModuleManager: Shutting down and abandoning module WindowsTargetPlatform (71)
[2017.05.21-15.13.26:735][608]LogModuleManager: Shutting down and abandoning module WindowsServerTargetPlatform (69)
[2017.05.21-15.13.26:735][608]LogModuleManager: Shutting down and abandoning module WindowsNoEditorTargetPlatform (67)
[2017.05.21-15.13.26:735][608]LogModuleManager: Shutting down and abandoning module WindowsClientTargetPlatform (65)
[2017.05.21-15.13.26:735][608]LogModuleManager: Shutting down and abandoning module MacTargetPlatform (63)
[2017.05.21-15.13.26:735][608]LogModuleManager: Shutting down and abandoning module MacServerTargetPlatform (61)
[2017.05.21-15.13.26:735][608]LogModuleManager: Shutting down and abandoning module MacNoEditorTargetPlatform (59)
[2017.05.21-15.13.26:735][608]LogModuleManager: Shutting down and abandoning module MacClientTargetPlatform (57)
[2017.05.21-15.13.26:735][608]LogModuleManager: Shutting down and abandoning module AllDesktopTargetPlatform (55)
[2017.05.21-15.13.26:736][608]LogModuleManager: Shutting down and abandoning module InputCore (52)
[2017.05.21-15.13.26:736][608]LogModuleManager: Shutting down and abandoning module Settings (50)
[2017.05.21-15.13.26:736][608]LogModuleManager: Shutting down and abandoning module OculusRift (48)
[2017.05.21-15.13.26:736][608]LogModuleManager: Shutting down and abandoning module GearVR (46)
[2017.05.21-15.13.26:736][608]LogModuleManager: Shutting down and abandoning module ExampleDeviceProfileSelector (44)
[2017.05.21-15.13.26:736][608]LogModuleManager: Shutting down and abandoning module OnlineBlueprintSupport (42)
[2017.05.21-15.13.26:736][608]LogModuleManager: Shutting down and abandoning module OnlineSubsystem (38)
[2017.05.21-15.13.26:736][608]LogOnline:Display: Unloading online subsystem: NULL
[2017.05.21-15.13.26:736][608]LogModuleManager: Shutting down and abandoning module XMPP (37)
[2017.05.21-15.13.26:763][608]LogModuleManager: Shutting down and abandoning module HTTP (35)
[2017.05.21-15.13.26:763][608]LogHttp:Display: Http module shutting down, but needs to wait on 1 outstanding Http requests:
[2017.05.21-15.13.26:763][608]LogHttp:Display: 	verb=[POST] url=[https://datarouter.ol.epicgames.com/datarouter/api/v1/public/data?SessionID=%7B6457CF5B-4F03-E7F6-07E3-78A02EB26C33%7D&AppID=UEEditor.Rocket.Release&AppVersion=4.15.2-3416026%2B%2B%2BUE4%2BRelease-4.15&UserID=929c5a0742a4cf2dc269d3b5485dc234%7C7badd898d52649aa9279896153bc72c1%7Cee6c34be-6ad8-49c7-abe6-45b6d289167e&AppEnvironment=datacollector-binary&UploadType=eteventstream] status=Processing
[2017.05.21-15.13.26:783][608]LogModuleManager: Shutting down and abandoning module SSL (34)
[2017.05.21-15.13.26:788][608]LogModuleManager: Shutting down and abandoning module AudioEditor (30)
[2017.05.21-15.13.26:788][608]LogModuleManager: Shutting down and abandoning module TextureCompressor (28)
[2017.05.21-15.13.26:816][608]LogModuleManager: Shutting down and abandoning module ShaderCore (26)
[2017.05.21-15.13.26:816][608]LogModuleManager: Shutting down and abandoning module Landscape (24)
[2017.05.21-15.13.26:816][608]LogModuleManager: Shutting down and abandoning module SlateRHIRenderer (22)
[2017.05.21-15.13.26:836][608]LogModuleManager: Shutting down and abandoning module OpenGLDrv (20)
[2017.05.21-15.13.26:836][608]LogModuleManager: Shutting down and abandoning module D3D11RHI (18)
[2017.05.21-15.13.26:836][608]LogModuleManager: Shutting down and abandoning module AnimGraphRuntime (16)
[2017.05.21-15.13.26:836][608]LogModuleManager: Shutting down and abandoning module Renderer (14)
[2017.05.21-15.13.26:836][608]LogModuleManager: Shutting down and abandoning module Engine (12)
[2017.05.21-15.13.26:836][608]LogModuleManager: Shutting down and abandoning module CoreUObject (10)
[2017.05.21-15.13.26:836][608]LogModuleManager: Shutting down and abandoning module NetworkFile (8)
[2017.05.21-15.13.26:836][608]LogModuleManager: Shutting down and abandoning module StreamingFile (6)
[2017.05.21-15.13.26:836][608]LogModuleManager: Shutting down and abandoning module SandboxFile (4)
[2017.05.21-15.13.26:836][608]LogModuleManager: Shutting down and abandoning module PakFile (2)
[2017.05.21-15.13.26:913][608]LogExit: Exiting.
[2017.05.21-15.13.26:922][608]Log file closed, 05/21/17 16:13:26
